[0.007s] Invoking command in '/home/east/ros2-learning-space/ws01_plumbing/build/cpp01_topic': AMENT_PREFIX_PATH=/home/east/ros2-learning-space/ws01_plumbing/install/base_interfaces_demo:${AMENT_PREFIX_PATH} CMAKE_PREFIX_PATH=/home/east/ros2-learning-space/ws01_plumbing/install/base_interfaces_demo:/opt/ros/humble LD_LIBRARY_PATH=/home/east/ros2-learning-space/ws01_plumbing/install/base_interfaces_demo/lib:${LD_LIBRARY_PATH} PYTHONPATH=/home/east/ros2-learning-space/ws01_plumbing/install/base_interfaces_demo/local/lib/python3.10/dist-packages:${PYTHONPATH} /usr/bin/cmake --build /home/east/ros2-learning-space/ws01_plumbing/build/cpp01_topic -- -j18 -l18
[0.025s] -- Found ament_cmake: 1.3.12 (/opt/ros/humble/share/ament_cmake/cmake)
[0.107s] -- Found rclcpp: 16.0.15 (/opt/ros/humble/share/rclcpp/cmake)
[0.123s] -- Found rosidl_generator_c: 3.1.7 (/opt/ros/humble/share/rosidl_generator_c/cmake)
[0.124s] -- Found rosidl_adapter: 3.1.7 (/opt/ros/humble/share/rosidl_adapter/cmake)
[0.127s] -- Found rosidl_generator_cpp: 3.1.7 (/opt/ros/humble/share/rosidl_generator_cpp/cmake)
[0.133s] -- Using all available rosidl_typesupport_c: rosidl_typesupport_fastrtps_c;rosidl_typesupport_introspection_c
[0.140s] -- Using all available rosidl_typesupport_cpp: rosidl_typesupport_fastrtps_cpp;rosidl_typesupport_introspection_cpp
[0.159s] -- Found rmw_implementation_cmake: 6.1.2 (/opt/ros/humble/share/rmw_implementation_cmake/cmake)
[0.160s] -- Found rmw_fastrtps_cpp: 6.2.9 (/opt/ros/humble/share/rmw_fastrtps_cpp/cmake)
[0.225s] -- Using RMW implementation 'rmw_fastrtps_cpp' as default
[0.253s] -- Found base_interfaces_demo: 0.0.0 (/home/east/ros2-learning-space/ws01_plumbing/install/base_interfaces_demo/share/base_interfaces_demo/cmake)
[0.271s] -- Found ament_lint_auto: 0.12.14 (/opt/ros/humble/share/ament_lint_auto/cmake)
[0.315s] -- Added test 'cppcheck' to perform static code analysis on C / C++ code
[0.315s] -- Configured cppcheck include dirs: $<BUILD_INTERFACE:/home/east/ros2-learning-space/ws01_plumbing/src/cpp01_topic/include>
[0.315s] -- Configured cppcheck exclude dirs and/or files: 
[0.315s] -- Added test 'lint_cmake' to check CMake code style
[0.316s] -- Added test 'uncrustify' to check C / C++ code style
[0.316s] -- Configured uncrustify additional arguments: 
[0.316s] -- Added test 'xmllint' to check XML markup files
[0.316s] -- Configuring done
[0.324s] -- Generating done
[0.327s] -- Build files have been written to: /home/east/ros2-learning-space/ws01_plumbing/build/cpp01_topic
[0.348s] [35m[1mConsolidate compiler generated dependencies of target demo01_talker_str[0m
[0.349s] [35m[1mConsolidate compiler generated dependencies of target demo02_listener_str[0m
[0.360s] [ 25%] [32mBuilding CXX object CMakeFiles/demo01_talker_str.dir/src/demo01_talker_str.cpp.o[0m
[0.362s] [ 50%] [32mBuilding CXX object CMakeFiles/demo02_listener_str.dir/src/demo02_listener_str.cpp.o[0m
[3.272s] [ 75%] [32m[1mLinking CXX executable demo01_talker_str[0m
[3.407s] [ 75%] Built target demo01_talker_str
[5.916s] [100%] [32m[1mLinking CXX executable demo02_listener_str[0m
[6.180s] [100%] Built target demo02_listener_str
[6.189s] Invoked command in '/home/east/ros2-learning-space/ws01_plumbing/build/cpp01_topic' returned '0': AMENT_PREFIX_PATH=/home/east/ros2-learning-space/ws01_plumbing/install/base_interfaces_demo:${AMENT_PREFIX_PATH} CMAKE_PREFIX_PATH=/home/east/ros2-learning-space/ws01_plumbing/install/base_interfaces_demo:/opt/ros/humble LD_LIBRARY_PATH=/home/east/ros2-learning-space/ws01_plumbing/install/base_interfaces_demo/lib:${LD_LIBRARY_PATH} PYTHONPATH=/home/east/ros2-learning-space/ws01_plumbing/install/base_interfaces_demo/local/lib/python3.10/dist-packages:${PYTHONPATH} /usr/bin/cmake --build /home/east/ros2-learning-space/ws01_plumbing/build/cpp01_topic -- -j18 -l18
[6.191s] Invoking command in '/home/east/ros2-learning-space/ws01_plumbing/build/cpp01_topic': AMENT_PREFIX_PATH=/home/east/ros2-learning-space/ws01_plumbing/install/base_interfaces_demo:${AMENT_PREFIX_PATH} CMAKE_PREFIX_PATH=/home/east/ros2-learning-space/ws01_plumbing/install/base_interfaces_demo:/opt/ros/humble LD_LIBRARY_PATH=/home/east/ros2-learning-space/ws01_plumbing/install/base_interfaces_demo/lib:${LD_LIBRARY_PATH} PYTHONPATH=/home/east/ros2-learning-space/ws01_plumbing/install/base_interfaces_demo/local/lib/python3.10/dist-packages:${PYTHONPATH} /usr/bin/cmake --install /home/east/ros2-learning-space/ws01_plumbing/build/cpp01_topic
[6.197s] -- Install configuration: ""
[6.197s] -- Installing: /home/east/ros2-learning-space/ws01_plumbing/install/cpp01_topic/lib/cpp01_topic/demo01_talker_str
[6.198s] -- Set runtime path of "/home/east/ros2-learning-space/ws01_plumbing/install/cpp01_topic/lib/cpp01_topic/demo01_talker_str" to ""
[6.198s] -- Installing: /home/east/ros2-learning-space/ws01_plumbing/install/cpp01_topic/lib/cpp01_topic/demo02_listener_str
[6.200s] -- Set runtime path of "/home/east/ros2-learning-space/ws01_plumbing/install/cpp01_topic/lib/cpp01_topic/demo02_listener_str" to ""
[6.200s] -- Up-to-date: /home/east/ros2-learning-space/ws01_plumbing/install/cpp01_topic/share/ament_index/resource_index/package_run_dependencies/cpp01_topic
[6.200s] -- Installing: /home/east/ros2-learning-space/ws01_plumbing/install/cpp01_topic/share/ament_index/resource_index/parent_prefix_path/cpp01_topic
[6.200s] -- Up-to-date: /home/east/ros2-learning-space/ws01_plumbing/install/cpp01_topic/share/cpp01_topic/environment/ament_prefix_path.sh
[6.200s] -- Installing: /home/east/ros2-learning-space/ws01_plumbing/install/cpp01_topic/share/cpp01_topic/environment/ament_prefix_path.dsv
[6.200s] -- Up-to-date: /home/east/ros2-learning-space/ws01_plumbing/install/cpp01_topic/share/cpp01_topic/environment/path.sh
[6.200s] -- Installing: /home/east/ros2-learning-space/ws01_plumbing/install/cpp01_topic/share/cpp01_topic/environment/path.dsv
[6.200s] -- Up-to-date: /home/east/ros2-learning-space/ws01_plumbing/install/cpp01_topic/share/cpp01_topic/local_setup.bash
[6.200s] -- Up-to-date: /home/east/ros2-learning-space/ws01_plumbing/install/cpp01_topic/share/cpp01_topic/local_setup.sh
[6.200s] -- Up-to-date: /home/east/ros2-learning-space/ws01_plumbing/install/cpp01_topic/share/cpp01_topic/local_setup.zsh
[6.200s] -- Installing: /home/east/ros2-learning-space/ws01_plumbing/install/cpp01_topic/share/cpp01_topic/local_setup.dsv
[6.200s] -- Installing: /home/east/ros2-learning-space/ws01_plumbing/install/cpp01_topic/share/cpp01_topic/package.dsv
[6.201s] -- Up-to-date: /home/east/ros2-learning-space/ws01_plumbing/install/cpp01_topic/share/ament_index/resource_index/packages/cpp01_topic
[6.201s] -- Up-to-date: /home/east/ros2-learning-space/ws01_plumbing/install/cpp01_topic/share/cpp01_topic/cmake/cpp01_topicConfig.cmake
[6.201s] -- Up-to-date: /home/east/ros2-learning-space/ws01_plumbing/install/cpp01_topic/share/cpp01_topic/cmake/cpp01_topicConfig-version.cmake
[6.201s] -- Up-to-date: /home/east/ros2-learning-space/ws01_plumbing/install/cpp01_topic/share/cpp01_topic/package.xml
[6.202s] Invoked command in '/home/east/ros2-learning-space/ws01_plumbing/build/cpp01_topic' returned '0': AMENT_PREFIX_PATH=/home/east/ros2-learning-space/ws01_plumbing/install/base_interfaces_demo:${AMENT_PREFIX_PATH} CMAKE_PREFIX_PATH=/home/east/ros2-learning-space/ws01_plumbing/install/base_interfaces_demo:/opt/ros/humble LD_LIBRARY_PATH=/home/east/ros2-learning-space/ws01_plumbing/install/base_interfaces_demo/lib:${LD_LIBRARY_PATH} PYTHONPATH=/home/east/ros2-learning-space/ws01_plumbing/install/base_interfaces_demo/local/lib/python3.10/dist-packages:${PYTHONPATH} /usr/bin/cmake --install /home/east/ros2-learning-space/ws01_plumbing/build/cpp01_topic
