[0.015s] Invoking command in '/home/east/ros2-learning-space/ws01_plumbing/build/base_interfaces_demo': /usr/bin/cmake --build /home/east/ros2-learning-space/ws01_plumbing/build/base_interfaces_demo -- -j18 -l18
[0.059s] [  2%] Built target base_interfaces_demo__cpp
[0.064s] [ 12%] Built target base_interfaces_demo__rosidl_generator_c
[0.069s] [ 12%] Built target ament_cmake_python_copy_base_interfaces_demo
[0.077s] [ 23%] Built target base_interfaces_demo__rosidl_typesupport_cpp
[0.078s] [ 34%] Built target base_interfaces_demo__rosidl_typesupport_c
[0.079s] [ 44%] Built target base_interfaces_demo__rosidl_typesupport_introspection_cpp
[0.081s] [ 55%] Built target base_interfaces_demo__rosidl_typesupport_fastrtps_cpp
[0.082s] [ 65%] Built target base_interfaces_demo__rosidl_typesupport_fastrtps_c
[0.083s] [ 76%] Built target base_interfaces_demo__rosidl_typesupport_introspection_c
[0.097s] [ 76%] Built target base_interfaces_demo
[0.113s] [ 78%] Built target base_interfaces_demo__py
[0.135s] [ 87%] Built target base_interfaces_demo__rosidl_generator_py
[0.160s] [ 91%] Built target base_interfaces_demo__rosidl_typesupport_introspection_c__pyext
[0.160s] [ 95%] Built target base_interfaces_demo__rosidl_typesupport_c__pyext
[0.161s] [100%] Built target base_interfaces_demo__rosidl_typesupport_fastrtps_c__pyext
[0.208s] running egg_info
[0.208s] writing base_interfaces_demo.egg-info/PKG-INFO
[0.209s] writing dependency_links to base_interfaces_demo.egg-info/dependency_links.txt
[0.209s] writing top-level names to base_interfaces_demo.egg-info/top_level.txt
[0.210s] reading manifest file 'base_interfaces_demo.egg-info/SOURCES.txt'
[0.210s] writing manifest file 'base_interfaces_demo.egg-info/SOURCES.txt'
[0.233s] [100%] Built target ament_cmake_python_build_base_interfaces_demo_egg
[0.243s] Invoked command in '/home/east/ros2-learning-space/ws01_plumbing/build/base_interfaces_demo' returned '0': /usr/bin/cmake --build /home/east/ros2-learning-space/ws01_plumbing/build/base_interfaces_demo -- -j18 -l18
[0.246s] Invoking command in '/home/east/ros2-learning-space/ws01_plumbing/build/base_interfaces_demo': /usr/bin/cmake --install /home/east/ros2-learning-space/ws01_plumbing/build/base_interfaces_demo
[0.250s] -- Install configuration: ""
[0.250s] -- Up-to-date: /home/east/ros2-learning-space/ws01_plumbing/install/base_interfaces_demo/share/ament_index/resource_index/rosidl_interfaces/base_interfaces_demo
[0.250s] -- Up-to-date: /home/east/ros2-learning-space/ws01_plumbing/install/base_interfaces_demo/include/base_interfaces_demo/base_interfaces_demo
[0.250s] -- Up-to-date: /home/east/ros2-learning-space/ws01_plumbing/install/base_interfaces_demo/include/base_interfaces_demo/base_interfaces_demo/msg
[0.250s] -- Up-to-date: /home/east/ros2-learning-space/ws01_plumbing/install/base_interfaces_demo/include/base_interfaces_demo/base_interfaces_demo/msg/student.h
[0.251s] -- Up-to-date: /home/east/ros2-learning-space/ws01_plumbing/install/base_interfaces_demo/include/base_interfaces_demo/base_interfaces_demo/msg/rosidl_generator_c__visibility_control.h
[0.251s] -- Up-to-date: /home/east/ros2-learning-space/ws01_plumbing/install/base_interfaces_demo/include/base_interfaces_demo/base_interfaces_demo/msg/detail
[0.251s] -- Up-to-date: /home/east/ros2-learning-space/ws01_plumbing/install/base_interfaces_demo/include/base_interfaces_demo/base_interfaces_demo/msg/detail/student__functions.h
[0.251s] -- Up-to-date: /home/east/ros2-learning-space/ws01_plumbing/install/base_interfaces_demo/include/base_interfaces_demo/base_interfaces_demo/msg/detail/student__type_support.h
[0.251s] -- Up-to-date: /home/east/ros2-learning-space/ws01_plumbing/install/base_interfaces_demo/include/base_interfaces_demo/base_interfaces_demo/msg/detail/student__struct.h
[0.251s] -- Up-to-date: /home/east/ros2-learning-space/ws01_plumbing/install/base_interfaces_demo/include/base_interfaces_demo/base_interfaces_demo/msg/detail/student__functions.c
[0.251s] -- Up-to-date: /home/east/ros2-learning-space/ws01_plumbing/install/base_interfaces_demo/include/base_interfaces_demo/base_interfaces_demo/action
[0.251s] -- Up-to-date: /home/east/ros2-learning-space/ws01_plumbing/install/base_interfaces_demo/include/base_interfaces_demo/base_interfaces_demo/action/detail
[0.251s] -- Up-to-date: /home/east/ros2-learning-space/ws01_plumbing/install/base_interfaces_demo/include/base_interfaces_demo/base_interfaces_demo/action/detail/progress__struct.h
[0.251s] -- Up-to-date: /home/east/ros2-learning-space/ws01_plumbing/install/base_interfaces_demo/include/base_interfaces_demo/base_interfaces_demo/action/detail/progress__functions.h
[0.251s] -- Up-to-date: /home/east/ros2-learning-space/ws01_plumbing/install/base_interfaces_demo/include/base_interfaces_demo/base_interfaces_demo/action/detail/progress__type_support.h
[0.251s] -- Up-to-date: /home/east/ros2-learning-space/ws01_plumbing/install/base_interfaces_demo/include/base_interfaces_demo/base_interfaces_demo/action/detail/progress__functions.c
[0.252s] -- Up-to-date: /home/east/ros2-learning-space/ws01_plumbing/install/base_interfaces_demo/include/base_interfaces_demo/base_interfaces_demo/action/progress.h
[0.252s] -- Up-to-date: /home/east/ros2-learning-space/ws01_plumbing/install/base_interfaces_demo/include/base_interfaces_demo/base_interfaces_demo/srv
[0.252s] -- Up-to-date: /home/east/ros2-learning-space/ws01_plumbing/install/base_interfaces_demo/include/base_interfaces_demo/base_interfaces_demo/srv/detail
[0.252s] -- Up-to-date: /home/east/ros2-learning-space/ws01_plumbing/install/base_interfaces_demo/include/base_interfaces_demo/base_interfaces_demo/srv/detail/add_ints__functions.h
[0.252s] -- Up-to-date: /home/east/ros2-learning-space/ws01_plumbing/install/base_interfaces_demo/include/base_interfaces_demo/base_interfaces_demo/srv/detail/add_ints__functions.c
[0.252s] -- Up-to-date: /home/east/ros2-learning-space/ws01_plumbing/install/base_interfaces_demo/include/base_interfaces_demo/base_interfaces_demo/srv/detail/add_ints__type_support.h
[0.252s] -- Up-to-date: /home/east/ros2-learning-space/ws01_plumbing/install/base_interfaces_demo/include/base_interfaces_demo/base_interfaces_demo/srv/detail/add_ints__struct.h
[0.253s] -- Up-to-date: /home/east/ros2-learning-space/ws01_plumbing/install/base_interfaces_demo/include/base_interfaces_demo/base_interfaces_demo/srv/add_ints.h
[0.253s] -- Up-to-date: /home/east/ros2-learning-space/ws01_plumbing/install/base_interfaces_demo/share/base_interfaces_demo/environment/library_path.sh
[0.253s] -- Up-to-date: /home/east/ros2-learning-space/ws01_plumbing/install/base_interfaces_demo/share/base_interfaces_demo/environment/library_path.dsv
[0.253s] -- Up-to-date: /home/east/ros2-learning-space/ws01_plumbing/install/base_interfaces_demo/lib/libbase_interfaces_demo__rosidl_generator_c.so
[0.253s] -- Up-to-date: /home/east/ros2-learning-space/ws01_plumbing/install/base_interfaces_demo/include/base_interfaces_demo/base_interfaces_demo
[0.253s] -- Up-to-date: /home/east/ros2-learning-space/ws01_plumbing/install/base_interfaces_demo/include/base_interfaces_demo/base_interfaces_demo/msg
[0.253s] -- Up-to-date: /home/east/ros2-learning-space/ws01_plumbing/install/base_interfaces_demo/include/base_interfaces_demo/base_interfaces_demo/msg/rosidl_typesupport_fastrtps_c__visibility_control.h
[0.253s] -- Up-to-date: /home/east/ros2-learning-space/ws01_plumbing/install/base_interfaces_demo/include/base_interfaces_demo/base_interfaces_demo/msg/detail
[0.253s] -- Up-to-date: /home/east/ros2-learning-space/ws01_plumbing/install/base_interfaces_demo/include/base_interfaces_demo/base_interfaces_demo/msg/detail/student__rosidl_typesupport_fastrtps_c.h
[0.253s] -- Up-to-date: /home/east/ros2-learning-space/ws01_plumbing/install/base_interfaces_demo/include/base_interfaces_demo/base_interfaces_demo/action
[0.253s] -- Up-to-date: /home/east/ros2-learning-space/ws01_plumbing/install/base_interfaces_demo/include/base_interfaces_demo/base_interfaces_demo/action/detail
[0.253s] -- Up-to-date: /home/east/ros2-learning-space/ws01_plumbing/install/base_interfaces_demo/include/base_interfaces_demo/base_interfaces_demo/action/detail/progress__rosidl_typesupport_fastrtps_c.h
[0.253s] -- Up-to-date: /home/east/ros2-learning-space/ws01_plumbing/install/base_interfaces_demo/include/base_interfaces_demo/base_interfaces_demo/srv
[0.253s] -- Up-to-date: /home/east/ros2-learning-space/ws01_plumbing/install/base_interfaces_demo/include/base_interfaces_demo/base_interfaces_demo/srv/detail
[0.253s] -- Up-to-date: /home/east/ros2-learning-space/ws01_plumbing/install/base_interfaces_demo/include/base_interfaces_demo/base_interfaces_demo/srv/detail/add_ints__rosidl_typesupport_fastrtps_c.h
[0.253s] -- Up-to-date: /home/east/ros2-learning-space/ws01_plumbing/install/base_interfaces_demo/lib/libbase_interfaces_demo__rosidl_typesupport_fastrtps_c.so
[0.254s] -- Up-to-date: /home/east/ros2-learning-space/ws01_plumbing/install/base_interfaces_demo/include/base_interfaces_demo/base_interfaces_demo
[0.254s] -- Up-to-date: /home/east/ros2-learning-space/ws01_plumbing/install/base_interfaces_demo/include/base_interfaces_demo/base_interfaces_demo/msg
[0.254s] -- Up-to-date: /home/east/ros2-learning-space/ws01_plumbing/install/base_interfaces_demo/include/base_interfaces_demo/base_interfaces_demo/msg/rosidl_generator_cpp__visibility_control.hpp
[0.254s] -- Up-to-date: /home/east/ros2-learning-space/ws01_plumbing/install/base_interfaces_demo/include/base_interfaces_demo/base_interfaces_demo/msg/student.hpp
[0.254s] -- Up-to-date: /home/east/ros2-learning-space/ws01_plumbing/install/base_interfaces_demo/include/base_interfaces_demo/base_interfaces_demo/msg/detail
[0.254s] -- Up-to-date: /home/east/ros2-learning-space/ws01_plumbing/install/base_interfaces_demo/include/base_interfaces_demo/base_interfaces_demo/msg/detail/student__struct.hpp
[0.254s] -- Up-to-date: /home/east/ros2-learning-space/ws01_plumbing/install/base_interfaces_demo/include/base_interfaces_demo/base_interfaces_demo/msg/detail/student__type_support.hpp
[0.254s] -- Up-to-date: /home/east/ros2-learning-space/ws01_plumbing/install/base_interfaces_demo/include/base_interfaces_demo/base_interfaces_demo/msg/detail/student__builder.hpp
[0.254s] -- Up-to-date: /home/east/ros2-learning-space/ws01_plumbing/install/base_interfaces_demo/include/base_interfaces_demo/base_interfaces_demo/msg/detail/student__traits.hpp
[0.254s] -- Up-to-date: /home/east/ros2-learning-space/ws01_plumbing/install/base_interfaces_demo/include/base_interfaces_demo/base_interfaces_demo/action
[0.254s] -- Up-to-date: /home/east/ros2-learning-space/ws01_plumbing/install/base_interfaces_demo/include/base_interfaces_demo/base_interfaces_demo/action/detail
[0.254s] -- Up-to-date: /home/east/ros2-learning-space/ws01_plumbing/install/base_interfaces_demo/include/base_interfaces_demo/base_interfaces_demo/action/detail/progress__struct.hpp
[0.254s] -- Up-to-date: /home/east/ros2-learning-space/ws01_plumbing/install/base_interfaces_demo/include/base_interfaces_demo/base_interfaces_demo/action/detail/progress__builder.hpp
[0.254s] -- Up-to-date: /home/east/ros2-learning-space/ws01_plumbing/install/base_interfaces_demo/include/base_interfaces_demo/base_interfaces_demo/action/detail/progress__traits.hpp
[0.254s] -- Up-to-date: /home/east/ros2-learning-space/ws01_plumbing/install/base_interfaces_demo/include/base_interfaces_demo/base_interfaces_demo/action/detail/progress__type_support.hpp
[0.254s] -- Up-to-date: /home/east/ros2-learning-space/ws01_plumbing/install/base_interfaces_demo/include/base_interfaces_demo/base_interfaces_demo/action/progress.hpp
[0.254s] -- Up-to-date: /home/east/ros2-learning-space/ws01_plumbing/install/base_interfaces_demo/include/base_interfaces_demo/base_interfaces_demo/srv
[0.254s] -- Up-to-date: /home/east/ros2-learning-space/ws01_plumbing/install/base_interfaces_demo/include/base_interfaces_demo/base_interfaces_demo/srv/detail
[0.255s] -- Up-to-date: /home/east/ros2-learning-space/ws01_plumbing/install/base_interfaces_demo/include/base_interfaces_demo/base_interfaces_demo/srv/detail/add_ints__type_support.hpp
[0.255s] -- Up-to-date: /home/east/ros2-learning-space/ws01_plumbing/install/base_interfaces_demo/include/base_interfaces_demo/base_interfaces_demo/srv/detail/add_ints__struct.hpp
[0.255s] -- Up-to-date: /home/east/ros2-learning-space/ws01_plumbing/install/base_interfaces_demo/include/base_interfaces_demo/base_interfaces_demo/srv/detail/add_ints__traits.hpp
[0.255s] -- Up-to-date: /home/east/ros2-learning-space/ws01_plumbing/install/base_interfaces_demo/include/base_interfaces_demo/base_interfaces_demo/srv/detail/add_ints__builder.hpp
[0.255s] -- Up-to-date: /home/east/ros2-learning-space/ws01_plumbing/install/base_interfaces_demo/include/base_interfaces_demo/base_interfaces_demo/srv/add_ints.hpp
[0.255s] -- Up-to-date: /home/east/ros2-learning-space/ws01_plumbing/install/base_interfaces_demo/include/base_interfaces_demo/base_interfaces_demo
[0.255s] -- Up-to-date: /home/east/ros2-learning-space/ws01_plumbing/install/base_interfaces_demo/include/base_interfaces_demo/base_interfaces_demo/msg
[0.255s] -- Up-to-date: /home/east/ros2-learning-space/ws01_plumbing/install/base_interfaces_demo/include/base_interfaces_demo/base_interfaces_demo/msg/rosidl_typesupport_fastrtps_cpp__visibility_control.h
[0.255s] -- Up-to-date: /home/east/ros2-learning-space/ws01_plumbing/install/base_interfaces_demo/include/base_interfaces_demo/base_interfaces_demo/msg/detail
[0.255s] -- Up-to-date: /home/east/ros2-learning-space/ws01_plumbing/install/base_interfaces_demo/include/base_interfaces_demo/base_interfaces_demo/msg/detail/dds_fastrtps
[0.255s] -- Up-to-date: /home/east/ros2-learning-space/ws01_plumbing/install/base_interfaces_demo/include/base_interfaces_demo/base_interfaces_demo/msg/detail/student__rosidl_typesupport_fastrtps_cpp.hpp
[0.255s] -- Up-to-date: /home/east/ros2-learning-space/ws01_plumbing/install/base_interfaces_demo/include/base_interfaces_demo/base_interfaces_demo/action
[0.255s] -- Up-to-date: /home/east/ros2-learning-space/ws01_plumbing/install/base_interfaces_demo/include/base_interfaces_demo/base_interfaces_demo/action/detail
[0.255s] -- Up-to-date: /home/east/ros2-learning-space/ws01_plumbing/install/base_interfaces_demo/include/base_interfaces_demo/base_interfaces_demo/action/detail/progress__rosidl_typesupport_fastrtps_cpp.hpp
[0.255s] -- Up-to-date: /home/east/ros2-learning-space/ws01_plumbing/install/base_interfaces_demo/include/base_interfaces_demo/base_interfaces_demo/action/detail/dds_fastrtps
[0.255s] -- Up-to-date: /home/east/ros2-learning-space/ws01_plumbing/install/base_interfaces_demo/include/base_interfaces_demo/base_interfaces_demo/srv
[0.255s] -- Up-to-date: /home/east/ros2-learning-space/ws01_plumbing/install/base_interfaces_demo/include/base_interfaces_demo/base_interfaces_demo/srv/detail
[0.255s] -- Up-to-date: /home/east/ros2-learning-space/ws01_plumbing/install/base_interfaces_demo/include/base_interfaces_demo/base_interfaces_demo/srv/detail/dds_fastrtps
[0.255s] -- Up-to-date: /home/east/ros2-learning-space/ws01_plumbing/install/base_interfaces_demo/include/base_interfaces_demo/base_interfaces_demo/srv/detail/add_ints__rosidl_typesupport_fastrtps_cpp.hpp
[0.256s] -- Up-to-date: /home/east/ros2-learning-space/ws01_plumbing/install/base_interfaces_demo/lib/libbase_interfaces_demo__rosidl_typesupport_fastrtps_cpp.so
[0.256s] -- Up-to-date: /home/east/ros2-learning-space/ws01_plumbing/install/base_interfaces_demo/include/base_interfaces_demo/base_interfaces_demo
[0.256s] -- Up-to-date: /home/east/ros2-learning-space/ws01_plumbing/install/base_interfaces_demo/include/base_interfaces_demo/base_interfaces_demo/msg
[0.256s] -- Up-to-date: /home/east/ros2-learning-space/ws01_plumbing/install/base_interfaces_demo/include/base_interfaces_demo/base_interfaces_demo/msg/rosidl_typesupport_introspection_c__visibility_control.h
[0.256s] -- Up-to-date: /home/east/ros2-learning-space/ws01_plumbing/install/base_interfaces_demo/include/base_interfaces_demo/base_interfaces_demo/msg/detail
[0.256s] -- Up-to-date: /home/east/ros2-learning-space/ws01_plumbing/install/base_interfaces_demo/include/base_interfaces_demo/base_interfaces_demo/msg/detail/student__type_support.c
[0.256s] -- Up-to-date: /home/east/ros2-learning-space/ws01_plumbing/install/base_interfaces_demo/include/base_interfaces_demo/base_interfaces_demo/msg/detail/student__rosidl_typesupport_introspection_c.h
[0.256s] -- Up-to-date: /home/east/ros2-learning-space/ws01_plumbing/install/base_interfaces_demo/include/base_interfaces_demo/base_interfaces_demo/action
[0.256s] -- Up-to-date: /home/east/ros2-learning-space/ws01_plumbing/install/base_interfaces_demo/include/base_interfaces_demo/base_interfaces_demo/action/detail
[0.256s] -- Up-to-date: /home/east/ros2-learning-space/ws01_plumbing/install/base_interfaces_demo/include/base_interfaces_demo/base_interfaces_demo/action/detail/progress__type_support.c
[0.256s] -- Up-to-date: /home/east/ros2-learning-space/ws01_plumbing/install/base_interfaces_demo/include/base_interfaces_demo/base_interfaces_demo/action/detail/progress__rosidl_typesupport_introspection_c.h
[0.256s] -- Up-to-date: /home/east/ros2-learning-space/ws01_plumbing/install/base_interfaces_demo/include/base_interfaces_demo/base_interfaces_demo/srv
[0.256s] -- Up-to-date: /home/east/ros2-learning-space/ws01_plumbing/install/base_interfaces_demo/include/base_interfaces_demo/base_interfaces_demo/srv/detail
[0.256s] -- Up-to-date: /home/east/ros2-learning-space/ws01_plumbing/install/base_interfaces_demo/include/base_interfaces_demo/base_interfaces_demo/srv/detail/add_ints__rosidl_typesupport_introspection_c.h
[0.256s] -- Up-to-date: /home/east/ros2-learning-space/ws01_plumbing/install/base_interfaces_demo/include/base_interfaces_demo/base_interfaces_demo/srv/detail/add_ints__type_support.c
[0.256s] -- Up-to-date: /home/east/ros2-learning-space/ws01_plumbing/install/base_interfaces_demo/lib/libbase_interfaces_demo__rosidl_typesupport_introspection_c.so
[0.256s] -- Up-to-date: /home/east/ros2-learning-space/ws01_plumbing/install/base_interfaces_demo/lib/libbase_interfaces_demo__rosidl_typesupport_c.so
[0.256s] -- Up-to-date: /home/east/ros2-learning-space/ws01_plumbing/install/base_interfaces_demo/include/base_interfaces_demo/base_interfaces_demo
[0.256s] -- Up-to-date: /home/east/ros2-learning-space/ws01_plumbing/install/base_interfaces_demo/include/base_interfaces_demo/base_interfaces_demo/msg
[0.256s] -- Up-to-date: /home/east/ros2-learning-space/ws01_plumbing/install/base_interfaces_demo/include/base_interfaces_demo/base_interfaces_demo/msg/detail
[0.256s] -- Up-to-date: /home/east/ros2-learning-space/ws01_plumbing/install/base_interfaces_demo/include/base_interfaces_demo/base_interfaces_demo/msg/detail/student__type_support.cpp
[0.256s] -- Up-to-date: /home/east/ros2-learning-space/ws01_plumbing/install/base_interfaces_demo/include/base_interfaces_demo/base_interfaces_demo/msg/detail/student__rosidl_typesupport_introspection_cpp.hpp
[0.256s] -- Up-to-date: /home/east/ros2-learning-space/ws01_plumbing/install/base_interfaces_demo/include/base_interfaces_demo/base_interfaces_demo/action
[0.256s] -- Up-to-date: /home/east/ros2-learning-space/ws01_plumbing/install/base_interfaces_demo/include/base_interfaces_demo/base_interfaces_demo/action/detail
[0.256s] -- Up-to-date: /home/east/ros2-learning-space/ws01_plumbing/install/base_interfaces_demo/include/base_interfaces_demo/base_interfaces_demo/action/detail/progress__rosidl_typesupport_introspection_cpp.hpp
[0.257s] -- Up-to-date: /home/east/ros2-learning-space/ws01_plumbing/install/base_interfaces_demo/include/base_interfaces_demo/base_interfaces_demo/action/detail/progress__type_support.cpp
[0.257s] -- Up-to-date: /home/east/ros2-learning-space/ws01_plumbing/install/base_interfaces_demo/include/base_interfaces_demo/base_interfaces_demo/srv
[0.257s] -- Up-to-date: /home/east/ros2-learning-space/ws01_plumbing/install/base_interfaces_demo/include/base_interfaces_demo/base_interfaces_demo/srv/detail
[0.257s] -- Up-to-date: /home/east/ros2-learning-space/ws01_plumbing/install/base_interfaces_demo/include/base_interfaces_demo/base_interfaces_demo/srv/detail/add_ints__rosidl_typesupport_introspection_cpp.hpp
[0.257s] -- Up-to-date: /home/east/ros2-learning-space/ws01_plumbing/install/base_interfaces_demo/include/base_interfaces_demo/base_interfaces_demo/srv/detail/add_ints__type_support.cpp
[0.257s] -- Up-to-date: /home/east/ros2-learning-space/ws01_plumbing/install/base_interfaces_demo/lib/libbase_interfaces_demo__rosidl_typesupport_introspection_cpp.so
[0.257s] -- Up-to-date: /home/east/ros2-learning-space/ws01_plumbing/install/base_interfaces_demo/lib/libbase_interfaces_demo__rosidl_typesupport_cpp.so
[0.257s] -- Up-to-date: /home/east/ros2-learning-space/ws01_plumbing/install/base_interfaces_demo/share/base_interfaces_demo/environment/pythonpath.sh
[0.257s] -- Up-to-date: /home/east/ros2-learning-space/ws01_plumbing/install/base_interfaces_demo/share/base_interfaces_demo/environment/pythonpath.dsv
[0.257s] -- Up-to-date: /home/east/ros2-learning-space/ws01_plumbing/install/base_interfaces_demo/local/lib/python3.10/dist-packages/base_interfaces_demo-0.0.0-py3.10.egg-info
[0.257s] -- Installing: /home/east/ros2-learning-space/ws01_plumbing/install/base_interfaces_demo/local/lib/python3.10/dist-packages/base_interfaces_demo-0.0.0-py3.10.egg-info/SOURCES.txt
[0.257s] -- Installing: /home/east/ros2-learning-space/ws01_plumbing/install/base_interfaces_demo/local/lib/python3.10/dist-packages/base_interfaces_demo-0.0.0-py3.10.egg-info/dependency_links.txt
[0.257s] -- Installing: /home/east/ros2-learning-space/ws01_plumbing/install/base_interfaces_demo/local/lib/python3.10/dist-packages/base_interfaces_demo-0.0.0-py3.10.egg-info/PKG-INFO
[0.257s] -- Installing: /home/east/ros2-learning-space/ws01_plumbing/install/base_interfaces_demo/local/lib/python3.10/dist-packages/base_interfaces_demo-0.0.0-py3.10.egg-info/top_level.txt
[0.257s] -- Up-to-date: /home/east/ros2-learning-space/ws01_plumbing/install/base_interfaces_demo/local/lib/python3.10/dist-packages/base_interfaces_demo
[0.257s] -- Up-to-date: /home/east/ros2-learning-space/ws01_plumbing/install/base_interfaces_demo/local/lib/python3.10/dist-packages/base_interfaces_demo/base_interfaces_demo_s__rosidl_typesupport_introspection_c.cpython-310-x86_64-linux-gnu.so
[0.257s] -- Up-to-date: /home/east/ros2-learning-space/ws01_plumbing/install/base_interfaces_demo/local/lib/python3.10/dist-packages/base_interfaces_demo/msg
[0.257s] -- Up-to-date: /home/east/ros2-learning-space/ws01_plumbing/install/base_interfaces_demo/local/lib/python3.10/dist-packages/base_interfaces_demo/msg/_student_s.c
[0.257s] -- Up-to-date: /home/east/ros2-learning-space/ws01_plumbing/install/base_interfaces_demo/local/lib/python3.10/dist-packages/base_interfaces_demo/msg/_student.py
[0.257s] -- Up-to-date: /home/east/ros2-learning-space/ws01_plumbing/install/base_interfaces_demo/local/lib/python3.10/dist-packages/base_interfaces_demo/msg/__init__.py
[0.257s] -- Up-to-date: /home/east/ros2-learning-space/ws01_plumbing/install/base_interfaces_demo/local/lib/python3.10/dist-packages/base_interfaces_demo/libbase_interfaces_demo__rosidl_generator_py.so
[0.257s] -- Up-to-date: /home/east/ros2-learning-space/ws01_plumbing/install/base_interfaces_demo/local/lib/python3.10/dist-packages/base_interfaces_demo/base_interfaces_demo_s__rosidl_typesupport_fastrtps_c.cpython-310-x86_64-linux-gnu.so
[0.257s] -- Up-to-date: /home/east/ros2-learning-space/ws01_plumbing/install/base_interfaces_demo/local/lib/python3.10/dist-packages/base_interfaces_demo/_base_interfaces_demo_s.ep.rosidl_typesupport_introspection_c.c
[0.257s] -- Up-to-date: /home/east/ros2-learning-space/ws01_plumbing/install/base_interfaces_demo/local/lib/python3.10/dist-packages/base_interfaces_demo/action
[0.257s] -- Up-to-date: /home/east/ros2-learning-space/ws01_plumbing/install/base_interfaces_demo/local/lib/python3.10/dist-packages/base_interfaces_demo/action/_progress.py
[0.257s] -- Up-to-date: /home/east/ros2-learning-space/ws01_plumbing/install/base_interfaces_demo/local/lib/python3.10/dist-packages/base_interfaces_demo/action/__init__.py
[0.257s] -- Up-to-date: /home/east/ros2-learning-space/ws01_plumbing/install/base_interfaces_demo/local/lib/python3.10/dist-packages/base_interfaces_demo/action/_progress_s.c
[0.257s] -- Up-to-date: /home/east/ros2-learning-space/ws01_plumbing/install/base_interfaces_demo/local/lib/python3.10/dist-packages/base_interfaces_demo/__init__.py
[0.257s] -- Up-to-date: /home/east/ros2-learning-space/ws01_plumbing/install/base_interfaces_demo/local/lib/python3.10/dist-packages/base_interfaces_demo/srv
[0.257s] -- Up-to-date: /home/east/ros2-learning-space/ws01_plumbing/install/base_interfaces_demo/local/lib/python3.10/dist-packages/base_interfaces_demo/srv/__init__.py
[0.257s] -- Up-to-date: /home/east/ros2-learning-space/ws01_plumbing/install/base_interfaces_demo/local/lib/python3.10/dist-packages/base_interfaces_demo/srv/_add_ints_s.c
[0.257s] -- Up-to-date: /home/east/ros2-learning-space/ws01_plumbing/install/base_interfaces_demo/local/lib/python3.10/dist-packages/base_interfaces_demo/srv/_add_ints.py
[0.257s] -- Up-to-date: /home/east/ros2-learning-space/ws01_plumbing/install/base_interfaces_demo/local/lib/python3.10/dist-packages/base_interfaces_demo/_base_interfaces_demo_s.ep.rosidl_typesupport_c.c
[0.257s] -- Up-to-date: /home/east/ros2-learning-space/ws01_plumbing/install/base_interfaces_demo/local/lib/python3.10/dist-packages/base_interfaces_demo/base_interfaces_demo_s__rosidl_typesupport_c.cpython-310-x86_64-linux-gnu.so
[0.257s] -- Up-to-date: /home/east/ros2-learning-space/ws01_plumbing/install/base_interfaces_demo/local/lib/python3.10/dist-packages/base_interfaces_demo/_base_interfaces_demo_s.ep.rosidl_typesupport_fastrtps_c.c
[0.279s] Listing '/home/east/ros2-learning-space/ws01_plumbing/install/base_interfaces_demo/local/lib/python3.10/dist-packages/base_interfaces_demo'...
[0.279s] Listing '/home/east/ros2-learning-space/ws01_plumbing/install/base_interfaces_demo/local/lib/python3.10/dist-packages/base_interfaces_demo/action'...
[0.279s] Listing '/home/east/ros2-learning-space/ws01_plumbing/install/base_interfaces_demo/local/lib/python3.10/dist-packages/base_interfaces_demo/msg'...
[0.279s] Listing '/home/east/ros2-learning-space/ws01_plumbing/install/base_interfaces_demo/local/lib/python3.10/dist-packages/base_interfaces_demo/srv'...
[0.281s] -- Up-to-date: /home/east/ros2-learning-space/ws01_plumbing/install/base_interfaces_demo/local/lib/python3.10/dist-packages/base_interfaces_demo/base_interfaces_demo_s__rosidl_typesupport_fastrtps_c.cpython-310-x86_64-linux-gnu.so
[0.281s] -- Up-to-date: /home/east/ros2-learning-space/ws01_plumbing/install/base_interfaces_demo/local/lib/python3.10/dist-packages/base_interfaces_demo/base_interfaces_demo_s__rosidl_typesupport_introspection_c.cpython-310-x86_64-linux-gnu.so
[0.282s] -- Up-to-date: /home/east/ros2-learning-space/ws01_plumbing/install/base_interfaces_demo/local/lib/python3.10/dist-packages/base_interfaces_demo/base_interfaces_demo_s__rosidl_typesupport_c.cpython-310-x86_64-linux-gnu.so
[0.282s] -- Up-to-date: /home/east/ros2-learning-space/ws01_plumbing/install/base_interfaces_demo/lib/libbase_interfaces_demo__rosidl_generator_py.so
[0.282s] -- Up-to-date: /home/east/ros2-learning-space/ws01_plumbing/install/base_interfaces_demo/share/base_interfaces_demo/msg/Student.idl
[0.282s] -- Up-to-date: /home/east/ros2-learning-space/ws01_plumbing/install/base_interfaces_demo/share/base_interfaces_demo/srv/AddInts.idl
[0.282s] -- Up-to-date: /home/east/ros2-learning-space/ws01_plumbing/install/base_interfaces_demo/share/base_interfaces_demo/action/Progress.idl
[0.282s] -- Up-to-date: /home/east/ros2-learning-space/ws01_plumbing/install/base_interfaces_demo/share/base_interfaces_demo/msg/Student.msg
[0.282s] -- Up-to-date: /home/east/ros2-learning-space/ws01_plumbing/install/base_interfaces_demo/share/base_interfaces_demo/srv/AddInts.srv
[0.282s] -- Up-to-date: /home/east/ros2-learning-space/ws01_plumbing/install/base_interfaces_demo/share/base_interfaces_demo/srv/AddInts_Request.msg
[0.282s] -- Up-to-date: /home/east/ros2-learning-space/ws01_plumbing/install/base_interfaces_demo/share/base_interfaces_demo/srv/AddInts_Response.msg
[0.283s] -- Up-to-date: /home/east/ros2-learning-space/ws01_plumbing/install/base_interfaces_demo/share/base_interfaces_demo/action/Progress.action
[0.283s] -- Up-to-date: /home/east/ros2-learning-space/ws01_plumbing/install/base_interfaces_demo/share/ament_index/resource_index/package_run_dependencies/base_interfaces_demo
[0.283s] -- Up-to-date: /home/east/ros2-learning-space/ws01_plumbing/install/base_interfaces_demo/share/ament_index/resource_index/parent_prefix_path/base_interfaces_demo
[0.283s] -- Up-to-date: /home/east/ros2-learning-space/ws01_plumbing/install/base_interfaces_demo/share/base_interfaces_demo/environment/ament_prefix_path.sh
[0.283s] -- Up-to-date: /home/east/ros2-learning-space/ws01_plumbing/install/base_interfaces_demo/share/base_interfaces_demo/environment/ament_prefix_path.dsv
[0.283s] -- Up-to-date: /home/east/ros2-learning-space/ws01_plumbing/install/base_interfaces_demo/share/base_interfaces_demo/environment/path.sh
[0.283s] -- Up-to-date: /home/east/ros2-learning-space/ws01_plumbing/install/base_interfaces_demo/share/base_interfaces_demo/environment/path.dsv
[0.283s] -- Up-to-date: /home/east/ros2-learning-space/ws01_plumbing/install/base_interfaces_demo/share/base_interfaces_demo/local_setup.bash
[0.283s] -- Up-to-date: /home/east/ros2-learning-space/ws01_plumbing/install/base_interfaces_demo/share/base_interfaces_demo/local_setup.sh
[0.283s] -- Up-to-date: /home/east/ros2-learning-space/ws01_plumbing/install/base_interfaces_demo/share/base_interfaces_demo/local_setup.zsh
[0.283s] -- Up-to-date: /home/east/ros2-learning-space/ws01_plumbing/install/base_interfaces_demo/share/base_interfaces_demo/local_setup.dsv
[0.283s] -- Installing: /home/east/ros2-learning-space/ws01_plumbing/install/base_interfaces_demo/share/base_interfaces_demo/package.dsv
[0.283s] -- Up-to-date: /home/east/ros2-learning-space/ws01_plumbing/install/base_interfaces_demo/share/ament_index/resource_index/packages/base_interfaces_demo
[0.283s] -- Up-to-date: /home/east/ros2-learning-space/ws01_plumbing/install/base_interfaces_demo/share/base_interfaces_demo/cmake/export_base_interfaces_demo__rosidl_generator_cExport.cmake
[0.283s] -- Up-to-date: /home/east/ros2-learning-space/ws01_plumbing/install/base_interfaces_demo/share/base_interfaces_demo/cmake/export_base_interfaces_demo__rosidl_generator_cExport-noconfig.cmake
[0.283s] -- Up-to-date: /home/east/ros2-learning-space/ws01_plumbing/install/base_interfaces_demo/share/base_interfaces_demo/cmake/export_base_interfaces_demo__rosidl_typesupport_fastrtps_cExport.cmake
[0.283s] -- Up-to-date: /home/east/ros2-learning-space/ws01_plumbing/install/base_interfaces_demo/share/base_interfaces_demo/cmake/export_base_interfaces_demo__rosidl_typesupport_fastrtps_cExport-noconfig.cmake
[0.284s] -- Up-to-date: /home/east/ros2-learning-space/ws01_plumbing/install/base_interfaces_demo/share/base_interfaces_demo/cmake/export_base_interfaces_demo__rosidl_generator_cppExport.cmake
[0.284s] -- Up-to-date: /home/east/ros2-learning-space/ws01_plumbing/install/base_interfaces_demo/share/base_interfaces_demo/cmake/export_base_interfaces_demo__rosidl_typesupport_fastrtps_cppExport.cmake
[0.284s] -- Up-to-date: /home/east/ros2-learning-space/ws01_plumbing/install/base_interfaces_demo/share/base_interfaces_demo/cmake/export_base_interfaces_demo__rosidl_typesupport_fastrtps_cppExport-noconfig.cmake
[0.284s] -- Up-to-date: /home/east/ros2-learning-space/ws01_plumbing/install/base_interfaces_demo/share/base_interfaces_demo/cmake/base_interfaces_demo__rosidl_typesupport_introspection_cExport.cmake
[0.284s] -- Up-to-date: /home/east/ros2-learning-space/ws01_plumbing/install/base_interfaces_demo/share/base_interfaces_demo/cmake/base_interfaces_demo__rosidl_typesupport_introspection_cExport-noconfig.cmake
[0.284s] -- Up-to-date: /home/east/ros2-learning-space/ws01_plumbing/install/base_interfaces_demo/share/base_interfaces_demo/cmake/base_interfaces_demo__rosidl_typesupport_cExport.cmake
[0.284s] -- Up-to-date: /home/east/ros2-learning-space/ws01_plumbing/install/base_interfaces_demo/share/base_interfaces_demo/cmake/base_interfaces_demo__rosidl_typesupport_cExport-noconfig.cmake
[0.284s] -- Up-to-date: /home/east/ros2-learning-space/ws01_plumbing/install/base_interfaces_demo/share/base_interfaces_demo/cmake/base_interfaces_demo__rosidl_typesupport_introspection_cppExport.cmake
[0.284s] -- Up-to-date: /home/east/ros2-learning-space/ws01_plumbing/install/base_interfaces_demo/share/base_interfaces_demo/cmake/base_interfaces_demo__rosidl_typesupport_introspection_cppExport-noconfig.cmake
[0.284s] -- Up-to-date: /home/east/ros2-learning-space/ws01_plumbing/install/base_interfaces_demo/share/base_interfaces_demo/cmake/base_interfaces_demo__rosidl_typesupport_cppExport.cmake
[0.284s] -- Up-to-date: /home/east/ros2-learning-space/ws01_plumbing/install/base_interfaces_demo/share/base_interfaces_demo/cmake/base_interfaces_demo__rosidl_typesupport_cppExport-noconfig.cmake
[0.284s] -- Up-to-date: /home/east/ros2-learning-space/ws01_plumbing/install/base_interfaces_demo/share/base_interfaces_demo/cmake/export_base_interfaces_demo__rosidl_generator_pyExport.cmake
[0.284s] -- Up-to-date: /home/east/ros2-learning-space/ws01_plumbing/install/base_interfaces_demo/share/base_interfaces_demo/cmake/export_base_interfaces_demo__rosidl_generator_pyExport-noconfig.cmake
[0.284s] -- Up-to-date: /home/east/ros2-learning-space/ws01_plumbing/install/base_interfaces_demo/share/base_interfaces_demo/cmake/rosidl_cmake-extras.cmake
[0.284s] -- Up-to-date: /home/east/ros2-learning-space/ws01_plumbing/install/base_interfaces_demo/share/base_interfaces_demo/cmake/ament_cmake_export_dependencies-extras.cmake
[0.284s] -- Up-to-date: /home/east/ros2-learning-space/ws01_plumbing/install/base_interfaces_demo/share/base_interfaces_demo/cmake/ament_cmake_export_include_directories-extras.cmake
[0.284s] -- Up-to-date: /home/east/ros2-learning-space/ws01_plumbing/install/base_interfaces_demo/share/base_interfaces_demo/cmake/ament_cmake_export_libraries-extras.cmake
[0.284s] -- Up-to-date: /home/east/ros2-learning-space/ws01_plumbing/install/base_interfaces_demo/share/base_interfaces_demo/cmake/ament_cmake_export_targets-extras.cmake
[0.284s] -- Up-to-date: /home/east/ros2-learning-space/ws01_plumbing/install/base_interfaces_demo/share/base_interfaces_demo/cmake/rosidl_cmake_export_typesupport_targets-extras.cmake
[0.284s] -- Up-to-date: /home/east/ros2-learning-space/ws01_plumbing/install/base_interfaces_demo/share/base_interfaces_demo/cmake/rosidl_cmake_export_typesupport_libraries-extras.cmake
[0.285s] -- Up-to-date: /home/east/ros2-learning-space/ws01_plumbing/install/base_interfaces_demo/share/base_interfaces_demo/cmake/base_interfaces_demoConfig.cmake
[0.285s] -- Up-to-date: /home/east/ros2-learning-space/ws01_plumbing/install/base_interfaces_demo/share/base_interfaces_demo/cmake/base_interfaces_demoConfig-version.cmake
[0.285s] -- Up-to-date: /home/east/ros2-learning-space/ws01_plumbing/install/base_interfaces_demo/share/base_interfaces_demo/package.xml
[0.287s] Invoked command in '/home/east/ros2-learning-space/ws01_plumbing/build/base_interfaces_demo' returned '0': /usr/bin/cmake --install /home/east/ros2-learning-space/ws01_plumbing/build/base_interfaces_demo
