[0.015s] Invoking command in '/home/east/ros2-learning-space/ws01_plumbing/build/cpp03_action': CMAKE_PREFIX_PATH=/home/east/ros2-learning-space/ws01_plumbing/install/base_interfaces_demo:/home/east/ros2-learning-space/ws01_plumbing/install/cpp04_param:/home/east/ros2-learning-space/ws01_plumbing/install/cpp03_action:/home/east/ros2-learning-space/ws01_plumbing/install/cpp02_service:/home/east/ros2-learning-space/ws01_plumbing/install/cpp01_topic:/opt/ros/humble /usr/bin/cmake --build /home/east/ros2-learning-space/ws01_plumbing/build/cpp03_action -- -j18 -l18
[0.068s] [ 50%] Built target demo01_action_server
[0.069s] [100%] Built target demo02_action_client
[0.094s] Invoked command in '/home/east/ros2-learning-space/ws01_plumbing/build/cpp03_action' returned '0': CMAKE_PREFIX_PATH=/home/east/ros2-learning-space/ws01_plumbing/install/base_interfaces_demo:/home/east/ros2-learning-space/ws01_plumbing/install/cpp04_param:/home/east/ros2-learning-space/ws01_plumbing/install/cpp03_action:/home/east/ros2-learning-space/ws01_plumbing/install/cpp02_service:/home/east/ros2-learning-space/ws01_plumbing/install/cpp01_topic:/opt/ros/humble /usr/bin/cmake --build /home/east/ros2-learning-space/ws01_plumbing/build/cpp03_action -- -j18 -l18
[0.095s] Invoking command in '/home/east/ros2-learning-space/ws01_plumbing/build/cpp03_action': CMAKE_PREFIX_PATH=/home/east/ros2-learning-space/ws01_plumbing/install/base_interfaces_demo:/home/east/ros2-learning-space/ws01_plumbing/install/cpp04_param:/home/east/ros2-learning-space/ws01_plumbing/install/cpp03_action:/home/east/ros2-learning-space/ws01_plumbing/install/cpp02_service:/home/east/ros2-learning-space/ws01_plumbing/install/cpp01_topic:/opt/ros/humble /usr/bin/cmake --install /home/east/ros2-learning-space/ws01_plumbing/build/cpp03_action
[0.101s] -- Install configuration: ""
[0.101s] -- Up-to-date: /home/east/ros2-learning-space/ws01_plumbing/install/cpp03_action/lib/cpp03_action/demo01_action_server
[0.101s] -- Up-to-date: /home/east/ros2-learning-space/ws01_plumbing/install/cpp03_action/lib/cpp03_action/demo02_action_client
[0.101s] -- Up-to-date: /home/east/ros2-learning-space/ws01_plumbing/install/cpp03_action/share/ament_index/resource_index/package_run_dependencies/cpp03_action
[0.101s] -- Up-to-date: /home/east/ros2-learning-space/ws01_plumbing/install/cpp03_action/share/ament_index/resource_index/parent_prefix_path/cpp03_action
[0.101s] -- Up-to-date: /home/east/ros2-learning-space/ws01_plumbing/install/cpp03_action/share/cpp03_action/environment/ament_prefix_path.sh
[0.101s] -- Up-to-date: /home/east/ros2-learning-space/ws01_plumbing/install/cpp03_action/share/cpp03_action/environment/ament_prefix_path.dsv
[0.101s] -- Up-to-date: /home/east/ros2-learning-space/ws01_plumbing/install/cpp03_action/share/cpp03_action/environment/path.sh
[0.101s] -- Up-to-date: /home/east/ros2-learning-space/ws01_plumbing/install/cpp03_action/share/cpp03_action/environment/path.dsv
[0.101s] -- Up-to-date: /home/east/ros2-learning-space/ws01_plumbing/install/cpp03_action/share/cpp03_action/local_setup.bash
[0.102s] -- Up-to-date: /home/east/ros2-learning-space/ws01_plumbing/install/cpp03_action/share/cpp03_action/local_setup.sh
[0.102s] -- Up-to-date: /home/east/ros2-learning-space/ws01_plumbing/install/cpp03_action/share/cpp03_action/local_setup.zsh
[0.102s] -- Up-to-date: /home/east/ros2-learning-space/ws01_plumbing/install/cpp03_action/share/cpp03_action/local_setup.dsv
[0.102s] -- Installing: /home/east/ros2-learning-space/ws01_plumbing/install/cpp03_action/share/cpp03_action/package.dsv
[0.102s] -- Up-to-date: /home/east/ros2-learning-space/ws01_plumbing/install/cpp03_action/share/ament_index/resource_index/packages/cpp03_action
[0.102s] -- Up-to-date: /home/east/ros2-learning-space/ws01_plumbing/install/cpp03_action/share/cpp03_action/cmake/cpp03_actionConfig.cmake
[0.102s] -- Up-to-date: /home/east/ros2-learning-space/ws01_plumbing/install/cpp03_action/share/cpp03_action/cmake/cpp03_actionConfig-version.cmake
[0.102s] -- Up-to-date: /home/east/ros2-learning-space/ws01_plumbing/install/cpp03_action/share/cpp03_action/package.xml
[0.110s] Invoked command in '/home/east/ros2-learning-space/ws01_plumbing/build/cpp03_action' returned '0': CMAKE_PREFIX_PATH=/home/east/ros2-learning-space/ws01_plumbing/install/base_interfaces_demo:/home/east/ros2-learning-space/ws01_plumbing/install/cpp04_param:/home/east/ros2-learning-space/ws01_plumbing/install/cpp03_action:/home/east/ros2-learning-space/ws01_plumbing/install/cpp02_service:/home/east/ros2-learning-space/ws01_plumbing/install/cpp01_topic:/opt/ros/humble /usr/bin/cmake --install /home/east/ros2-learning-space/ws01_plumbing/build/cpp03_action
