[0.008s] Invoking command in '/home/east/ros2-learning-space/ws01_plumbing/build/cpp06_time': /usr/bin/cmake --build /home/east/ros2-learning-space/ws01_plumbing/build/cpp06_time -- -j18 -l18
[0.027s] -- Found ament_cmake: 1.3.12 (/opt/ros/humble/share/ament_cmake/cmake)
[0.116s] -- Found rclcpp: 16.0.15 (/opt/ros/humble/share/rclcpp/cmake)
[0.133s] -- Found rosidl_generator_c: 3.1.7 (/opt/ros/humble/share/rosidl_generator_c/cmake)
[0.134s] -- Found rosidl_adapter: 3.1.7 (/opt/ros/humble/share/rosidl_adapter/cmake)
[0.137s] -- Found rosidl_generator_cpp: 3.1.7 (/opt/ros/humble/share/rosidl_generator_cpp/cmake)
[0.143s] -- Using all available rosidl_typesupport_c: rosidl_typesupport_fastrtps_c;rosidl_typesupport_introspection_c
[0.150s] -- Using all available rosidl_typesupport_cpp: rosidl_typesupport_fastrtps_cpp;rosidl_typesupport_introspection_cpp
[0.169s] -- Found rmw_implementation_cmake: 6.1.2 (/opt/ros/humble/share/rmw_implementation_cmake/cmake)
[0.169s] -- Found rmw_fastrtps_cpp: 6.2.9 (/opt/ros/humble/share/rmw_fastrtps_cpp/cmake)
[0.231s] -- Using RMW implementation 'rmw_fastrtps_cpp' as default
[0.260s] [31mCMake Error at CMakeLists.txt:14 (target_include_directories):
[0.260s]   Cannot specify include directories for target "demo01_time" which is not
[0.260s]   built by this project.
[0.260s] 
[0.260s] [0m
[0.260s] [31mCMake Error at CMakeLists.txt:17 (target_compile_features):
[0.260s]   Cannot specify compile features for target "demo01_time" which is not built
[0.261s]   by this project.
[0.261s] 
[0.261s] [0m
[0.261s] -- Found ament_lint_auto: 0.12.14 (/opt/ros/humble/share/ament_lint_auto/cmake)
[0.305s] -- Added test 'cppcheck' to perform static code analysis on C / C++ code
[0.305s] -- Configured cppcheck include dirs: 
[0.306s] -- Configured cppcheck exclude dirs and/or files: 
[0.306s] -- Added test 'lint_cmake' to check CMake code style
[0.306s] -- Added test 'uncrustify' to check C / C++ code style
[0.306s] -- Configured uncrustify additional arguments: 
[0.306s] -- Added test 'xmllint' to check XML markup files
[0.307s] -- Configuring incomplete, errors occurred!
[0.307s] See also "/home/east/ros2-learning-space/ws01_plumbing/build/cpp06_time/CMakeFiles/CMakeOutput.log".
[0.312s] gmake: *** [Makefile:267：cmake_check_build_system] 错误 1
[0.316s] Invoked command in '/home/east/ros2-learning-space/ws01_plumbing/build/cpp06_time' returned '2': /usr/bin/cmake --build /home/east/ros2-learning-space/ws01_plumbing/build/cpp06_time -- -j18 -l18
