[0.058s] DEBUG:colcon:Command line arguments: ['/usr/bin/colcon', 'build']
[0.058s] DEBUG:colcon:Parsed command line arguments: Namespace(log_base=None, log_level=None, verb_name='build', build_base='build', install_base='install', merge_install=False, symlink_install=False, test_result_base=None, continue_on_error=False, executor='parallel', parallel_workers=18, event_handlers=None, ignore_user_meta=False, metas=['./colcon.meta'], base_paths=['.'], packages_ignore=None, packages_ignore_regex=None, paths=None, packages_up_to=None, packages_up_to_regex=None, packages_above=None, packages_above_and_dependencies=None, packages_above_depth=None, packages_select_by_dep=None, packages_skip_by_dep=None, packages_skip_up_to=None, packages_select_build_failed=False, packages_skip_build_finished=False, packages_select_test_failures=False, packages_skip_test_passed=False, packages_select=None, packages_skip=None, packages_select_regex=None, packages_skip_regex=None, packages_start=None, packages_end=None, allow_overriding=[], cmake_args=None, cmake_target=None, cmake_target_skip_unavailable=False, cmake_clean_cache=False, cmake_clean_first=False, cmake_force_configure=False, ament_cmake_args=None, catkin_cmake_args=None, catkin_skip_building_tests=False, verb_parser=<colcon_defaults.argument_parser.defaults.DefaultArgumentsDecorator object at 0x79eb061f7790>, verb_extension=<colcon_core.verb.build.BuildVerb object at 0x79eb061f6770>, main=<bound method BuildVerb.main of <colcon_core.verb.build.BuildVerb object at 0x79eb061f6770>>)
[0.146s] Level 1:colcon.colcon_core.package_discovery:discover_packages(colcon_meta) check parameters
[0.146s] Level 1:colcon.colcon_core.package_discovery:discover_packages(recursive) check parameters
[0.146s] Level 1:colcon.colcon_core.package_discovery:discover_packages(ignore) check parameters
[0.146s] Level 1:colcon.colcon_core.package_discovery:discover_packages(path) check parameters
[0.146s] Level 1:colcon.colcon_core.package_discovery:discover_packages(colcon_meta) discover
[0.146s] Level 1:colcon.colcon_core.package_discovery:discover_packages(recursive) discover
[0.146s] INFO:colcon.colcon_core.package_discovery:Crawling recursively for packages in '/home/east/ros2-learning-space/ws01_plumbing'
[0.147s] Level 1:colcon.colcon_core.package_identification:_identify(.) by extensions ['ignore', 'ignore_ament_install']
[0.147s] Level 1:colcon.colcon_core.package_identification:_identify(.) by extension 'ignore'
[0.147s] Level 1:colcon.colcon_core.package_identification:_identify(.) by extension 'ignore_ament_install'
[0.147s] Level 1:colcon.colcon_core.package_identification:_identify(.) by extensions ['colcon_pkg']
[0.147s] Level 1:colcon.colcon_core.package_identification:_identify(.) by extension 'colcon_pkg'
[0.147s] Level 1:colcon.colcon_core.package_identification:_identify(.) by extensions ['colcon_meta']
[0.147s] Level 1:colcon.colcon_core.package_identification:_identify(.) by extension 'colcon_meta'
[0.147s] Level 1:colcon.colcon_core.package_identification:_identify(.) by extensions ['ros']
[0.147s] Level 1:colcon.colcon_core.package_identification:_identify(.) by extension 'ros'
[0.154s] Level 1:colcon.colcon_core.package_identification:_identify(.) by extensions ['cmake', 'python']
[0.154s] Level 1:colcon.colcon_core.package_identification:_identify(.) by extension 'cmake'
[0.154s] Level 1:colcon.colcon_core.package_identification:_identify(.) by extension 'python'
[0.154s] Level 1:colcon.colcon_core.package_identification:_identify(.) by extensions ['python_setup_py']
[0.154s] Level 1:colcon.colcon_core.package_identification:_identify(.) by extension 'python_setup_py'
[0.154s] Level 1:colcon.colcon_core.package_identification:_identify(build) by extensions ['ignore', 'ignore_ament_install']
[0.154s] Level 1:colcon.colcon_core.package_identification:_identify(build) by extension 'ignore'
[0.154s] Level 1:colcon.colcon_core.package_identification:_identify(build) ignored
[0.154s] Level 1:colcon.colcon_core.package_identification:_identify(install) by extensions ['ignore', 'ignore_ament_install']
[0.154s] Level 1:colcon.colcon_core.package_identification:_identify(install) by extension 'ignore'
[0.154s] Level 1:colcon.colcon_core.package_identification:_identify(install) ignored
[0.154s] Level 1:colcon.colcon_core.package_identification:_identify(log) by extensions ['ignore', 'ignore_ament_install']
[0.154s] Level 1:colcon.colcon_core.package_identification:_identify(log) by extension 'ignore'
[0.154s] Level 1:colcon.colcon_core.package_identification:_identify(log) ignored
[0.154s] Level 1:colcon.colcon_core.package_identification:_identify(src) by extensions ['ignore', 'ignore_ament_install']
[0.154s] Level 1:colcon.colcon_core.package_identification:_identify(src) by extension 'ignore'
[0.154s] Level 1:colcon.colcon_core.package_identification:_identify(src) by extension 'ignore_ament_install'
[0.154s] Level 1:colcon.colcon_core.package_identification:_identify(src) by extensions ['colcon_pkg']
[0.154s] Level 1:colcon.colcon_core.package_identification:_identify(src) by extension 'colcon_pkg'
[0.154s] Level 1:colcon.colcon_core.package_identification:_identify(src) by extensions ['colcon_meta']
[0.154s] Level 1:colcon.colcon_core.package_identification:_identify(src) by extension 'colcon_meta'
[0.154s] Level 1:colcon.colcon_core.package_identification:_identify(src) by extensions ['ros']
[0.154s] Level 1:colcon.colcon_core.package_identification:_identify(src) by extension 'ros'
[0.154s] Level 1:colcon.colcon_core.package_identification:_identify(src) by extensions ['cmake', 'python']
[0.154s] Level 1:colcon.colcon_core.package_identification:_identify(src) by extension 'cmake'
[0.155s] Level 1:colcon.colcon_core.package_identification:_identify(src) by extension 'python'
[0.155s] Level 1:colcon.colcon_core.package_identification:_identify(src) by extensions ['python_setup_py']
[0.155s] Level 1:colcon.colcon_core.package_identification:_identify(src) by extension 'python_setup_py'
[0.155s] Level 1:colcon.colcon_core.package_identification:_identify(src/base_interfaces_demo) by extensions ['ignore', 'ignore_ament_install']
[0.155s] Level 1:colcon.colcon_core.package_identification:_identify(src/base_interfaces_demo) by extension 'ignore'
[0.155s] Level 1:colcon.colcon_core.package_identification:_identify(src/base_interfaces_demo) by extension 'ignore_ament_install'
[0.155s] Level 1:colcon.colcon_core.package_identification:_identify(src/base_interfaces_demo) by extensions ['colcon_pkg']
[0.155s] Level 1:colcon.colcon_core.package_identification:_identify(src/base_interfaces_demo) by extension 'colcon_pkg'
[0.155s] Level 1:colcon.colcon_core.package_identification:_identify(src/base_interfaces_demo) by extensions ['colcon_meta']
[0.155s] Level 1:colcon.colcon_core.package_identification:_identify(src/base_interfaces_demo) by extension 'colcon_meta'
[0.155s] Level 1:colcon.colcon_core.package_identification:_identify(src/base_interfaces_demo) by extensions ['ros']
[0.155s] Level 1:colcon.colcon_core.package_identification:_identify(src/base_interfaces_demo) by extension 'ros'
[0.156s] DEBUG:colcon.colcon_core.package_identification:Package 'src/base_interfaces_demo' with type 'ros.ament_cmake' and name 'base_interfaces_demo'
[0.156s] Level 1:colcon.colcon_core.package_identification:_identify(src/cpp01_topic) by extensions ['ignore', 'ignore_ament_install']
[0.157s] Level 1:colcon.colcon_core.package_identification:_identify(src/cpp01_topic) by extension 'ignore'
[0.157s] Level 1:colcon.colcon_core.package_identification:_identify(src/cpp01_topic) by extension 'ignore_ament_install'
[0.157s] Level 1:colcon.colcon_core.package_identification:_identify(src/cpp01_topic) by extensions ['colcon_pkg']
[0.157s] Level 1:colcon.colcon_core.package_identification:_identify(src/cpp01_topic) by extension 'colcon_pkg'
[0.157s] Level 1:colcon.colcon_core.package_identification:_identify(src/cpp01_topic) by extensions ['colcon_meta']
[0.157s] Level 1:colcon.colcon_core.package_identification:_identify(src/cpp01_topic) by extension 'colcon_meta'
[0.157s] Level 1:colcon.colcon_core.package_identification:_identify(src/cpp01_topic) by extensions ['ros']
[0.157s] Level 1:colcon.colcon_core.package_identification:_identify(src/cpp01_topic) by extension 'ros'
[0.157s] DEBUG:colcon.colcon_core.package_identification:Package 'src/cpp01_topic' with type 'ros.ament_cmake' and name 'cpp01_topic'
[0.157s] Level 1:colcon.colcon_core.package_identification:_identify(src/cpp02_service) by extensions ['ignore', 'ignore_ament_install']
[0.157s] Level 1:colcon.colcon_core.package_identification:_identify(src/cpp02_service) by extension 'ignore'
[0.157s] Level 1:colcon.colcon_core.package_identification:_identify(src/cpp02_service) by extension 'ignore_ament_install'
[0.157s] Level 1:colcon.colcon_core.package_identification:_identify(src/cpp02_service) by extensions ['colcon_pkg']
[0.157s] Level 1:colcon.colcon_core.package_identification:_identify(src/cpp02_service) by extension 'colcon_pkg'
[0.157s] Level 1:colcon.colcon_core.package_identification:_identify(src/cpp02_service) by extensions ['colcon_meta']
[0.157s] Level 1:colcon.colcon_core.package_identification:_identify(src/cpp02_service) by extension 'colcon_meta'
[0.157s] Level 1:colcon.colcon_core.package_identification:_identify(src/cpp02_service) by extensions ['ros']
[0.157s] Level 1:colcon.colcon_core.package_identification:_identify(src/cpp02_service) by extension 'ros'
[0.158s] DEBUG:colcon.colcon_core.package_identification:Package 'src/cpp02_service' with type 'ros.ament_cmake' and name 'cpp02_service'
[0.158s] Level 1:colcon.colcon_core.package_discovery:discover_packages(recursive) using defaults
[0.158s] Level 1:colcon.colcon_core.package_discovery:discover_packages(ignore) discover
[0.158s] Level 1:colcon.colcon_core.package_discovery:discover_packages(ignore) using defaults
[0.158s] Level 1:colcon.colcon_core.package_discovery:discover_packages(path) discover
[0.158s] Level 1:colcon.colcon_core.package_discovery:discover_packages(path) using defaults
[0.171s] Level 1:colcon.colcon_core.package_discovery:discover_packages(prefix_path) check parameters
[0.171s] Level 1:colcon.colcon_core.package_discovery:discover_packages(prefix_path) discover
[0.172s] DEBUG:colcon.colcon_installed_package_information.package_discovery:Found 271 installed packages in /opt/ros/humble
[0.180s] Level 1:colcon.colcon_core.package_discovery:discover_packages(prefix_path) using defaults
[0.200s] Level 5:colcon.colcon_core.verb:set package 'base_interfaces_demo' build argument 'cmake_args' from command line to 'None'
[0.200s] Level 5:colcon.colcon_core.verb:set package 'base_interfaces_demo' build argument 'cmake_target' from command line to 'None'
[0.200s] Level 5:colcon.colcon_core.verb:set package 'base_interfaces_demo' build argument 'cmake_target_skip_unavailable' from command line to 'False'
[0.200s] Level 5:colcon.colcon_core.verb:set package 'base_interfaces_demo' build argument 'cmake_clean_cache' from command line to 'False'
[0.201s] Level 5:colcon.colcon_core.verb:set package 'base_interfaces_demo' build argument 'cmake_clean_first' from command line to 'False'
[0.201s] Level 5:colcon.colcon_core.verb:set package 'base_interfaces_demo' build argument 'cmake_force_configure' from command line to 'False'
[0.201s] Level 5:colcon.colcon_core.verb:set package 'base_interfaces_demo' build argument 'ament_cmake_args' from command line to 'None'
[0.201s] Level 5:colcon.colcon_core.verb:set package 'base_interfaces_demo' build argument 'catkin_cmake_args' from command line to 'None'
[0.201s] Level 5:colcon.colcon_core.verb:set package 'base_interfaces_demo' build argument 'catkin_skip_building_tests' from command line to 'False'
[0.201s] DEBUG:colcon.colcon_core.verb:Building package 'base_interfaces_demo' with the following arguments: {'ament_cmake_args': None, 'build_base': '/home/east/ros2-learning-space/ws01_plumbing/build/base_interfaces_demo', 'catkin_cmake_args': None, 'catkin_skip_building_tests': False, 'cmake_args': None, 'cmake_clean_cache': False, 'cmake_clean_first': False, 'cmake_force_configure': False, 'cmake_target': None, 'cmake_target_skip_unavailable': False, 'install_base': '/home/east/ros2-learning-space/ws01_plumbing/install/base_interfaces_demo', 'merge_install': False, 'path': '/home/east/ros2-learning-space/ws01_plumbing/src/base_interfaces_demo', 'symlink_install': False, 'test_result_base': None}
[0.201s] Level 5:colcon.colcon_core.verb:set package 'cpp01_topic' build argument 'cmake_args' from command line to 'None'
[0.201s] Level 5:colcon.colcon_core.verb:set package 'cpp01_topic' build argument 'cmake_target' from command line to 'None'
[0.201s] Level 5:colcon.colcon_core.verb:set package 'cpp01_topic' build argument 'cmake_target_skip_unavailable' from command line to 'False'
[0.201s] Level 5:colcon.colcon_core.verb:set package 'cpp01_topic' build argument 'cmake_clean_cache' from command line to 'False'
[0.201s] Level 5:colcon.colcon_core.verb:set package 'cpp01_topic' build argument 'cmake_clean_first' from command line to 'False'
[0.201s] Level 5:colcon.colcon_core.verb:set package 'cpp01_topic' build argument 'cmake_force_configure' from command line to 'False'
[0.201s] Level 5:colcon.colcon_core.verb:set package 'cpp01_topic' build argument 'ament_cmake_args' from command line to 'None'
[0.201s] Level 5:colcon.colcon_core.verb:set package 'cpp01_topic' build argument 'catkin_cmake_args' from command line to 'None'
[0.201s] Level 5:colcon.colcon_core.verb:set package 'cpp01_topic' build argument 'catkin_skip_building_tests' from command line to 'False'
[0.201s] DEBUG:colcon.colcon_core.verb:Building package 'cpp01_topic' with the following arguments: {'ament_cmake_args': None, 'build_base': '/home/east/ros2-learning-space/ws01_plumbing/build/cpp01_topic', 'catkin_cmake_args': None, 'catkin_skip_building_tests': False, 'cmake_args': None, 'cmake_clean_cache': False, 'cmake_clean_first': False, 'cmake_force_configure': False, 'cmake_target': None, 'cmake_target_skip_unavailable': False, 'install_base': '/home/east/ros2-learning-space/ws01_plumbing/install/cpp01_topic', 'merge_install': False, 'path': '/home/east/ros2-learning-space/ws01_plumbing/src/cpp01_topic', 'symlink_install': False, 'test_result_base': None}
[0.201s] Level 5:colcon.colcon_core.verb:set package 'cpp02_service' build argument 'cmake_args' from command line to 'None'
[0.201s] Level 5:colcon.colcon_core.verb:set package 'cpp02_service' build argument 'cmake_target' from command line to 'None'
[0.201s] Level 5:colcon.colcon_core.verb:set package 'cpp02_service' build argument 'cmake_target_skip_unavailable' from command line to 'False'
[0.201s] Level 5:colcon.colcon_core.verb:set package 'cpp02_service' build argument 'cmake_clean_cache' from command line to 'False'
[0.201s] Level 5:colcon.colcon_core.verb:set package 'cpp02_service' build argument 'cmake_clean_first' from command line to 'False'
[0.201s] Level 5:colcon.colcon_core.verb:set package 'cpp02_service' build argument 'cmake_force_configure' from command line to 'False'
[0.201s] Level 5:colcon.colcon_core.verb:set package 'cpp02_service' build argument 'ament_cmake_args' from command line to 'None'
[0.201s] Level 5:colcon.colcon_core.verb:set package 'cpp02_service' build argument 'catkin_cmake_args' from command line to 'None'
[0.201s] Level 5:colcon.colcon_core.verb:set package 'cpp02_service' build argument 'catkin_skip_building_tests' from command line to 'False'
[0.201s] DEBUG:colcon.colcon_core.verb:Building package 'cpp02_service' with the following arguments: {'ament_cmake_args': None, 'build_base': '/home/east/ros2-learning-space/ws01_plumbing/build/cpp02_service', 'catkin_cmake_args': None, 'catkin_skip_building_tests': False, 'cmake_args': None, 'cmake_clean_cache': False, 'cmake_clean_first': False, 'cmake_force_configure': False, 'cmake_target': None, 'cmake_target_skip_unavailable': False, 'install_base': '/home/east/ros2-learning-space/ws01_plumbing/install/cpp02_service', 'merge_install': False, 'path': '/home/east/ros2-learning-space/ws01_plumbing/src/cpp02_service', 'symlink_install': False, 'test_result_base': None}
[0.201s] INFO:colcon.colcon_core.executor:Executing jobs using 'parallel' executor
[0.202s] DEBUG:colcon.colcon_parallel_executor.executor.parallel:run_until_complete
[0.202s] INFO:colcon.colcon_ros.task.ament_cmake.build:Building ROS package in '/home/east/ros2-learning-space/ws01_plumbing/src/base_interfaces_demo' with build type 'ament_cmake'
[0.203s] INFO:colcon.colcon_cmake.task.cmake.build:Building CMake package in '/home/east/ros2-learning-space/ws01_plumbing/src/base_interfaces_demo'
[0.204s] INFO:colcon.colcon_core.plugin_system:Skipping extension 'colcon_core.shell.bat': Not used on non-Windows systems
[0.204s] INFO:colcon.colcon_core.shell:Skip shell extension 'powershell' for command environment: Not usable outside of PowerShell
[0.204s] DEBUG:colcon.colcon_core.shell:Skip shell extension 'dsv' for command environment
[0.212s] DEBUG:colcon.colcon_core.event_handler.log_command:Invoking command in '/home/east/ros2-learning-space/ws01_plumbing/build/base_interfaces_demo': /usr/bin/cmake --build /home/east/ros2-learning-space/ws01_plumbing/build/base_interfaces_demo -- -j18 -l18
[0.434s] DEBUG:colcon.colcon_core.event_handler.log_command:Invoked command in '/home/east/ros2-learning-space/ws01_plumbing/build/base_interfaces_demo' returned '0': /usr/bin/cmake --build /home/east/ros2-learning-space/ws01_plumbing/build/base_interfaces_demo -- -j18 -l18
[0.442s] DEBUG:colcon.colcon_core.event_handler.log_command:Invoking command in '/home/east/ros2-learning-space/ws01_plumbing/build/base_interfaces_demo': /usr/bin/cmake --install /home/east/ros2-learning-space/ws01_plumbing/build/base_interfaces_demo
[0.482s] Level 1:colcon.colcon_core.environment:create_environment_scripts_only(base_interfaces_demo)
[0.482s] DEBUG:colcon.colcon_core.event_handler.log_command:Invoked command in '/home/east/ros2-learning-space/ws01_plumbing/build/base_interfaces_demo' returned '0': /usr/bin/cmake --install /home/east/ros2-learning-space/ws01_plumbing/build/base_interfaces_demo
[0.484s] Level 1:colcon.colcon_core.environment:checking '/home/east/ros2-learning-space/ws01_plumbing/install/base_interfaces_demo' for CMake module files
[0.485s] Level 1:colcon.colcon_core.environment:checking '/home/east/ros2-learning-space/ws01_plumbing/install/base_interfaces_demo' for CMake config files
[0.485s] Level 1:colcon.colcon_core.shell:create_environment_hook('base_interfaces_demo', 'cmake_prefix_path')
[0.485s] INFO:colcon.colcon_core.shell:Creating environment hook '/home/east/ros2-learning-space/ws01_plumbing/install/base_interfaces_demo/share/base_interfaces_demo/hook/cmake_prefix_path.ps1'
[0.486s] INFO:colcon.colcon_core.shell:Creating environment descriptor '/home/east/ros2-learning-space/ws01_plumbing/install/base_interfaces_demo/share/base_interfaces_demo/hook/cmake_prefix_path.dsv'
[0.486s] INFO:colcon.colcon_core.shell:Creating environment hook '/home/east/ros2-learning-space/ws01_plumbing/install/base_interfaces_demo/share/base_interfaces_demo/hook/cmake_prefix_path.sh'
[0.487s] Level 1:colcon.colcon_core.environment:checking '/home/east/ros2-learning-space/ws01_plumbing/install/base_interfaces_demo/lib'
[0.488s] Level 1:colcon.colcon_core.shell:create_environment_hook('base_interfaces_demo', 'ld_library_path_lib')
[0.488s] INFO:colcon.colcon_core.shell:Creating environment hook '/home/east/ros2-learning-space/ws01_plumbing/install/base_interfaces_demo/share/base_interfaces_demo/hook/ld_library_path_lib.ps1'
[0.488s] INFO:colcon.colcon_core.shell:Creating environment descriptor '/home/east/ros2-learning-space/ws01_plumbing/install/base_interfaces_demo/share/base_interfaces_demo/hook/ld_library_path_lib.dsv'
[0.489s] INFO:colcon.colcon_core.shell:Creating environment hook '/home/east/ros2-learning-space/ws01_plumbing/install/base_interfaces_demo/share/base_interfaces_demo/hook/ld_library_path_lib.sh'
[0.489s] Level 1:colcon.colcon_core.environment:checking '/home/east/ros2-learning-space/ws01_plumbing/install/base_interfaces_demo/bin'
[0.489s] Level 1:colcon.colcon_core.environment:checking '/home/east/ros2-learning-space/ws01_plumbing/install/base_interfaces_demo/lib/pkgconfig/base_interfaces_demo.pc'
[0.489s] Level 1:colcon.colcon_core.environment:checking '/home/east/ros2-learning-space/ws01_plumbing/install/base_interfaces_demo/lib/python3.10/site-packages'
[0.490s] Level 1:colcon.colcon_core.environment:checking '/home/east/ros2-learning-space/ws01_plumbing/install/base_interfaces_demo/bin'
[0.490s] INFO:colcon.colcon_core.shell:Creating package script '/home/east/ros2-learning-space/ws01_plumbing/install/base_interfaces_demo/share/base_interfaces_demo/package.ps1'
[0.491s] INFO:colcon.colcon_core.shell:Creating package descriptor '/home/east/ros2-learning-space/ws01_plumbing/install/base_interfaces_demo/share/base_interfaces_demo/package.dsv'
[0.491s] INFO:colcon.colcon_core.shell:Creating package script '/home/east/ros2-learning-space/ws01_plumbing/install/base_interfaces_demo/share/base_interfaces_demo/package.sh'
[0.492s] INFO:colcon.colcon_core.shell:Creating package script '/home/east/ros2-learning-space/ws01_plumbing/install/base_interfaces_demo/share/base_interfaces_demo/package.bash'
[0.493s] INFO:colcon.colcon_core.shell:Creating package script '/home/east/ros2-learning-space/ws01_plumbing/install/base_interfaces_demo/share/base_interfaces_demo/package.zsh'
[0.494s] Level 1:colcon.colcon_core.environment:create_file_with_runtime_dependencies(/home/east/ros2-learning-space/ws01_plumbing/install/base_interfaces_demo/share/colcon-core/packages/base_interfaces_demo)
[0.494s] Level 1:colcon.colcon_core.environment:create_environment_scripts_only(base_interfaces_demo)
[0.494s] Level 1:colcon.colcon_core.environment:checking '/home/east/ros2-learning-space/ws01_plumbing/install/base_interfaces_demo' for CMake module files
[0.495s] Level 1:colcon.colcon_core.environment:checking '/home/east/ros2-learning-space/ws01_plumbing/install/base_interfaces_demo' for CMake config files
[0.495s] Level 1:colcon.colcon_core.shell:create_environment_hook('base_interfaces_demo', 'cmake_prefix_path')
[0.495s] INFO:colcon.colcon_core.shell:Creating environment hook '/home/east/ros2-learning-space/ws01_plumbing/install/base_interfaces_demo/share/base_interfaces_demo/hook/cmake_prefix_path.ps1'
[0.496s] INFO:colcon.colcon_core.shell:Creating environment descriptor '/home/east/ros2-learning-space/ws01_plumbing/install/base_interfaces_demo/share/base_interfaces_demo/hook/cmake_prefix_path.dsv'
[0.496s] INFO:colcon.colcon_core.shell:Creating environment hook '/home/east/ros2-learning-space/ws01_plumbing/install/base_interfaces_demo/share/base_interfaces_demo/hook/cmake_prefix_path.sh'
[0.497s] Level 1:colcon.colcon_core.environment:checking '/home/east/ros2-learning-space/ws01_plumbing/install/base_interfaces_demo/lib'
[0.497s] Level 1:colcon.colcon_core.shell:create_environment_hook('base_interfaces_demo', 'ld_library_path_lib')
[0.497s] INFO:colcon.colcon_core.shell:Creating environment hook '/home/east/ros2-learning-space/ws01_plumbing/install/base_interfaces_demo/share/base_interfaces_demo/hook/ld_library_path_lib.ps1'
[0.497s] INFO:colcon.colcon_core.shell:Creating environment descriptor '/home/east/ros2-learning-space/ws01_plumbing/install/base_interfaces_demo/share/base_interfaces_demo/hook/ld_library_path_lib.dsv'
[0.497s] INFO:colcon.colcon_core.shell:Creating environment hook '/home/east/ros2-learning-space/ws01_plumbing/install/base_interfaces_demo/share/base_interfaces_demo/hook/ld_library_path_lib.sh'
[0.498s] Level 1:colcon.colcon_core.environment:checking '/home/east/ros2-learning-space/ws01_plumbing/install/base_interfaces_demo/bin'
[0.498s] Level 1:colcon.colcon_core.environment:checking '/home/east/ros2-learning-space/ws01_plumbing/install/base_interfaces_demo/lib/pkgconfig/base_interfaces_demo.pc'
[0.498s] Level 1:colcon.colcon_core.environment:checking '/home/east/ros2-learning-space/ws01_plumbing/install/base_interfaces_demo/lib/python3.10/site-packages'
[0.498s] Level 1:colcon.colcon_core.environment:checking '/home/east/ros2-learning-space/ws01_plumbing/install/base_interfaces_demo/bin'
[0.499s] INFO:colcon.colcon_core.shell:Creating package script '/home/east/ros2-learning-space/ws01_plumbing/install/base_interfaces_demo/share/base_interfaces_demo/package.ps1'
[0.499s] INFO:colcon.colcon_core.shell:Creating package descriptor '/home/east/ros2-learning-space/ws01_plumbing/install/base_interfaces_demo/share/base_interfaces_demo/package.dsv'
[0.500s] INFO:colcon.colcon_core.shell:Creating package script '/home/east/ros2-learning-space/ws01_plumbing/install/base_interfaces_demo/share/base_interfaces_demo/package.sh'
[0.500s] INFO:colcon.colcon_core.shell:Creating package script '/home/east/ros2-learning-space/ws01_plumbing/install/base_interfaces_demo/share/base_interfaces_demo/package.bash'
[0.501s] INFO:colcon.colcon_core.shell:Creating package script '/home/east/ros2-learning-space/ws01_plumbing/install/base_interfaces_demo/share/base_interfaces_demo/package.zsh'
[0.501s] Level 1:colcon.colcon_core.environment:create_file_with_runtime_dependencies(/home/east/ros2-learning-space/ws01_plumbing/install/base_interfaces_demo/share/colcon-core/packages/base_interfaces_demo)
[0.501s] INFO:colcon.colcon_ros.task.ament_cmake.build:Building ROS package in '/home/east/ros2-learning-space/ws01_plumbing/src/cpp01_topic' with build type 'ament_cmake'
[0.501s] INFO:colcon.colcon_cmake.task.cmake.build:Building CMake package in '/home/east/ros2-learning-space/ws01_plumbing/src/cpp01_topic'
[0.502s] INFO:colcon.colcon_core.shell:Skip shell extension 'powershell' for command environment: Not usable outside of PowerShell
[0.502s] DEBUG:colcon.colcon_core.shell:Skip shell extension 'dsv' for command environment
[0.505s] INFO:colcon.colcon_ros.task.ament_cmake.build:Building ROS package in '/home/east/ros2-learning-space/ws01_plumbing/src/cpp02_service' with build type 'ament_cmake'
[0.505s] INFO:colcon.colcon_cmake.task.cmake.build:Building CMake package in '/home/east/ros2-learning-space/ws01_plumbing/src/cpp02_service'
[0.505s] INFO:colcon.colcon_core.shell:Skip shell extension 'powershell' for command environment: Not usable outside of PowerShell
[0.505s] DEBUG:colcon.colcon_core.shell:Skip shell extension 'dsv' for command environment
[0.511s] DEBUG:colcon.colcon_core.event_handler.log_command:Invoking command in '/home/east/ros2-learning-space/ws01_plumbing/build/cpp01_topic': AMENT_PREFIX_PATH=/home/east/ros2-learning-space/ws01_plumbing/install/base_interfaces_demo:${AMENT_PREFIX_PATH} CMAKE_PREFIX_PATH=/home/east/ros2-learning-space/ws01_plumbing/install/base_interfaces_demo:/opt/ros/humble LD_LIBRARY_PATH=/home/east/ros2-learning-space/ws01_plumbing/install/base_interfaces_demo/lib:${LD_LIBRARY_PATH} PYTHONPATH=/home/east/ros2-learning-space/ws01_plumbing/install/base_interfaces_demo/local/lib/python3.10/dist-packages:${PYTHONPATH} /usr/bin/cmake --build /home/east/ros2-learning-space/ws01_plumbing/build/cpp01_topic -- -j18 -l18
[0.515s] DEBUG:colcon.colcon_core.event_handler.log_command:Invoking command in '/home/east/ros2-learning-space/ws01_plumbing/build/cpp02_service': AMENT_PREFIX_PATH=/home/east/ros2-learning-space/ws01_plumbing/install/base_interfaces_demo:${AMENT_PREFIX_PATH} CMAKE_PREFIX_PATH=/home/east/ros2-learning-space/ws01_plumbing/install/base_interfaces_demo:/opt/ros/humble LD_LIBRARY_PATH=/home/east/ros2-learning-space/ws01_plumbing/install/base_interfaces_demo/lib:${LD_LIBRARY_PATH} PYTHONPATH=/home/east/ros2-learning-space/ws01_plumbing/install/base_interfaces_demo/local/lib/python3.10/dist-packages:${PYTHONPATH} /usr/bin/cmake --build /home/east/ros2-learning-space/ws01_plumbing/build/cpp02_service -- -j18 -l18
[3.134s] DEBUG:colcon.colcon_core.event_handler.log_command:Invoked command in '/home/east/ros2-learning-space/ws01_plumbing/build/cpp02_service' returned '0': AMENT_PREFIX_PATH=/home/east/ros2-learning-space/ws01_plumbing/install/base_interfaces_demo:${AMENT_PREFIX_PATH} CMAKE_PREFIX_PATH=/home/east/ros2-learning-space/ws01_plumbing/install/base_interfaces_demo:/opt/ros/humble LD_LIBRARY_PATH=/home/east/ros2-learning-space/ws01_plumbing/install/base_interfaces_demo/lib:${LD_LIBRARY_PATH} PYTHONPATH=/home/east/ros2-learning-space/ws01_plumbing/install/base_interfaces_demo/local/lib/python3.10/dist-packages:${PYTHONPATH} /usr/bin/cmake --build /home/east/ros2-learning-space/ws01_plumbing/build/cpp02_service -- -j18 -l18
[3.136s] DEBUG:colcon.colcon_core.event_handler.log_command:Invoking command in '/home/east/ros2-learning-space/ws01_plumbing/build/cpp02_service': AMENT_PREFIX_PATH=/home/east/ros2-learning-space/ws01_plumbing/install/base_interfaces_demo:${AMENT_PREFIX_PATH} CMAKE_PREFIX_PATH=/home/east/ros2-learning-space/ws01_plumbing/install/base_interfaces_demo:/opt/ros/humble LD_LIBRARY_PATH=/home/east/ros2-learning-space/ws01_plumbing/install/base_interfaces_demo/lib:${LD_LIBRARY_PATH} PYTHONPATH=/home/east/ros2-learning-space/ws01_plumbing/install/base_interfaces_demo/local/lib/python3.10/dist-packages:${PYTHONPATH} /usr/bin/cmake --install /home/east/ros2-learning-space/ws01_plumbing/build/cpp02_service
[3.146s] Level 1:colcon.colcon_core.environment:create_environment_scripts_only(cpp02_service)
[3.147s] Level 1:colcon.colcon_core.environment:checking '/home/east/ros2-learning-space/ws01_plumbing/install/cpp02_service' for CMake module files
[3.147s] DEBUG:colcon.colcon_core.event_handler.log_command:Invoked command in '/home/east/ros2-learning-space/ws01_plumbing/build/cpp02_service' returned '0': AMENT_PREFIX_PATH=/home/east/ros2-learning-space/ws01_plumbing/install/base_interfaces_demo:${AMENT_PREFIX_PATH} CMAKE_PREFIX_PATH=/home/east/ros2-learning-space/ws01_plumbing/install/base_interfaces_demo:/opt/ros/humble LD_LIBRARY_PATH=/home/east/ros2-learning-space/ws01_plumbing/install/base_interfaces_demo/lib:${LD_LIBRARY_PATH} PYTHONPATH=/home/east/ros2-learning-space/ws01_plumbing/install/base_interfaces_demo/local/lib/python3.10/dist-packages:${PYTHONPATH} /usr/bin/cmake --install /home/east/ros2-learning-space/ws01_plumbing/build/cpp02_service
[3.147s] Level 1:colcon.colcon_core.environment:checking '/home/east/ros2-learning-space/ws01_plumbing/install/cpp02_service' for CMake config files
[3.148s] Level 1:colcon.colcon_core.shell:create_environment_hook('cpp02_service', 'cmake_prefix_path')
[3.148s] INFO:colcon.colcon_core.shell:Creating environment hook '/home/east/ros2-learning-space/ws01_plumbing/install/cpp02_service/share/cpp02_service/hook/cmake_prefix_path.ps1'
[3.149s] INFO:colcon.colcon_core.shell:Creating environment descriptor '/home/east/ros2-learning-space/ws01_plumbing/install/cpp02_service/share/cpp02_service/hook/cmake_prefix_path.dsv'
[3.149s] INFO:colcon.colcon_core.shell:Creating environment hook '/home/east/ros2-learning-space/ws01_plumbing/install/cpp02_service/share/cpp02_service/hook/cmake_prefix_path.sh'
[3.150s] Level 1:colcon.colcon_core.environment:checking '/home/east/ros2-learning-space/ws01_plumbing/install/cpp02_service/lib'
[3.150s] Level 1:colcon.colcon_core.environment:checking '/home/east/ros2-learning-space/ws01_plumbing/install/cpp02_service/bin'
[3.150s] Level 1:colcon.colcon_core.environment:checking '/home/east/ros2-learning-space/ws01_plumbing/install/cpp02_service/lib/pkgconfig/cpp02_service.pc'
[3.150s] Level 1:colcon.colcon_core.environment:checking '/home/east/ros2-learning-space/ws01_plumbing/install/cpp02_service/lib/python3.10/site-packages'
[3.151s] Level 1:colcon.colcon_core.environment:checking '/home/east/ros2-learning-space/ws01_plumbing/install/cpp02_service/bin'
[3.151s] INFO:colcon.colcon_core.shell:Creating package script '/home/east/ros2-learning-space/ws01_plumbing/install/cpp02_service/share/cpp02_service/package.ps1'
[3.152s] INFO:colcon.colcon_core.shell:Creating package descriptor '/home/east/ros2-learning-space/ws01_plumbing/install/cpp02_service/share/cpp02_service/package.dsv'
[3.152s] INFO:colcon.colcon_core.shell:Creating package script '/home/east/ros2-learning-space/ws01_plumbing/install/cpp02_service/share/cpp02_service/package.sh'
[3.152s] INFO:colcon.colcon_core.shell:Creating package script '/home/east/ros2-learning-space/ws01_plumbing/install/cpp02_service/share/cpp02_service/package.bash'
[3.153s] INFO:colcon.colcon_core.shell:Creating package script '/home/east/ros2-learning-space/ws01_plumbing/install/cpp02_service/share/cpp02_service/package.zsh'
[3.153s] Level 1:colcon.colcon_core.environment:create_file_with_runtime_dependencies(/home/east/ros2-learning-space/ws01_plumbing/install/cpp02_service/share/colcon-core/packages/cpp02_service)
[3.154s] Level 1:colcon.colcon_core.environment:create_environment_scripts_only(cpp02_service)
[3.154s] Level 1:colcon.colcon_core.environment:checking '/home/east/ros2-learning-space/ws01_plumbing/install/cpp02_service' for CMake module files
[3.154s] Level 1:colcon.colcon_core.environment:checking '/home/east/ros2-learning-space/ws01_plumbing/install/cpp02_service' for CMake config files
[3.154s] Level 1:colcon.colcon_core.shell:create_environment_hook('cpp02_service', 'cmake_prefix_path')
[3.155s] INFO:colcon.colcon_core.shell:Creating environment hook '/home/east/ros2-learning-space/ws01_plumbing/install/cpp02_service/share/cpp02_service/hook/cmake_prefix_path.ps1'
[3.155s] INFO:colcon.colcon_core.shell:Creating environment descriptor '/home/east/ros2-learning-space/ws01_plumbing/install/cpp02_service/share/cpp02_service/hook/cmake_prefix_path.dsv'
[3.156s] INFO:colcon.colcon_core.shell:Creating environment hook '/home/east/ros2-learning-space/ws01_plumbing/install/cpp02_service/share/cpp02_service/hook/cmake_prefix_path.sh'
[3.156s] Level 1:colcon.colcon_core.environment:checking '/home/east/ros2-learning-space/ws01_plumbing/install/cpp02_service/lib'
[3.156s] Level 1:colcon.colcon_core.environment:checking '/home/east/ros2-learning-space/ws01_plumbing/install/cpp02_service/bin'
[3.156s] Level 1:colcon.colcon_core.environment:checking '/home/east/ros2-learning-space/ws01_plumbing/install/cpp02_service/lib/pkgconfig/cpp02_service.pc'
[3.156s] Level 1:colcon.colcon_core.environment:checking '/home/east/ros2-learning-space/ws01_plumbing/install/cpp02_service/lib/python3.10/site-packages'
[3.157s] Level 1:colcon.colcon_core.environment:checking '/home/east/ros2-learning-space/ws01_plumbing/install/cpp02_service/bin'
[3.157s] INFO:colcon.colcon_core.shell:Creating package script '/home/east/ros2-learning-space/ws01_plumbing/install/cpp02_service/share/cpp02_service/package.ps1'
[3.157s] INFO:colcon.colcon_core.shell:Creating package descriptor '/home/east/ros2-learning-space/ws01_plumbing/install/cpp02_service/share/cpp02_service/package.dsv'
[3.157s] INFO:colcon.colcon_core.shell:Creating package script '/home/east/ros2-learning-space/ws01_plumbing/install/cpp02_service/share/cpp02_service/package.sh'
[3.158s] INFO:colcon.colcon_core.shell:Creating package script '/home/east/ros2-learning-space/ws01_plumbing/install/cpp02_service/share/cpp02_service/package.bash'
[3.158s] INFO:colcon.colcon_core.shell:Creating package script '/home/east/ros2-learning-space/ws01_plumbing/install/cpp02_service/share/cpp02_service/package.zsh'
[3.158s] Level 1:colcon.colcon_core.environment:create_file_with_runtime_dependencies(/home/east/ros2-learning-space/ws01_plumbing/install/cpp02_service/share/colcon-core/packages/cpp02_service)
[6.670s] DEBUG:colcon.colcon_core.event_handler.log_command:Invoked command in '/home/east/ros2-learning-space/ws01_plumbing/build/cpp01_topic' returned '0': AMENT_PREFIX_PATH=/home/east/ros2-learning-space/ws01_plumbing/install/base_interfaces_demo:${AMENT_PREFIX_PATH} CMAKE_PREFIX_PATH=/home/east/ros2-learning-space/ws01_plumbing/install/base_interfaces_demo:/opt/ros/humble LD_LIBRARY_PATH=/home/east/ros2-learning-space/ws01_plumbing/install/base_interfaces_demo/lib:${LD_LIBRARY_PATH} PYTHONPATH=/home/east/ros2-learning-space/ws01_plumbing/install/base_interfaces_demo/local/lib/python3.10/dist-packages:${PYTHONPATH} /usr/bin/cmake --build /home/east/ros2-learning-space/ws01_plumbing/build/cpp01_topic -- -j18 -l18
[6.671s] DEBUG:colcon.colcon_core.event_handler.log_command:Invoking command in '/home/east/ros2-learning-space/ws01_plumbing/build/cpp01_topic': AMENT_PREFIX_PATH=/home/east/ros2-learning-space/ws01_plumbing/install/base_interfaces_demo:${AMENT_PREFIX_PATH} CMAKE_PREFIX_PATH=/home/east/ros2-learning-space/ws01_plumbing/install/base_interfaces_demo:/opt/ros/humble LD_LIBRARY_PATH=/home/east/ros2-learning-space/ws01_plumbing/install/base_interfaces_demo/lib:${LD_LIBRARY_PATH} PYTHONPATH=/home/east/ros2-learning-space/ws01_plumbing/install/base_interfaces_demo/local/lib/python3.10/dist-packages:${PYTHONPATH} /usr/bin/cmake --install /home/east/ros2-learning-space/ws01_plumbing/build/cpp01_topic
[6.685s] Level 1:colcon.colcon_core.environment:create_environment_scripts_only(cpp01_topic)
[6.685s] DEBUG:colcon.colcon_core.event_handler.log_command:Invoked command in '/home/east/ros2-learning-space/ws01_plumbing/build/cpp01_topic' returned '0': AMENT_PREFIX_PATH=/home/east/ros2-learning-space/ws01_plumbing/install/base_interfaces_demo:${AMENT_PREFIX_PATH} CMAKE_PREFIX_PATH=/home/east/ros2-learning-space/ws01_plumbing/install/base_interfaces_demo:/opt/ros/humble LD_LIBRARY_PATH=/home/east/ros2-learning-space/ws01_plumbing/install/base_interfaces_demo/lib:${LD_LIBRARY_PATH} PYTHONPATH=/home/east/ros2-learning-space/ws01_plumbing/install/base_interfaces_demo/local/lib/python3.10/dist-packages:${PYTHONPATH} /usr/bin/cmake --install /home/east/ros2-learning-space/ws01_plumbing/build/cpp01_topic
[6.685s] Level 1:colcon.colcon_core.environment:checking '/home/east/ros2-learning-space/ws01_plumbing/install/cpp01_topic' for CMake module files
[6.685s] Level 1:colcon.colcon_core.environment:checking '/home/east/ros2-learning-space/ws01_plumbing/install/cpp01_topic' for CMake config files
[6.686s] Level 1:colcon.colcon_core.shell:create_environment_hook('cpp01_topic', 'cmake_prefix_path')
[6.686s] INFO:colcon.colcon_core.shell:Creating environment hook '/home/east/ros2-learning-space/ws01_plumbing/install/cpp01_topic/share/cpp01_topic/hook/cmake_prefix_path.ps1'
[6.686s] INFO:colcon.colcon_core.shell:Creating environment descriptor '/home/east/ros2-learning-space/ws01_plumbing/install/cpp01_topic/share/cpp01_topic/hook/cmake_prefix_path.dsv'
[6.686s] INFO:colcon.colcon_core.shell:Creating environment hook '/home/east/ros2-learning-space/ws01_plumbing/install/cpp01_topic/share/cpp01_topic/hook/cmake_prefix_path.sh'
[6.687s] Level 1:colcon.colcon_core.environment:checking '/home/east/ros2-learning-space/ws01_plumbing/install/cpp01_topic/lib'
[6.687s] Level 1:colcon.colcon_core.environment:checking '/home/east/ros2-learning-space/ws01_plumbing/install/cpp01_topic/bin'
[6.687s] Level 1:colcon.colcon_core.environment:checking '/home/east/ros2-learning-space/ws01_plumbing/install/cpp01_topic/lib/pkgconfig/cpp01_topic.pc'
[6.687s] Level 1:colcon.colcon_core.environment:checking '/home/east/ros2-learning-space/ws01_plumbing/install/cpp01_topic/lib/python3.10/site-packages'
[6.687s] Level 1:colcon.colcon_core.environment:checking '/home/east/ros2-learning-space/ws01_plumbing/install/cpp01_topic/bin'
[6.687s] INFO:colcon.colcon_core.shell:Creating package script '/home/east/ros2-learning-space/ws01_plumbing/install/cpp01_topic/share/cpp01_topic/package.ps1'
[6.688s] INFO:colcon.colcon_core.shell:Creating package descriptor '/home/east/ros2-learning-space/ws01_plumbing/install/cpp01_topic/share/cpp01_topic/package.dsv'
[6.688s] INFO:colcon.colcon_core.shell:Creating package script '/home/east/ros2-learning-space/ws01_plumbing/install/cpp01_topic/share/cpp01_topic/package.sh'
[6.688s] INFO:colcon.colcon_core.shell:Creating package script '/home/east/ros2-learning-space/ws01_plumbing/install/cpp01_topic/share/cpp01_topic/package.bash'
[6.688s] INFO:colcon.colcon_core.shell:Creating package script '/home/east/ros2-learning-space/ws01_plumbing/install/cpp01_topic/share/cpp01_topic/package.zsh'
[6.688s] Level 1:colcon.colcon_core.environment:create_file_with_runtime_dependencies(/home/east/ros2-learning-space/ws01_plumbing/install/cpp01_topic/share/colcon-core/packages/cpp01_topic)
[6.689s] Level 1:colcon.colcon_core.environment:create_environment_scripts_only(cpp01_topic)
[6.689s] Level 1:colcon.colcon_core.environment:checking '/home/east/ros2-learning-space/ws01_plumbing/install/cpp01_topic' for CMake module files
[6.689s] Level 1:colcon.colcon_core.environment:checking '/home/east/ros2-learning-space/ws01_plumbing/install/cpp01_topic' for CMake config files
[6.689s] Level 1:colcon.colcon_core.shell:create_environment_hook('cpp01_topic', 'cmake_prefix_path')
[6.689s] INFO:colcon.colcon_core.shell:Creating environment hook '/home/east/ros2-learning-space/ws01_plumbing/install/cpp01_topic/share/cpp01_topic/hook/cmake_prefix_path.ps1'
[6.690s] INFO:colcon.colcon_core.shell:Creating environment descriptor '/home/east/ros2-learning-space/ws01_plumbing/install/cpp01_topic/share/cpp01_topic/hook/cmake_prefix_path.dsv'
[6.690s] INFO:colcon.colcon_core.shell:Creating environment hook '/home/east/ros2-learning-space/ws01_plumbing/install/cpp01_topic/share/cpp01_topic/hook/cmake_prefix_path.sh'
[6.691s] Level 1:colcon.colcon_core.environment:checking '/home/east/ros2-learning-space/ws01_plumbing/install/cpp01_topic/lib'
[6.691s] Level 1:colcon.colcon_core.environment:checking '/home/east/ros2-learning-space/ws01_plumbing/install/cpp01_topic/bin'
[6.691s] Level 1:colcon.colcon_core.environment:checking '/home/east/ros2-learning-space/ws01_plumbing/install/cpp01_topic/lib/pkgconfig/cpp01_topic.pc'
[6.691s] Level 1:colcon.colcon_core.environment:checking '/home/east/ros2-learning-space/ws01_plumbing/install/cpp01_topic/lib/python3.10/site-packages'
[6.691s] Level 1:colcon.colcon_core.environment:checking '/home/east/ros2-learning-space/ws01_plumbing/install/cpp01_topic/bin'
[6.692s] INFO:colcon.colcon_core.shell:Creating package script '/home/east/ros2-learning-space/ws01_plumbing/install/cpp01_topic/share/cpp01_topic/package.ps1'
[6.692s] INFO:colcon.colcon_core.shell:Creating package descriptor '/home/east/ros2-learning-space/ws01_plumbing/install/cpp01_topic/share/cpp01_topic/package.dsv'
[6.692s] INFO:colcon.colcon_core.shell:Creating package script '/home/east/ros2-learning-space/ws01_plumbing/install/cpp01_topic/share/cpp01_topic/package.sh'
[6.693s] INFO:colcon.colcon_core.shell:Creating package script '/home/east/ros2-learning-space/ws01_plumbing/install/cpp01_topic/share/cpp01_topic/package.bash'
[6.693s] INFO:colcon.colcon_core.shell:Creating package script '/home/east/ros2-learning-space/ws01_plumbing/install/cpp01_topic/share/cpp01_topic/package.zsh'
[6.693s] Level 1:colcon.colcon_core.environment:create_file_with_runtime_dependencies(/home/east/ros2-learning-space/ws01_plumbing/install/cpp01_topic/share/colcon-core/packages/cpp01_topic)
[6.694s] DEBUG:colcon.colcon_parallel_executor.executor.parallel:closing loop
[6.694s] DEBUG:colcon.colcon_parallel_executor.executor.parallel:loop closed
[6.694s] DEBUG:colcon.colcon_parallel_executor.executor.parallel:run_until_complete finished with '0'
[6.694s] DEBUG:colcon.colcon_core.event_reactor:joining thread
[6.697s] INFO:colcon.colcon_core.plugin_system:Skipping extension 'colcon_notification.desktop_notification.terminal_notifier': Not used on non-Darwin systems
[6.697s] INFO:colcon.colcon_core.plugin_system:Skipping extension 'colcon_notification.desktop_notification.win32': Not used on non-Windows systems
[6.697s] INFO:colcon.colcon_notification.desktop_notification:Sending desktop notification using 'notify2'
[6.711s] DEBUG:colcon.colcon_core.event_reactor:joined thread
[6.712s] INFO:colcon.colcon_core.shell:Creating prefix script '/home/east/ros2-learning-space/ws01_plumbing/install/local_setup.ps1'
[6.713s] INFO:colcon.colcon_core.shell:Creating prefix util module '/home/east/ros2-learning-space/ws01_plumbing/install/_local_setup_util_ps1.py'
[6.715s] INFO:colcon.colcon_core.shell:Creating prefix chain script '/home/east/ros2-learning-space/ws01_plumbing/install/setup.ps1'
[6.716s] INFO:colcon.colcon_core.shell:Creating prefix script '/home/east/ros2-learning-space/ws01_plumbing/install/local_setup.sh'
[6.717s] INFO:colcon.colcon_core.shell:Creating prefix util module '/home/east/ros2-learning-space/ws01_plumbing/install/_local_setup_util_sh.py'
[6.717s] INFO:colcon.colcon_core.shell:Creating prefix chain script '/home/east/ros2-learning-space/ws01_plumbing/install/setup.sh'
[6.718s] INFO:colcon.colcon_core.shell:Creating prefix script '/home/east/ros2-learning-space/ws01_plumbing/install/local_setup.bash'
[6.718s] INFO:colcon.colcon_core.shell:Creating prefix chain script '/home/east/ros2-learning-space/ws01_plumbing/install/setup.bash'
[6.718s] INFO:colcon.colcon_core.shell:Creating prefix script '/home/east/ros2-learning-space/ws01_plumbing/install/local_setup.zsh'
[6.719s] INFO:colcon.colcon_core.shell:Creating prefix chain script '/home/east/ros2-learning-space/ws01_plumbing/install/setup.zsh'
