[0.017s] Invoking command in '/home/east/ros2-learning-space/ws01_plumbing/build/cpp05_names': /usr/bin/cmake --build /home/east/ros2-learning-space/ws01_plumbing/build/cpp05_names -- -j18 -l18
[0.031s] -- Found ament_cmake: 1.3.12 (/opt/ros/humble/share/ament_cmake/cmake)
[0.140s] -- Found rclcpp: 16.0.15 (/opt/ros/humble/share/rclcpp/cmake)
[0.157s] -- Found rosidl_generator_c: 3.1.7 (/opt/ros/humble/share/rosidl_generator_c/cmake)
[0.159s] -- Found rosidl_adapter: 3.1.7 (/opt/ros/humble/share/rosidl_adapter/cmake)
[0.162s] -- Found rosidl_generator_cpp: 3.1.7 (/opt/ros/humble/share/rosidl_generator_cpp/cmake)
[0.167s] -- Using all available rosidl_typesupport_c: rosidl_typesupport_fastrtps_c;rosidl_typesupport_introspection_c
[0.174s] -- Using all available rosidl_typesupport_cpp: rosidl_typesupport_fastrtps_cpp;rosidl_typesupport_introspection_cpp
[0.193s] -- Found rmw_implementation_cmake: 6.1.2 (/opt/ros/humble/share/rmw_implementation_cmake/cmake)
[0.194s] -- Found rmw_fastrtps_cpp: 6.2.9 (/opt/ros/humble/share/rmw_fastrtps_cpp/cmake)
[0.272s] -- Using RMW implementation 'rmw_fastrtps_cpp' as default
[0.309s] -- Found ament_lint_auto: 0.12.14 (/opt/ros/humble/share/ament_lint_auto/cmake)
[0.388s] -- Added test 'cppcheck' to perform static code analysis on C / C++ code
[0.388s] -- Configured cppcheck include dirs: $<BUILD_INTERFACE:/home/east/ros2-learning-space/ws01_plumbing/src/cpp05_names/include>
[0.388s] -- Configured cppcheck exclude dirs and/or files: 
[0.388s] -- Added test 'flake8' to check Python code syntax and style conventions
[0.388s] -- Added test 'lint_cmake' to check CMake code style
[0.388s] -- Added test 'pep257' to check Python code against some of the docstring style conventions in PEP 257
[0.388s] -- Added test 'uncrustify' to check C / C++ code style
[0.388s] -- Configured uncrustify additional arguments: 
[0.389s] -- Added test 'xmllint' to check XML markup files
[0.389s] -- Configuring done
[0.395s] -- Generating done
[0.396s] -- Build files have been written to: /home/east/ros2-learning-space/ws01_plumbing/build/cpp05_names
[0.420s] [35m[1mConsolidate compiler generated dependencies of target demo01_names[0m
[0.433s] [100%] Built target demo01_names
[0.445s] Invoked command in '/home/east/ros2-learning-space/ws01_plumbing/build/cpp05_names' returned '0': /usr/bin/cmake --build /home/east/ros2-learning-space/ws01_plumbing/build/cpp05_names -- -j18 -l18
[0.447s] Invoking command in '/home/east/ros2-learning-space/ws01_plumbing/build/cpp05_names': /usr/bin/cmake --install /home/east/ros2-learning-space/ws01_plumbing/build/cpp05_names
[0.453s] -- Install configuration: ""
[0.453s] -- Up-to-date: /home/east/ros2-learning-space/ws01_plumbing/install/cpp05_names/lib/cpp05_names/demo01_names
[0.453s] -- Up-to-date: /home/east/ros2-learning-space/ws01_plumbing/install/cpp05_names/share/cpp05_names/launch
[0.453s] -- Installing: /home/east/ros2-learning-space/ws01_plumbing/install/cpp05_names/share/cpp05_names/launch/demo01_names_launch.py
[0.453s] -- Up-to-date: /home/east/ros2-learning-space/ws01_plumbing/install/cpp05_names/share/ament_index/resource_index/package_run_dependencies/cpp05_names
[0.453s] -- Up-to-date: /home/east/ros2-learning-space/ws01_plumbing/install/cpp05_names/share/ament_index/resource_index/parent_prefix_path/cpp05_names
[0.453s] -- Up-to-date: /home/east/ros2-learning-space/ws01_plumbing/install/cpp05_names/share/cpp05_names/environment/ament_prefix_path.sh
[0.453s] -- Installing: /home/east/ros2-learning-space/ws01_plumbing/install/cpp05_names/share/cpp05_names/environment/ament_prefix_path.dsv
[0.453s] -- Up-to-date: /home/east/ros2-learning-space/ws01_plumbing/install/cpp05_names/share/cpp05_names/environment/path.sh
[0.453s] -- Installing: /home/east/ros2-learning-space/ws01_plumbing/install/cpp05_names/share/cpp05_names/environment/path.dsv
[0.453s] -- Up-to-date: /home/east/ros2-learning-space/ws01_plumbing/install/cpp05_names/share/cpp05_names/local_setup.bash
[0.454s] -- Up-to-date: /home/east/ros2-learning-space/ws01_plumbing/install/cpp05_names/share/cpp05_names/local_setup.sh
[0.454s] -- Up-to-date: /home/east/ros2-learning-space/ws01_plumbing/install/cpp05_names/share/cpp05_names/local_setup.zsh
[0.454s] -- Installing: /home/east/ros2-learning-space/ws01_plumbing/install/cpp05_names/share/cpp05_names/local_setup.dsv
[0.454s] -- Installing: /home/east/ros2-learning-space/ws01_plumbing/install/cpp05_names/share/cpp05_names/package.dsv
[0.454s] -- Up-to-date: /home/east/ros2-learning-space/ws01_plumbing/install/cpp05_names/share/ament_index/resource_index/packages/cpp05_names
[0.454s] -- Up-to-date: /home/east/ros2-learning-space/ws01_plumbing/install/cpp05_names/share/cpp05_names/cmake/cpp05_namesConfig.cmake
[0.454s] -- Up-to-date: /home/east/ros2-learning-space/ws01_plumbing/install/cpp05_names/share/cpp05_names/cmake/cpp05_namesConfig-version.cmake
[0.454s] -- Up-to-date: /home/east/ros2-learning-space/ws01_plumbing/install/cpp05_names/share/cpp05_names/package.xml
[0.456s] Invoked command in '/home/east/ros2-learning-space/ws01_plumbing/build/cpp05_names' returned '0': /usr/bin/cmake --install /home/east/ros2-learning-space/ws01_plumbing/build/cpp05_names
