[0.010s] Invoking command in '/home/east/ros2-learning-space/ws01_plumbing/build/base_interfaces_demo': /usr/bin/cmake --build /home/east/ros2-learning-space/ws01_plumbing/build/base_interfaces_demo -- -j18 -l18
[0.044s] -- Found ament_cmake: 1.3.12 (/opt/ros/humble/share/ament_cmake/cmake)
[0.139s] -- Found geometry_msgs: 4.9.0 (/opt/ros/humble/share/geometry_msgs/cmake)
[0.158s] -- Found rosidl_generator_c: 3.1.7 (/opt/ros/humble/share/rosidl_generator_c/cmake)
[0.160s] -- Found rosidl_adapter: 3.1.7 (/opt/ros/humble/share/rosidl_adapter/cmake)
[0.164s] -- Found rosidl_generator_cpp: 3.1.7 (/opt/ros/humble/share/rosidl_generator_cpp/cmake)
[0.171s] -- Using all available rosidl_typesupport_c: rosidl_typesupport_fastrtps_c;rosidl_typesupport_introspection_c
[0.180s] -- Using all available rosidl_typesupport_cpp: rosidl_typesupport_fastrtps_cpp;rosidl_typesupport_introspection_cpp
[0.206s] -- Found rosidl_default_generators: 1.2.0 (/opt/ros/humble/share/rosidl_default_generators/cmake)
[0.212s] [31mCMake Error at /opt/ros/humble/share/rosidl_cmake/cmake/rosidl_generate_interfaces.cmake:93 (message):
[0.212s]   rosidl_generate_interfaces() the passed file 'msg/AddInts.srv' doesn't
[0.212s]   exist relative to the CMAKE_CURRENT_SOURCE_DIR
[0.212s]   '/home/east/ros2-learning-space/ws01_plumbing/src/base_interfaces_demo'
[0.212s] Call Stack (most recent call first):
[0.212s]   CMakeLists.txt:15 (rosidl_generate_interfaces)
[0.212s] 
[0.213s] [0m
[0.213s] -- Configuring incomplete, errors occurred!
[0.213s] See also "/home/east/ros2-learning-space/ws01_plumbing/build/base_interfaces_demo/CMakeFiles/CMakeOutput.log".
[0.216s] gmake: *** [Makefile:747：cmake_check_build_system] 错误 1
[0.219s] Invoked command in '/home/east/ros2-learning-space/ws01_plumbing/build/base_interfaces_demo' returned '2': /usr/bin/cmake --build /home/east/ros2-learning-space/ws01_plumbing/build/base_interfaces_demo -- -j18 -l18
