[0.010s] Invoking command in '/home/east/ros2-learning-space/ws01_plumbing/build/cpp02_service': AMENT_PREFIX_PATH=/home/east/ros2-learning-space/ws01_plumbing/install/base_interfaces_demo:${AMENT_PREFIX_PATH} CMAKE_PREFIX_PATH=/home/east/ros2-learning-space/ws01_plumbing/install/base_interfaces_demo:/opt/ros/humble LD_LIBRARY_PATH=/home/east/ros2-learning-space/ws01_plumbing/install/base_interfaces_demo/lib:${LD_LIBRARY_PATH} PYTHONPATH=/home/east/ros2-learning-space/ws01_plumbing/install/base_interfaces_demo/local/lib/python3.10/dist-packages:${PYTHONPATH} /usr/bin/cmake --build /home/east/ros2-learning-space/ws01_plumbing/build/cpp02_service -- -j18 -l18
[0.048s] [ 50%] Built target demo01_server
[0.050s] [100%] Built target demo02_client
[0.058s] Invoked command in '/home/east/ros2-learning-space/ws01_plumbing/build/cpp02_service' returned '0': AMENT_PREFIX_PATH=/home/east/ros2-learning-space/ws01_plumbing/install/base_interfaces_demo:${AMENT_PREFIX_PATH} CMAKE_PREFIX_PATH=/home/east/ros2-learning-space/ws01_plumbing/install/base_interfaces_demo:/opt/ros/humble LD_LIBRARY_PATH=/home/east/ros2-learning-space/ws01_plumbing/install/base_interfaces_demo/lib:${LD_LIBRARY_PATH} PYTHONPATH=/home/east/ros2-learning-space/ws01_plumbing/install/base_interfaces_demo/local/lib/python3.10/dist-packages:${PYTHONPATH} /usr/bin/cmake --build /home/east/ros2-learning-space/ws01_plumbing/build/cpp02_service -- -j18 -l18
[0.060s] Invoking command in '/home/east/ros2-learning-space/ws01_plumbing/build/cpp02_service': AMENT_PREFIX_PATH=/home/east/ros2-learning-space/ws01_plumbing/install/base_interfaces_demo:${AMENT_PREFIX_PATH} CMAKE_PREFIX_PATH=/home/east/ros2-learning-space/ws01_plumbing/install/base_interfaces_demo:/opt/ros/humble LD_LIBRARY_PATH=/home/east/ros2-learning-space/ws01_plumbing/install/base_interfaces_demo/lib:${LD_LIBRARY_PATH} PYTHONPATH=/home/east/ros2-learning-space/ws01_plumbing/install/base_interfaces_demo/local/lib/python3.10/dist-packages:${PYTHONPATH} /usr/bin/cmake --install /home/east/ros2-learning-space/ws01_plumbing/build/cpp02_service
[0.068s] -- Install configuration: ""
[0.068s] -- Up-to-date: /home/east/ros2-learning-space/ws01_plumbing/install/cpp02_service/lib/cpp02_service/demo01_server
[0.068s] -- Up-to-date: /home/east/ros2-learning-space/ws01_plumbing/install/cpp02_service/lib/cpp02_service/demo02_client
[0.068s] -- Up-to-date: /home/east/ros2-learning-space/ws01_plumbing/install/cpp02_service/share/ament_index/resource_index/package_run_dependencies/cpp02_service
[0.068s] -- Up-to-date: /home/east/ros2-learning-space/ws01_plumbing/install/cpp02_service/share/ament_index/resource_index/parent_prefix_path/cpp02_service
[0.068s] -- Up-to-date: /home/east/ros2-learning-space/ws01_plumbing/install/cpp02_service/share/cpp02_service/environment/ament_prefix_path.sh
[0.069s] -- Up-to-date: /home/east/ros2-learning-space/ws01_plumbing/install/cpp02_service/share/cpp02_service/environment/ament_prefix_path.dsv
[0.069s] -- Up-to-date: /home/east/ros2-learning-space/ws01_plumbing/install/cpp02_service/share/cpp02_service/environment/path.sh
[0.069s] -- Up-to-date: /home/east/ros2-learning-space/ws01_plumbing/install/cpp02_service/share/cpp02_service/environment/path.dsv
[0.069s] -- Up-to-date: /home/east/ros2-learning-space/ws01_plumbing/install/cpp02_service/share/cpp02_service/local_setup.bash
[0.069s] -- Up-to-date: /home/east/ros2-learning-space/ws01_plumbing/install/cpp02_service/share/cpp02_service/local_setup.sh
[0.069s] -- Up-to-date: /home/east/ros2-learning-space/ws01_plumbing/install/cpp02_service/share/cpp02_service/local_setup.zsh
[0.069s] -- Up-to-date: /home/east/ros2-learning-space/ws01_plumbing/install/cpp02_service/share/cpp02_service/local_setup.dsv
[0.069s] -- Installing: /home/east/ros2-learning-space/ws01_plumbing/install/cpp02_service/share/cpp02_service/package.dsv
[0.069s] -- Up-to-date: /home/east/ros2-learning-space/ws01_plumbing/install/cpp02_service/share/ament_index/resource_index/packages/cpp02_service
[0.069s] -- Up-to-date: /home/east/ros2-learning-space/ws01_plumbing/install/cpp02_service/share/cpp02_service/cmake/cpp02_serviceConfig.cmake
[0.069s] -- Up-to-date: /home/east/ros2-learning-space/ws01_plumbing/install/cpp02_service/share/cpp02_service/cmake/cpp02_serviceConfig-version.cmake
[0.069s] -- Up-to-date: /home/east/ros2-learning-space/ws01_plumbing/install/cpp02_service/share/cpp02_service/package.xml
[0.072s] Invoked command in '/home/east/ros2-learning-space/ws01_plumbing/build/cpp02_service' returned '0': AMENT_PREFIX_PATH=/home/east/ros2-learning-space/ws01_plumbing/install/base_interfaces_demo:${AMENT_PREFIX_PATH} CMAKE_PREFIX_PATH=/home/east/ros2-learning-space/ws01_plumbing/install/base_interfaces_demo:/opt/ros/humble LD_LIBRARY_PATH=/home/east/ros2-learning-space/ws01_plumbing/install/base_interfaces_demo/lib:${LD_LIBRARY_PATH} PYTHONPATH=/home/east/ros2-learning-space/ws01_plumbing/install/base_interfaces_demo/local/lib/python3.10/dist-packages:${PYTHONPATH} /usr/bin/cmake --install /home/east/ros2-learning-space/ws01_plumbing/build/cpp02_service
