[0.114s] DEBUG:colcon:Command line arguments: ['/usr/bin/colcon', 'build']
[0.115s] DEBUG:colcon:Parsed command line arguments: Namespace(log_base=None, log_level=None, verb_name='build', build_base='build', install_base='install', merge_install=False, symlink_install=False, test_result_base=None, continue_on_error=False, executor='parallel', parallel_workers=18, event_handlers=None, ignore_user_meta=False, metas=['./colcon.meta'], base_paths=['.'], packages_ignore=None, packages_ignore_regex=None, paths=None, packages_up_to=None, packages_up_to_regex=None, packages_above=None, packages_above_and_dependencies=None, packages_above_depth=None, packages_select_by_dep=None, packages_skip_by_dep=None, packages_skip_up_to=None, packages_select_build_failed=False, packages_skip_build_finished=False, packages_select_test_failures=False, packages_skip_test_passed=False, packages_select=None, packages_skip=None, packages_select_regex=None, packages_skip_regex=None, packages_start=None, packages_end=None, allow_overriding=[], cmake_args=None, cmake_target=None, cmake_target_skip_unavailable=False, cmake_clean_cache=False, cmake_clean_first=False, cmake_force_configure=False, ament_cmake_args=None, catkin_cmake_args=None, catkin_skip_building_tests=False, verb_parser=<colcon_defaults.argument_parser.defaults.DefaultArgumentsDecorator object at 0x729cad82b790>, verb_extension=<colcon_core.verb.build.BuildVerb object at 0x729cad82a770>, main=<bound method BuildVerb.main of <colcon_core.verb.build.BuildVerb object at 0x729cad82a770>>)
[0.289s] Level 1:colcon.colcon_core.package_discovery:discover_packages(colcon_meta) check parameters
[0.289s] Level 1:colcon.colcon_core.package_discovery:discover_packages(recursive) check parameters
[0.289s] Level 1:colcon.colcon_core.package_discovery:discover_packages(ignore) check parameters
[0.289s] Level 1:colcon.colcon_core.package_discovery:discover_packages(path) check parameters
[0.289s] Level 1:colcon.colcon_core.package_discovery:discover_packages(colcon_meta) discover
[0.289s] Level 1:colcon.colcon_core.package_discovery:discover_packages(recursive) discover
[0.289s] INFO:colcon.colcon_core.package_discovery:Crawling recursively for packages in '/home/east/ros2-learning-space/ws01_plumbing'
[0.289s] Level 1:colcon.colcon_core.package_identification:_identify(.) by extensions ['ignore', 'ignore_ament_install']
[0.289s] Level 1:colcon.colcon_core.package_identification:_identify(.) by extension 'ignore'
[0.289s] Level 1:colcon.colcon_core.package_identification:_identify(.) by extension 'ignore_ament_install'
[0.289s] Level 1:colcon.colcon_core.package_identification:_identify(.) by extensions ['colcon_pkg']
[0.290s] Level 1:colcon.colcon_core.package_identification:_identify(.) by extension 'colcon_pkg'
[0.290s] Level 1:colcon.colcon_core.package_identification:_identify(.) by extensions ['colcon_meta']
[0.290s] Level 1:colcon.colcon_core.package_identification:_identify(.) by extension 'colcon_meta'
[0.290s] Level 1:colcon.colcon_core.package_identification:_identify(.) by extensions ['ros']
[0.290s] Level 1:colcon.colcon_core.package_identification:_identify(.) by extension 'ros'
[0.300s] Level 1:colcon.colcon_core.package_identification:_identify(.) by extensions ['cmake', 'python']
[0.300s] Level 1:colcon.colcon_core.package_identification:_identify(.) by extension 'cmake'
[0.300s] Level 1:colcon.colcon_core.package_identification:_identify(.) by extension 'python'
[0.300s] Level 1:colcon.colcon_core.package_identification:_identify(.) by extensions ['python_setup_py']
[0.301s] Level 1:colcon.colcon_core.package_identification:_identify(.) by extension 'python_setup_py'
[0.301s] Level 1:colcon.colcon_core.package_identification:_identify(build) by extensions ['ignore', 'ignore_ament_install']
[0.301s] Level 1:colcon.colcon_core.package_identification:_identify(build) by extension 'ignore'
[0.301s] Level 1:colcon.colcon_core.package_identification:_identify(build) ignored
[0.301s] Level 1:colcon.colcon_core.package_identification:_identify(install) by extensions ['ignore', 'ignore_ament_install']
[0.301s] Level 1:colcon.colcon_core.package_identification:_identify(install) by extension 'ignore'
[0.301s] Level 1:colcon.colcon_core.package_identification:_identify(install) ignored
[0.301s] Level 1:colcon.colcon_core.package_identification:_identify(log) by extensions ['ignore', 'ignore_ament_install']
[0.301s] Level 1:colcon.colcon_core.package_identification:_identify(log) by extension 'ignore'
[0.301s] Level 1:colcon.colcon_core.package_identification:_identify(log) ignored
[0.301s] Level 1:colcon.colcon_core.package_identification:_identify(src) by extensions ['ignore', 'ignore_ament_install']
[0.301s] Level 1:colcon.colcon_core.package_identification:_identify(src) by extension 'ignore'
[0.302s] Level 1:colcon.colcon_core.package_identification:_identify(src) by extension 'ignore_ament_install'
[0.302s] Level 1:colcon.colcon_core.package_identification:_identify(src) by extensions ['colcon_pkg']
[0.302s] Level 1:colcon.colcon_core.package_identification:_identify(src) by extension 'colcon_pkg'
[0.302s] Level 1:colcon.colcon_core.package_identification:_identify(src) by extensions ['colcon_meta']
[0.302s] Level 1:colcon.colcon_core.package_identification:_identify(src) by extension 'colcon_meta'
[0.302s] Level 1:colcon.colcon_core.package_identification:_identify(src) by extensions ['ros']
[0.302s] Level 1:colcon.colcon_core.package_identification:_identify(src) by extension 'ros'
[0.302s] Level 1:colcon.colcon_core.package_identification:_identify(src) by extensions ['cmake', 'python']
[0.302s] Level 1:colcon.colcon_core.package_identification:_identify(src) by extension 'cmake'
[0.302s] Level 1:colcon.colcon_core.package_identification:_identify(src) by extension 'python'
[0.302s] Level 1:colcon.colcon_core.package_identification:_identify(src) by extensions ['python_setup_py']
[0.302s] Level 1:colcon.colcon_core.package_identification:_identify(src) by extension 'python_setup_py'
[0.302s] Level 1:colcon.colcon_core.package_identification:_identify(src/base_interfaces_demo) by extensions ['ignore', 'ignore_ament_install']
[0.302s] Level 1:colcon.colcon_core.package_identification:_identify(src/base_interfaces_demo) by extension 'ignore'
[0.302s] Level 1:colcon.colcon_core.package_identification:_identify(src/base_interfaces_demo) by extension 'ignore_ament_install'
[0.302s] Level 1:colcon.colcon_core.package_identification:_identify(src/base_interfaces_demo) by extensions ['colcon_pkg']
[0.302s] Level 1:colcon.colcon_core.package_identification:_identify(src/base_interfaces_demo) by extension 'colcon_pkg'
[0.302s] Level 1:colcon.colcon_core.package_identification:_identify(src/base_interfaces_demo) by extensions ['colcon_meta']
[0.302s] Level 1:colcon.colcon_core.package_identification:_identify(src/base_interfaces_demo) by extension 'colcon_meta'
[0.302s] Level 1:colcon.colcon_core.package_identification:_identify(src/base_interfaces_demo) by extensions ['ros']
[0.302s] Level 1:colcon.colcon_core.package_identification:_identify(src/base_interfaces_demo) by extension 'ros'
[0.307s] DEBUG:colcon.colcon_core.package_identification:Package 'src/base_interfaces_demo' with type 'ros.ament_cmake' and name 'base_interfaces_demo'
[0.307s] Level 1:colcon.colcon_core.package_identification:_identify(src/cpp01_topic) by extensions ['ignore', 'ignore_ament_install']
[0.307s] Level 1:colcon.colcon_core.package_identification:_identify(src/cpp01_topic) by extension 'ignore'
[0.307s] Level 1:colcon.colcon_core.package_identification:_identify(src/cpp01_topic) by extension 'ignore_ament_install'
[0.307s] Level 1:colcon.colcon_core.package_identification:_identify(src/cpp01_topic) by extensions ['colcon_pkg']
[0.307s] Level 1:colcon.colcon_core.package_identification:_identify(src/cpp01_topic) by extension 'colcon_pkg'
[0.307s] Level 1:colcon.colcon_core.package_identification:_identify(src/cpp01_topic) by extensions ['colcon_meta']
[0.307s] Level 1:colcon.colcon_core.package_identification:_identify(src/cpp01_topic) by extension 'colcon_meta'
[0.307s] Level 1:colcon.colcon_core.package_identification:_identify(src/cpp01_topic) by extensions ['ros']
[0.308s] Level 1:colcon.colcon_core.package_identification:_identify(src/cpp01_topic) by extension 'ros'
[0.308s] DEBUG:colcon.colcon_core.package_identification:Package 'src/cpp01_topic' with type 'ros.ament_cmake' and name 'cpp01_topic'
[0.308s] Level 1:colcon.colcon_core.package_identification:_identify(src/cpp02_service) by extensions ['ignore', 'ignore_ament_install']
[0.308s] Level 1:colcon.colcon_core.package_identification:_identify(src/cpp02_service) by extension 'ignore'
[0.308s] Level 1:colcon.colcon_core.package_identification:_identify(src/cpp02_service) by extension 'ignore_ament_install'
[0.308s] Level 1:colcon.colcon_core.package_identification:_identify(src/cpp02_service) by extensions ['colcon_pkg']
[0.308s] Level 1:colcon.colcon_core.package_identification:_identify(src/cpp02_service) by extension 'colcon_pkg'
[0.309s] Level 1:colcon.colcon_core.package_identification:_identify(src/cpp02_service) by extensions ['colcon_meta']
[0.309s] Level 1:colcon.colcon_core.package_identification:_identify(src/cpp02_service) by extension 'colcon_meta'
[0.309s] Level 1:colcon.colcon_core.package_identification:_identify(src/cpp02_service) by extensions ['ros']
[0.309s] Level 1:colcon.colcon_core.package_identification:_identify(src/cpp02_service) by extension 'ros'
[0.309s] DEBUG:colcon.colcon_core.package_identification:Package 'src/cpp02_service' with type 'ros.ament_cmake' and name 'cpp02_service'
[0.309s] Level 1:colcon.colcon_core.package_identification:_identify(src/cpp03_action) by extensions ['ignore', 'ignore_ament_install']
[0.309s] Level 1:colcon.colcon_core.package_identification:_identify(src/cpp03_action) by extension 'ignore'
[0.309s] Level 1:colcon.colcon_core.package_identification:_identify(src/cpp03_action) by extension 'ignore_ament_install'
[0.309s] Level 1:colcon.colcon_core.package_identification:_identify(src/cpp03_action) by extensions ['colcon_pkg']
[0.309s] Level 1:colcon.colcon_core.package_identification:_identify(src/cpp03_action) by extension 'colcon_pkg'
[0.309s] Level 1:colcon.colcon_core.package_identification:_identify(src/cpp03_action) by extensions ['colcon_meta']
[0.309s] Level 1:colcon.colcon_core.package_identification:_identify(src/cpp03_action) by extension 'colcon_meta'
[0.309s] Level 1:colcon.colcon_core.package_identification:_identify(src/cpp03_action) by extensions ['ros']
[0.309s] Level 1:colcon.colcon_core.package_identification:_identify(src/cpp03_action) by extension 'ros'
[0.310s] DEBUG:colcon.colcon_core.package_identification:Package 'src/cpp03_action' with type 'ros.ament_cmake' and name 'cpp03_action'
[0.310s] Level 1:colcon.colcon_core.package_identification:_identify(src/cpp04_param) by extensions ['ignore', 'ignore_ament_install']
[0.310s] Level 1:colcon.colcon_core.package_identification:_identify(src/cpp04_param) by extension 'ignore'
[0.310s] Level 1:colcon.colcon_core.package_identification:_identify(src/cpp04_param) by extension 'ignore_ament_install'
[0.310s] Level 1:colcon.colcon_core.package_identification:_identify(src/cpp04_param) by extensions ['colcon_pkg']
[0.310s] Level 1:colcon.colcon_core.package_identification:_identify(src/cpp04_param) by extension 'colcon_pkg'
[0.310s] Level 1:colcon.colcon_core.package_identification:_identify(src/cpp04_param) by extensions ['colcon_meta']
[0.310s] Level 1:colcon.colcon_core.package_identification:_identify(src/cpp04_param) by extension 'colcon_meta'
[0.310s] Level 1:colcon.colcon_core.package_identification:_identify(src/cpp04_param) by extensions ['ros']
[0.310s] Level 1:colcon.colcon_core.package_identification:_identify(src/cpp04_param) by extension 'ros'
[0.311s] DEBUG:colcon.colcon_core.package_identification:Package 'src/cpp04_param' with type 'ros.ament_cmake' and name 'cpp04_param'
[0.311s] Level 1:colcon.colcon_core.package_discovery:discover_packages(recursive) using defaults
[0.311s] Level 1:colcon.colcon_core.package_discovery:discover_packages(ignore) discover
[0.311s] Level 1:colcon.colcon_core.package_discovery:discover_packages(ignore) using defaults
[0.311s] Level 1:colcon.colcon_core.package_discovery:discover_packages(path) discover
[0.311s] Level 1:colcon.colcon_core.package_discovery:discover_packages(path) using defaults
[0.332s] Level 1:colcon.colcon_core.package_discovery:discover_packages(prefix_path) check parameters
[0.332s] Level 1:colcon.colcon_core.package_discovery:discover_packages(prefix_path) discover
[0.353s] DEBUG:colcon.colcon_installed_package_information.package_discovery:Found 271 installed packages in /opt/ros/humble
[0.354s] Level 1:colcon.colcon_core.package_discovery:discover_packages(prefix_path) using defaults
[0.380s] Level 5:colcon.colcon_core.verb:set package 'base_interfaces_demo' build argument 'cmake_args' from command line to 'None'
[0.380s] Level 5:colcon.colcon_core.verb:set package 'base_interfaces_demo' build argument 'cmake_target' from command line to 'None'
[0.380s] Level 5:colcon.colcon_core.verb:set package 'base_interfaces_demo' build argument 'cmake_target_skip_unavailable' from command line to 'False'
[0.380s] Level 5:colcon.colcon_core.verb:set package 'base_interfaces_demo' build argument 'cmake_clean_cache' from command line to 'False'
[0.380s] Level 5:colcon.colcon_core.verb:set package 'base_interfaces_demo' build argument 'cmake_clean_first' from command line to 'False'
[0.380s] Level 5:colcon.colcon_core.verb:set package 'base_interfaces_demo' build argument 'cmake_force_configure' from command line to 'False'
[0.380s] Level 5:colcon.colcon_core.verb:set package 'base_interfaces_demo' build argument 'ament_cmake_args' from command line to 'None'
[0.380s] Level 5:colcon.colcon_core.verb:set package 'base_interfaces_demo' build argument 'catkin_cmake_args' from command line to 'None'
[0.380s] Level 5:colcon.colcon_core.verb:set package 'base_interfaces_demo' build argument 'catkin_skip_building_tests' from command line to 'False'
[0.380s] DEBUG:colcon.colcon_core.verb:Building package 'base_interfaces_demo' with the following arguments: {'ament_cmake_args': None, 'build_base': '/home/east/ros2-learning-space/ws01_plumbing/build/base_interfaces_demo', 'catkin_cmake_args': None, 'catkin_skip_building_tests': False, 'cmake_args': None, 'cmake_clean_cache': False, 'cmake_clean_first': False, 'cmake_force_configure': False, 'cmake_target': None, 'cmake_target_skip_unavailable': False, 'install_base': '/home/east/ros2-learning-space/ws01_plumbing/install/base_interfaces_demo', 'merge_install': False, 'path': '/home/east/ros2-learning-space/ws01_plumbing/src/base_interfaces_demo', 'symlink_install': False, 'test_result_base': None}
[0.380s] Level 5:colcon.colcon_core.verb:set package 'cpp04_param' build argument 'cmake_args' from command line to 'None'
[0.380s] Level 5:colcon.colcon_core.verb:set package 'cpp04_param' build argument 'cmake_target' from command line to 'None'
[0.380s] Level 5:colcon.colcon_core.verb:set package 'cpp04_param' build argument 'cmake_target_skip_unavailable' from command line to 'False'
[0.380s] Level 5:colcon.colcon_core.verb:set package 'cpp04_param' build argument 'cmake_clean_cache' from command line to 'False'
[0.380s] Level 5:colcon.colcon_core.verb:set package 'cpp04_param' build argument 'cmake_clean_first' from command line to 'False'
[0.380s] Level 5:colcon.colcon_core.verb:set package 'cpp04_param' build argument 'cmake_force_configure' from command line to 'False'
[0.380s] Level 5:colcon.colcon_core.verb:set package 'cpp04_param' build argument 'ament_cmake_args' from command line to 'None'
[0.380s] Level 5:colcon.colcon_core.verb:set package 'cpp04_param' build argument 'catkin_cmake_args' from command line to 'None'
[0.380s] Level 5:colcon.colcon_core.verb:set package 'cpp04_param' build argument 'catkin_skip_building_tests' from command line to 'False'
[0.381s] DEBUG:colcon.colcon_core.verb:Building package 'cpp04_param' with the following arguments: {'ament_cmake_args': None, 'build_base': '/home/east/ros2-learning-space/ws01_plumbing/build/cpp04_param', 'catkin_cmake_args': None, 'catkin_skip_building_tests': False, 'cmake_args': None, 'cmake_clean_cache': False, 'cmake_clean_first': False, 'cmake_force_configure': False, 'cmake_target': None, 'cmake_target_skip_unavailable': False, 'install_base': '/home/east/ros2-learning-space/ws01_plumbing/install/cpp04_param', 'merge_install': False, 'path': '/home/east/ros2-learning-space/ws01_plumbing/src/cpp04_param', 'symlink_install': False, 'test_result_base': None}
[0.381s] Level 5:colcon.colcon_core.verb:set package 'cpp01_topic' build argument 'cmake_args' from command line to 'None'
[0.381s] Level 5:colcon.colcon_core.verb:set package 'cpp01_topic' build argument 'cmake_target' from command line to 'None'
[0.381s] Level 5:colcon.colcon_core.verb:set package 'cpp01_topic' build argument 'cmake_target_skip_unavailable' from command line to 'False'
[0.381s] Level 5:colcon.colcon_core.verb:set package 'cpp01_topic' build argument 'cmake_clean_cache' from command line to 'False'
[0.381s] Level 5:colcon.colcon_core.verb:set package 'cpp01_topic' build argument 'cmake_clean_first' from command line to 'False'
[0.381s] Level 5:colcon.colcon_core.verb:set package 'cpp01_topic' build argument 'cmake_force_configure' from command line to 'False'
[0.381s] Level 5:colcon.colcon_core.verb:set package 'cpp01_topic' build argument 'ament_cmake_args' from command line to 'None'
[0.381s] Level 5:colcon.colcon_core.verb:set package 'cpp01_topic' build argument 'catkin_cmake_args' from command line to 'None'
[0.381s] Level 5:colcon.colcon_core.verb:set package 'cpp01_topic' build argument 'catkin_skip_building_tests' from command line to 'False'
[0.381s] DEBUG:colcon.colcon_core.verb:Building package 'cpp01_topic' with the following arguments: {'ament_cmake_args': None, 'build_base': '/home/east/ros2-learning-space/ws01_plumbing/build/cpp01_topic', 'catkin_cmake_args': None, 'catkin_skip_building_tests': False, 'cmake_args': None, 'cmake_clean_cache': False, 'cmake_clean_first': False, 'cmake_force_configure': False, 'cmake_target': None, 'cmake_target_skip_unavailable': False, 'install_base': '/home/east/ros2-learning-space/ws01_plumbing/install/cpp01_topic', 'merge_install': False, 'path': '/home/east/ros2-learning-space/ws01_plumbing/src/cpp01_topic', 'symlink_install': False, 'test_result_base': None}
[0.381s] Level 5:colcon.colcon_core.verb:set package 'cpp02_service' build argument 'cmake_args' from command line to 'None'
[0.381s] Level 5:colcon.colcon_core.verb:set package 'cpp02_service' build argument 'cmake_target' from command line to 'None'
[0.381s] Level 5:colcon.colcon_core.verb:set package 'cpp02_service' build argument 'cmake_target_skip_unavailable' from command line to 'False'
[0.381s] Level 5:colcon.colcon_core.verb:set package 'cpp02_service' build argument 'cmake_clean_cache' from command line to 'False'
[0.381s] Level 5:colcon.colcon_core.verb:set package 'cpp02_service' build argument 'cmake_clean_first' from command line to 'False'
[0.381s] Level 5:colcon.colcon_core.verb:set package 'cpp02_service' build argument 'cmake_force_configure' from command line to 'False'
[0.381s] Level 5:colcon.colcon_core.verb:set package 'cpp02_service' build argument 'ament_cmake_args' from command line to 'None'
[0.381s] Level 5:colcon.colcon_core.verb:set package 'cpp02_service' build argument 'catkin_cmake_args' from command line to 'None'
[0.381s] Level 5:colcon.colcon_core.verb:set package 'cpp02_service' build argument 'catkin_skip_building_tests' from command line to 'False'
[0.381s] DEBUG:colcon.colcon_core.verb:Building package 'cpp02_service' with the following arguments: {'ament_cmake_args': None, 'build_base': '/home/east/ros2-learning-space/ws01_plumbing/build/cpp02_service', 'catkin_cmake_args': None, 'catkin_skip_building_tests': False, 'cmake_args': None, 'cmake_clean_cache': False, 'cmake_clean_first': False, 'cmake_force_configure': False, 'cmake_target': None, 'cmake_target_skip_unavailable': False, 'install_base': '/home/east/ros2-learning-space/ws01_plumbing/install/cpp02_service', 'merge_install': False, 'path': '/home/east/ros2-learning-space/ws01_plumbing/src/cpp02_service', 'symlink_install': False, 'test_result_base': None}
[0.381s] Level 5:colcon.colcon_core.verb:set package 'cpp03_action' build argument 'cmake_args' from command line to 'None'
[0.381s] Level 5:colcon.colcon_core.verb:set package 'cpp03_action' build argument 'cmake_target' from command line to 'None'
[0.381s] Level 5:colcon.colcon_core.verb:set package 'cpp03_action' build argument 'cmake_target_skip_unavailable' from command line to 'False'
[0.381s] Level 5:colcon.colcon_core.verb:set package 'cpp03_action' build argument 'cmake_clean_cache' from command line to 'False'
[0.381s] Level 5:colcon.colcon_core.verb:set package 'cpp03_action' build argument 'cmake_clean_first' from command line to 'False'
[0.381s] Level 5:colcon.colcon_core.verb:set package 'cpp03_action' build argument 'cmake_force_configure' from command line to 'False'
[0.381s] Level 5:colcon.colcon_core.verb:set package 'cpp03_action' build argument 'ament_cmake_args' from command line to 'None'
[0.381s] Level 5:colcon.colcon_core.verb:set package 'cpp03_action' build argument 'catkin_cmake_args' from command line to 'None'
[0.381s] Level 5:colcon.colcon_core.verb:set package 'cpp03_action' build argument 'catkin_skip_building_tests' from command line to 'False'
[0.381s] DEBUG:colcon.colcon_core.verb:Building package 'cpp03_action' with the following arguments: {'ament_cmake_args': None, 'build_base': '/home/east/ros2-learning-space/ws01_plumbing/build/cpp03_action', 'catkin_cmake_args': None, 'catkin_skip_building_tests': False, 'cmake_args': None, 'cmake_clean_cache': False, 'cmake_clean_first': False, 'cmake_force_configure': False, 'cmake_target': None, 'cmake_target_skip_unavailable': False, 'install_base': '/home/east/ros2-learning-space/ws01_plumbing/install/cpp03_action', 'merge_install': False, 'path': '/home/east/ros2-learning-space/ws01_plumbing/src/cpp03_action', 'symlink_install': False, 'test_result_base': None}
[0.382s] INFO:colcon.colcon_core.executor:Executing jobs using 'parallel' executor
[0.383s] DEBUG:colcon.colcon_parallel_executor.executor.parallel:run_until_complete
[0.383s] INFO:colcon.colcon_ros.task.ament_cmake.build:Building ROS package in '/home/east/ros2-learning-space/ws01_plumbing/src/base_interfaces_demo' with build type 'ament_cmake'
[0.383s] INFO:colcon.colcon_cmake.task.cmake.build:Building CMake package in '/home/east/ros2-learning-space/ws01_plumbing/src/base_interfaces_demo'
[0.386s] INFO:colcon.colcon_core.plugin_system:Skipping extension 'colcon_core.shell.bat': Not used on non-Windows systems
[0.387s] INFO:colcon.colcon_core.shell:Skip shell extension 'powershell' for command environment: Not usable outside of PowerShell
[0.387s] DEBUG:colcon.colcon_core.shell:Skip shell extension 'dsv' for command environment
[0.390s] INFO:colcon.colcon_ros.task.ament_cmake.build:Building ROS package in '/home/east/ros2-learning-space/ws01_plumbing/src/cpp04_param' with build type 'ament_cmake'
[0.390s] INFO:colcon.colcon_cmake.task.cmake.build:Building CMake package in '/home/east/ros2-learning-space/ws01_plumbing/src/cpp04_param'
[0.390s] INFO:colcon.colcon_core.shell:Skip shell extension 'powershell' for command environment: Not usable outside of PowerShell
[0.391s] DEBUG:colcon.colcon_core.shell:Skip shell extension 'dsv' for command environment
[0.400s] DEBUG:colcon.colcon_core.event_handler.log_command:Invoking command in '/home/east/ros2-learning-space/ws01_plumbing/build/base_interfaces_demo': /usr/bin/cmake --build /home/east/ros2-learning-space/ws01_plumbing/build/base_interfaces_demo -- -j18 -l18
[0.405s] DEBUG:colcon.colcon_core.event_handler.log_command:Invoking command in '/home/east/ros2-learning-space/ws01_plumbing/build/cpp04_param': /usr/bin/cmake /home/east/ros2-learning-space/ws01_plumbing/src/cpp04_param -DCMAKE_INSTALL_PREFIX=/home/east/ros2-learning-space/ws01_plumbing/install/cpp04_param
[0.694s] DEBUG:colcon.colcon_core.event_handler.log_command:Invoked command in '/home/east/ros2-learning-space/ws01_plumbing/build/base_interfaces_demo' returned '0': /usr/bin/cmake --build /home/east/ros2-learning-space/ws01_plumbing/build/base_interfaces_demo -- -j18 -l18
[0.707s] DEBUG:colcon.colcon_core.event_handler.log_command:Invoking command in '/home/east/ros2-learning-space/ws01_plumbing/build/base_interfaces_demo': /usr/bin/cmake --install /home/east/ros2-learning-space/ws01_plumbing/build/base_interfaces_demo
[0.768s] Level 1:colcon.colcon_core.environment:create_environment_scripts_only(base_interfaces_demo)
[0.769s] DEBUG:colcon.colcon_core.event_handler.log_command:Invoked command in '/home/east/ros2-learning-space/ws01_plumbing/build/base_interfaces_demo' returned '0': /usr/bin/cmake --install /home/east/ros2-learning-space/ws01_plumbing/build/base_interfaces_demo
[0.774s] Level 1:colcon.colcon_core.environment:checking '/home/east/ros2-learning-space/ws01_plumbing/install/base_interfaces_demo' for CMake module files
[0.775s] Level 1:colcon.colcon_core.environment:checking '/home/east/ros2-learning-space/ws01_plumbing/install/base_interfaces_demo' for CMake config files
[0.775s] Level 1:colcon.colcon_core.shell:create_environment_hook('base_interfaces_demo', 'cmake_prefix_path')
[0.775s] INFO:colcon.colcon_core.shell:Creating environment hook '/home/east/ros2-learning-space/ws01_plumbing/install/base_interfaces_demo/share/base_interfaces_demo/hook/cmake_prefix_path.ps1'
[0.776s] INFO:colcon.colcon_core.shell:Creating environment descriptor '/home/east/ros2-learning-space/ws01_plumbing/install/base_interfaces_demo/share/base_interfaces_demo/hook/cmake_prefix_path.dsv'
[0.776s] INFO:colcon.colcon_core.shell:Creating environment hook '/home/east/ros2-learning-space/ws01_plumbing/install/base_interfaces_demo/share/base_interfaces_demo/hook/cmake_prefix_path.sh'
[0.777s] Level 1:colcon.colcon_core.environment:checking '/home/east/ros2-learning-space/ws01_plumbing/install/base_interfaces_demo/lib'
[0.777s] Level 1:colcon.colcon_core.shell:create_environment_hook('base_interfaces_demo', 'ld_library_path_lib')
[0.777s] INFO:colcon.colcon_core.shell:Creating environment hook '/home/east/ros2-learning-space/ws01_plumbing/install/base_interfaces_demo/share/base_interfaces_demo/hook/ld_library_path_lib.ps1'
[0.777s] INFO:colcon.colcon_core.shell:Creating environment descriptor '/home/east/ros2-learning-space/ws01_plumbing/install/base_interfaces_demo/share/base_interfaces_demo/hook/ld_library_path_lib.dsv'
[0.778s] INFO:colcon.colcon_core.shell:Creating environment hook '/home/east/ros2-learning-space/ws01_plumbing/install/base_interfaces_demo/share/base_interfaces_demo/hook/ld_library_path_lib.sh'
[0.778s] Level 1:colcon.colcon_core.environment:checking '/home/east/ros2-learning-space/ws01_plumbing/install/base_interfaces_demo/bin'
[0.778s] Level 1:colcon.colcon_core.environment:checking '/home/east/ros2-learning-space/ws01_plumbing/install/base_interfaces_demo/lib/pkgconfig/base_interfaces_demo.pc'
[0.778s] Level 1:colcon.colcon_core.environment:checking '/home/east/ros2-learning-space/ws01_plumbing/install/base_interfaces_demo/lib/python3.10/site-packages'
[0.778s] Level 1:colcon.colcon_core.environment:checking '/home/east/ros2-learning-space/ws01_plumbing/install/base_interfaces_demo/bin'
[0.779s] INFO:colcon.colcon_core.shell:Creating package script '/home/east/ros2-learning-space/ws01_plumbing/install/base_interfaces_demo/share/base_interfaces_demo/package.ps1'
[0.780s] INFO:colcon.colcon_core.shell:Creating package descriptor '/home/east/ros2-learning-space/ws01_plumbing/install/base_interfaces_demo/share/base_interfaces_demo/package.dsv'
[0.780s] INFO:colcon.colcon_core.shell:Creating package script '/home/east/ros2-learning-space/ws01_plumbing/install/base_interfaces_demo/share/base_interfaces_demo/package.sh'
[0.781s] INFO:colcon.colcon_core.shell:Creating package script '/home/east/ros2-learning-space/ws01_plumbing/install/base_interfaces_demo/share/base_interfaces_demo/package.bash'
[0.781s] INFO:colcon.colcon_core.shell:Creating package script '/home/east/ros2-learning-space/ws01_plumbing/install/base_interfaces_demo/share/base_interfaces_demo/package.zsh'
[0.782s] Level 1:colcon.colcon_core.environment:create_file_with_runtime_dependencies(/home/east/ros2-learning-space/ws01_plumbing/install/base_interfaces_demo/share/colcon-core/packages/base_interfaces_demo)
[0.783s] Level 1:colcon.colcon_core.environment:create_environment_scripts_only(base_interfaces_demo)
[0.784s] Level 1:colcon.colcon_core.environment:checking '/home/east/ros2-learning-space/ws01_plumbing/install/base_interfaces_demo' for CMake module files
[0.785s] Level 1:colcon.colcon_core.environment:checking '/home/east/ros2-learning-space/ws01_plumbing/install/base_interfaces_demo' for CMake config files
[0.785s] Level 1:colcon.colcon_core.shell:create_environment_hook('base_interfaces_demo', 'cmake_prefix_path')
[0.785s] INFO:colcon.colcon_core.shell:Creating environment hook '/home/east/ros2-learning-space/ws01_plumbing/install/base_interfaces_demo/share/base_interfaces_demo/hook/cmake_prefix_path.ps1'
[0.786s] INFO:colcon.colcon_core.shell:Creating environment descriptor '/home/east/ros2-learning-space/ws01_plumbing/install/base_interfaces_demo/share/base_interfaces_demo/hook/cmake_prefix_path.dsv'
[0.786s] INFO:colcon.colcon_core.shell:Creating environment hook '/home/east/ros2-learning-space/ws01_plumbing/install/base_interfaces_demo/share/base_interfaces_demo/hook/cmake_prefix_path.sh'
[0.787s] Level 1:colcon.colcon_core.environment:checking '/home/east/ros2-learning-space/ws01_plumbing/install/base_interfaces_demo/lib'
[0.787s] Level 1:colcon.colcon_core.shell:create_environment_hook('base_interfaces_demo', 'ld_library_path_lib')
[0.787s] INFO:colcon.colcon_core.shell:Creating environment hook '/home/east/ros2-learning-space/ws01_plumbing/install/base_interfaces_demo/share/base_interfaces_demo/hook/ld_library_path_lib.ps1'
[0.788s] INFO:colcon.colcon_core.shell:Creating environment descriptor '/home/east/ros2-learning-space/ws01_plumbing/install/base_interfaces_demo/share/base_interfaces_demo/hook/ld_library_path_lib.dsv'
[0.788s] INFO:colcon.colcon_core.shell:Creating environment hook '/home/east/ros2-learning-space/ws01_plumbing/install/base_interfaces_demo/share/base_interfaces_demo/hook/ld_library_path_lib.sh'
[0.788s] Level 1:colcon.colcon_core.environment:checking '/home/east/ros2-learning-space/ws01_plumbing/install/base_interfaces_demo/bin'
[0.788s] Level 1:colcon.colcon_core.environment:checking '/home/east/ros2-learning-space/ws01_plumbing/install/base_interfaces_demo/lib/pkgconfig/base_interfaces_demo.pc'
[0.789s] Level 1:colcon.colcon_core.environment:checking '/home/east/ros2-learning-space/ws01_plumbing/install/base_interfaces_demo/lib/python3.10/site-packages'
[0.789s] Level 1:colcon.colcon_core.environment:checking '/home/east/ros2-learning-space/ws01_plumbing/install/base_interfaces_demo/bin'
[0.790s] INFO:colcon.colcon_core.shell:Creating package script '/home/east/ros2-learning-space/ws01_plumbing/install/base_interfaces_demo/share/base_interfaces_demo/package.ps1'
[0.790s] INFO:colcon.colcon_core.shell:Creating package descriptor '/home/east/ros2-learning-space/ws01_plumbing/install/base_interfaces_demo/share/base_interfaces_demo/package.dsv'
[0.791s] INFO:colcon.colcon_core.shell:Creating package script '/home/east/ros2-learning-space/ws01_plumbing/install/base_interfaces_demo/share/base_interfaces_demo/package.sh'
[0.791s] INFO:colcon.colcon_core.shell:Creating package script '/home/east/ros2-learning-space/ws01_plumbing/install/base_interfaces_demo/share/base_interfaces_demo/package.bash'
[0.791s] INFO:colcon.colcon_core.shell:Creating package script '/home/east/ros2-learning-space/ws01_plumbing/install/base_interfaces_demo/share/base_interfaces_demo/package.zsh'
[0.791s] Level 1:colcon.colcon_core.environment:create_file_with_runtime_dependencies(/home/east/ros2-learning-space/ws01_plumbing/install/base_interfaces_demo/share/colcon-core/packages/base_interfaces_demo)
[0.792s] INFO:colcon.colcon_ros.task.ament_cmake.build:Building ROS package in '/home/east/ros2-learning-space/ws01_plumbing/src/cpp01_topic' with build type 'ament_cmake'
[0.792s] INFO:colcon.colcon_cmake.task.cmake.build:Building CMake package in '/home/east/ros2-learning-space/ws01_plumbing/src/cpp01_topic'
[0.792s] INFO:colcon.colcon_core.shell:Skip shell extension 'powershell' for command environment: Not usable outside of PowerShell
[0.792s] DEBUG:colcon.colcon_core.shell:Skip shell extension 'dsv' for command environment
[0.794s] INFO:colcon.colcon_ros.task.ament_cmake.build:Building ROS package in '/home/east/ros2-learning-space/ws01_plumbing/src/cpp02_service' with build type 'ament_cmake'
[0.795s] INFO:colcon.colcon_cmake.task.cmake.build:Building CMake package in '/home/east/ros2-learning-space/ws01_plumbing/src/cpp02_service'
[0.795s] INFO:colcon.colcon_core.shell:Skip shell extension 'powershell' for command environment: Not usable outside of PowerShell
[0.795s] DEBUG:colcon.colcon_core.shell:Skip shell extension 'dsv' for command environment
[0.797s] INFO:colcon.colcon_ros.task.ament_cmake.build:Building ROS package in '/home/east/ros2-learning-space/ws01_plumbing/src/cpp03_action' with build type 'ament_cmake'
[0.797s] INFO:colcon.colcon_cmake.task.cmake.build:Building CMake package in '/home/east/ros2-learning-space/ws01_plumbing/src/cpp03_action'
[0.798s] INFO:colcon.colcon_core.shell:Skip shell extension 'powershell' for command environment: Not usable outside of PowerShell
[0.798s] DEBUG:colcon.colcon_core.shell:Skip shell extension 'dsv' for command environment
[0.804s] DEBUG:colcon.colcon_core.event_handler.log_command:Invoking command in '/home/east/ros2-learning-space/ws01_plumbing/build/cpp01_topic': AMENT_PREFIX_PATH=/home/east/ros2-learning-space/ws01_plumbing/install/base_interfaces_demo:${AMENT_PREFIX_PATH} CMAKE_PREFIX_PATH=/home/east/ros2-learning-space/ws01_plumbing/install/base_interfaces_demo:/opt/ros/humble LD_LIBRARY_PATH=/home/east/ros2-learning-space/ws01_plumbing/install/base_interfaces_demo/lib:${LD_LIBRARY_PATH} PYTHONPATH=/home/east/ros2-learning-space/ws01_plumbing/install/base_interfaces_demo/local/lib/python3.10/dist-packages:${PYTHONPATH} /usr/bin/cmake --build /home/east/ros2-learning-space/ws01_plumbing/build/cpp01_topic -- -j18 -l18
[0.808s] DEBUG:colcon.colcon_core.event_handler.log_command:Invoking command in '/home/east/ros2-learning-space/ws01_plumbing/build/cpp02_service': AMENT_PREFIX_PATH=/home/east/ros2-learning-space/ws01_plumbing/install/base_interfaces_demo:${AMENT_PREFIX_PATH} CMAKE_PREFIX_PATH=/home/east/ros2-learning-space/ws01_plumbing/install/base_interfaces_demo:/opt/ros/humble LD_LIBRARY_PATH=/home/east/ros2-learning-space/ws01_plumbing/install/base_interfaces_demo/lib:${LD_LIBRARY_PATH} PYTHONPATH=/home/east/ros2-learning-space/ws01_plumbing/install/base_interfaces_demo/local/lib/python3.10/dist-packages:${PYTHONPATH} /usr/bin/cmake --build /home/east/ros2-learning-space/ws01_plumbing/build/cpp02_service -- -j18 -l18
[0.812s] DEBUG:colcon.colcon_core.event_handler.log_command:Invoking command in '/home/east/ros2-learning-space/ws01_plumbing/build/cpp03_action': AMENT_PREFIX_PATH=/home/east/ros2-learning-space/ws01_plumbing/install/base_interfaces_demo:${AMENT_PREFIX_PATH} CMAKE_PREFIX_PATH=/home/east/ros2-learning-space/ws01_plumbing/install/base_interfaces_demo:/opt/ros/humble LD_LIBRARY_PATH=/home/east/ros2-learning-space/ws01_plumbing/install/base_interfaces_demo/lib:${LD_LIBRARY_PATH} PYTHONPATH=/home/east/ros2-learning-space/ws01_plumbing/install/base_interfaces_demo/local/lib/python3.10/dist-packages:${PYTHONPATH} /usr/bin/cmake --build /home/east/ros2-learning-space/ws01_plumbing/build/cpp03_action -- -j18 -l18
[0.873s] DEBUG:colcon.colcon_core.event_handler.log_command:Invoked command in '/home/east/ros2-learning-space/ws01_plumbing/build/cpp02_service' returned '0': AMENT_PREFIX_PATH=/home/east/ros2-learning-space/ws01_plumbing/install/base_interfaces_demo:${AMENT_PREFIX_PATH} CMAKE_PREFIX_PATH=/home/east/ros2-learning-space/ws01_plumbing/install/base_interfaces_demo:/opt/ros/humble LD_LIBRARY_PATH=/home/east/ros2-learning-space/ws01_plumbing/install/base_interfaces_demo/lib:${LD_LIBRARY_PATH} PYTHONPATH=/home/east/ros2-learning-space/ws01_plumbing/install/base_interfaces_demo/local/lib/python3.10/dist-packages:${PYTHONPATH} /usr/bin/cmake --build /home/east/ros2-learning-space/ws01_plumbing/build/cpp02_service -- -j18 -l18
[0.876s] DEBUG:colcon.colcon_core.event_handler.log_command:Invoking command in '/home/east/ros2-learning-space/ws01_plumbing/build/cpp02_service': AMENT_PREFIX_PATH=/home/east/ros2-learning-space/ws01_plumbing/install/base_interfaces_demo:${AMENT_PREFIX_PATH} CMAKE_PREFIX_PATH=/home/east/ros2-learning-space/ws01_plumbing/install/base_interfaces_demo:/opt/ros/humble LD_LIBRARY_PATH=/home/east/ros2-learning-space/ws01_plumbing/install/base_interfaces_demo/lib:${LD_LIBRARY_PATH} PYTHONPATH=/home/east/ros2-learning-space/ws01_plumbing/install/base_interfaces_demo/local/lib/python3.10/dist-packages:${PYTHONPATH} /usr/bin/cmake --install /home/east/ros2-learning-space/ws01_plumbing/build/cpp02_service
[0.877s] DEBUG:colcon.colcon_core.event_handler.log_command:Invoked command in '/home/east/ros2-learning-space/ws01_plumbing/build/cpp01_topic' returned '0': AMENT_PREFIX_PATH=/home/east/ros2-learning-space/ws01_plumbing/install/base_interfaces_demo:${AMENT_PREFIX_PATH} CMAKE_PREFIX_PATH=/home/east/ros2-learning-space/ws01_plumbing/install/base_interfaces_demo:/opt/ros/humble LD_LIBRARY_PATH=/home/east/ros2-learning-space/ws01_plumbing/install/base_interfaces_demo/lib:${LD_LIBRARY_PATH} PYTHONPATH=/home/east/ros2-learning-space/ws01_plumbing/install/base_interfaces_demo/local/lib/python3.10/dist-packages:${PYTHONPATH} /usr/bin/cmake --build /home/east/ros2-learning-space/ws01_plumbing/build/cpp01_topic -- -j18 -l18
[0.880s] DEBUG:colcon.colcon_core.event_handler.log_command:Invoking command in '/home/east/ros2-learning-space/ws01_plumbing/build/cpp01_topic': AMENT_PREFIX_PATH=/home/east/ros2-learning-space/ws01_plumbing/install/base_interfaces_demo:${AMENT_PREFIX_PATH} CMAKE_PREFIX_PATH=/home/east/ros2-learning-space/ws01_plumbing/install/base_interfaces_demo:/opt/ros/humble LD_LIBRARY_PATH=/home/east/ros2-learning-space/ws01_plumbing/install/base_interfaces_demo/lib:${LD_LIBRARY_PATH} PYTHONPATH=/home/east/ros2-learning-space/ws01_plumbing/install/base_interfaces_demo/local/lib/python3.10/dist-packages:${PYTHONPATH} /usr/bin/cmake --install /home/east/ros2-learning-space/ws01_plumbing/build/cpp01_topic
[0.886s] DEBUG:colcon.colcon_core.event_handler.log_command:Invoked command in '/home/east/ros2-learning-space/ws01_plumbing/build/cpp03_action' returned '0': AMENT_PREFIX_PATH=/home/east/ros2-learning-space/ws01_plumbing/install/base_interfaces_demo:${AMENT_PREFIX_PATH} CMAKE_PREFIX_PATH=/home/east/ros2-learning-space/ws01_plumbing/install/base_interfaces_demo:/opt/ros/humble LD_LIBRARY_PATH=/home/east/ros2-learning-space/ws01_plumbing/install/base_interfaces_demo/lib:${LD_LIBRARY_PATH} PYTHONPATH=/home/east/ros2-learning-space/ws01_plumbing/install/base_interfaces_demo/local/lib/python3.10/dist-packages:${PYTHONPATH} /usr/bin/cmake --build /home/east/ros2-learning-space/ws01_plumbing/build/cpp03_action -- -j18 -l18
[0.890s] Level 1:colcon.colcon_core.environment:create_environment_scripts_only(cpp02_service)
[0.891s] Level 1:colcon.colcon_core.environment:checking '/home/east/ros2-learning-space/ws01_plumbing/install/cpp02_service' for CMake module files
[0.892s] DEBUG:colcon.colcon_core.event_handler.log_command:Invoking command in '/home/east/ros2-learning-space/ws01_plumbing/build/cpp03_action': AMENT_PREFIX_PATH=/home/east/ros2-learning-space/ws01_plumbing/install/base_interfaces_demo:${AMENT_PREFIX_PATH} CMAKE_PREFIX_PATH=/home/east/ros2-learning-space/ws01_plumbing/install/base_interfaces_demo:/opt/ros/humble LD_LIBRARY_PATH=/home/east/ros2-learning-space/ws01_plumbing/install/base_interfaces_demo/lib:${LD_LIBRARY_PATH} PYTHONPATH=/home/east/ros2-learning-space/ws01_plumbing/install/base_interfaces_demo/local/lib/python3.10/dist-packages:${PYTHONPATH} /usr/bin/cmake --install /home/east/ros2-learning-space/ws01_plumbing/build/cpp03_action
[0.893s] Level 1:colcon.colcon_core.environment:checking '/home/east/ros2-learning-space/ws01_plumbing/install/cpp02_service' for CMake config files
[0.895s] DEBUG:colcon.colcon_core.event_handler.log_command:Invoked command in '/home/east/ros2-learning-space/ws01_plumbing/build/cpp02_service' returned '0': AMENT_PREFIX_PATH=/home/east/ros2-learning-space/ws01_plumbing/install/base_interfaces_demo:${AMENT_PREFIX_PATH} CMAKE_PREFIX_PATH=/home/east/ros2-learning-space/ws01_plumbing/install/base_interfaces_demo:/opt/ros/humble LD_LIBRARY_PATH=/home/east/ros2-learning-space/ws01_plumbing/install/base_interfaces_demo/lib:${LD_LIBRARY_PATH} PYTHONPATH=/home/east/ros2-learning-space/ws01_plumbing/install/base_interfaces_demo/local/lib/python3.10/dist-packages:${PYTHONPATH} /usr/bin/cmake --install /home/east/ros2-learning-space/ws01_plumbing/build/cpp02_service
[0.895s] Level 1:colcon.colcon_core.shell:create_environment_hook('cpp02_service', 'cmake_prefix_path')
[0.896s] INFO:colcon.colcon_core.shell:Creating environment hook '/home/east/ros2-learning-space/ws01_plumbing/install/cpp02_service/share/cpp02_service/hook/cmake_prefix_path.ps1'
[0.896s] INFO:colcon.colcon_core.shell:Creating environment descriptor '/home/east/ros2-learning-space/ws01_plumbing/install/cpp02_service/share/cpp02_service/hook/cmake_prefix_path.dsv'
[0.897s] INFO:colcon.colcon_core.shell:Creating environment hook '/home/east/ros2-learning-space/ws01_plumbing/install/cpp02_service/share/cpp02_service/hook/cmake_prefix_path.sh'
[0.898s] Level 1:colcon.colcon_core.environment:checking '/home/east/ros2-learning-space/ws01_plumbing/install/cpp02_service/lib'
[0.898s] Level 1:colcon.colcon_core.environment:checking '/home/east/ros2-learning-space/ws01_plumbing/install/cpp02_service/bin'
[0.898s] Level 1:colcon.colcon_core.environment:checking '/home/east/ros2-learning-space/ws01_plumbing/install/cpp02_service/lib/pkgconfig/cpp02_service.pc'
[0.898s] Level 1:colcon.colcon_core.environment:checking '/home/east/ros2-learning-space/ws01_plumbing/install/cpp02_service/lib/python3.10/site-packages'
[0.898s] Level 1:colcon.colcon_core.environment:checking '/home/east/ros2-learning-space/ws01_plumbing/install/cpp02_service/bin'
[0.899s] INFO:colcon.colcon_core.shell:Creating package script '/home/east/ros2-learning-space/ws01_plumbing/install/cpp02_service/share/cpp02_service/package.ps1'
[0.900s] INFO:colcon.colcon_core.shell:Creating package descriptor '/home/east/ros2-learning-space/ws01_plumbing/install/cpp02_service/share/cpp02_service/package.dsv'
[0.901s] INFO:colcon.colcon_core.shell:Creating package script '/home/east/ros2-learning-space/ws01_plumbing/install/cpp02_service/share/cpp02_service/package.sh'
[0.902s] INFO:colcon.colcon_core.shell:Creating package script '/home/east/ros2-learning-space/ws01_plumbing/install/cpp02_service/share/cpp02_service/package.bash'
[0.903s] INFO:colcon.colcon_core.shell:Creating package script '/home/east/ros2-learning-space/ws01_plumbing/install/cpp02_service/share/cpp02_service/package.zsh'
[0.905s] Level 1:colcon.colcon_core.environment:create_file_with_runtime_dependencies(/home/east/ros2-learning-space/ws01_plumbing/install/cpp02_service/share/colcon-core/packages/cpp02_service)
[0.906s] Level 1:colcon.colcon_core.environment:create_environment_scripts_only(cpp02_service)
[0.906s] Level 1:colcon.colcon_core.environment:checking '/home/east/ros2-learning-space/ws01_plumbing/install/cpp02_service' for CMake module files
[0.907s] Level 1:colcon.colcon_core.environment:checking '/home/east/ros2-learning-space/ws01_plumbing/install/cpp02_service' for CMake config files
[0.907s] Level 1:colcon.colcon_core.shell:create_environment_hook('cpp02_service', 'cmake_prefix_path')
[0.907s] INFO:colcon.colcon_core.shell:Creating environment hook '/home/east/ros2-learning-space/ws01_plumbing/install/cpp02_service/share/cpp02_service/hook/cmake_prefix_path.ps1'
[0.908s] INFO:colcon.colcon_core.shell:Creating environment descriptor '/home/east/ros2-learning-space/ws01_plumbing/install/cpp02_service/share/cpp02_service/hook/cmake_prefix_path.dsv'
[0.908s] INFO:colcon.colcon_core.shell:Creating environment hook '/home/east/ros2-learning-space/ws01_plumbing/install/cpp02_service/share/cpp02_service/hook/cmake_prefix_path.sh'
[0.908s] Level 1:colcon.colcon_core.environment:checking '/home/east/ros2-learning-space/ws01_plumbing/install/cpp02_service/lib'
[0.909s] Level 1:colcon.colcon_core.environment:checking '/home/east/ros2-learning-space/ws01_plumbing/install/cpp02_service/bin'
[0.909s] Level 1:colcon.colcon_core.environment:checking '/home/east/ros2-learning-space/ws01_plumbing/install/cpp02_service/lib/pkgconfig/cpp02_service.pc'
[0.909s] Level 1:colcon.colcon_core.environment:checking '/home/east/ros2-learning-space/ws01_plumbing/install/cpp02_service/lib/python3.10/site-packages'
[0.909s] Level 1:colcon.colcon_core.environment:checking '/home/east/ros2-learning-space/ws01_plumbing/install/cpp02_service/bin'
[0.909s] INFO:colcon.colcon_core.shell:Creating package script '/home/east/ros2-learning-space/ws01_plumbing/install/cpp02_service/share/cpp02_service/package.ps1'
[0.910s] INFO:colcon.colcon_core.shell:Creating package descriptor '/home/east/ros2-learning-space/ws01_plumbing/install/cpp02_service/share/cpp02_service/package.dsv'
[0.910s] INFO:colcon.colcon_core.shell:Creating package script '/home/east/ros2-learning-space/ws01_plumbing/install/cpp02_service/share/cpp02_service/package.sh'
[0.910s] INFO:colcon.colcon_core.shell:Creating package script '/home/east/ros2-learning-space/ws01_plumbing/install/cpp02_service/share/cpp02_service/package.bash'
[0.911s] INFO:colcon.colcon_core.shell:Creating package script '/home/east/ros2-learning-space/ws01_plumbing/install/cpp02_service/share/cpp02_service/package.zsh'
[0.911s] Level 1:colcon.colcon_core.environment:create_file_with_runtime_dependencies(/home/east/ros2-learning-space/ws01_plumbing/install/cpp02_service/share/colcon-core/packages/cpp02_service)
[0.912s] Level 1:colcon.colcon_core.environment:create_environment_scripts_only(cpp03_action)
[0.912s] Level 1:colcon.colcon_core.environment:checking '/home/east/ros2-learning-space/ws01_plumbing/install/cpp03_action' for CMake module files
[0.913s] DEBUG:colcon.colcon_core.event_handler.log_command:Invoked command in '/home/east/ros2-learning-space/ws01_plumbing/build/cpp03_action' returned '0': AMENT_PREFIX_PATH=/home/east/ros2-learning-space/ws01_plumbing/install/base_interfaces_demo:${AMENT_PREFIX_PATH} CMAKE_PREFIX_PATH=/home/east/ros2-learning-space/ws01_plumbing/install/base_interfaces_demo:/opt/ros/humble LD_LIBRARY_PATH=/home/east/ros2-learning-space/ws01_plumbing/install/base_interfaces_demo/lib:${LD_LIBRARY_PATH} PYTHONPATH=/home/east/ros2-learning-space/ws01_plumbing/install/base_interfaces_demo/local/lib/python3.10/dist-packages:${PYTHONPATH} /usr/bin/cmake --install /home/east/ros2-learning-space/ws01_plumbing/build/cpp03_action
[0.913s] Level 1:colcon.colcon_core.environment:checking '/home/east/ros2-learning-space/ws01_plumbing/install/cpp03_action' for CMake config files
[0.914s] Level 1:colcon.colcon_core.shell:create_environment_hook('cpp03_action', 'cmake_prefix_path')
[0.914s] INFO:colcon.colcon_core.shell:Creating environment hook '/home/east/ros2-learning-space/ws01_plumbing/install/cpp03_action/share/cpp03_action/hook/cmake_prefix_path.ps1'
[0.915s] INFO:colcon.colcon_core.shell:Creating environment descriptor '/home/east/ros2-learning-space/ws01_plumbing/install/cpp03_action/share/cpp03_action/hook/cmake_prefix_path.dsv'
[0.915s] INFO:colcon.colcon_core.shell:Creating environment hook '/home/east/ros2-learning-space/ws01_plumbing/install/cpp03_action/share/cpp03_action/hook/cmake_prefix_path.sh'
[0.916s] Level 1:colcon.colcon_core.environment:checking '/home/east/ros2-learning-space/ws01_plumbing/install/cpp03_action/lib'
[0.916s] Level 1:colcon.colcon_core.environment:checking '/home/east/ros2-learning-space/ws01_plumbing/install/cpp03_action/bin'
[0.916s] Level 1:colcon.colcon_core.environment:checking '/home/east/ros2-learning-space/ws01_plumbing/install/cpp03_action/lib/pkgconfig/cpp03_action.pc'
[0.916s] Level 1:colcon.colcon_core.environment:checking '/home/east/ros2-learning-space/ws01_plumbing/install/cpp03_action/lib/python3.10/site-packages'
[0.917s] Level 1:colcon.colcon_core.environment:checking '/home/east/ros2-learning-space/ws01_plumbing/install/cpp03_action/bin'
[0.917s] INFO:colcon.colcon_core.shell:Creating package script '/home/east/ros2-learning-space/ws01_plumbing/install/cpp03_action/share/cpp03_action/package.ps1'
[0.918s] INFO:colcon.colcon_core.shell:Creating package descriptor '/home/east/ros2-learning-space/ws01_plumbing/install/cpp03_action/share/cpp03_action/package.dsv'
[0.918s] INFO:colcon.colcon_core.shell:Creating package script '/home/east/ros2-learning-space/ws01_plumbing/install/cpp03_action/share/cpp03_action/package.sh'
[0.919s] INFO:colcon.colcon_core.shell:Creating package script '/home/east/ros2-learning-space/ws01_plumbing/install/cpp03_action/share/cpp03_action/package.bash'
[0.919s] INFO:colcon.colcon_core.shell:Creating package script '/home/east/ros2-learning-space/ws01_plumbing/install/cpp03_action/share/cpp03_action/package.zsh'
[0.919s] Level 1:colcon.colcon_core.environment:create_file_with_runtime_dependencies(/home/east/ros2-learning-space/ws01_plumbing/install/cpp03_action/share/colcon-core/packages/cpp03_action)
[0.920s] Level 1:colcon.colcon_core.environment:create_environment_scripts_only(cpp03_action)
[0.920s] Level 1:colcon.colcon_core.environment:checking '/home/east/ros2-learning-space/ws01_plumbing/install/cpp03_action' for CMake module files
[0.920s] Level 1:colcon.colcon_core.environment:checking '/home/east/ros2-learning-space/ws01_plumbing/install/cpp03_action' for CMake config files
[0.921s] Level 1:colcon.colcon_core.shell:create_environment_hook('cpp03_action', 'cmake_prefix_path')
[0.921s] INFO:colcon.colcon_core.shell:Creating environment hook '/home/east/ros2-learning-space/ws01_plumbing/install/cpp03_action/share/cpp03_action/hook/cmake_prefix_path.ps1'
[0.921s] INFO:colcon.colcon_core.shell:Creating environment descriptor '/home/east/ros2-learning-space/ws01_plumbing/install/cpp03_action/share/cpp03_action/hook/cmake_prefix_path.dsv'
[0.921s] INFO:colcon.colcon_core.shell:Creating environment hook '/home/east/ros2-learning-space/ws01_plumbing/install/cpp03_action/share/cpp03_action/hook/cmake_prefix_path.sh'
[0.922s] Level 1:colcon.colcon_core.environment:checking '/home/east/ros2-learning-space/ws01_plumbing/install/cpp03_action/lib'
[0.922s] Level 1:colcon.colcon_core.environment:checking '/home/east/ros2-learning-space/ws01_plumbing/install/cpp03_action/bin'
[0.922s] Level 1:colcon.colcon_core.environment:checking '/home/east/ros2-learning-space/ws01_plumbing/install/cpp03_action/lib/pkgconfig/cpp03_action.pc'
[0.922s] Level 1:colcon.colcon_core.environment:checking '/home/east/ros2-learning-space/ws01_plumbing/install/cpp03_action/lib/python3.10/site-packages'
[0.922s] Level 1:colcon.colcon_core.environment:checking '/home/east/ros2-learning-space/ws01_plumbing/install/cpp03_action/bin'
[0.923s] INFO:colcon.colcon_core.shell:Creating package script '/home/east/ros2-learning-space/ws01_plumbing/install/cpp03_action/share/cpp03_action/package.ps1'
[0.923s] INFO:colcon.colcon_core.shell:Creating package descriptor '/home/east/ros2-learning-space/ws01_plumbing/install/cpp03_action/share/cpp03_action/package.dsv'
[0.923s] INFO:colcon.colcon_core.shell:Creating package script '/home/east/ros2-learning-space/ws01_plumbing/install/cpp03_action/share/cpp03_action/package.sh'
[0.923s] INFO:colcon.colcon_core.shell:Creating package script '/home/east/ros2-learning-space/ws01_plumbing/install/cpp03_action/share/cpp03_action/package.bash'
[0.924s] INFO:colcon.colcon_core.shell:Creating package script '/home/east/ros2-learning-space/ws01_plumbing/install/cpp03_action/share/cpp03_action/package.zsh'
[0.924s] Level 1:colcon.colcon_core.environment:create_file_with_runtime_dependencies(/home/east/ros2-learning-space/ws01_plumbing/install/cpp03_action/share/colcon-core/packages/cpp03_action)
[0.924s] Level 1:colcon.colcon_core.environment:create_environment_scripts_only(cpp01_topic)
[0.924s] Level 1:colcon.colcon_core.environment:checking '/home/east/ros2-learning-space/ws01_plumbing/install/cpp01_topic' for CMake module files
[0.926s] DEBUG:colcon.colcon_core.event_handler.log_command:Invoked command in '/home/east/ros2-learning-space/ws01_plumbing/build/cpp01_topic' returned '0': AMENT_PREFIX_PATH=/home/east/ros2-learning-space/ws01_plumbing/install/base_interfaces_demo:${AMENT_PREFIX_PATH} CMAKE_PREFIX_PATH=/home/east/ros2-learning-space/ws01_plumbing/install/base_interfaces_demo:/opt/ros/humble LD_LIBRARY_PATH=/home/east/ros2-learning-space/ws01_plumbing/install/base_interfaces_demo/lib:${LD_LIBRARY_PATH} PYTHONPATH=/home/east/ros2-learning-space/ws01_plumbing/install/base_interfaces_demo/local/lib/python3.10/dist-packages:${PYTHONPATH} /usr/bin/cmake --install /home/east/ros2-learning-space/ws01_plumbing/build/cpp01_topic
[0.926s] Level 1:colcon.colcon_core.environment:checking '/home/east/ros2-learning-space/ws01_plumbing/install/cpp01_topic' for CMake config files
[0.926s] Level 1:colcon.colcon_core.shell:create_environment_hook('cpp01_topic', 'cmake_prefix_path')
[0.926s] INFO:colcon.colcon_core.shell:Creating environment hook '/home/east/ros2-learning-space/ws01_plumbing/install/cpp01_topic/share/cpp01_topic/hook/cmake_prefix_path.ps1'
[0.926s] INFO:colcon.colcon_core.shell:Creating environment descriptor '/home/east/ros2-learning-space/ws01_plumbing/install/cpp01_topic/share/cpp01_topic/hook/cmake_prefix_path.dsv'
[0.926s] INFO:colcon.colcon_core.shell:Creating environment hook '/home/east/ros2-learning-space/ws01_plumbing/install/cpp01_topic/share/cpp01_topic/hook/cmake_prefix_path.sh'
[0.927s] Level 1:colcon.colcon_core.environment:checking '/home/east/ros2-learning-space/ws01_plumbing/install/cpp01_topic/lib'
[0.927s] Level 1:colcon.colcon_core.environment:checking '/home/east/ros2-learning-space/ws01_plumbing/install/cpp01_topic/bin'
[0.927s] Level 1:colcon.colcon_core.environment:checking '/home/east/ros2-learning-space/ws01_plumbing/install/cpp01_topic/lib/pkgconfig/cpp01_topic.pc'
[0.927s] Level 1:colcon.colcon_core.environment:checking '/home/east/ros2-learning-space/ws01_plumbing/install/cpp01_topic/lib/python3.10/site-packages'
[0.927s] Level 1:colcon.colcon_core.environment:checking '/home/east/ros2-learning-space/ws01_plumbing/install/cpp01_topic/bin'
[0.927s] INFO:colcon.colcon_core.shell:Creating package script '/home/east/ros2-learning-space/ws01_plumbing/install/cpp01_topic/share/cpp01_topic/package.ps1'
[0.928s] INFO:colcon.colcon_core.shell:Creating package descriptor '/home/east/ros2-learning-space/ws01_plumbing/install/cpp01_topic/share/cpp01_topic/package.dsv'
[0.928s] INFO:colcon.colcon_core.shell:Creating package script '/home/east/ros2-learning-space/ws01_plumbing/install/cpp01_topic/share/cpp01_topic/package.sh'
[0.928s] INFO:colcon.colcon_core.shell:Creating package script '/home/east/ros2-learning-space/ws01_plumbing/install/cpp01_topic/share/cpp01_topic/package.bash'
[0.928s] INFO:colcon.colcon_core.shell:Creating package script '/home/east/ros2-learning-space/ws01_plumbing/install/cpp01_topic/share/cpp01_topic/package.zsh'
[0.928s] Level 1:colcon.colcon_core.environment:create_file_with_runtime_dependencies(/home/east/ros2-learning-space/ws01_plumbing/install/cpp01_topic/share/colcon-core/packages/cpp01_topic)
[0.929s] Level 1:colcon.colcon_core.environment:create_environment_scripts_only(cpp01_topic)
[0.929s] Level 1:colcon.colcon_core.environment:checking '/home/east/ros2-learning-space/ws01_plumbing/install/cpp01_topic' for CMake module files
[0.929s] Level 1:colcon.colcon_core.environment:checking '/home/east/ros2-learning-space/ws01_plumbing/install/cpp01_topic' for CMake config files
[0.929s] Level 1:colcon.colcon_core.shell:create_environment_hook('cpp01_topic', 'cmake_prefix_path')
[0.930s] INFO:colcon.colcon_core.shell:Creating environment hook '/home/east/ros2-learning-space/ws01_plumbing/install/cpp01_topic/share/cpp01_topic/hook/cmake_prefix_path.ps1'
[0.930s] INFO:colcon.colcon_core.shell:Creating environment descriptor '/home/east/ros2-learning-space/ws01_plumbing/install/cpp01_topic/share/cpp01_topic/hook/cmake_prefix_path.dsv'
[0.930s] INFO:colcon.colcon_core.shell:Creating environment hook '/home/east/ros2-learning-space/ws01_plumbing/install/cpp01_topic/share/cpp01_topic/hook/cmake_prefix_path.sh'
[0.931s] Level 1:colcon.colcon_core.environment:checking '/home/east/ros2-learning-space/ws01_plumbing/install/cpp01_topic/lib'
[0.931s] Level 1:colcon.colcon_core.environment:checking '/home/east/ros2-learning-space/ws01_plumbing/install/cpp01_topic/bin'
[0.931s] Level 1:colcon.colcon_core.environment:checking '/home/east/ros2-learning-space/ws01_plumbing/install/cpp01_topic/lib/pkgconfig/cpp01_topic.pc'
[0.931s] Level 1:colcon.colcon_core.environment:checking '/home/east/ros2-learning-space/ws01_plumbing/install/cpp01_topic/lib/python3.10/site-packages'
[0.931s] Level 1:colcon.colcon_core.environment:checking '/home/east/ros2-learning-space/ws01_plumbing/install/cpp01_topic/bin'
[0.932s] INFO:colcon.colcon_core.shell:Creating package script '/home/east/ros2-learning-space/ws01_plumbing/install/cpp01_topic/share/cpp01_topic/package.ps1'
[0.932s] INFO:colcon.colcon_core.shell:Creating package descriptor '/home/east/ros2-learning-space/ws01_plumbing/install/cpp01_topic/share/cpp01_topic/package.dsv'
[0.932s] INFO:colcon.colcon_core.shell:Creating package script '/home/east/ros2-learning-space/ws01_plumbing/install/cpp01_topic/share/cpp01_topic/package.sh'
[0.932s] INFO:colcon.colcon_core.shell:Creating package script '/home/east/ros2-learning-space/ws01_plumbing/install/cpp01_topic/share/cpp01_topic/package.bash'
[0.933s] INFO:colcon.colcon_core.shell:Creating package script '/home/east/ros2-learning-space/ws01_plumbing/install/cpp01_topic/share/cpp01_topic/package.zsh'
[0.933s] Level 1:colcon.colcon_core.environment:create_file_with_runtime_dependencies(/home/east/ros2-learning-space/ws01_plumbing/install/cpp01_topic/share/colcon-core/packages/cpp01_topic)
[1.534s] DEBUG:colcon.colcon_core.event_handler.log_command:Invoked command in '/home/east/ros2-learning-space/ws01_plumbing/build/cpp04_param' returned '0': /usr/bin/cmake /home/east/ros2-learning-space/ws01_plumbing/src/cpp04_param -DCMAKE_INSTALL_PREFIX=/home/east/ros2-learning-space/ws01_plumbing/install/cpp04_param
[1.535s] DEBUG:colcon.colcon_core.event_handler.log_command:Invoking command in '/home/east/ros2-learning-space/ws01_plumbing/build/cpp04_param': /usr/bin/cmake --build /home/east/ros2-learning-space/ws01_plumbing/build/cpp04_param -- -j18 -l18
[4.083s] DEBUG:colcon.colcon_core.event_handler.log_command:Invoked command in '/home/east/ros2-learning-space/ws01_plumbing/build/cpp04_param' returned '0': /usr/bin/cmake --build /home/east/ros2-learning-space/ws01_plumbing/build/cpp04_param -- -j18 -l18
[4.085s] DEBUG:colcon.colcon_core.event_handler.log_command:Invoking command in '/home/east/ros2-learning-space/ws01_plumbing/build/cpp04_param': /usr/bin/cmake --install /home/east/ros2-learning-space/ws01_plumbing/build/cpp04_param
[4.095s] Level 1:colcon.colcon_core.environment:create_environment_scripts_only(cpp04_param)
[4.096s] Level 1:colcon.colcon_core.environment:checking '/home/east/ros2-learning-space/ws01_plumbing/install/cpp04_param' for CMake module files
[4.096s] DEBUG:colcon.colcon_core.event_handler.log_command:Invoked command in '/home/east/ros2-learning-space/ws01_plumbing/build/cpp04_param' returned '0': /usr/bin/cmake --install /home/east/ros2-learning-space/ws01_plumbing/build/cpp04_param
[4.097s] Level 1:colcon.colcon_core.environment:checking '/home/east/ros2-learning-space/ws01_plumbing/install/cpp04_param' for CMake config files
[4.097s] Level 1:colcon.colcon_core.shell:create_environment_hook('cpp04_param', 'cmake_prefix_path')
[4.097s] INFO:colcon.colcon_core.shell:Creating environment hook '/home/east/ros2-learning-space/ws01_plumbing/install/cpp04_param/share/cpp04_param/hook/cmake_prefix_path.ps1'
[4.098s] INFO:colcon.colcon_core.shell:Creating environment descriptor '/home/east/ros2-learning-space/ws01_plumbing/install/cpp04_param/share/cpp04_param/hook/cmake_prefix_path.dsv'
[4.098s] INFO:colcon.colcon_core.shell:Creating environment hook '/home/east/ros2-learning-space/ws01_plumbing/install/cpp04_param/share/cpp04_param/hook/cmake_prefix_path.sh'
[4.099s] Level 1:colcon.colcon_core.environment:checking '/home/east/ros2-learning-space/ws01_plumbing/install/cpp04_param/lib'
[4.099s] Level 1:colcon.colcon_core.environment:checking '/home/east/ros2-learning-space/ws01_plumbing/install/cpp04_param/bin'
[4.099s] Level 1:colcon.colcon_core.environment:checking '/home/east/ros2-learning-space/ws01_plumbing/install/cpp04_param/lib/pkgconfig/cpp04_param.pc'
[4.099s] Level 1:colcon.colcon_core.environment:checking '/home/east/ros2-learning-space/ws01_plumbing/install/cpp04_param/lib/python3.10/site-packages'
[4.100s] Level 1:colcon.colcon_core.environment:checking '/home/east/ros2-learning-space/ws01_plumbing/install/cpp04_param/bin'
[4.100s] INFO:colcon.colcon_core.shell:Creating package script '/home/east/ros2-learning-space/ws01_plumbing/install/cpp04_param/share/cpp04_param/package.ps1'
[4.101s] INFO:colcon.colcon_core.shell:Creating package descriptor '/home/east/ros2-learning-space/ws01_plumbing/install/cpp04_param/share/cpp04_param/package.dsv'
[4.101s] INFO:colcon.colcon_core.shell:Creating package script '/home/east/ros2-learning-space/ws01_plumbing/install/cpp04_param/share/cpp04_param/package.sh'
[4.102s] INFO:colcon.colcon_core.shell:Creating package script '/home/east/ros2-learning-space/ws01_plumbing/install/cpp04_param/share/cpp04_param/package.bash'
[4.102s] INFO:colcon.colcon_core.shell:Creating package script '/home/east/ros2-learning-space/ws01_plumbing/install/cpp04_param/share/cpp04_param/package.zsh'
[4.102s] Level 1:colcon.colcon_core.environment:create_file_with_runtime_dependencies(/home/east/ros2-learning-space/ws01_plumbing/install/cpp04_param/share/colcon-core/packages/cpp04_param)
[4.104s] Level 1:colcon.colcon_core.environment:create_environment_scripts_only(cpp04_param)
[4.104s] Level 1:colcon.colcon_core.environment:checking '/home/east/ros2-learning-space/ws01_plumbing/install/cpp04_param' for CMake module files
[4.104s] Level 1:colcon.colcon_core.environment:checking '/home/east/ros2-learning-space/ws01_plumbing/install/cpp04_param' for CMake config files
[4.105s] Level 1:colcon.colcon_core.shell:create_environment_hook('cpp04_param', 'cmake_prefix_path')
[4.105s] INFO:colcon.colcon_core.shell:Creating environment hook '/home/east/ros2-learning-space/ws01_plumbing/install/cpp04_param/share/cpp04_param/hook/cmake_prefix_path.ps1'
[4.105s] INFO:colcon.colcon_core.shell:Creating environment descriptor '/home/east/ros2-learning-space/ws01_plumbing/install/cpp04_param/share/cpp04_param/hook/cmake_prefix_path.dsv'
[4.105s] INFO:colcon.colcon_core.shell:Creating environment hook '/home/east/ros2-learning-space/ws01_plumbing/install/cpp04_param/share/cpp04_param/hook/cmake_prefix_path.sh'
[4.106s] Level 1:colcon.colcon_core.environment:checking '/home/east/ros2-learning-space/ws01_plumbing/install/cpp04_param/lib'
[4.106s] Level 1:colcon.colcon_core.environment:checking '/home/east/ros2-learning-space/ws01_plumbing/install/cpp04_param/bin'
[4.106s] Level 1:colcon.colcon_core.environment:checking '/home/east/ros2-learning-space/ws01_plumbing/install/cpp04_param/lib/pkgconfig/cpp04_param.pc'
[4.106s] Level 1:colcon.colcon_core.environment:checking '/home/east/ros2-learning-space/ws01_plumbing/install/cpp04_param/lib/python3.10/site-packages'
[4.106s] Level 1:colcon.colcon_core.environment:checking '/home/east/ros2-learning-space/ws01_plumbing/install/cpp04_param/bin'
[4.106s] INFO:colcon.colcon_core.shell:Creating package script '/home/east/ros2-learning-space/ws01_plumbing/install/cpp04_param/share/cpp04_param/package.ps1'
[4.107s] INFO:colcon.colcon_core.shell:Creating package descriptor '/home/east/ros2-learning-space/ws01_plumbing/install/cpp04_param/share/cpp04_param/package.dsv'
[4.107s] INFO:colcon.colcon_core.shell:Creating package script '/home/east/ros2-learning-space/ws01_plumbing/install/cpp04_param/share/cpp04_param/package.sh'
[4.107s] INFO:colcon.colcon_core.shell:Creating package script '/home/east/ros2-learning-space/ws01_plumbing/install/cpp04_param/share/cpp04_param/package.bash'
[4.107s] INFO:colcon.colcon_core.shell:Creating package script '/home/east/ros2-learning-space/ws01_plumbing/install/cpp04_param/share/cpp04_param/package.zsh'
[4.108s] Level 1:colcon.colcon_core.environment:create_file_with_runtime_dependencies(/home/east/ros2-learning-space/ws01_plumbing/install/cpp04_param/share/colcon-core/packages/cpp04_param)
[4.108s] DEBUG:colcon.colcon_parallel_executor.executor.parallel:closing loop
[4.108s] DEBUG:colcon.colcon_parallel_executor.executor.parallel:loop closed
[4.108s] DEBUG:colcon.colcon_parallel_executor.executor.parallel:run_until_complete finished with '0'
[4.108s] DEBUG:colcon.colcon_core.event_reactor:joining thread
[4.114s] INFO:colcon.colcon_core.plugin_system:Skipping extension 'colcon_notification.desktop_notification.terminal_notifier': Not used on non-Darwin systems
[4.114s] INFO:colcon.colcon_core.plugin_system:Skipping extension 'colcon_notification.desktop_notification.win32': Not used on non-Windows systems
[4.114s] INFO:colcon.colcon_notification.desktop_notification:Sending desktop notification using 'notify2'
[4.132s] DEBUG:colcon.colcon_core.event_reactor:joined thread
[4.132s] INFO:colcon.colcon_core.shell:Creating prefix script '/home/east/ros2-learning-space/ws01_plumbing/install/local_setup.ps1'
[4.134s] INFO:colcon.colcon_core.shell:Creating prefix util module '/home/east/ros2-learning-space/ws01_plumbing/install/_local_setup_util_ps1.py'
[4.136s] INFO:colcon.colcon_core.shell:Creating prefix chain script '/home/east/ros2-learning-space/ws01_plumbing/install/setup.ps1'
[4.138s] INFO:colcon.colcon_core.shell:Creating prefix script '/home/east/ros2-learning-space/ws01_plumbing/install/local_setup.sh'
[4.139s] INFO:colcon.colcon_core.shell:Creating prefix util module '/home/east/ros2-learning-space/ws01_plumbing/install/_local_setup_util_sh.py'
[4.140s] INFO:colcon.colcon_core.shell:Creating prefix chain script '/home/east/ros2-learning-space/ws01_plumbing/install/setup.sh'
[4.141s] INFO:colcon.colcon_core.shell:Creating prefix script '/home/east/ros2-learning-space/ws01_plumbing/install/local_setup.bash'
[4.141s] INFO:colcon.colcon_core.shell:Creating prefix chain script '/home/east/ros2-learning-space/ws01_plumbing/install/setup.bash'
[4.143s] INFO:colcon.colcon_core.shell:Creating prefix script '/home/east/ros2-learning-space/ws01_plumbing/install/local_setup.zsh'
[4.143s] INFO:colcon.colcon_core.shell:Creating prefix chain script '/home/east/ros2-learning-space/ws01_plumbing/install/setup.zsh'
