[0.007s] Invoking command in '/home/east/ros2-learning-space/ws01_plumbing/build/cpp01_topic': CMAKE_PREFIX_PATH=/home/east/ros2-learning-space/ws01_plumbing/install/base_interfaces_demo:/home/east/ros2-learning-space/ws01_plumbing/install/cpp01_topic:/opt/ros/humble /usr/bin/cmake --build /home/east/ros2-learning-space/ws01_plumbing/build/cpp01_topic -- -j18 -l18
[0.025s] -- Found ament_cmake: 1.3.12 (/opt/ros/humble/share/ament_cmake/cmake)
[0.108s] -- Found rclcpp: 16.0.15 (/opt/ros/humble/share/rclcpp/cmake)
[0.125s] -- Found rosidl_generator_c: 3.1.7 (/opt/ros/humble/share/rosidl_generator_c/cmake)
[0.126s] -- Found rosidl_adapter: 3.1.7 (/opt/ros/humble/share/rosidl_adapter/cmake)
[0.129s] -- Found rosidl_generator_cpp: 3.1.7 (/opt/ros/humble/share/rosidl_generator_cpp/cmake)
[0.135s] -- Using all available rosidl_typesupport_c: rosidl_typesupport_fastrtps_c;rosidl_typesupport_introspection_c
[0.142s] -- Using all available rosidl_typesupport_cpp: rosidl_typesupport_fastrtps_cpp;rosidl_typesupport_introspection_cpp
[0.161s] -- Found rmw_implementation_cmake: 6.1.2 (/opt/ros/humble/share/rmw_implementation_cmake/cmake)
[0.161s] -- Found rmw_fastrtps_cpp: 6.2.9 (/opt/ros/humble/share/rmw_fastrtps_cpp/cmake)
[0.228s] -- Using RMW implementation 'rmw_fastrtps_cpp' as default
[0.258s] -- Found base_interfaces_demo: 0.0.0 (/home/east/ros2-learning-space/ws01_plumbing/install/base_interfaces_demo/share/base_interfaces_demo/cmake)
[0.259s] [31mCMake Error at CMakeLists.txt:26 (install):
[0.259s]   install TARGETS given target "demmo01_talker_src" which does not exist.
[0.259s] 
[0.259s] [0m
[0.259s] -- Found ament_lint_auto: 0.12.14 (/opt/ros/humble/share/ament_lint_auto/cmake)
[0.306s] -- Added test 'cppcheck' to perform static code analysis on C / C++ code
[0.306s] -- Configured cppcheck include dirs: $<BUILD_INTERFACE:/home/east/ros2-learning-space/ws01_plumbing/src/cpp01_topic/include>
[0.306s] -- Configured cppcheck exclude dirs and/or files: 
[0.306s] -- Added test 'lint_cmake' to check CMake code style
[0.307s] -- Added test 'uncrustify' to check C / C++ code style
[0.307s] -- Configured uncrustify additional arguments: 
[0.307s] -- Added test 'xmllint' to check XML markup files
[0.307s] -- Configuring incomplete, errors occurred!
[0.308s] See also "/home/east/ros2-learning-space/ws01_plumbing/build/cpp01_topic/CMakeFiles/CMakeOutput.log".
[0.313s] gmake: *** [Makefile:267：cmake_check_build_system] 错误 1
[0.315s] Invoked command in '/home/east/ros2-learning-space/ws01_plumbing/build/cpp01_topic' returned '2': CMAKE_PREFIX_PATH=/home/east/ros2-learning-space/ws01_plumbing/install/base_interfaces_demo:/home/east/ros2-learning-space/ws01_plumbing/install/cpp01_topic:/opt/ros/humble /usr/bin/cmake --build /home/east/ros2-learning-space/ws01_plumbing/build/cpp01_topic -- -j18 -l18
