[0.012s] Invoking command in '/home/east/ros2-learning-space/ws01_plumbing/build/cpp03_action': CMAKE_PREFIX_PATH=/home/east/ros2-learning-space/ws01_plumbing/install/base_interfaces_demo:/home/east/ros2-learning-space/ws01_plumbing/install/cpp07_exercise:/home/east/ros2-learning-space/ws01_plumbing/install/cpp06_time:/home/east/ros2-learning-space/ws01_plumbing/install/cpp05_names:/home/east/ros2-learning-space/ws01_plumbing/install/cpp04_param:/home/east/ros2-learning-space/ws01_plumbing/install/cpp03_action:/home/east/ros2-learning-space/ws01_plumbing/install/cpp02_service:/home/east/ros2-learning-space/ws01_plumbing/install/cpp01_topic:/opt/ros/humble /usr/bin/cmake --build /home/east/ros2-learning-space/ws01_plumbing/build/cpp03_action -- -j18 -l18
[0.029s] -- Found ament_cmake: 1.3.12 (/opt/ros/humble/share/ament_cmake/cmake)
[0.126s] -- Found rclcpp: 16.0.15 (/opt/ros/humble/share/rclcpp/cmake)
[0.143s] -- Found rosidl_generator_c: 3.1.7 (/opt/ros/humble/share/rosidl_generator_c/cmake)
[0.144s] -- Found rosidl_adapter: 3.1.7 (/opt/ros/humble/share/rosidl_adapter/cmake)
[0.147s] -- Found rosidl_generator_cpp: 3.1.7 (/opt/ros/humble/share/rosidl_generator_cpp/cmake)
[0.153s] -- Using all available rosidl_typesupport_c: rosidl_typesupport_fastrtps_c;rosidl_typesupport_introspection_c
[0.160s] -- Using all available rosidl_typesupport_cpp: rosidl_typesupport_fastrtps_cpp;rosidl_typesupport_introspection_cpp
[0.178s] -- Found rmw_implementation_cmake: 6.1.2 (/opt/ros/humble/share/rmw_implementation_cmake/cmake)
[0.179s] -- Found rmw_fastrtps_cpp: 6.2.9 (/opt/ros/humble/share/rmw_fastrtps_cpp/cmake)
[0.262s] -- Using RMW implementation 'rmw_fastrtps_cpp' as default
[0.292s] -- Found base_interfaces_demo: 0.0.0 (/home/east/ros2-learning-space/ws01_plumbing/install/base_interfaces_demo/share/base_interfaces_demo/cmake)
[0.323s] -- Found rclcpp_action: 16.0.15 (/opt/ros/humble/share/rclcpp_action/cmake)
[0.334s] -- Found ament_lint_auto: 0.12.14 (/opt/ros/humble/share/ament_lint_auto/cmake)
[0.396s] -- Added test 'cppcheck' to perform static code analysis on C / C++ code
[0.396s] -- Configured cppcheck include dirs: $<BUILD_INTERFACE:/home/east/ros2-learning-space/ws01_plumbing/src/cpp03_action/include>
[0.396s] -- Configured cppcheck exclude dirs and/or files: 
[0.397s] -- Added test 'lint_cmake' to check CMake code style
[0.397s] -- Added test 'uncrustify' to check C / C++ code style
[0.397s] -- Configured uncrustify additional arguments: 
[0.398s] -- Added test 'xmllint' to check XML markup files
[0.399s] -- Configuring done
[0.415s] -- Generating done
[0.422s] -- Build files have been written to: /home/east/ros2-learning-space/ws01_plumbing/build/cpp03_action
[0.446s] [35m[1mConsolidate compiler generated dependencies of target demo01_action_server[0m
[0.450s] [35m[1mConsolidate compiler generated dependencies of target demo02_action_client[0m
[0.462s] [ 25%] [32mBuilding CXX object CMakeFiles/demo01_action_server.dir/src/demo01_action_server.cpp.o[0m
[0.468s] [ 50%] [32mBuilding CXX object CMakeFiles/demo02_action_client.dir/src/demo02_action_client.cpp.o[0m
[2.258s] [01m[K/home/east/ros2-learning-space/ws01_plumbing/src/cpp03_action/src/demo01_action_server.cpp:[m[K In member function ‘[01m[Krclcpp_action::GoalResponse ProgressActionServer::handle_goal(const GoalUUID&, std::shared_ptr<const base_interfaces_demo::action::Progress_Goal_<std::allocator<void> > >)[m[K’:
[2.259s] [01m[K/home/east/ros2-learning-space/ws01_plumbing/src/cpp03_action/src/demo01_action_server.cpp:24:76:[m[K [01;35m[Kwarning: [m[Kunused parameter ‘[01m[Kuuid[m[K’ [[01;35m[K]8;;https://gcc.gnu.org/onlinedocs/gcc/Warning-Options.html#index-Wunused-parameter-Wunused-parameter]8;;[m[K]
[2.259s]    24 |     rclcpp_action::GoalResponse handle_goal([01;35m[Kconst rclcpp_action::GoalUUID &uuid[m[K, std::shared_ptr<const Progress::Goal> goal_handle){
[2.259s]       |                                             [01;35m[K~~~~~~~~~~~~~~~~~~~~~~~~~~~~~~~^~~~[m[K
[2.259s] [01m[K/home/east/ros2-learning-space/ws01_plumbing/src/cpp03_action/src/demo01_action_server.cpp:[m[K In member function ‘[01m[Krclcpp_action::CancelResponse ProgressActionServer::handle_cancel(std::shared_ptr<rclcpp_action::ServerGoalHandle<base_interfaces_demo::action::Progress> >)[m[K’:
[2.259s] [01m[K/home/east/ros2-learning-space/ws01_plumbing/src/cpp03_action/src/demo01_action_server.cpp:33:108:[m[K [01;35m[Kwarning: [m[Kunused parameter ‘[01m[Kcancel_handle[m[K’ [[01;35m[K]8;;https://gcc.gnu.org/onlinedocs/gcc/Warning-Options.html#index-Wunused-parameter-Wunused-parameter]8;;[m[K]
[2.259s]    33 |     rclcpp_action::CancelResponse handle_cancel([01;35m[Kstd::shared_ptr<rclcpp_action::ServerGoalHandle<Progress>> cancel_handle[m[K){
[2.259s]       |                                                 [01;35m[K~~~~~~~~~~~~~~~~~~~~~~~~~~~~~~~~~~~~~~~~~~~~~~~~~~~~~~~~~~~^~~~~~~~~~~~~[m[K
[3.273s] [ 75%] [32m[1mLinking CXX executable demo01_action_server[0m
[3.403s] [ 75%] Built target demo01_action_server
[4.815s] [100%] [32m[1mLinking CXX executable demo02_action_client[0m
[4.975s] [100%] Built target demo02_action_client
[4.983s] Invoked command in '/home/east/ros2-learning-space/ws01_plumbing/build/cpp03_action' returned '0': CMAKE_PREFIX_PATH=/home/east/ros2-learning-space/ws01_plumbing/install/base_interfaces_demo:/home/east/ros2-learning-space/ws01_plumbing/install/cpp07_exercise:/home/east/ros2-learning-space/ws01_plumbing/install/cpp06_time:/home/east/ros2-learning-space/ws01_plumbing/install/cpp05_names:/home/east/ros2-learning-space/ws01_plumbing/install/cpp04_param:/home/east/ros2-learning-space/ws01_plumbing/install/cpp03_action:/home/east/ros2-learning-space/ws01_plumbing/install/cpp02_service:/home/east/ros2-learning-space/ws01_plumbing/install/cpp01_topic:/opt/ros/humble /usr/bin/cmake --build /home/east/ros2-learning-space/ws01_plumbing/build/cpp03_action -- -j18 -l18
[4.985s] Invoking command in '/home/east/ros2-learning-space/ws01_plumbing/build/cpp03_action': CMAKE_PREFIX_PATH=/home/east/ros2-learning-space/ws01_plumbing/install/base_interfaces_demo:/home/east/ros2-learning-space/ws01_plumbing/install/cpp07_exercise:/home/east/ros2-learning-space/ws01_plumbing/install/cpp06_time:/home/east/ros2-learning-space/ws01_plumbing/install/cpp05_names:/home/east/ros2-learning-space/ws01_plumbing/install/cpp04_param:/home/east/ros2-learning-space/ws01_plumbing/install/cpp03_action:/home/east/ros2-learning-space/ws01_plumbing/install/cpp02_service:/home/east/ros2-learning-space/ws01_plumbing/install/cpp01_topic:/opt/ros/humble /usr/bin/cmake --install /home/east/ros2-learning-space/ws01_plumbing/build/cpp03_action
[4.994s] -- Install configuration: ""
[4.994s] -- Installing: /home/east/ros2-learning-space/ws01_plumbing/install/cpp03_action/lib/cpp03_action/demo01_action_server
[4.994s] -- Set runtime path of "/home/east/ros2-learning-space/ws01_plumbing/install/cpp03_action/lib/cpp03_action/demo01_action_server" to ""
[4.994s] -- Installing: /home/east/ros2-learning-space/ws01_plumbing/install/cpp03_action/lib/cpp03_action/demo02_action_client
[4.995s] -- Set runtime path of "/home/east/ros2-learning-space/ws01_plumbing/install/cpp03_action/lib/cpp03_action/demo02_action_client" to ""
[4.995s] -- Up-to-date: /home/east/ros2-learning-space/ws01_plumbing/install/cpp03_action/share/ament_index/resource_index/package_run_dependencies/cpp03_action
[4.995s] -- Installing: /home/east/ros2-learning-space/ws01_plumbing/install/cpp03_action/share/ament_index/resource_index/parent_prefix_path/cpp03_action
[4.995s] -- Up-to-date: /home/east/ros2-learning-space/ws01_plumbing/install/cpp03_action/share/cpp03_action/environment/ament_prefix_path.sh
[4.995s] -- Installing: /home/east/ros2-learning-space/ws01_plumbing/install/cpp03_action/share/cpp03_action/environment/ament_prefix_path.dsv
[4.996s] -- Up-to-date: /home/east/ros2-learning-space/ws01_plumbing/install/cpp03_action/share/cpp03_action/environment/path.sh
[4.996s] -- Installing: /home/east/ros2-learning-space/ws01_plumbing/install/cpp03_action/share/cpp03_action/environment/path.dsv
[4.996s] -- Up-to-date: /home/east/ros2-learning-space/ws01_plumbing/install/cpp03_action/share/cpp03_action/local_setup.bash
[4.996s] -- Up-to-date: /home/east/ros2-learning-space/ws01_plumbing/install/cpp03_action/share/cpp03_action/local_setup.sh
[4.996s] -- Up-to-date: /home/east/ros2-learning-space/ws01_plumbing/install/cpp03_action/share/cpp03_action/local_setup.zsh
[4.996s] -- Installing: /home/east/ros2-learning-space/ws01_plumbing/install/cpp03_action/share/cpp03_action/local_setup.dsv
[4.997s] -- Installing: /home/east/ros2-learning-space/ws01_plumbing/install/cpp03_action/share/cpp03_action/package.dsv
[4.997s] -- Up-to-date: /home/east/ros2-learning-space/ws01_plumbing/install/cpp03_action/share/ament_index/resource_index/packages/cpp03_action
[4.997s] -- Up-to-date: /home/east/ros2-learning-space/ws01_plumbing/install/cpp03_action/share/cpp03_action/cmake/cpp03_actionConfig.cmake
[4.997s] -- Up-to-date: /home/east/ros2-learning-space/ws01_plumbing/install/cpp03_action/share/cpp03_action/cmake/cpp03_actionConfig-version.cmake
[4.997s] -- Up-to-date: /home/east/ros2-learning-space/ws01_plumbing/install/cpp03_action/share/cpp03_action/package.xml
[4.998s] Invoked command in '/home/east/ros2-learning-space/ws01_plumbing/build/cpp03_action' returned '0': CMAKE_PREFIX_PATH=/home/east/ros2-learning-space/ws01_plumbing/install/base_interfaces_demo:/home/east/ros2-learning-space/ws01_plumbing/install/cpp07_exercise:/home/east/ros2-learning-space/ws01_plumbing/install/cpp06_time:/home/east/ros2-learning-space/ws01_plumbing/install/cpp05_names:/home/east/ros2-learning-space/ws01_plumbing/install/cpp04_param:/home/east/ros2-learning-space/ws01_plumbing/install/cpp03_action:/home/east/ros2-learning-space/ws01_plumbing/install/cpp02_service:/home/east/ros2-learning-space/ws01_plumbing/install/cpp01_topic:/opt/ros/humble /usr/bin/cmake --install /home/east/ros2-learning-space/ws01_plumbing/build/cpp03_action
