[0.012s] Invoking command in '/home/east/ros2-learning-space/ws01_plumbing/build/cpp03_action': AMENT_PREFIX_PATH=/home/east/ros2-learning-space/ws01_plumbing/install/base_interfaces_demo:${AMENT_PREFIX_PATH} CMAKE_PREFIX_PATH=/home/east/ros2-learning-space/ws01_plumbing/install/base_interfaces_demo:/opt/ros/humble LD_LIBRARY_PATH=/home/east/ros2-learning-space/ws01_plumbing/install/base_interfaces_demo/lib:${LD_LIBRARY_PATH} PYTHONPATH=/home/east/ros2-learning-space/ws01_plumbing/install/base_interfaces_demo/local/lib/python3.10/dist-packages:${PYTHONPATH} /usr/bin/cmake /home/east/ros2-learning-space/ws01_plumbing/src/cpp03_action -DCMAKE_INSTALL_PREFIX=/home/east/ros2-learning-space/ws01_plumbing/install/cpp03_action
[0.062s] -- The C compiler identification is GNU 11.4.0
[0.102s] -- The CXX compiler identification is GNU 11.4.0
[0.110s] -- Detecting C compiler ABI info
[0.168s] -- Detecting C compiler ABI info - done
[0.173s] -- Check for working C compiler: /usr/bin/cc - skipped
[0.173s] -- Detecting C compile features
[0.173s] -- Detecting C compile features - done
[0.175s] -- Detecting CXX compiler ABI info
[0.241s] -- Detecting CXX compiler ABI info - done
[0.246s] -- Check for working CXX compiler: /usr/bin/c++ - skipped
[0.246s] -- Detecting CXX compile features
[0.246s] -- Detecting CXX compile features - done
[0.247s] -- Found ament_cmake: 1.3.12 (/opt/ros/humble/share/ament_cmake/cmake)
[0.376s] -- Found Python3: /usr/bin/python3 (found version "3.10.12") found components: Interpreter 
[0.441s] -- Found rclcpp: 16.0.15 (/opt/ros/humble/share/rclcpp/cmake)
[0.482s] -- Found rosidl_generator_c: 3.1.7 (/opt/ros/humble/share/rosidl_generator_c/cmake)
[0.487s] -- Found rosidl_adapter: 3.1.7 (/opt/ros/humble/share/rosidl_adapter/cmake)
[0.495s] -- Found rosidl_generator_cpp: 3.1.7 (/opt/ros/humble/share/rosidl_generator_cpp/cmake)
[0.506s] -- Using all available rosidl_typesupport_c: rosidl_typesupport_fastrtps_c;rosidl_typesupport_introspection_c
[0.522s] -- Using all available rosidl_typesupport_cpp: rosidl_typesupport_fastrtps_cpp;rosidl_typesupport_introspection_cpp
[0.565s] -- Found rmw_implementation_cmake: 6.1.2 (/opt/ros/humble/share/rmw_implementation_cmake/cmake)
[0.568s] -- Found rmw_fastrtps_cpp: 6.2.9 (/opt/ros/humble/share/rmw_fastrtps_cpp/cmake)
[0.644s] -- Found OpenSSL: /usr/lib/x86_64-linux-gnu/libcrypto.so (found version "3.0.2")  
[0.673s] -- Found FastRTPS: /opt/ros/humble/include  
[0.717s] -- Using RMW implementation 'rmw_fastrtps_cpp' as default
[0.728s] -- Looking for pthread.h
[0.804s] -- Looking for pthread.h - found
[0.804s] -- Performing Test CMAKE_HAVE_LIBC_PTHREAD
[0.874s] -- Performing Test CMAKE_HAVE_LIBC_PTHREAD - Success
[0.875s] -- Found Threads: TRUE  
[0.911s] -- Found base_interfaces_demo: 0.0.0 (/home/east/ros2-learning-space/ws01_plumbing/install/base_interfaces_demo/share/base_interfaces_demo/cmake)
[0.956s] -- Found rclcpp_action: 16.0.15 (/opt/ros/humble/share/rclcpp_action/cmake)
[0.965s] -- Found ament_lint_auto: 0.12.14 (/opt/ros/humble/share/ament_lint_auto/cmake)
[1.013s] -- Added test 'cppcheck' to perform static code analysis on C / C++ code
[1.013s] -- Configured cppcheck include dirs: $<BUILD_INTERFACE:/home/east/ros2-learning-space/ws01_plumbing/src/cpp03_action/include>
[1.013s] -- Configured cppcheck exclude dirs and/or files: 
[1.014s] -- Added test 'lint_cmake' to check CMake code style
[1.014s] -- Added test 'uncrustify' to check C / C++ code style
[1.014s] -- Configured uncrustify additional arguments: 
[1.014s] -- Added test 'xmllint' to check XML markup files
[1.015s] -- Configuring done
[1.022s] -- Generating done
[1.025s] -- Build files have been written to: /home/east/ros2-learning-space/ws01_plumbing/build/cpp03_action
[1.035s] Invoked command in '/home/east/ros2-learning-space/ws01_plumbing/build/cpp03_action' returned '0': AMENT_PREFIX_PATH=/home/east/ros2-learning-space/ws01_plumbing/install/base_interfaces_demo:${AMENT_PREFIX_PATH} CMAKE_PREFIX_PATH=/home/east/ros2-learning-space/ws01_plumbing/install/base_interfaces_demo:/opt/ros/humble LD_LIBRARY_PATH=/home/east/ros2-learning-space/ws01_plumbing/install/base_interfaces_demo/lib:${LD_LIBRARY_PATH} PYTHONPATH=/home/east/ros2-learning-space/ws01_plumbing/install/base_interfaces_demo/local/lib/python3.10/dist-packages:${PYTHONPATH} /usr/bin/cmake /home/east/ros2-learning-space/ws01_plumbing/src/cpp03_action -DCMAKE_INSTALL_PREFIX=/home/east/ros2-learning-space/ws01_plumbing/install/cpp03_action
[1.037s] Invoking command in '/home/east/ros2-learning-space/ws01_plumbing/build/cpp03_action': AMENT_PREFIX_PATH=/home/east/ros2-learning-space/ws01_plumbing/install/base_interfaces_demo:${AMENT_PREFIX_PATH} CMAKE_PREFIX_PATH=/home/east/ros2-learning-space/ws01_plumbing/install/base_interfaces_demo:/opt/ros/humble LD_LIBRARY_PATH=/home/east/ros2-learning-space/ws01_plumbing/install/base_interfaces_demo/lib:${LD_LIBRARY_PATH} PYTHONPATH=/home/east/ros2-learning-space/ws01_plumbing/install/base_interfaces_demo/local/lib/python3.10/dist-packages:${PYTHONPATH} /usr/bin/cmake --build /home/east/ros2-learning-space/ws01_plumbing/build/cpp03_action -- -j18 -l18
[1.094s] [ 50%] [32mBuilding CXX object CMakeFiles/demo01_action_server.dir/src/demo01_action_server.cpp.o[0m
[1.119s] [100%] [32m[1mLinking CXX executable demo01_action_server[0m
[1.214s] [100%] Built target demo01_action_server
[1.228s] Invoked command in '/home/east/ros2-learning-space/ws01_plumbing/build/cpp03_action' returned '0': AMENT_PREFIX_PATH=/home/east/ros2-learning-space/ws01_plumbing/install/base_interfaces_demo:${AMENT_PREFIX_PATH} CMAKE_PREFIX_PATH=/home/east/ros2-learning-space/ws01_plumbing/install/base_interfaces_demo:/opt/ros/humble LD_LIBRARY_PATH=/home/east/ros2-learning-space/ws01_plumbing/install/base_interfaces_demo/lib:${LD_LIBRARY_PATH} PYTHONPATH=/home/east/ros2-learning-space/ws01_plumbing/install/base_interfaces_demo/local/lib/python3.10/dist-packages:${PYTHONPATH} /usr/bin/cmake --build /home/east/ros2-learning-space/ws01_plumbing/build/cpp03_action -- -j18 -l18
[1.230s] Invoking command in '/home/east/ros2-learning-space/ws01_plumbing/build/cpp03_action': AMENT_PREFIX_PATH=/home/east/ros2-learning-space/ws01_plumbing/install/base_interfaces_demo:${AMENT_PREFIX_PATH} CMAKE_PREFIX_PATH=/home/east/ros2-learning-space/ws01_plumbing/install/base_interfaces_demo:/opt/ros/humble LD_LIBRARY_PATH=/home/east/ros2-learning-space/ws01_plumbing/install/base_interfaces_demo/lib:${LD_LIBRARY_PATH} PYTHONPATH=/home/east/ros2-learning-space/ws01_plumbing/install/base_interfaces_demo/local/lib/python3.10/dist-packages:${PYTHONPATH} /usr/bin/cmake --install /home/east/ros2-learning-space/ws01_plumbing/build/cpp03_action
[1.239s] -- Install configuration: ""
[1.240s] -- Installing: /home/east/ros2-learning-space/ws01_plumbing/install/cpp03_action/lib/cpp03_action/demo01_action_server
[1.240s] -- Set runtime path of "/home/east/ros2-learning-space/ws01_plumbing/install/cpp03_action/lib/cpp03_action/demo01_action_server" to ""
[1.240s] -- Installing: /home/east/ros2-learning-space/ws01_plumbing/install/cpp03_action/share/ament_index/resource_index/package_run_dependencies/cpp03_action
[1.240s] -- Installing: /home/east/ros2-learning-space/ws01_plumbing/install/cpp03_action/share/ament_index/resource_index/parent_prefix_path/cpp03_action
[1.240s] -- Installing: /home/east/ros2-learning-space/ws01_plumbing/install/cpp03_action/share/cpp03_action/environment/ament_prefix_path.sh
[1.240s] -- Installing: /home/east/ros2-learning-space/ws01_plumbing/install/cpp03_action/share/cpp03_action/environment/ament_prefix_path.dsv
[1.240s] -- Installing: /home/east/ros2-learning-space/ws01_plumbing/install/cpp03_action/share/cpp03_action/environment/path.sh
[1.241s] -- Installing: /home/east/ros2-learning-space/ws01_plumbing/install/cpp03_action/share/cpp03_action/environment/path.dsv
[1.241s] -- Installing: /home/east/ros2-learning-space/ws01_plumbing/install/cpp03_action/share/cpp03_action/local_setup.bash
[1.241s] -- Installing: /home/east/ros2-learning-space/ws01_plumbing/install/cpp03_action/share/cpp03_action/local_setup.sh
[1.241s] -- Installing: /home/east/ros2-learning-space/ws01_plumbing/install/cpp03_action/share/cpp03_action/local_setup.zsh
[1.241s] -- Installing: /home/east/ros2-learning-space/ws01_plumbing/install/cpp03_action/share/cpp03_action/local_setup.dsv
[1.241s] -- Installing: /home/east/ros2-learning-space/ws01_plumbing/install/cpp03_action/share/cpp03_action/package.dsv
[1.241s] -- Installing: /home/east/ros2-learning-space/ws01_plumbing/install/cpp03_action/share/ament_index/resource_index/packages/cpp03_action
[1.242s] -- Installing: /home/east/ros2-learning-space/ws01_plumbing/install/cpp03_action/share/cpp03_action/cmake/cpp03_actionConfig.cmake
[1.242s] -- Installing: /home/east/ros2-learning-space/ws01_plumbing/install/cpp03_action/share/cpp03_action/cmake/cpp03_actionConfig-version.cmake
[1.242s] -- Installing: /home/east/ros2-learning-space/ws01_plumbing/install/cpp03_action/share/cpp03_action/package.xml
[1.244s] Invoked command in '/home/east/ros2-learning-space/ws01_plumbing/build/cpp03_action' returned '0': AMENT_PREFIX_PATH=/home/east/ros2-learning-space/ws01_plumbing/install/base_interfaces_demo:${AMENT_PREFIX_PATH} CMAKE_PREFIX_PATH=/home/east/ros2-learning-space/ws01_plumbing/install/base_interfaces_demo:/opt/ros/humble LD_LIBRARY_PATH=/home/east/ros2-learning-space/ws01_plumbing/install/base_interfaces_demo/lib:${LD_LIBRARY_PATH} PYTHONPATH=/home/east/ros2-learning-space/ws01_plumbing/install/base_interfaces_demo/local/lib/python3.10/dist-packages:${PYTHONPATH} /usr/bin/cmake --install /home/east/ros2-learning-space/ws01_plumbing/build/cpp03_action
