[0.006s] Invoking command in '/home/east/ros2-learning-space/ws01_plumbing/build/cpp01_topic': CMAKE_PREFIX_PATH=/home/east/ros2-learning-space/ws01_plumbing/install/base_interfaces_demo:/home/east/ros2-learning-space/ws01_plumbing/install/cpp01_topic:/opt/ros/humble /usr/bin/cmake --build /home/east/ros2-learning-space/ws01_plumbing/build/cpp01_topic -- -j18 -l18
[0.043s] [35m[1mConsolidate compiler generated dependencies of target demo01_talker_str[0m
[0.044s] [35m[1mConsolidate compiler generated dependencies of target demo02_listener_str[0m
[0.056s] [ 75%] Built target demo01_talker_str
[0.056s] [ 75%] [32mBuilding CXX object CMakeFiles/demo02_listener_str.dir/src/demo02_listener_str.cpp.o[0m
[5.556s] [100%] [32m[1mLinking CXX executable demo02_listener_str[0m
[5.795s] [100%] Built target demo02_listener_str
[5.803s] Invoked command in '/home/east/ros2-learning-space/ws01_plumbing/build/cpp01_topic' returned '0': CMAKE_PREFIX_PATH=/home/east/ros2-learning-space/ws01_plumbing/install/base_interfaces_demo:/home/east/ros2-learning-space/ws01_plumbing/install/cpp01_topic:/opt/ros/humble /usr/bin/cmake --build /home/east/ros2-learning-space/ws01_plumbing/build/cpp01_topic -- -j18 -l18
[5.805s] Invoking command in '/home/east/ros2-learning-space/ws01_plumbing/build/cpp01_topic': CMAKE_PREFIX_PATH=/home/east/ros2-learning-space/ws01_plumbing/install/base_interfaces_demo:/home/east/ros2-learning-space/ws01_plumbing/install/cpp01_topic:/opt/ros/humble /usr/bin/cmake --install /home/east/ros2-learning-space/ws01_plumbing/build/cpp01_topic
[5.810s] -- Install configuration: ""
[5.810s] -- Up-to-date: /home/east/ros2-learning-space/ws01_plumbing/install/cpp01_topic/lib/cpp01_topic/demo01_talker_str
[5.810s] -- Installing: /home/east/ros2-learning-space/ws01_plumbing/install/cpp01_topic/lib/cpp01_topic/demo02_listener_str
[5.812s] -- Set runtime path of "/home/east/ros2-learning-space/ws01_plumbing/install/cpp01_topic/lib/cpp01_topic/demo02_listener_str" to ""
[5.812s] -- Up-to-date: /home/east/ros2-learning-space/ws01_plumbing/install/cpp01_topic/share/ament_index/resource_index/package_run_dependencies/cpp01_topic
[5.812s] -- Up-to-date: /home/east/ros2-learning-space/ws01_plumbing/install/cpp01_topic/share/ament_index/resource_index/parent_prefix_path/cpp01_topic
[5.812s] -- Up-to-date: /home/east/ros2-learning-space/ws01_plumbing/install/cpp01_topic/share/cpp01_topic/environment/ament_prefix_path.sh
[5.812s] -- Up-to-date: /home/east/ros2-learning-space/ws01_plumbing/install/cpp01_topic/share/cpp01_topic/environment/ament_prefix_path.dsv
[5.812s] -- Up-to-date: /home/east/ros2-learning-space/ws01_plumbing/install/cpp01_topic/share/cpp01_topic/environment/path.sh
[5.812s] -- Up-to-date: /home/east/ros2-learning-space/ws01_plumbing/install/cpp01_topic/share/cpp01_topic/environment/path.dsv
[5.812s] -- Up-to-date: /home/east/ros2-learning-space/ws01_plumbing/install/cpp01_topic/share/cpp01_topic/local_setup.bash
[5.812s] -- Up-to-date: /home/east/ros2-learning-space/ws01_plumbing/install/cpp01_topic/share/cpp01_topic/local_setup.sh
[5.812s] -- Up-to-date: /home/east/ros2-learning-space/ws01_plumbing/install/cpp01_topic/share/cpp01_topic/local_setup.zsh
[5.812s] -- Up-to-date: /home/east/ros2-learning-space/ws01_plumbing/install/cpp01_topic/share/cpp01_topic/local_setup.dsv
[5.812s] -- Installing: /home/east/ros2-learning-space/ws01_plumbing/install/cpp01_topic/share/cpp01_topic/package.dsv
[5.812s] -- Up-to-date: /home/east/ros2-learning-space/ws01_plumbing/install/cpp01_topic/share/ament_index/resource_index/packages/cpp01_topic
[5.812s] -- Up-to-date: /home/east/ros2-learning-space/ws01_plumbing/install/cpp01_topic/share/cpp01_topic/cmake/cpp01_topicConfig.cmake
[5.812s] -- Up-to-date: /home/east/ros2-learning-space/ws01_plumbing/install/cpp01_topic/share/cpp01_topic/cmake/cpp01_topicConfig-version.cmake
[5.812s] -- Up-to-date: /home/east/ros2-learning-space/ws01_plumbing/install/cpp01_topic/share/cpp01_topic/package.xml
[5.813s] Invoked command in '/home/east/ros2-learning-space/ws01_plumbing/build/cpp01_topic' returned '0': CMAKE_PREFIX_PATH=/home/east/ros2-learning-space/ws01_plumbing/install/base_interfaces_demo:/home/east/ros2-learning-space/ws01_plumbing/install/cpp01_topic:/opt/ros/humble /usr/bin/cmake --install /home/east/ros2-learning-space/ws01_plumbing/build/cpp01_topic
