[35m[1mConsolidate compiler generated dependencies of target demo01_server[0m
[35m[1mConsolidate compiler generated dependencies of target demo02_client[0m
[ 50%] Built target demo01_server
[ 75%] [32mBuilding CXX object CMakeFiles/demo02_client.dir/src/demo02_client.cpp.o[0m
[01m[K/home/east/ros2-learning-space/ws01_plumbing/src/cpp02_service/src/demo02_client.cpp:[m[K In member function ‘[01m[Kbool AddIntsClient::Wait_For_Server()[m[K’:
[01m[K/home/east/ros2-learning-space/ws01_plumbing/src/cpp02_service/src/demo02_client.cpp:19:5:[m[K [01;35m[Kwarning: [m[Kno return statement in function returning non-void [[01;35m[K]8;;https://gcc.gnu.org/onlinedocs/gcc/Warning-Options.html#index-Wreturn-type-Wreturn-type]8;;[m[K]
   19 |     [01;35m[K}[m[K
      |     [01;35m[K^[m[K
[100%] [32m[1mLinking CXX executable demo02_client[0m
[100%] Built target demo02_client
-- Install configuration: ""
-- Up-to-date: /home/east/ros2-learning-space/ws01_plumbing/install/cpp02_service/lib/cpp02_service/demo01_server
-- Installing: /home/east/ros2-learning-space/ws01_plumbing/install/cpp02_service/lib/cpp02_service/demo02_client
-- Set runtime path of "/home/east/ros2-learning-space/ws01_plumbing/install/cpp02_service/lib/cpp02_service/demo02_client" to ""
-- Up-to-date: /home/east/ros2-learning-space/ws01_plumbing/install/cpp02_service/share/ament_index/resource_index/package_run_dependencies/cpp02_service
-- Up-to-date: /home/east/ros2-learning-space/ws01_plumbing/install/cpp02_service/share/ament_index/resource_index/parent_prefix_path/cpp02_service
-- Up-to-date: /home/east/ros2-learning-space/ws01_plumbing/install/cpp02_service/share/cpp02_service/environment/ament_prefix_path.sh
-- Up-to-date: /home/east/ros2-learning-space/ws01_plumbing/install/cpp02_service/share/cpp02_service/environment/ament_prefix_path.dsv
-- Up-to-date: /home/east/ros2-learning-space/ws01_plumbing/install/cpp02_service/share/cpp02_service/environment/path.sh
-- Up-to-date: /home/east/ros2-learning-space/ws01_plumbing/install/cpp02_service/share/cpp02_service/environment/path.dsv
-- Up-to-date: /home/east/ros2-learning-space/ws01_plumbing/install/cpp02_service/share/cpp02_service/local_setup.bash
-- Up-to-date: /home/east/ros2-learning-space/ws01_plumbing/install/cpp02_service/share/cpp02_service/local_setup.sh
-- Up-to-date: /home/east/ros2-learning-space/ws01_plumbing/install/cpp02_service/share/cpp02_service/local_setup.zsh
-- Up-to-date: /home/east/ros2-learning-space/ws01_plumbing/install/cpp02_service/share/cpp02_service/local_setup.dsv
-- Installing: /home/east/ros2-learning-space/ws01_plumbing/install/cpp02_service/share/cpp02_service/package.dsv
-- Up-to-date: /home/east/ros2-learning-space/ws01_plumbing/install/cpp02_service/share/ament_index/resource_index/packages/cpp02_service
-- Up-to-date: /home/east/ros2-learning-space/ws01_plumbing/install/cpp02_service/share/cpp02_service/cmake/cpp02_serviceConfig.cmake
-- Up-to-date: /home/east/ros2-learning-space/ws01_plumbing/install/cpp02_service/share/cpp02_service/cmake/cpp02_serviceConfig-version.cmake
-- Up-to-date: /home/east/ros2-learning-space/ws01_plumbing/install/cpp02_service/share/cpp02_service/package.xml
