[0.019s] Invoking command in '/home/east/ros2-learning-space/ws01_plumbing/build/cpp07_exercise': /usr/bin/cmake --build /home/east/ros2-learning-space/ws01_plumbing/build/cpp07_exercise -- -j18 -l18
[0.053s] [35m[1mConsolidate compiler generated dependencies of target exer01_pub_sub[0m
[0.073s] [ 50%] [32mBuilding CXX object CMakeFiles/exer01_pub_sub.dir/src/exer01_pub_sub.cpp.o[0m
[6.145s] [100%] [32m[1mLinking CXX executable exer01_pub_sub[0m
[6.423s] [100%] Built target exer01_pub_sub
[6.433s] Invoked command in '/home/east/ros2-learning-space/ws01_plumbing/build/cpp07_exercise' returned '0': /usr/bin/cmake --build /home/east/ros2-learning-space/ws01_plumbing/build/cpp07_exercise -- -j18 -l18
[6.434s] Invoking command in '/home/east/ros2-learning-space/ws01_plumbing/build/cpp07_exercise': /usr/bin/cmake --install /home/east/ros2-learning-space/ws01_plumbing/build/cpp07_exercise
[6.444s] -- Install configuration: ""
[6.444s] -- Installing: /home/east/ros2-learning-space/ws01_plumbing/install/cpp07_exercise/lib/cpp07_exercise/exer01_pub_sub
[6.447s] -- Set runtime path of "/home/east/ros2-learning-space/ws01_plumbing/install/cpp07_exercise/lib/cpp07_exercise/exer01_pub_sub" to ""
[6.447s] -- Up-to-date: /home/east/ros2-learning-space/ws01_plumbing/install/cpp07_exercise/share/cpp07_exercise/launch
[6.447s] -- Up-to-date: /home/east/ros2-learning-space/ws01_plumbing/install/cpp07_exercise/share/cpp07_exercise/launch/exer01_pub_sub_launch.py
[6.447s] -- Up-to-date: /home/east/ros2-learning-space/ws01_plumbing/install/cpp07_exercise/share/ament_index/resource_index/package_run_dependencies/cpp07_exercise
[6.447s] -- Up-to-date: /home/east/ros2-learning-space/ws01_plumbing/install/cpp07_exercise/share/ament_index/resource_index/parent_prefix_path/cpp07_exercise
[6.447s] -- Up-to-date: /home/east/ros2-learning-space/ws01_plumbing/install/cpp07_exercise/share/cpp07_exercise/environment/ament_prefix_path.sh
[6.447s] -- Up-to-date: /home/east/ros2-learning-space/ws01_plumbing/install/cpp07_exercise/share/cpp07_exercise/environment/ament_prefix_path.dsv
[6.447s] -- Up-to-date: /home/east/ros2-learning-space/ws01_plumbing/install/cpp07_exercise/share/cpp07_exercise/environment/path.sh
[6.447s] -- Up-to-date: /home/east/ros2-learning-space/ws01_plumbing/install/cpp07_exercise/share/cpp07_exercise/environment/path.dsv
[6.447s] -- Up-to-date: /home/east/ros2-learning-space/ws01_plumbing/install/cpp07_exercise/share/cpp07_exercise/local_setup.bash
[6.448s] -- Up-to-date: /home/east/ros2-learning-space/ws01_plumbing/install/cpp07_exercise/share/cpp07_exercise/local_setup.sh
[6.448s] -- Up-to-date: /home/east/ros2-learning-space/ws01_plumbing/install/cpp07_exercise/share/cpp07_exercise/local_setup.zsh
[6.448s] -- Up-to-date: /home/east/ros2-learning-space/ws01_plumbing/install/cpp07_exercise/share/cpp07_exercise/local_setup.dsv
[6.448s] -- Installing: /home/east/ros2-learning-space/ws01_plumbing/install/cpp07_exercise/share/cpp07_exercise/package.dsv
[6.448s] -- Up-to-date: /home/east/ros2-learning-space/ws01_plumbing/install/cpp07_exercise/share/ament_index/resource_index/packages/cpp07_exercise
[6.448s] -- Up-to-date: /home/east/ros2-learning-space/ws01_plumbing/install/cpp07_exercise/share/cpp07_exercise/cmake/cpp07_exerciseConfig.cmake
[6.448s] -- Up-to-date: /home/east/ros2-learning-space/ws01_plumbing/install/cpp07_exercise/share/cpp07_exercise/cmake/cpp07_exerciseConfig-version.cmake
[6.448s] -- Up-to-date: /home/east/ros2-learning-space/ws01_plumbing/install/cpp07_exercise/share/cpp07_exercise/package.xml
[6.450s] Invoked command in '/home/east/ros2-learning-space/ws01_plumbing/build/cpp07_exercise' returned '0': /usr/bin/cmake --install /home/east/ros2-learning-space/ws01_plumbing/build/cpp07_exercise
