[0.007s] Invoking command in '/home/east/ros2-learning-space/ws01_plumbing/build/cpp06_time': /usr/bin/cmake --build /home/east/ros2-learning-space/ws01_plumbing/build/cpp06_time -- -j18 -l18
[0.044s] [35m[1mConsolidate compiler generated dependencies of target demo01_time[0m
[0.055s] [100%] Built target demo01_time
[0.064s] Invoked command in '/home/east/ros2-learning-space/ws01_plumbing/build/cpp06_time' returned '0': /usr/bin/cmake --build /home/east/ros2-learning-space/ws01_plumbing/build/cpp06_time -- -j18 -l18
[0.070s] Invoking command in '/home/east/ros2-learning-space/ws01_plumbing/build/cpp06_time': /usr/bin/cmake --install /home/east/ros2-learning-space/ws01_plumbing/build/cpp06_time
[0.076s] -- Install configuration: ""
[0.076s] -- Up-to-date: /home/east/ros2-learning-space/ws01_plumbing/install/cpp06_time/lib/cpp06_time/demo01_time
[0.076s] -- Up-to-date: /home/east/ros2-learning-space/ws01_plumbing/install/cpp06_time/share/ament_index/resource_index/package_run_dependencies/cpp06_time
[0.076s] -- Up-to-date: /home/east/ros2-learning-space/ws01_plumbing/install/cpp06_time/share/ament_index/resource_index/parent_prefix_path/cpp06_time
[0.076s] -- Up-to-date: /home/east/ros2-learning-space/ws01_plumbing/install/cpp06_time/share/cpp06_time/environment/ament_prefix_path.sh
[0.076s] -- Up-to-date: /home/east/ros2-learning-space/ws01_plumbing/install/cpp06_time/share/cpp06_time/environment/ament_prefix_path.dsv
[0.076s] -- Up-to-date: /home/east/ros2-learning-space/ws01_plumbing/install/cpp06_time/share/cpp06_time/environment/path.sh
[0.076s] -- Up-to-date: /home/east/ros2-learning-space/ws01_plumbing/install/cpp06_time/share/cpp06_time/environment/path.dsv
[0.076s] -- Up-to-date: /home/east/ros2-learning-space/ws01_plumbing/install/cpp06_time/share/cpp06_time/local_setup.bash
[0.076s] -- Up-to-date: /home/east/ros2-learning-space/ws01_plumbing/install/cpp06_time/share/cpp06_time/local_setup.sh
[0.077s] -- Up-to-date: /home/east/ros2-learning-space/ws01_plumbing/install/cpp06_time/share/cpp06_time/local_setup.zsh
[0.077s] -- Up-to-date: /home/east/ros2-learning-space/ws01_plumbing/install/cpp06_time/share/cpp06_time/local_setup.dsv
[0.077s] -- Installing: /home/east/ros2-learning-space/ws01_plumbing/install/cpp06_time/share/cpp06_time/package.dsv
[0.077s] -- Up-to-date: /home/east/ros2-learning-space/ws01_plumbing/install/cpp06_time/share/ament_index/resource_index/packages/cpp06_time
[0.077s] -- Up-to-date: /home/east/ros2-learning-space/ws01_plumbing/install/cpp06_time/share/cpp06_time/cmake/cpp06_timeConfig.cmake
[0.077s] -- Up-to-date: /home/east/ros2-learning-space/ws01_plumbing/install/cpp06_time/share/cpp06_time/cmake/cpp06_timeConfig-version.cmake
[0.077s] -- Up-to-date: /home/east/ros2-learning-space/ws01_plumbing/install/cpp06_time/share/cpp06_time/package.xml
[0.078s] Invoked command in '/home/east/ros2-learning-space/ws01_plumbing/build/cpp06_time' returned '0': /usr/bin/cmake --install /home/east/ros2-learning-space/ws01_plumbing/build/cpp06_time
