[0.010s] Invoking command in '/home/east/ros2-learning-space/ws00_helloworld/build/pkg03_hellovscode_cpp': CMAKE_PREFIX_PATH=/opt/ros/humble /usr/bin/cmake /home/east/ros2-learning-space/ws00_helloworld/src/pkg03_hellovscode_cpp -DCMAKE_INSTALL_PREFIX=/home/east/ros2-learning-space/ws00_helloworld/install/pkg03_hellovscode_cpp
[0.055s] -- The C compiler identification is GNU 11.4.0
[0.100s] -- The CXX compiler identification is GNU 11.4.0
[0.107s] -- Detecting C compiler ABI info
[0.174s] -- Detecting C compiler ABI info - done
[0.180s] -- Check for working C compiler: /usr/bin/cc - skipped
[0.180s] -- Detecting C compile features
[0.180s] -- Detecting C compile features - done
[0.183s] -- Detecting CXX compiler ABI info
[0.252s] -- Detecting CXX compiler ABI info - done
[0.257s] -- Check for working CXX compiler: /usr/bin/c++ - skipped
[0.257s] -- Detecting CXX compile features
[0.257s] -- Detecting CXX compile features - done
[0.262s] -- Found ament_cmake: 1.3.12 (/opt/ros/humble/share/ament_cmake/cmake)
[0.377s] -- Found Python3: /usr/bin/python3 (found version "3.10.12") found components: Interpreter 
[0.471s] -- Found rclcpp: 16.0.15 (/opt/ros/humble/share/rclcpp/cmake)
[0.506s] -- Found rosidl_generator_c: 3.1.7 (/opt/ros/humble/share/rosidl_generator_c/cmake)
[0.509s] -- Found rosidl_adapter: 3.1.7 (/opt/ros/humble/share/rosidl_adapter/cmake)
[0.516s] -- Found rosidl_generator_cpp: 3.1.7 (/opt/ros/humble/share/rosidl_generator_cpp/cmake)
[0.525s] -- Using all available rosidl_typesupport_c: rosidl_typesupport_fastrtps_c;rosidl_typesupport_introspection_c
[0.537s] -- Using all available rosidl_typesupport_cpp: rosidl_typesupport_fastrtps_cpp;rosidl_typesupport_introspection_cpp
[0.583s] -- Found rmw_implementation_cmake: 6.1.2 (/opt/ros/humble/share/rmw_implementation_cmake/cmake)
[0.585s] -- Found rmw_fastrtps_cpp: 6.2.9 (/opt/ros/humble/share/rmw_fastrtps_cpp/cmake)
[0.669s] -- Found OpenSSL: /usr/lib/x86_64-linux-gnu/libcrypto.so (found version "3.0.2")  
[0.697s] -- Found FastRTPS: /opt/ros/humble/include  
[0.729s] -- Using RMW implementation 'rmw_fastrtps_cpp' as default
[0.754s] -- Looking for pthread.h
[0.826s] -- Looking for pthread.h - found
[0.827s] -- Performing Test CMAKE_HAVE_LIBC_PTHREAD
[0.897s] -- Performing Test CMAKE_HAVE_LIBC_PTHREAD - Success
[0.898s] -- Found Threads: TRUE  
[0.949s] -- Found ament_lint_auto: 0.12.14 (/opt/ros/humble/share/ament_lint_auto/cmake)
[1.010s] -- Added test 'cppcheck' to perform static code analysis on C / C++ code
[1.010s] -- Configured cppcheck include dirs: $<BUILD_INTERFACE:/home/east/ros2-learning-space/ws00_helloworld/src/pkg03_hellovscode_cpp/include>
[1.010s] -- Configured cppcheck exclude dirs and/or files: 
[1.010s] -- Added test 'lint_cmake' to check CMake code style
[1.011s] -- Added test 'uncrustify' to check C / C++ code style
[1.011s] -- Configured uncrustify additional arguments: 
[1.012s] -- Added test 'xmllint' to check XML markup files
[1.013s] -- Configuring done
[1.020s] -- Generating done
[1.023s] -- Build files have been written to: /home/east/ros2-learning-space/ws00_helloworld/build/pkg03_hellovscode_cpp
[1.035s] Invoked command in '/home/east/ros2-learning-space/ws00_helloworld/build/pkg03_hellovscode_cpp' returned '0': CMAKE_PREFIX_PATH=/opt/ros/humble /usr/bin/cmake /home/east/ros2-learning-space/ws00_helloworld/src/pkg03_hellovscode_cpp -DCMAKE_INSTALL_PREFIX=/home/east/ros2-learning-space/ws00_helloworld/install/pkg03_hellovscode_cpp
[1.038s] Invoking command in '/home/east/ros2-learning-space/ws00_helloworld/build/pkg03_hellovscode_cpp': CMAKE_PREFIX_PATH=/opt/ros/humble /usr/bin/cmake --build /home/east/ros2-learning-space/ws00_helloworld/build/pkg03_hellovscode_cpp -- -j18 -l18
[1.083s] [ 50%] [32mBuilding CXX object CMakeFiles/hellovscode.dir/src/hellovscode.cpp.o[0m
[4.968s] [100%] [32m[1mLinking CXX executable hellovscode[0m
[5.073s] [100%] Built target hellovscode
[5.086s] Invoked command in '/home/east/ros2-learning-space/ws00_helloworld/build/pkg03_hellovscode_cpp' returned '0': CMAKE_PREFIX_PATH=/opt/ros/humble /usr/bin/cmake --build /home/east/ros2-learning-space/ws00_helloworld/build/pkg03_hellovscode_cpp -- -j18 -l18
[5.099s] Invoking command in '/home/east/ros2-learning-space/ws00_helloworld/build/pkg03_hellovscode_cpp': CMAKE_PREFIX_PATH=/opt/ros/humble /usr/bin/cmake --install /home/east/ros2-learning-space/ws00_helloworld/build/pkg03_hellovscode_cpp
[5.105s] -- Install configuration: ""
[5.105s] -- Installing: /home/east/ros2-learning-space/ws00_helloworld/install/pkg03_hellovscode_cpp/lib/pkg03_hellovscode_cpp/hellovscode
[5.106s] -- Set runtime path of "/home/east/ros2-learning-space/ws00_helloworld/install/pkg03_hellovscode_cpp/lib/pkg03_hellovscode_cpp/hellovscode" to ""
[5.106s] -- Installing: /home/east/ros2-learning-space/ws00_helloworld/install/pkg03_hellovscode_cpp/share/ament_index/resource_index/package_run_dependencies/pkg03_hellovscode_cpp
[5.106s] -- Installing: /home/east/ros2-learning-space/ws00_helloworld/install/pkg03_hellovscode_cpp/share/ament_index/resource_index/parent_prefix_path/pkg03_hellovscode_cpp
[5.106s] -- Installing: /home/east/ros2-learning-space/ws00_helloworld/install/pkg03_hellovscode_cpp/share/pkg03_hellovscode_cpp/environment/ament_prefix_path.sh
[5.106s] -- Installing: /home/east/ros2-learning-space/ws00_helloworld/install/pkg03_hellovscode_cpp/share/pkg03_hellovscode_cpp/environment/ament_prefix_path.dsv
[5.107s] -- Installing: /home/east/ros2-learning-space/ws00_helloworld/install/pkg03_hellovscode_cpp/share/pkg03_hellovscode_cpp/environment/path.sh
[5.107s] -- Installing: /home/east/ros2-learning-space/ws00_helloworld/install/pkg03_hellovscode_cpp/share/pkg03_hellovscode_cpp/environment/path.dsv
[5.107s] -- Installing: /home/east/ros2-learning-space/ws00_helloworld/install/pkg03_hellovscode_cpp/share/pkg03_hellovscode_cpp/local_setup.bash
[5.107s] -- Installing: /home/east/ros2-learning-space/ws00_helloworld/install/pkg03_hellovscode_cpp/share/pkg03_hellovscode_cpp/local_setup.sh
[5.107s] -- Installing: /home/east/ros2-learning-space/ws00_helloworld/install/pkg03_hellovscode_cpp/share/pkg03_hellovscode_cpp/local_setup.zsh
[5.107s] -- Installing: /home/east/ros2-learning-space/ws00_helloworld/install/pkg03_hellovscode_cpp/share/pkg03_hellovscode_cpp/local_setup.dsv
[5.107s] -- Installing: /home/east/ros2-learning-space/ws00_helloworld/install/pkg03_hellovscode_cpp/share/pkg03_hellovscode_cpp/package.dsv
[5.107s] -- Installing: /home/east/ros2-learning-space/ws00_helloworld/install/pkg03_hellovscode_cpp/share/ament_index/resource_index/packages/pkg03_hellovscode_cpp
[5.107s] -- Installing: /home/east/ros2-learning-space/ws00_helloworld/install/pkg03_hellovscode_cpp/share/pkg03_hellovscode_cpp/cmake/pkg03_hellovscode_cppConfig.cmake
[5.107s] -- Installing: /home/east/ros2-learning-space/ws00_helloworld/install/pkg03_hellovscode_cpp/share/pkg03_hellovscode_cpp/cmake/pkg03_hellovscode_cppConfig-version.cmake
[5.108s] -- Installing: /home/east/ros2-learning-space/ws00_helloworld/install/pkg03_hellovscode_cpp/share/pkg03_hellovscode_cpp/package.xml
[5.110s] Invoked command in '/home/east/ros2-learning-space/ws00_helloworld/build/pkg03_hellovscode_cpp' returned '0': CMAKE_PREFIX_PATH=/opt/ros/humble /usr/bin/cmake --install /home/east/ros2-learning-space/ws00_helloworld/build/pkg03_hellovscode_cpp
