[0.007s] Invoking command in '/home/east/ros2-learning-space/ws01_plumbing/build/cpp04_param': /usr/bin/cmake --build /home/east/ros2-learning-space/ws01_plumbing/build/cpp04_param -- -j18 -l18
[0.041s] [35m[1mConsolidate compiler generated dependencies of target demo01_param_server[0m
[0.043s] [35m[1mConsolidate compiler generated dependencies of target demo02_param_client[0m
[0.048s] [ 33%] Built target demo00_param
[0.057s] [ 83%] Built target demo02_param_client
[0.057s] [ 83%] [32mBuilding CXX object CMakeFiles/demo01_param_server.dir/src/demo01_param_server.cpp.o[0m
[2.060s] [100%] [32m[1mLinking CXX executable demo01_param_server[0m
[2.140s] [100%] Built target demo01_param_server
[2.151s] Invoked command in '/home/east/ros2-learning-space/ws01_plumbing/build/cpp04_param' returned '0': /usr/bin/cmake --build /home/east/ros2-learning-space/ws01_plumbing/build/cpp04_param -- -j18 -l18
[2.153s] Invoking command in '/home/east/ros2-learning-space/ws01_plumbing/build/cpp04_param': /usr/bin/cmake --install /home/east/ros2-learning-space/ws01_plumbing/build/cpp04_param
[2.157s] -- Install configuration: ""
[2.158s] -- Up-to-date: /home/east/ros2-learning-space/ws01_plumbing/install/cpp04_param/lib/cpp04_param/demo00_param
[2.158s] -- Installing: /home/east/ros2-learning-space/ws01_plumbing/install/cpp04_param/lib/cpp04_param/demo01_param_server
[2.158s] -- Set runtime path of "/home/east/ros2-learning-space/ws01_plumbing/install/cpp04_param/lib/cpp04_param/demo01_param_server" to ""
[2.158s] -- Up-to-date: /home/east/ros2-learning-space/ws01_plumbing/install/cpp04_param/lib/cpp04_param/demo02_param_client
[2.158s] -- Up-to-date: /home/east/ros2-learning-space/ws01_plumbing/install/cpp04_param/share/ament_index/resource_index/package_run_dependencies/cpp04_param
[2.158s] -- Up-to-date: /home/east/ros2-learning-space/ws01_plumbing/install/cpp04_param/share/ament_index/resource_index/parent_prefix_path/cpp04_param
[2.158s] -- Up-to-date: /home/east/ros2-learning-space/ws01_plumbing/install/cpp04_param/share/cpp04_param/environment/ament_prefix_path.sh
[2.158s] -- Up-to-date: /home/east/ros2-learning-space/ws01_plumbing/install/cpp04_param/share/cpp04_param/environment/ament_prefix_path.dsv
[2.158s] -- Up-to-date: /home/east/ros2-learning-space/ws01_plumbing/install/cpp04_param/share/cpp04_param/environment/path.sh
[2.158s] -- Up-to-date: /home/east/ros2-learning-space/ws01_plumbing/install/cpp04_param/share/cpp04_param/environment/path.dsv
[2.158s] -- Up-to-date: /home/east/ros2-learning-space/ws01_plumbing/install/cpp04_param/share/cpp04_param/local_setup.bash
[2.159s] -- Up-to-date: /home/east/ros2-learning-space/ws01_plumbing/install/cpp04_param/share/cpp04_param/local_setup.sh
[2.159s] -- Up-to-date: /home/east/ros2-learning-space/ws01_plumbing/install/cpp04_param/share/cpp04_param/local_setup.zsh
[2.159s] -- Up-to-date: /home/east/ros2-learning-space/ws01_plumbing/install/cpp04_param/share/cpp04_param/local_setup.dsv
[2.159s] -- Installing: /home/east/ros2-learning-space/ws01_plumbing/install/cpp04_param/share/cpp04_param/package.dsv
[2.159s] -- Up-to-date: /home/east/ros2-learning-space/ws01_plumbing/install/cpp04_param/share/ament_index/resource_index/packages/cpp04_param
[2.159s] -- Up-to-date: /home/east/ros2-learning-space/ws01_plumbing/install/cpp04_param/share/cpp04_param/cmake/cpp04_paramConfig.cmake
[2.159s] -- Up-to-date: /home/east/ros2-learning-space/ws01_plumbing/install/cpp04_param/share/cpp04_param/cmake/cpp04_paramConfig-version.cmake
[2.159s] -- Up-to-date: /home/east/ros2-learning-space/ws01_plumbing/install/cpp04_param/share/cpp04_param/package.xml
[2.161s] Invoked command in '/home/east/ros2-learning-space/ws01_plumbing/build/cpp04_param' returned '0': /usr/bin/cmake --install /home/east/ros2-learning-space/ws01_plumbing/build/cpp04_param
