[0.012s] Invoking command in '/home/east/ros2-learning-space/ws01_plumbing/build/cpp05_names': /usr/bin/cmake --build /home/east/ros2-learning-space/ws01_plumbing/build/cpp05_names -- -j18 -l18
[0.062s] [100%] Built target demo01_names
[0.085s] Invoked command in '/home/east/ros2-learning-space/ws01_plumbing/build/cpp05_names' returned '0': /usr/bin/cmake --build /home/east/ros2-learning-space/ws01_plumbing/build/cpp05_names -- -j18 -l18
[0.086s] Invoking command in '/home/east/ros2-learning-space/ws01_plumbing/build/cpp05_names': /usr/bin/cmake --install /home/east/ros2-learning-space/ws01_plumbing/build/cpp05_names
[0.097s] -- Install configuration: ""
[0.097s] -- Up-to-date: /home/east/ros2-learning-space/ws01_plumbing/install/cpp05_names/lib/cpp05_names/demo01_names
[0.097s] -- Up-to-date: /home/east/ros2-learning-space/ws01_plumbing/install/cpp05_names/share/cpp05_names/launch
[0.097s] -- Up-to-date: /home/east/ros2-learning-space/ws01_plumbing/install/cpp05_names/share/cpp05_names/launch/demo01_names_launch.py
[0.097s] -- Up-to-date: /home/east/ros2-learning-space/ws01_plumbing/install/cpp05_names/share/ament_index/resource_index/package_run_dependencies/cpp05_names
[0.097s] -- Up-to-date: /home/east/ros2-learning-space/ws01_plumbing/install/cpp05_names/share/ament_index/resource_index/parent_prefix_path/cpp05_names
[0.097s] -- Up-to-date: /home/east/ros2-learning-space/ws01_plumbing/install/cpp05_names/share/cpp05_names/environment/ament_prefix_path.sh
[0.097s] -- Up-to-date: /home/east/ros2-learning-space/ws01_plumbing/install/cpp05_names/share/cpp05_names/environment/ament_prefix_path.dsv
[0.098s] -- Up-to-date: /home/east/ros2-learning-space/ws01_plumbing/install/cpp05_names/share/cpp05_names/environment/path.sh
[0.098s] -- Up-to-date: /home/east/ros2-learning-space/ws01_plumbing/install/cpp05_names/share/cpp05_names/environment/path.dsv
[0.098s] -- Up-to-date: /home/east/ros2-learning-space/ws01_plumbing/install/cpp05_names/share/cpp05_names/local_setup.bash
[0.098s] -- Up-to-date: /home/east/ros2-learning-space/ws01_plumbing/install/cpp05_names/share/cpp05_names/local_setup.sh
[0.098s] -- Up-to-date: /home/east/ros2-learning-space/ws01_plumbing/install/cpp05_names/share/cpp05_names/local_setup.zsh
[0.098s] -- Up-to-date: /home/east/ros2-learning-space/ws01_plumbing/install/cpp05_names/share/cpp05_names/local_setup.dsv
[0.098s] -- Installing: /home/east/ros2-learning-space/ws01_plumbing/install/cpp05_names/share/cpp05_names/package.dsv
[0.098s] -- Up-to-date: /home/east/ros2-learning-space/ws01_plumbing/install/cpp05_names/share/ament_index/resource_index/packages/cpp05_names
[0.098s] -- Up-to-date: /home/east/ros2-learning-space/ws01_plumbing/install/cpp05_names/share/cpp05_names/cmake/cpp05_namesConfig.cmake
[0.098s] -- Up-to-date: /home/east/ros2-learning-space/ws01_plumbing/install/cpp05_names/share/cpp05_names/cmake/cpp05_namesConfig-version.cmake
[0.098s] -- Up-to-date: /home/east/ros2-learning-space/ws01_plumbing/install/cpp05_names/share/cpp05_names/package.xml
[0.126s] Invoked command in '/home/east/ros2-learning-space/ws01_plumbing/build/cpp05_names' returned '0': /usr/bin/cmake --install /home/east/ros2-learning-space/ws01_plumbing/build/cpp05_names
