[0.059s] DEBUG:colcon:Command line arguments: ['/usr/bin/colcon', 'build']
[0.059s] DEBUG:colcon:Parsed command line arguments: Namespace(log_base=None, log_level=None, verb_name='build', build_base='build', install_base='install', merge_install=False, symlink_install=False, test_result_base=None, continue_on_error=False, executor='parallel', parallel_workers=18, event_handlers=None, ignore_user_meta=False, metas=['./colcon.meta'], base_paths=['.'], packages_ignore=None, packages_ignore_regex=None, paths=None, packages_up_to=None, packages_up_to_regex=None, packages_above=None, packages_above_and_dependencies=None, packages_above_depth=None, packages_select_by_dep=None, packages_skip_by_dep=None, packages_skip_up_to=None, packages_select_build_failed=False, packages_skip_build_finished=False, packages_select_test_failures=False, packages_skip_test_passed=False, packages_select=None, packages_skip=None, packages_select_regex=None, packages_skip_regex=None, packages_start=None, packages_end=None, allow_overriding=[], cmake_args=None, cmake_target=None, cmake_target_skip_unavailable=False, cmake_clean_cache=False, cmake_clean_first=False, cmake_force_configure=False, ament_cmake_args=None, catkin_cmake_args=None, catkin_skip_building_tests=False, verb_parser=<colcon_defaults.argument_parser.defaults.DefaultArgumentsDecorator object at 0x77de18cf7a90>, verb_extension=<colcon_core.verb.build.BuildVerb object at 0x77de18cf6a70>, main=<bound method BuildVerb.main of <colcon_core.verb.build.BuildVerb object at 0x77de18cf6a70>>)
[0.147s] Level 1:colcon.colcon_core.package_discovery:discover_packages(colcon_meta) check parameters
[0.147s] Level 1:colcon.colcon_core.package_discovery:discover_packages(recursive) check parameters
[0.147s] Level 1:colcon.colcon_core.package_discovery:discover_packages(ignore) check parameters
[0.147s] Level 1:colcon.colcon_core.package_discovery:discover_packages(path) check parameters
[0.147s] Level 1:colcon.colcon_core.package_discovery:discover_packages(colcon_meta) discover
[0.147s] Level 1:colcon.colcon_core.package_discovery:discover_packages(recursive) discover
[0.147s] INFO:colcon.colcon_core.package_discovery:Crawling recursively for packages in '/home/east/ros2-learning-space/ws01_plumbing'
[0.147s] Level 1:colcon.colcon_core.package_identification:_identify(.) by extensions ['ignore', 'ignore_ament_install']
[0.147s] Level 1:colcon.colcon_core.package_identification:_identify(.) by extension 'ignore'
[0.147s] Level 1:colcon.colcon_core.package_identification:_identify(.) by extension 'ignore_ament_install'
[0.147s] Level 1:colcon.colcon_core.package_identification:_identify(.) by extensions ['colcon_pkg']
[0.147s] Level 1:colcon.colcon_core.package_identification:_identify(.) by extension 'colcon_pkg'
[0.147s] Level 1:colcon.colcon_core.package_identification:_identify(.) by extensions ['colcon_meta']
[0.147s] Level 1:colcon.colcon_core.package_identification:_identify(.) by extension 'colcon_meta'
[0.147s] Level 1:colcon.colcon_core.package_identification:_identify(.) by extensions ['ros']
[0.147s] Level 1:colcon.colcon_core.package_identification:_identify(.) by extension 'ros'
[0.154s] Level 1:colcon.colcon_core.package_identification:_identify(.) by extensions ['cmake', 'python']
[0.154s] Level 1:colcon.colcon_core.package_identification:_identify(.) by extension 'cmake'
[0.154s] Level 1:colcon.colcon_core.package_identification:_identify(.) by extension 'python'
[0.154s] Level 1:colcon.colcon_core.package_identification:_identify(.) by extensions ['python_setup_py']
[0.154s] Level 1:colcon.colcon_core.package_identification:_identify(.) by extension 'python_setup_py'
[0.154s] Level 1:colcon.colcon_core.package_identification:_identify(build) by extensions ['ignore', 'ignore_ament_install']
[0.154s] Level 1:colcon.colcon_core.package_identification:_identify(build) by extension 'ignore'
[0.154s] Level 1:colcon.colcon_core.package_identification:_identify(build) ignored
[0.154s] Level 1:colcon.colcon_core.package_identification:_identify(install) by extensions ['ignore', 'ignore_ament_install']
[0.154s] Level 1:colcon.colcon_core.package_identification:_identify(install) by extension 'ignore'
[0.155s] Level 1:colcon.colcon_core.package_identification:_identify(install) ignored
[0.155s] Level 1:colcon.colcon_core.package_identification:_identify(log) by extensions ['ignore', 'ignore_ament_install']
[0.155s] Level 1:colcon.colcon_core.package_identification:_identify(log) by extension 'ignore'
[0.155s] Level 1:colcon.colcon_core.package_identification:_identify(log) ignored
[0.155s] Level 1:colcon.colcon_core.package_identification:_identify(src) by extensions ['ignore', 'ignore_ament_install']
[0.155s] Level 1:colcon.colcon_core.package_identification:_identify(src) by extension 'ignore'
[0.155s] Level 1:colcon.colcon_core.package_identification:_identify(src) by extension 'ignore_ament_install'
[0.155s] Level 1:colcon.colcon_core.package_identification:_identify(src) by extensions ['colcon_pkg']
[0.155s] Level 1:colcon.colcon_core.package_identification:_identify(src) by extension 'colcon_pkg'
[0.155s] Level 1:colcon.colcon_core.package_identification:_identify(src) by extensions ['colcon_meta']
[0.155s] Level 1:colcon.colcon_core.package_identification:_identify(src) by extension 'colcon_meta'
[0.155s] Level 1:colcon.colcon_core.package_identification:_identify(src) by extensions ['ros']
[0.155s] Level 1:colcon.colcon_core.package_identification:_identify(src) by extension 'ros'
[0.155s] Level 1:colcon.colcon_core.package_identification:_identify(src) by extensions ['cmake', 'python']
[0.155s] Level 1:colcon.colcon_core.package_identification:_identify(src) by extension 'cmake'
[0.155s] Level 1:colcon.colcon_core.package_identification:_identify(src) by extension 'python'
[0.155s] Level 1:colcon.colcon_core.package_identification:_identify(src) by extensions ['python_setup_py']
[0.155s] Level 1:colcon.colcon_core.package_identification:_identify(src) by extension 'python_setup_py'
[0.155s] Level 1:colcon.colcon_core.package_identification:_identify(src/base_interfaces_demo) by extensions ['ignore', 'ignore_ament_install']
[0.155s] Level 1:colcon.colcon_core.package_identification:_identify(src/base_interfaces_demo) by extension 'ignore'
[0.155s] Level 1:colcon.colcon_core.package_identification:_identify(src/base_interfaces_demo) by extension 'ignore_ament_install'
[0.155s] Level 1:colcon.colcon_core.package_identification:_identify(src/base_interfaces_demo) by extensions ['colcon_pkg']
[0.155s] Level 1:colcon.colcon_core.package_identification:_identify(src/base_interfaces_demo) by extension 'colcon_pkg'
[0.155s] Level 1:colcon.colcon_core.package_identification:_identify(src/base_interfaces_demo) by extensions ['colcon_meta']
[0.155s] Level 1:colcon.colcon_core.package_identification:_identify(src/base_interfaces_demo) by extension 'colcon_meta'
[0.155s] Level 1:colcon.colcon_core.package_identification:_identify(src/base_interfaces_demo) by extensions ['ros']
[0.155s] Level 1:colcon.colcon_core.package_identification:_identify(src/base_interfaces_demo) by extension 'ros'
[0.157s] DEBUG:colcon.colcon_core.package_identification:Package 'src/base_interfaces_demo' with type 'ros.ament_cmake' and name 'base_interfaces_demo'
[0.157s] Level 1:colcon.colcon_core.package_identification:_identify(src/cpp01_topic) by extensions ['ignore', 'ignore_ament_install']
[0.157s] Level 1:colcon.colcon_core.package_identification:_identify(src/cpp01_topic) by extension 'ignore'
[0.157s] Level 1:colcon.colcon_core.package_identification:_identify(src/cpp01_topic) by extension 'ignore_ament_install'
[0.157s] Level 1:colcon.colcon_core.package_identification:_identify(src/cpp01_topic) by extensions ['colcon_pkg']
[0.157s] Level 1:colcon.colcon_core.package_identification:_identify(src/cpp01_topic) by extension 'colcon_pkg'
[0.157s] Level 1:colcon.colcon_core.package_identification:_identify(src/cpp01_topic) by extensions ['colcon_meta']
[0.157s] Level 1:colcon.colcon_core.package_identification:_identify(src/cpp01_topic) by extension 'colcon_meta'
[0.157s] Level 1:colcon.colcon_core.package_identification:_identify(src/cpp01_topic) by extensions ['ros']
[0.157s] Level 1:colcon.colcon_core.package_identification:_identify(src/cpp01_topic) by extension 'ros'
[0.158s] DEBUG:colcon.colcon_core.package_identification:Package 'src/cpp01_topic' with type 'ros.ament_cmake' and name 'cpp01_topic'
[0.158s] Level 1:colcon.colcon_core.package_identification:_identify(src/cpp02_service) by extensions ['ignore', 'ignore_ament_install']
[0.158s] Level 1:colcon.colcon_core.package_identification:_identify(src/cpp02_service) by extension 'ignore'
[0.158s] Level 1:colcon.colcon_core.package_identification:_identify(src/cpp02_service) by extension 'ignore_ament_install'
[0.158s] Level 1:colcon.colcon_core.package_identification:_identify(src/cpp02_service) by extensions ['colcon_pkg']
[0.158s] Level 1:colcon.colcon_core.package_identification:_identify(src/cpp02_service) by extension 'colcon_pkg'
[0.158s] Level 1:colcon.colcon_core.package_identification:_identify(src/cpp02_service) by extensions ['colcon_meta']
[0.158s] Level 1:colcon.colcon_core.package_identification:_identify(src/cpp02_service) by extension 'colcon_meta'
[0.158s] Level 1:colcon.colcon_core.package_identification:_identify(src/cpp02_service) by extensions ['ros']
[0.158s] Level 1:colcon.colcon_core.package_identification:_identify(src/cpp02_service) by extension 'ros'
[0.158s] DEBUG:colcon.colcon_core.package_identification:Package 'src/cpp02_service' with type 'ros.ament_cmake' and name 'cpp02_service'
[0.158s] Level 1:colcon.colcon_core.package_identification:_identify(src/cpp03_action) by extensions ['ignore', 'ignore_ament_install']
[0.158s] Level 1:colcon.colcon_core.package_identification:_identify(src/cpp03_action) by extension 'ignore'
[0.158s] Level 1:colcon.colcon_core.package_identification:_identify(src/cpp03_action) by extension 'ignore_ament_install'
[0.158s] Level 1:colcon.colcon_core.package_identification:_identify(src/cpp03_action) by extensions ['colcon_pkg']
[0.158s] Level 1:colcon.colcon_core.package_identification:_identify(src/cpp03_action) by extension 'colcon_pkg'
[0.158s] Level 1:colcon.colcon_core.package_identification:_identify(src/cpp03_action) by extensions ['colcon_meta']
[0.158s] Level 1:colcon.colcon_core.package_identification:_identify(src/cpp03_action) by extension 'colcon_meta'
[0.158s] Level 1:colcon.colcon_core.package_identification:_identify(src/cpp03_action) by extensions ['ros']
[0.158s] Level 1:colcon.colcon_core.package_identification:_identify(src/cpp03_action) by extension 'ros'
[0.159s] DEBUG:colcon.colcon_core.package_identification:Package 'src/cpp03_action' with type 'ros.ament_cmake' and name 'cpp03_action'
[0.159s] Level 1:colcon.colcon_core.package_identification:_identify(src/cpp04_param) by extensions ['ignore', 'ignore_ament_install']
[0.159s] Level 1:colcon.colcon_core.package_identification:_identify(src/cpp04_param) by extension 'ignore'
[0.159s] Level 1:colcon.colcon_core.package_identification:_identify(src/cpp04_param) by extension 'ignore_ament_install'
[0.159s] Level 1:colcon.colcon_core.package_identification:_identify(src/cpp04_param) by extensions ['colcon_pkg']
[0.159s] Level 1:colcon.colcon_core.package_identification:_identify(src/cpp04_param) by extension 'colcon_pkg'
[0.159s] Level 1:colcon.colcon_core.package_identification:_identify(src/cpp04_param) by extensions ['colcon_meta']
[0.159s] Level 1:colcon.colcon_core.package_identification:_identify(src/cpp04_param) by extension 'colcon_meta'
[0.159s] Level 1:colcon.colcon_core.package_identification:_identify(src/cpp04_param) by extensions ['ros']
[0.159s] Level 1:colcon.colcon_core.package_identification:_identify(src/cpp04_param) by extension 'ros'
[0.159s] DEBUG:colcon.colcon_core.package_identification:Package 'src/cpp04_param' with type 'ros.ament_cmake' and name 'cpp04_param'
[0.159s] Level 1:colcon.colcon_core.package_identification:_identify(src/cpp05_names) by extensions ['ignore', 'ignore_ament_install']
[0.159s] Level 1:colcon.colcon_core.package_identification:_identify(src/cpp05_names) by extension 'ignore'
[0.159s] Level 1:colcon.colcon_core.package_identification:_identify(src/cpp05_names) by extension 'ignore_ament_install'
[0.159s] Level 1:colcon.colcon_core.package_identification:_identify(src/cpp05_names) by extensions ['colcon_pkg']
[0.159s] Level 1:colcon.colcon_core.package_identification:_identify(src/cpp05_names) by extension 'colcon_pkg'
[0.160s] Level 1:colcon.colcon_core.package_identification:_identify(src/cpp05_names) by extensions ['colcon_meta']
[0.160s] Level 1:colcon.colcon_core.package_identification:_identify(src/cpp05_names) by extension 'colcon_meta'
[0.160s] Level 1:colcon.colcon_core.package_identification:_identify(src/cpp05_names) by extensions ['ros']
[0.160s] Level 1:colcon.colcon_core.package_identification:_identify(src/cpp05_names) by extension 'ros'
[0.160s] DEBUG:colcon.colcon_core.package_identification:Package 'src/cpp05_names' with type 'ros.ament_cmake' and name 'cpp05_names'
[0.160s] Level 1:colcon.colcon_core.package_identification:_identify(src/cpp06_time) by extensions ['ignore', 'ignore_ament_install']
[0.160s] Level 1:colcon.colcon_core.package_identification:_identify(src/cpp06_time) by extension 'ignore'
[0.160s] Level 1:colcon.colcon_core.package_identification:_identify(src/cpp06_time) by extension 'ignore_ament_install'
[0.160s] Level 1:colcon.colcon_core.package_identification:_identify(src/cpp06_time) by extensions ['colcon_pkg']
[0.160s] Level 1:colcon.colcon_core.package_identification:_identify(src/cpp06_time) by extension 'colcon_pkg'
[0.160s] Level 1:colcon.colcon_core.package_identification:_identify(src/cpp06_time) by extensions ['colcon_meta']
[0.160s] Level 1:colcon.colcon_core.package_identification:_identify(src/cpp06_time) by extension 'colcon_meta'
[0.160s] Level 1:colcon.colcon_core.package_identification:_identify(src/cpp06_time) by extensions ['ros']
[0.160s] Level 1:colcon.colcon_core.package_identification:_identify(src/cpp06_time) by extension 'ros'
[0.160s] DEBUG:colcon.colcon_core.package_identification:Package 'src/cpp06_time' with type 'ros.ament_cmake' and name 'cpp06_time'
[0.160s] Level 1:colcon.colcon_core.package_discovery:discover_packages(recursive) using defaults
[0.161s] Level 1:colcon.colcon_core.package_discovery:discover_packages(ignore) discover
[0.161s] Level 1:colcon.colcon_core.package_discovery:discover_packages(ignore) using defaults
[0.161s] Level 1:colcon.colcon_core.package_discovery:discover_packages(path) discover
[0.161s] Level 1:colcon.colcon_core.package_discovery:discover_packages(path) using defaults
[0.180s] Level 1:colcon.colcon_core.package_discovery:discover_packages(prefix_path) check parameters
[0.180s] Level 1:colcon.colcon_core.package_discovery:discover_packages(prefix_path) discover
[0.181s] DEBUG:colcon.colcon_installed_package_information.package_discovery:Found 7 installed packages in /home/east/ros2-learning-space/ws01_plumbing/install
[0.182s] DEBUG:colcon.colcon_installed_package_information.package_discovery:Found 271 installed packages in /opt/ros/humble
[0.183s] Level 1:colcon.colcon_core.package_discovery:discover_packages(prefix_path) using defaults
[0.202s] Level 5:colcon.colcon_core.verb:set package 'base_interfaces_demo' build argument 'cmake_args' from command line to 'None'
[0.202s] Level 5:colcon.colcon_core.verb:set package 'base_interfaces_demo' build argument 'cmake_target' from command line to 'None'
[0.202s] Level 5:colcon.colcon_core.verb:set package 'base_interfaces_demo' build argument 'cmake_target_skip_unavailable' from command line to 'False'
[0.202s] Level 5:colcon.colcon_core.verb:set package 'base_interfaces_demo' build argument 'cmake_clean_cache' from command line to 'False'
[0.202s] Level 5:colcon.colcon_core.verb:set package 'base_interfaces_demo' build argument 'cmake_clean_first' from command line to 'False'
[0.202s] Level 5:colcon.colcon_core.verb:set package 'base_interfaces_demo' build argument 'cmake_force_configure' from command line to 'False'
[0.202s] Level 5:colcon.colcon_core.verb:set package 'base_interfaces_demo' build argument 'ament_cmake_args' from command line to 'None'
[0.202s] Level 5:colcon.colcon_core.verb:set package 'base_interfaces_demo' build argument 'catkin_cmake_args' from command line to 'None'
[0.203s] Level 5:colcon.colcon_core.verb:set package 'base_interfaces_demo' build argument 'catkin_skip_building_tests' from command line to 'False'
[0.203s] DEBUG:colcon.colcon_core.verb:Building package 'base_interfaces_demo' with the following arguments: {'ament_cmake_args': None, 'build_base': '/home/east/ros2-learning-space/ws01_plumbing/build/base_interfaces_demo', 'catkin_cmake_args': None, 'catkin_skip_building_tests': False, 'cmake_args': None, 'cmake_clean_cache': False, 'cmake_clean_first': False, 'cmake_force_configure': False, 'cmake_target': None, 'cmake_target_skip_unavailable': False, 'install_base': '/home/east/ros2-learning-space/ws01_plumbing/install/base_interfaces_demo', 'merge_install': False, 'path': '/home/east/ros2-learning-space/ws01_plumbing/src/base_interfaces_demo', 'symlink_install': False, 'test_result_base': None}
[0.203s] Level 5:colcon.colcon_core.verb:set package 'cpp04_param' build argument 'cmake_args' from command line to 'None'
[0.203s] Level 5:colcon.colcon_core.verb:set package 'cpp04_param' build argument 'cmake_target' from command line to 'None'
[0.203s] Level 5:colcon.colcon_core.verb:set package 'cpp04_param' build argument 'cmake_target_skip_unavailable' from command line to 'False'
[0.203s] Level 5:colcon.colcon_core.verb:set package 'cpp04_param' build argument 'cmake_clean_cache' from command line to 'False'
[0.203s] Level 5:colcon.colcon_core.verb:set package 'cpp04_param' build argument 'cmake_clean_first' from command line to 'False'
[0.203s] Level 5:colcon.colcon_core.verb:set package 'cpp04_param' build argument 'cmake_force_configure' from command line to 'False'
[0.203s] Level 5:colcon.colcon_core.verb:set package 'cpp04_param' build argument 'ament_cmake_args' from command line to 'None'
[0.203s] Level 5:colcon.colcon_core.verb:set package 'cpp04_param' build argument 'catkin_cmake_args' from command line to 'None'
[0.203s] Level 5:colcon.colcon_core.verb:set package 'cpp04_param' build argument 'catkin_skip_building_tests' from command line to 'False'
[0.203s] DEBUG:colcon.colcon_core.verb:Building package 'cpp04_param' with the following arguments: {'ament_cmake_args': None, 'build_base': '/home/east/ros2-learning-space/ws01_plumbing/build/cpp04_param', 'catkin_cmake_args': None, 'catkin_skip_building_tests': False, 'cmake_args': None, 'cmake_clean_cache': False, 'cmake_clean_first': False, 'cmake_force_configure': False, 'cmake_target': None, 'cmake_target_skip_unavailable': False, 'install_base': '/home/east/ros2-learning-space/ws01_plumbing/install/cpp04_param', 'merge_install': False, 'path': '/home/east/ros2-learning-space/ws01_plumbing/src/cpp04_param', 'symlink_install': False, 'test_result_base': None}
[0.203s] Level 5:colcon.colcon_core.verb:set package 'cpp05_names' build argument 'cmake_args' from command line to 'None'
[0.203s] Level 5:colcon.colcon_core.verb:set package 'cpp05_names' build argument 'cmake_target' from command line to 'None'
[0.203s] Level 5:colcon.colcon_core.verb:set package 'cpp05_names' build argument 'cmake_target_skip_unavailable' from command line to 'False'
[0.203s] Level 5:colcon.colcon_core.verb:set package 'cpp05_names' build argument 'cmake_clean_cache' from command line to 'False'
[0.203s] Level 5:colcon.colcon_core.verb:set package 'cpp05_names' build argument 'cmake_clean_first' from command line to 'False'
[0.203s] Level 5:colcon.colcon_core.verb:set package 'cpp05_names' build argument 'cmake_force_configure' from command line to 'False'
[0.203s] Level 5:colcon.colcon_core.verb:set package 'cpp05_names' build argument 'ament_cmake_args' from command line to 'None'
[0.203s] Level 5:colcon.colcon_core.verb:set package 'cpp05_names' build argument 'catkin_cmake_args' from command line to 'None'
[0.203s] Level 5:colcon.colcon_core.verb:set package 'cpp05_names' build argument 'catkin_skip_building_tests' from command line to 'False'
[0.203s] DEBUG:colcon.colcon_core.verb:Building package 'cpp05_names' with the following arguments: {'ament_cmake_args': None, 'build_base': '/home/east/ros2-learning-space/ws01_plumbing/build/cpp05_names', 'catkin_cmake_args': None, 'catkin_skip_building_tests': False, 'cmake_args': None, 'cmake_clean_cache': False, 'cmake_clean_first': False, 'cmake_force_configure': False, 'cmake_target': None, 'cmake_target_skip_unavailable': False, 'install_base': '/home/east/ros2-learning-space/ws01_plumbing/install/cpp05_names', 'merge_install': False, 'path': '/home/east/ros2-learning-space/ws01_plumbing/src/cpp05_names', 'symlink_install': False, 'test_result_base': None}
[0.203s] Level 5:colcon.colcon_core.verb:set package 'cpp06_time' build argument 'cmake_args' from command line to 'None'
[0.203s] Level 5:colcon.colcon_core.verb:set package 'cpp06_time' build argument 'cmake_target' from command line to 'None'
[0.203s] Level 5:colcon.colcon_core.verb:set package 'cpp06_time' build argument 'cmake_target_skip_unavailable' from command line to 'False'
[0.203s] Level 5:colcon.colcon_core.verb:set package 'cpp06_time' build argument 'cmake_clean_cache' from command line to 'False'
[0.203s] Level 5:colcon.colcon_core.verb:set package 'cpp06_time' build argument 'cmake_clean_first' from command line to 'False'
[0.203s] Level 5:colcon.colcon_core.verb:set package 'cpp06_time' build argument 'cmake_force_configure' from command line to 'False'
[0.203s] Level 5:colcon.colcon_core.verb:set package 'cpp06_time' build argument 'ament_cmake_args' from command line to 'None'
[0.203s] Level 5:colcon.colcon_core.verb:set package 'cpp06_time' build argument 'catkin_cmake_args' from command line to 'None'
[0.203s] Level 5:colcon.colcon_core.verb:set package 'cpp06_time' build argument 'catkin_skip_building_tests' from command line to 'False'
[0.203s] DEBUG:colcon.colcon_core.verb:Building package 'cpp06_time' with the following arguments: {'ament_cmake_args': None, 'build_base': '/home/east/ros2-learning-space/ws01_plumbing/build/cpp06_time', 'catkin_cmake_args': None, 'catkin_skip_building_tests': False, 'cmake_args': None, 'cmake_clean_cache': False, 'cmake_clean_first': False, 'cmake_force_configure': False, 'cmake_target': None, 'cmake_target_skip_unavailable': False, 'install_base': '/home/east/ros2-learning-space/ws01_plumbing/install/cpp06_time', 'merge_install': False, 'path': '/home/east/ros2-learning-space/ws01_plumbing/src/cpp06_time', 'symlink_install': False, 'test_result_base': None}
[0.204s] Level 5:colcon.colcon_core.verb:set package 'cpp01_topic' build argument 'cmake_args' from command line to 'None'
[0.204s] Level 5:colcon.colcon_core.verb:set package 'cpp01_topic' build argument 'cmake_target' from command line to 'None'
[0.204s] Level 5:colcon.colcon_core.verb:set package 'cpp01_topic' build argument 'cmake_target_skip_unavailable' from command line to 'False'
[0.204s] Level 5:colcon.colcon_core.verb:set package 'cpp01_topic' build argument 'cmake_clean_cache' from command line to 'False'
[0.204s] Level 5:colcon.colcon_core.verb:set package 'cpp01_topic' build argument 'cmake_clean_first' from command line to 'False'
[0.204s] Level 5:colcon.colcon_core.verb:set package 'cpp01_topic' build argument 'cmake_force_configure' from command line to 'False'
[0.204s] Level 5:colcon.colcon_core.verb:set package 'cpp01_topic' build argument 'ament_cmake_args' from command line to 'None'
[0.204s] Level 5:colcon.colcon_core.verb:set package 'cpp01_topic' build argument 'catkin_cmake_args' from command line to 'None'
[0.204s] Level 5:colcon.colcon_core.verb:set package 'cpp01_topic' build argument 'catkin_skip_building_tests' from command line to 'False'
[0.204s] DEBUG:colcon.colcon_core.verb:Building package 'cpp01_topic' with the following arguments: {'ament_cmake_args': None, 'build_base': '/home/east/ros2-learning-space/ws01_plumbing/build/cpp01_topic', 'catkin_cmake_args': None, 'catkin_skip_building_tests': False, 'cmake_args': None, 'cmake_clean_cache': False, 'cmake_clean_first': False, 'cmake_force_configure': False, 'cmake_target': None, 'cmake_target_skip_unavailable': False, 'install_base': '/home/east/ros2-learning-space/ws01_plumbing/install/cpp01_topic', 'merge_install': False, 'path': '/home/east/ros2-learning-space/ws01_plumbing/src/cpp01_topic', 'symlink_install': False, 'test_result_base': None}
[0.204s] Level 5:colcon.colcon_core.verb:set package 'cpp02_service' build argument 'cmake_args' from command line to 'None'
[0.204s] Level 5:colcon.colcon_core.verb:set package 'cpp02_service' build argument 'cmake_target' from command line to 'None'
[0.204s] Level 5:colcon.colcon_core.verb:set package 'cpp02_service' build argument 'cmake_target_skip_unavailable' from command line to 'False'
[0.204s] Level 5:colcon.colcon_core.verb:set package 'cpp02_service' build argument 'cmake_clean_cache' from command line to 'False'
[0.204s] Level 5:colcon.colcon_core.verb:set package 'cpp02_service' build argument 'cmake_clean_first' from command line to 'False'
[0.204s] Level 5:colcon.colcon_core.verb:set package 'cpp02_service' build argument 'cmake_force_configure' from command line to 'False'
[0.204s] Level 5:colcon.colcon_core.verb:set package 'cpp02_service' build argument 'ament_cmake_args' from command line to 'None'
[0.204s] Level 5:colcon.colcon_core.verb:set package 'cpp02_service' build argument 'catkin_cmake_args' from command line to 'None'
[0.204s] Level 5:colcon.colcon_core.verb:set package 'cpp02_service' build argument 'catkin_skip_building_tests' from command line to 'False'
[0.204s] DEBUG:colcon.colcon_core.verb:Building package 'cpp02_service' with the following arguments: {'ament_cmake_args': None, 'build_base': '/home/east/ros2-learning-space/ws01_plumbing/build/cpp02_service', 'catkin_cmake_args': None, 'catkin_skip_building_tests': False, 'cmake_args': None, 'cmake_clean_cache': False, 'cmake_clean_first': False, 'cmake_force_configure': False, 'cmake_target': None, 'cmake_target_skip_unavailable': False, 'install_base': '/home/east/ros2-learning-space/ws01_plumbing/install/cpp02_service', 'merge_install': False, 'path': '/home/east/ros2-learning-space/ws01_plumbing/src/cpp02_service', 'symlink_install': False, 'test_result_base': None}
[0.204s] Level 5:colcon.colcon_core.verb:set package 'cpp03_action' build argument 'cmake_args' from command line to 'None'
[0.204s] Level 5:colcon.colcon_core.verb:set package 'cpp03_action' build argument 'cmake_target' from command line to 'None'
[0.204s] Level 5:colcon.colcon_core.verb:set package 'cpp03_action' build argument 'cmake_target_skip_unavailable' from command line to 'False'
[0.204s] Level 5:colcon.colcon_core.verb:set package 'cpp03_action' build argument 'cmake_clean_cache' from command line to 'False'
[0.204s] Level 5:colcon.colcon_core.verb:set package 'cpp03_action' build argument 'cmake_clean_first' from command line to 'False'
[0.204s] Level 5:colcon.colcon_core.verb:set package 'cpp03_action' build argument 'cmake_force_configure' from command line to 'False'
[0.204s] Level 5:colcon.colcon_core.verb:set package 'cpp03_action' build argument 'ament_cmake_args' from command line to 'None'
[0.204s] Level 5:colcon.colcon_core.verb:set package 'cpp03_action' build argument 'catkin_cmake_args' from command line to 'None'
[0.204s] Level 5:colcon.colcon_core.verb:set package 'cpp03_action' build argument 'catkin_skip_building_tests' from command line to 'False'
[0.204s] DEBUG:colcon.colcon_core.verb:Building package 'cpp03_action' with the following arguments: {'ament_cmake_args': None, 'build_base': '/home/east/ros2-learning-space/ws01_plumbing/build/cpp03_action', 'catkin_cmake_args': None, 'catkin_skip_building_tests': False, 'cmake_args': None, 'cmake_clean_cache': False, 'cmake_clean_first': False, 'cmake_force_configure': False, 'cmake_target': None, 'cmake_target_skip_unavailable': False, 'install_base': '/home/east/ros2-learning-space/ws01_plumbing/install/cpp03_action', 'merge_install': False, 'path': '/home/east/ros2-learning-space/ws01_plumbing/src/cpp03_action', 'symlink_install': False, 'test_result_base': None}
[0.204s] INFO:colcon.colcon_core.executor:Executing jobs using 'parallel' executor
[0.206s] DEBUG:colcon.colcon_parallel_executor.executor.parallel:run_until_complete
[0.206s] INFO:colcon.colcon_ros.task.ament_cmake.build:Building ROS package in '/home/east/ros2-learning-space/ws01_plumbing/src/base_interfaces_demo' with build type 'ament_cmake'
[0.206s] INFO:colcon.colcon_cmake.task.cmake.build:Building CMake package in '/home/east/ros2-learning-space/ws01_plumbing/src/base_interfaces_demo'
[0.208s] INFO:colcon.colcon_core.plugin_system:Skipping extension 'colcon_core.shell.bat': Not used on non-Windows systems
[0.208s] INFO:colcon.colcon_core.shell:Skip shell extension 'powershell' for command environment: Not usable outside of PowerShell
[0.208s] DEBUG:colcon.colcon_core.shell:Skip shell extension 'dsv' for command environment
[0.211s] INFO:colcon.colcon_ros.task.ament_cmake.build:Building ROS package in '/home/east/ros2-learning-space/ws01_plumbing/src/cpp04_param' with build type 'ament_cmake'
[0.211s] INFO:colcon.colcon_cmake.task.cmake.build:Building CMake package in '/home/east/ros2-learning-space/ws01_plumbing/src/cpp04_param'
[0.211s] INFO:colcon.colcon_core.shell:Skip shell extension 'powershell' for command environment: Not usable outside of PowerShell
[0.211s] DEBUG:colcon.colcon_core.shell:Skip shell extension 'dsv' for command environment
[0.213s] INFO:colcon.colcon_ros.task.ament_cmake.build:Building ROS package in '/home/east/ros2-learning-space/ws01_plumbing/src/cpp05_names' with build type 'ament_cmake'
[0.213s] INFO:colcon.colcon_cmake.task.cmake.build:Building CMake package in '/home/east/ros2-learning-space/ws01_plumbing/src/cpp05_names'
[0.213s] INFO:colcon.colcon_core.shell:Skip shell extension 'powershell' for command environment: Not usable outside of PowerShell
[0.213s] DEBUG:colcon.colcon_core.shell:Skip shell extension 'dsv' for command environment
[0.215s] INFO:colcon.colcon_ros.task.ament_cmake.build:Building ROS package in '/home/east/ros2-learning-space/ws01_plumbing/src/cpp06_time' with build type 'ament_cmake'
[0.215s] INFO:colcon.colcon_cmake.task.cmake.build:Building CMake package in '/home/east/ros2-learning-space/ws01_plumbing/src/cpp06_time'
[0.215s] INFO:colcon.colcon_core.shell:Skip shell extension 'powershell' for command environment: Not usable outside of PowerShell
[0.215s] DEBUG:colcon.colcon_core.shell:Skip shell extension 'dsv' for command environment
[0.220s] DEBUG:colcon.colcon_core.event_handler.log_command:Invoking command in '/home/east/ros2-learning-space/ws01_plumbing/build/base_interfaces_demo': /usr/bin/cmake --build /home/east/ros2-learning-space/ws01_plumbing/build/base_interfaces_demo -- -j18 -l18
[0.222s] DEBUG:colcon.colcon_core.event_handler.log_command:Invoking command in '/home/east/ros2-learning-space/ws01_plumbing/build/cpp04_param': /usr/bin/cmake --build /home/east/ros2-learning-space/ws01_plumbing/build/cpp04_param -- -j18 -l18
[0.225s] DEBUG:colcon.colcon_core.event_handler.log_command:Invoking command in '/home/east/ros2-learning-space/ws01_plumbing/build/cpp05_names': /usr/bin/cmake --build /home/east/ros2-learning-space/ws01_plumbing/build/cpp05_names -- -j18 -l18
[0.229s] DEBUG:colcon.colcon_core.event_handler.log_command:Invoking command in '/home/east/ros2-learning-space/ws01_plumbing/build/cpp06_time': /usr/bin/cmake --build /home/east/ros2-learning-space/ws01_plumbing/build/cpp06_time -- -j18 -l18
[0.270s] DEBUG:colcon.colcon_core.event_handler.log_command:Invoked command in '/home/east/ros2-learning-space/ws01_plumbing/build/cpp05_names' returned '0': /usr/bin/cmake --build /home/east/ros2-learning-space/ws01_plumbing/build/cpp05_names -- -j18 -l18
[0.279s] DEBUG:colcon.colcon_core.event_handler.log_command:Invoking command in '/home/east/ros2-learning-space/ws01_plumbing/build/cpp05_names': /usr/bin/cmake --install /home/east/ros2-learning-space/ws01_plumbing/build/cpp05_names
[0.281s] DEBUG:colcon.colcon_core.event_handler.log_command:Invoked command in '/home/east/ros2-learning-space/ws01_plumbing/build/cpp06_time' returned '0': /usr/bin/cmake --build /home/east/ros2-learning-space/ws01_plumbing/build/cpp06_time -- -j18 -l18
[0.282s] DEBUG:colcon.colcon_core.event_handler.log_command:Invoking command in '/home/east/ros2-learning-space/ws01_plumbing/build/cpp06_time': /usr/bin/cmake --install /home/east/ros2-learning-space/ws01_plumbing/build/cpp06_time
[0.283s] DEBUG:colcon.colcon_core.event_handler.log_command:Invoked command in '/home/east/ros2-learning-space/ws01_plumbing/build/cpp04_param' returned '0': /usr/bin/cmake --build /home/east/ros2-learning-space/ws01_plumbing/build/cpp04_param -- -j18 -l18
[0.285s] DEBUG:colcon.colcon_core.event_handler.log_command:Invoking command in '/home/east/ros2-learning-space/ws01_plumbing/build/cpp04_param': /usr/bin/cmake --install /home/east/ros2-learning-space/ws01_plumbing/build/cpp04_param
[0.289s] Level 1:colcon.colcon_core.environment:create_environment_scripts_only(cpp05_names)
[0.291s] DEBUG:colcon.colcon_core.event_handler.log_command:Invoked command in '/home/east/ros2-learning-space/ws01_plumbing/build/cpp05_names' returned '0': /usr/bin/cmake --install /home/east/ros2-learning-space/ws01_plumbing/build/cpp05_names
[0.294s] Level 1:colcon.colcon_core.environment:checking '/home/east/ros2-learning-space/ws01_plumbing/install/cpp05_names' for CMake module files
[0.294s] Level 1:colcon.colcon_core.environment:checking '/home/east/ros2-learning-space/ws01_plumbing/install/cpp05_names' for CMake config files
[0.294s] Level 1:colcon.colcon_core.shell:create_environment_hook('cpp05_names', 'cmake_prefix_path')
[0.294s] INFO:colcon.colcon_core.shell:Creating environment hook '/home/east/ros2-learning-space/ws01_plumbing/install/cpp05_names/share/cpp05_names/hook/cmake_prefix_path.ps1'
[0.295s] INFO:colcon.colcon_core.shell:Creating environment descriptor '/home/east/ros2-learning-space/ws01_plumbing/install/cpp05_names/share/cpp05_names/hook/cmake_prefix_path.dsv'
[0.295s] INFO:colcon.colcon_core.shell:Creating environment hook '/home/east/ros2-learning-space/ws01_plumbing/install/cpp05_names/share/cpp05_names/hook/cmake_prefix_path.sh'
[0.296s] Level 1:colcon.colcon_core.environment:checking '/home/east/ros2-learning-space/ws01_plumbing/install/cpp05_names/lib'
[0.296s] Level 1:colcon.colcon_core.environment:checking '/home/east/ros2-learning-space/ws01_plumbing/install/cpp05_names/bin'
[0.296s] Level 1:colcon.colcon_core.environment:checking '/home/east/ros2-learning-space/ws01_plumbing/install/cpp05_names/lib/pkgconfig/cpp05_names.pc'
[0.296s] Level 1:colcon.colcon_core.environment:checking '/home/east/ros2-learning-space/ws01_plumbing/install/cpp05_names/lib/python3.10/site-packages'
[0.296s] Level 1:colcon.colcon_core.environment:checking '/home/east/ros2-learning-space/ws01_plumbing/install/cpp05_names/bin'
[0.296s] INFO:colcon.colcon_core.shell:Creating package script '/home/east/ros2-learning-space/ws01_plumbing/install/cpp05_names/share/cpp05_names/package.ps1'
[0.297s] INFO:colcon.colcon_core.shell:Creating package descriptor '/home/east/ros2-learning-space/ws01_plumbing/install/cpp05_names/share/cpp05_names/package.dsv'
[0.297s] INFO:colcon.colcon_core.shell:Creating package script '/home/east/ros2-learning-space/ws01_plumbing/install/cpp05_names/share/cpp05_names/package.sh'
[0.298s] INFO:colcon.colcon_core.shell:Creating package script '/home/east/ros2-learning-space/ws01_plumbing/install/cpp05_names/share/cpp05_names/package.bash'
[0.298s] INFO:colcon.colcon_core.shell:Creating package script '/home/east/ros2-learning-space/ws01_plumbing/install/cpp05_names/share/cpp05_names/package.zsh'
[0.298s] Level 1:colcon.colcon_core.environment:create_file_with_runtime_dependencies(/home/east/ros2-learning-space/ws01_plumbing/install/cpp05_names/share/colcon-core/packages/cpp05_names)
[0.299s] Level 1:colcon.colcon_core.environment:create_environment_scripts_only(cpp05_names)
[0.299s] Level 1:colcon.colcon_core.environment:checking '/home/east/ros2-learning-space/ws01_plumbing/install/cpp05_names' for CMake module files
[0.299s] Level 1:colcon.colcon_core.environment:checking '/home/east/ros2-learning-space/ws01_plumbing/install/cpp05_names' for CMake config files
[0.299s] Level 1:colcon.colcon_core.shell:create_environment_hook('cpp05_names', 'cmake_prefix_path')
[0.299s] INFO:colcon.colcon_core.shell:Creating environment hook '/home/east/ros2-learning-space/ws01_plumbing/install/cpp05_names/share/cpp05_names/hook/cmake_prefix_path.ps1'
[0.299s] INFO:colcon.colcon_core.shell:Creating environment descriptor '/home/east/ros2-learning-space/ws01_plumbing/install/cpp05_names/share/cpp05_names/hook/cmake_prefix_path.dsv'
[0.300s] INFO:colcon.colcon_core.shell:Creating environment hook '/home/east/ros2-learning-space/ws01_plumbing/install/cpp05_names/share/cpp05_names/hook/cmake_prefix_path.sh'
[0.300s] Level 1:colcon.colcon_core.environment:checking '/home/east/ros2-learning-space/ws01_plumbing/install/cpp05_names/lib'
[0.300s] Level 1:colcon.colcon_core.environment:checking '/home/east/ros2-learning-space/ws01_plumbing/install/cpp05_names/bin'
[0.300s] Level 1:colcon.colcon_core.environment:checking '/home/east/ros2-learning-space/ws01_plumbing/install/cpp05_names/lib/pkgconfig/cpp05_names.pc'
[0.300s] Level 1:colcon.colcon_core.environment:checking '/home/east/ros2-learning-space/ws01_plumbing/install/cpp05_names/lib/python3.10/site-packages'
[0.300s] Level 1:colcon.colcon_core.environment:checking '/home/east/ros2-learning-space/ws01_plumbing/install/cpp05_names/bin'
[0.300s] INFO:colcon.colcon_core.shell:Creating package script '/home/east/ros2-learning-space/ws01_plumbing/install/cpp05_names/share/cpp05_names/package.ps1'
[0.301s] INFO:colcon.colcon_core.shell:Creating package descriptor '/home/east/ros2-learning-space/ws01_plumbing/install/cpp05_names/share/cpp05_names/package.dsv'
[0.301s] INFO:colcon.colcon_core.shell:Creating package script '/home/east/ros2-learning-space/ws01_plumbing/install/cpp05_names/share/cpp05_names/package.sh'
[0.301s] INFO:colcon.colcon_core.shell:Creating package script '/home/east/ros2-learning-space/ws01_plumbing/install/cpp05_names/share/cpp05_names/package.bash'
[0.301s] INFO:colcon.colcon_core.shell:Creating package script '/home/east/ros2-learning-space/ws01_plumbing/install/cpp05_names/share/cpp05_names/package.zsh'
[0.302s] Level 1:colcon.colcon_core.environment:create_file_with_runtime_dependencies(/home/east/ros2-learning-space/ws01_plumbing/install/cpp05_names/share/colcon-core/packages/cpp05_names)
[0.302s] Level 1:colcon.colcon_core.environment:create_environment_scripts_only(cpp06_time)
[0.302s] Level 1:colcon.colcon_core.environment:checking '/home/east/ros2-learning-space/ws01_plumbing/install/cpp06_time' for CMake module files
[0.303s] Level 1:colcon.colcon_core.environment:checking '/home/east/ros2-learning-space/ws01_plumbing/install/cpp06_time' for CMake config files
[0.303s] DEBUG:colcon.colcon_core.event_handler.log_command:Invoked command in '/home/east/ros2-learning-space/ws01_plumbing/build/cpp06_time' returned '0': /usr/bin/cmake --install /home/east/ros2-learning-space/ws01_plumbing/build/cpp06_time
[0.303s] Level 1:colcon.colcon_core.shell:create_environment_hook('cpp06_time', 'cmake_prefix_path')
[0.303s] INFO:colcon.colcon_core.shell:Creating environment hook '/home/east/ros2-learning-space/ws01_plumbing/install/cpp06_time/share/cpp06_time/hook/cmake_prefix_path.ps1'
[0.304s] INFO:colcon.colcon_core.shell:Creating environment descriptor '/home/east/ros2-learning-space/ws01_plumbing/install/cpp06_time/share/cpp06_time/hook/cmake_prefix_path.dsv'
[0.304s] INFO:colcon.colcon_core.shell:Creating environment hook '/home/east/ros2-learning-space/ws01_plumbing/install/cpp06_time/share/cpp06_time/hook/cmake_prefix_path.sh'
[0.304s] Level 1:colcon.colcon_core.environment:checking '/home/east/ros2-learning-space/ws01_plumbing/install/cpp06_time/lib'
[0.304s] Level 1:colcon.colcon_core.environment:checking '/home/east/ros2-learning-space/ws01_plumbing/install/cpp06_time/bin'
[0.304s] Level 1:colcon.colcon_core.environment:checking '/home/east/ros2-learning-space/ws01_plumbing/install/cpp06_time/lib/pkgconfig/cpp06_time.pc'
[0.304s] Level 1:colcon.colcon_core.environment:checking '/home/east/ros2-learning-space/ws01_plumbing/install/cpp06_time/lib/python3.10/site-packages'
[0.304s] Level 1:colcon.colcon_core.environment:checking '/home/east/ros2-learning-space/ws01_plumbing/install/cpp06_time/bin'
[0.305s] INFO:colcon.colcon_core.shell:Creating package script '/home/east/ros2-learning-space/ws01_plumbing/install/cpp06_time/share/cpp06_time/package.ps1'
[0.305s] INFO:colcon.colcon_core.shell:Creating package descriptor '/home/east/ros2-learning-space/ws01_plumbing/install/cpp06_time/share/cpp06_time/package.dsv'
[0.305s] INFO:colcon.colcon_core.shell:Creating package script '/home/east/ros2-learning-space/ws01_plumbing/install/cpp06_time/share/cpp06_time/package.sh'
[0.306s] INFO:colcon.colcon_core.shell:Creating package script '/home/east/ros2-learning-space/ws01_plumbing/install/cpp06_time/share/cpp06_time/package.bash'
[0.306s] INFO:colcon.colcon_core.shell:Creating package script '/home/east/ros2-learning-space/ws01_plumbing/install/cpp06_time/share/cpp06_time/package.zsh'
[0.307s] Level 1:colcon.colcon_core.environment:create_file_with_runtime_dependencies(/home/east/ros2-learning-space/ws01_plumbing/install/cpp06_time/share/colcon-core/packages/cpp06_time)
[0.307s] Level 1:colcon.colcon_core.environment:create_environment_scripts_only(cpp06_time)
[0.307s] Level 1:colcon.colcon_core.environment:checking '/home/east/ros2-learning-space/ws01_plumbing/install/cpp06_time' for CMake module files
[0.308s] Level 1:colcon.colcon_core.environment:checking '/home/east/ros2-learning-space/ws01_plumbing/install/cpp06_time' for CMake config files
[0.308s] Level 1:colcon.colcon_core.shell:create_environment_hook('cpp06_time', 'cmake_prefix_path')
[0.308s] INFO:colcon.colcon_core.shell:Creating environment hook '/home/east/ros2-learning-space/ws01_plumbing/install/cpp06_time/share/cpp06_time/hook/cmake_prefix_path.ps1'
[0.309s] INFO:colcon.colcon_core.shell:Creating environment descriptor '/home/east/ros2-learning-space/ws01_plumbing/install/cpp06_time/share/cpp06_time/hook/cmake_prefix_path.dsv'
[0.309s] INFO:colcon.colcon_core.shell:Creating environment hook '/home/east/ros2-learning-space/ws01_plumbing/install/cpp06_time/share/cpp06_time/hook/cmake_prefix_path.sh'
[0.310s] Level 1:colcon.colcon_core.environment:checking '/home/east/ros2-learning-space/ws01_plumbing/install/cpp06_time/lib'
[0.310s] Level 1:colcon.colcon_core.environment:checking '/home/east/ros2-learning-space/ws01_plumbing/install/cpp06_time/bin'
[0.310s] Level 1:colcon.colcon_core.environment:checking '/home/east/ros2-learning-space/ws01_plumbing/install/cpp06_time/lib/pkgconfig/cpp06_time.pc'
[0.310s] Level 1:colcon.colcon_core.environment:checking '/home/east/ros2-learning-space/ws01_plumbing/install/cpp06_time/lib/python3.10/site-packages'
[0.310s] Level 1:colcon.colcon_core.environment:checking '/home/east/ros2-learning-space/ws01_plumbing/install/cpp06_time/bin'
[0.311s] INFO:colcon.colcon_core.shell:Creating package script '/home/east/ros2-learning-space/ws01_plumbing/install/cpp06_time/share/cpp06_time/package.ps1'
[0.311s] INFO:colcon.colcon_core.shell:Creating package descriptor '/home/east/ros2-learning-space/ws01_plumbing/install/cpp06_time/share/cpp06_time/package.dsv'
[0.312s] INFO:colcon.colcon_core.shell:Creating package script '/home/east/ros2-learning-space/ws01_plumbing/install/cpp06_time/share/cpp06_time/package.sh'
[0.312s] INFO:colcon.colcon_core.shell:Creating package script '/home/east/ros2-learning-space/ws01_plumbing/install/cpp06_time/share/cpp06_time/package.bash'
[0.313s] INFO:colcon.colcon_core.shell:Creating package script '/home/east/ros2-learning-space/ws01_plumbing/install/cpp06_time/share/cpp06_time/package.zsh'
[0.313s] Level 1:colcon.colcon_core.environment:create_file_with_runtime_dependencies(/home/east/ros2-learning-space/ws01_plumbing/install/cpp06_time/share/colcon-core/packages/cpp06_time)
[0.314s] Level 1:colcon.colcon_core.environment:create_environment_scripts_only(cpp04_param)
[0.315s] Level 1:colcon.colcon_core.environment:checking '/home/east/ros2-learning-space/ws01_plumbing/install/cpp04_param' for CMake module files
[0.315s] DEBUG:colcon.colcon_core.event_handler.log_command:Invoked command in '/home/east/ros2-learning-space/ws01_plumbing/build/cpp04_param' returned '0': /usr/bin/cmake --install /home/east/ros2-learning-space/ws01_plumbing/build/cpp04_param
[0.316s] Level 1:colcon.colcon_core.environment:checking '/home/east/ros2-learning-space/ws01_plumbing/install/cpp04_param' for CMake config files
[0.316s] Level 1:colcon.colcon_core.shell:create_environment_hook('cpp04_param', 'cmake_prefix_path')
[0.316s] INFO:colcon.colcon_core.shell:Creating environment hook '/home/east/ros2-learning-space/ws01_plumbing/install/cpp04_param/share/cpp04_param/hook/cmake_prefix_path.ps1'
[0.317s] INFO:colcon.colcon_core.shell:Creating environment descriptor '/home/east/ros2-learning-space/ws01_plumbing/install/cpp04_param/share/cpp04_param/hook/cmake_prefix_path.dsv'
[0.317s] INFO:colcon.colcon_core.shell:Creating environment hook '/home/east/ros2-learning-space/ws01_plumbing/install/cpp04_param/share/cpp04_param/hook/cmake_prefix_path.sh'
[0.318s] Level 1:colcon.colcon_core.environment:checking '/home/east/ros2-learning-space/ws01_plumbing/install/cpp04_param/lib'
[0.318s] Level 1:colcon.colcon_core.environment:checking '/home/east/ros2-learning-space/ws01_plumbing/install/cpp04_param/bin'
[0.318s] Level 1:colcon.colcon_core.environment:checking '/home/east/ros2-learning-space/ws01_plumbing/install/cpp04_param/lib/pkgconfig/cpp04_param.pc'
[0.318s] Level 1:colcon.colcon_core.environment:checking '/home/east/ros2-learning-space/ws01_plumbing/install/cpp04_param/lib/python3.10/site-packages'
[0.319s] Level 1:colcon.colcon_core.environment:checking '/home/east/ros2-learning-space/ws01_plumbing/install/cpp04_param/bin'
[0.319s] INFO:colcon.colcon_core.shell:Creating package script '/home/east/ros2-learning-space/ws01_plumbing/install/cpp04_param/share/cpp04_param/package.ps1'
[0.320s] INFO:colcon.colcon_core.shell:Creating package descriptor '/home/east/ros2-learning-space/ws01_plumbing/install/cpp04_param/share/cpp04_param/package.dsv'
[0.320s] INFO:colcon.colcon_core.shell:Creating package script '/home/east/ros2-learning-space/ws01_plumbing/install/cpp04_param/share/cpp04_param/package.sh'
[0.321s] INFO:colcon.colcon_core.shell:Creating package script '/home/east/ros2-learning-space/ws01_plumbing/install/cpp04_param/share/cpp04_param/package.bash'
[0.321s] INFO:colcon.colcon_core.shell:Creating package script '/home/east/ros2-learning-space/ws01_plumbing/install/cpp04_param/share/cpp04_param/package.zsh'
[0.321s] Level 1:colcon.colcon_core.environment:create_file_with_runtime_dependencies(/home/east/ros2-learning-space/ws01_plumbing/install/cpp04_param/share/colcon-core/packages/cpp04_param)
[0.322s] Level 1:colcon.colcon_core.environment:create_environment_scripts_only(cpp04_param)
[0.322s] Level 1:colcon.colcon_core.environment:checking '/home/east/ros2-learning-space/ws01_plumbing/install/cpp04_param' for CMake module files
[0.323s] Level 1:colcon.colcon_core.environment:checking '/home/east/ros2-learning-space/ws01_plumbing/install/cpp04_param' for CMake config files
[0.324s] Level 1:colcon.colcon_core.shell:create_environment_hook('cpp04_param', 'cmake_prefix_path')
[0.324s] INFO:colcon.colcon_core.shell:Creating environment hook '/home/east/ros2-learning-space/ws01_plumbing/install/cpp04_param/share/cpp04_param/hook/cmake_prefix_path.ps1'
[0.324s] INFO:colcon.colcon_core.shell:Creating environment descriptor '/home/east/ros2-learning-space/ws01_plumbing/install/cpp04_param/share/cpp04_param/hook/cmake_prefix_path.dsv'
[0.325s] INFO:colcon.colcon_core.shell:Creating environment hook '/home/east/ros2-learning-space/ws01_plumbing/install/cpp04_param/share/cpp04_param/hook/cmake_prefix_path.sh'
[0.325s] Level 1:colcon.colcon_core.environment:checking '/home/east/ros2-learning-space/ws01_plumbing/install/cpp04_param/lib'
[0.326s] Level 1:colcon.colcon_core.environment:checking '/home/east/ros2-learning-space/ws01_plumbing/install/cpp04_param/bin'
[0.326s] Level 1:colcon.colcon_core.environment:checking '/home/east/ros2-learning-space/ws01_plumbing/install/cpp04_param/lib/pkgconfig/cpp04_param.pc'
[0.326s] Level 1:colcon.colcon_core.environment:checking '/home/east/ros2-learning-space/ws01_plumbing/install/cpp04_param/lib/python3.10/site-packages'
[0.326s] Level 1:colcon.colcon_core.environment:checking '/home/east/ros2-learning-space/ws01_plumbing/install/cpp04_param/bin'
[0.327s] INFO:colcon.colcon_core.shell:Creating package script '/home/east/ros2-learning-space/ws01_plumbing/install/cpp04_param/share/cpp04_param/package.ps1'
[0.327s] INFO:colcon.colcon_core.shell:Creating package descriptor '/home/east/ros2-learning-space/ws01_plumbing/install/cpp04_param/share/cpp04_param/package.dsv'
[0.328s] INFO:colcon.colcon_core.shell:Creating package script '/home/east/ros2-learning-space/ws01_plumbing/install/cpp04_param/share/cpp04_param/package.sh'
[0.328s] INFO:colcon.colcon_core.shell:Creating package script '/home/east/ros2-learning-space/ws01_plumbing/install/cpp04_param/share/cpp04_param/package.bash'
[0.328s] INFO:colcon.colcon_core.shell:Creating package script '/home/east/ros2-learning-space/ws01_plumbing/install/cpp04_param/share/cpp04_param/package.zsh'
[0.329s] Level 1:colcon.colcon_core.environment:create_file_with_runtime_dependencies(/home/east/ros2-learning-space/ws01_plumbing/install/cpp04_param/share/colcon-core/packages/cpp04_param)
[0.449s] DEBUG:colcon.colcon_core.event_handler.log_command:Invoked command in '/home/east/ros2-learning-space/ws01_plumbing/build/base_interfaces_demo' returned '0': /usr/bin/cmake --build /home/east/ros2-learning-space/ws01_plumbing/build/base_interfaces_demo -- -j18 -l18
[0.452s] DEBUG:colcon.colcon_core.event_handler.log_command:Invoking command in '/home/east/ros2-learning-space/ws01_plumbing/build/base_interfaces_demo': /usr/bin/cmake --install /home/east/ros2-learning-space/ws01_plumbing/build/base_interfaces_demo
[0.492s] Level 1:colcon.colcon_core.environment:create_environment_scripts_only(base_interfaces_demo)
[0.492s] Level 1:colcon.colcon_core.environment:checking '/home/east/ros2-learning-space/ws01_plumbing/install/base_interfaces_demo' for CMake module files
[0.492s] DEBUG:colcon.colcon_core.event_handler.log_command:Invoked command in '/home/east/ros2-learning-space/ws01_plumbing/build/base_interfaces_demo' returned '0': /usr/bin/cmake --install /home/east/ros2-learning-space/ws01_plumbing/build/base_interfaces_demo
[0.493s] Level 1:colcon.colcon_core.environment:checking '/home/east/ros2-learning-space/ws01_plumbing/install/base_interfaces_demo' for CMake config files
[0.493s] Level 1:colcon.colcon_core.shell:create_environment_hook('base_interfaces_demo', 'cmake_prefix_path')
[0.494s] INFO:colcon.colcon_core.shell:Creating environment hook '/home/east/ros2-learning-space/ws01_plumbing/install/base_interfaces_demo/share/base_interfaces_demo/hook/cmake_prefix_path.ps1'
[0.494s] INFO:colcon.colcon_core.shell:Creating environment descriptor '/home/east/ros2-learning-space/ws01_plumbing/install/base_interfaces_demo/share/base_interfaces_demo/hook/cmake_prefix_path.dsv'
[0.495s] INFO:colcon.colcon_core.shell:Creating environment hook '/home/east/ros2-learning-space/ws01_plumbing/install/base_interfaces_demo/share/base_interfaces_demo/hook/cmake_prefix_path.sh'
[0.495s] Level 1:colcon.colcon_core.environment:checking '/home/east/ros2-learning-space/ws01_plumbing/install/base_interfaces_demo/lib'
[0.495s] Level 1:colcon.colcon_core.shell:create_environment_hook('base_interfaces_demo', 'ld_library_path_lib')
[0.496s] INFO:colcon.colcon_core.shell:Creating environment hook '/home/east/ros2-learning-space/ws01_plumbing/install/base_interfaces_demo/share/base_interfaces_demo/hook/ld_library_path_lib.ps1'
[0.496s] INFO:colcon.colcon_core.shell:Creating environment descriptor '/home/east/ros2-learning-space/ws01_plumbing/install/base_interfaces_demo/share/base_interfaces_demo/hook/ld_library_path_lib.dsv'
[0.496s] INFO:colcon.colcon_core.shell:Creating environment hook '/home/east/ros2-learning-space/ws01_plumbing/install/base_interfaces_demo/share/base_interfaces_demo/hook/ld_library_path_lib.sh'
[0.497s] Level 1:colcon.colcon_core.environment:checking '/home/east/ros2-learning-space/ws01_plumbing/install/base_interfaces_demo/bin'
[0.497s] Level 1:colcon.colcon_core.environment:checking '/home/east/ros2-learning-space/ws01_plumbing/install/base_interfaces_demo/lib/pkgconfig/base_interfaces_demo.pc'
[0.497s] Level 1:colcon.colcon_core.environment:checking '/home/east/ros2-learning-space/ws01_plumbing/install/base_interfaces_demo/lib/python3.10/site-packages'
[0.497s] Level 1:colcon.colcon_core.environment:checking '/home/east/ros2-learning-space/ws01_plumbing/install/base_interfaces_demo/bin'
[0.498s] INFO:colcon.colcon_core.shell:Creating package script '/home/east/ros2-learning-space/ws01_plumbing/install/base_interfaces_demo/share/base_interfaces_demo/package.ps1'
[0.498s] INFO:colcon.colcon_core.shell:Creating package descriptor '/home/east/ros2-learning-space/ws01_plumbing/install/base_interfaces_demo/share/base_interfaces_demo/package.dsv'
[0.499s] INFO:colcon.colcon_core.shell:Creating package script '/home/east/ros2-learning-space/ws01_plumbing/install/base_interfaces_demo/share/base_interfaces_demo/package.sh'
[0.499s] INFO:colcon.colcon_core.shell:Creating package script '/home/east/ros2-learning-space/ws01_plumbing/install/base_interfaces_demo/share/base_interfaces_demo/package.bash'
[0.499s] INFO:colcon.colcon_core.shell:Creating package script '/home/east/ros2-learning-space/ws01_plumbing/install/base_interfaces_demo/share/base_interfaces_demo/package.zsh'
[0.500s] Level 1:colcon.colcon_core.environment:create_file_with_runtime_dependencies(/home/east/ros2-learning-space/ws01_plumbing/install/base_interfaces_demo/share/colcon-core/packages/base_interfaces_demo)
[0.500s] Level 1:colcon.colcon_core.environment:create_environment_scripts_only(base_interfaces_demo)
[0.500s] Level 1:colcon.colcon_core.environment:checking '/home/east/ros2-learning-space/ws01_plumbing/install/base_interfaces_demo' for CMake module files
[0.501s] Level 1:colcon.colcon_core.environment:checking '/home/east/ros2-learning-space/ws01_plumbing/install/base_interfaces_demo' for CMake config files
[0.501s] Level 1:colcon.colcon_core.shell:create_environment_hook('base_interfaces_demo', 'cmake_prefix_path')
[0.501s] INFO:colcon.colcon_core.shell:Creating environment hook '/home/east/ros2-learning-space/ws01_plumbing/install/base_interfaces_demo/share/base_interfaces_demo/hook/cmake_prefix_path.ps1'
[0.502s] INFO:colcon.colcon_core.shell:Creating environment descriptor '/home/east/ros2-learning-space/ws01_plumbing/install/base_interfaces_demo/share/base_interfaces_demo/hook/cmake_prefix_path.dsv'
[0.502s] INFO:colcon.colcon_core.shell:Creating environment hook '/home/east/ros2-learning-space/ws01_plumbing/install/base_interfaces_demo/share/base_interfaces_demo/hook/cmake_prefix_path.sh'
[0.503s] Level 1:colcon.colcon_core.environment:checking '/home/east/ros2-learning-space/ws01_plumbing/install/base_interfaces_demo/lib'
[0.503s] Level 1:colcon.colcon_core.shell:create_environment_hook('base_interfaces_demo', 'ld_library_path_lib')
[0.503s] INFO:colcon.colcon_core.shell:Creating environment hook '/home/east/ros2-learning-space/ws01_plumbing/install/base_interfaces_demo/share/base_interfaces_demo/hook/ld_library_path_lib.ps1'
[0.503s] INFO:colcon.colcon_core.shell:Creating environment descriptor '/home/east/ros2-learning-space/ws01_plumbing/install/base_interfaces_demo/share/base_interfaces_demo/hook/ld_library_path_lib.dsv'
[0.503s] INFO:colcon.colcon_core.shell:Creating environment hook '/home/east/ros2-learning-space/ws01_plumbing/install/base_interfaces_demo/share/base_interfaces_demo/hook/ld_library_path_lib.sh'
[0.504s] Level 1:colcon.colcon_core.environment:checking '/home/east/ros2-learning-space/ws01_plumbing/install/base_interfaces_demo/bin'
[0.504s] Level 1:colcon.colcon_core.environment:checking '/home/east/ros2-learning-space/ws01_plumbing/install/base_interfaces_demo/lib/pkgconfig/base_interfaces_demo.pc'
[0.504s] Level 1:colcon.colcon_core.environment:checking '/home/east/ros2-learning-space/ws01_plumbing/install/base_interfaces_demo/lib/python3.10/site-packages'
[0.504s] Level 1:colcon.colcon_core.environment:checking '/home/east/ros2-learning-space/ws01_plumbing/install/base_interfaces_demo/bin'
[0.504s] INFO:colcon.colcon_core.shell:Creating package script '/home/east/ros2-learning-space/ws01_plumbing/install/base_interfaces_demo/share/base_interfaces_demo/package.ps1'
[0.505s] INFO:colcon.colcon_core.shell:Creating package descriptor '/home/east/ros2-learning-space/ws01_plumbing/install/base_interfaces_demo/share/base_interfaces_demo/package.dsv'
[0.505s] INFO:colcon.colcon_core.shell:Creating package script '/home/east/ros2-learning-space/ws01_plumbing/install/base_interfaces_demo/share/base_interfaces_demo/package.sh'
[0.505s] INFO:colcon.colcon_core.shell:Creating package script '/home/east/ros2-learning-space/ws01_plumbing/install/base_interfaces_demo/share/base_interfaces_demo/package.bash'
[0.506s] INFO:colcon.colcon_core.shell:Creating package script '/home/east/ros2-learning-space/ws01_plumbing/install/base_interfaces_demo/share/base_interfaces_demo/package.zsh'
[0.506s] Level 1:colcon.colcon_core.environment:create_file_with_runtime_dependencies(/home/east/ros2-learning-space/ws01_plumbing/install/base_interfaces_demo/share/colcon-core/packages/base_interfaces_demo)
[0.506s] INFO:colcon.colcon_ros.task.ament_cmake.build:Building ROS package in '/home/east/ros2-learning-space/ws01_plumbing/src/cpp01_topic' with build type 'ament_cmake'
[0.506s] INFO:colcon.colcon_cmake.task.cmake.build:Building CMake package in '/home/east/ros2-learning-space/ws01_plumbing/src/cpp01_topic'
[0.506s] INFO:colcon.colcon_core.shell:Skip shell extension 'powershell' for command environment: Not usable outside of PowerShell
[0.506s] DEBUG:colcon.colcon_core.shell:Skip shell extension 'dsv' for command environment
[0.509s] INFO:colcon.colcon_ros.task.ament_cmake.build:Building ROS package in '/home/east/ros2-learning-space/ws01_plumbing/src/cpp02_service' with build type 'ament_cmake'
[0.509s] INFO:colcon.colcon_cmake.task.cmake.build:Building CMake package in '/home/east/ros2-learning-space/ws01_plumbing/src/cpp02_service'
[0.509s] INFO:colcon.colcon_core.shell:Skip shell extension 'powershell' for command environment: Not usable outside of PowerShell
[0.509s] DEBUG:colcon.colcon_core.shell:Skip shell extension 'dsv' for command environment
[0.511s] INFO:colcon.colcon_ros.task.ament_cmake.build:Building ROS package in '/home/east/ros2-learning-space/ws01_plumbing/src/cpp03_action' with build type 'ament_cmake'
[0.511s] INFO:colcon.colcon_cmake.task.cmake.build:Building CMake package in '/home/east/ros2-learning-space/ws01_plumbing/src/cpp03_action'
[0.511s] INFO:colcon.colcon_core.shell:Skip shell extension 'powershell' for command environment: Not usable outside of PowerShell
[0.511s] DEBUG:colcon.colcon_core.shell:Skip shell extension 'dsv' for command environment
[0.517s] DEBUG:colcon.colcon_core.event_handler.log_command:Invoking command in '/home/east/ros2-learning-space/ws01_plumbing/build/cpp01_topic': CMAKE_PREFIX_PATH=/home/east/ros2-learning-space/ws01_plumbing/install/base_interfaces_demo:/home/east/ros2-learning-space/ws01_plumbing/install/cpp06_time:/home/east/ros2-learning-space/ws01_plumbing/install/cpp05_names:/home/east/ros2-learning-space/ws01_plumbing/install/cpp04_param:/home/east/ros2-learning-space/ws01_plumbing/install/cpp03_action:/home/east/ros2-learning-space/ws01_plumbing/install/cpp02_service:/home/east/ros2-learning-space/ws01_plumbing/install/cpp01_topic:/opt/ros/humble /usr/bin/cmake --build /home/east/ros2-learning-space/ws01_plumbing/build/cpp01_topic -- -j18 -l18
[0.520s] DEBUG:colcon.colcon_core.event_handler.log_command:Invoking command in '/home/east/ros2-learning-space/ws01_plumbing/build/cpp02_service': CMAKE_PREFIX_PATH=/home/east/ros2-learning-space/ws01_plumbing/install/base_interfaces_demo:/home/east/ros2-learning-space/ws01_plumbing/install/cpp06_time:/home/east/ros2-learning-space/ws01_plumbing/install/cpp05_names:/home/east/ros2-learning-space/ws01_plumbing/install/cpp04_param:/home/east/ros2-learning-space/ws01_plumbing/install/cpp03_action:/home/east/ros2-learning-space/ws01_plumbing/install/cpp02_service:/home/east/ros2-learning-space/ws01_plumbing/install/cpp01_topic:/opt/ros/humble /usr/bin/cmake --build /home/east/ros2-learning-space/ws01_plumbing/build/cpp02_service -- -j18 -l18
[0.523s] DEBUG:colcon.colcon_core.event_handler.log_command:Invoking command in '/home/east/ros2-learning-space/ws01_plumbing/build/cpp03_action': CMAKE_PREFIX_PATH=/home/east/ros2-learning-space/ws01_plumbing/install/base_interfaces_demo:/home/east/ros2-learning-space/ws01_plumbing/install/cpp06_time:/home/east/ros2-learning-space/ws01_plumbing/install/cpp05_names:/home/east/ros2-learning-space/ws01_plumbing/install/cpp04_param:/home/east/ros2-learning-space/ws01_plumbing/install/cpp03_action:/home/east/ros2-learning-space/ws01_plumbing/install/cpp02_service:/home/east/ros2-learning-space/ws01_plumbing/install/cpp01_topic:/opt/ros/humble /usr/bin/cmake --build /home/east/ros2-learning-space/ws01_plumbing/build/cpp03_action -- -j18 -l18
[0.575s] DEBUG:colcon.colcon_core.event_handler.log_command:Invoked command in '/home/east/ros2-learning-space/ws01_plumbing/build/cpp01_topic' returned '0': CMAKE_PREFIX_PATH=/home/east/ros2-learning-space/ws01_plumbing/install/base_interfaces_demo:/home/east/ros2-learning-space/ws01_plumbing/install/cpp06_time:/home/east/ros2-learning-space/ws01_plumbing/install/cpp05_names:/home/east/ros2-learning-space/ws01_plumbing/install/cpp04_param:/home/east/ros2-learning-space/ws01_plumbing/install/cpp03_action:/home/east/ros2-learning-space/ws01_plumbing/install/cpp02_service:/home/east/ros2-learning-space/ws01_plumbing/install/cpp01_topic:/opt/ros/humble /usr/bin/cmake --build /home/east/ros2-learning-space/ws01_plumbing/build/cpp01_topic -- -j18 -l18
[0.577s] DEBUG:colcon.colcon_core.event_handler.log_command:Invoking command in '/home/east/ros2-learning-space/ws01_plumbing/build/cpp01_topic': CMAKE_PREFIX_PATH=/home/east/ros2-learning-space/ws01_plumbing/install/base_interfaces_demo:/home/east/ros2-learning-space/ws01_plumbing/install/cpp06_time:/home/east/ros2-learning-space/ws01_plumbing/install/cpp05_names:/home/east/ros2-learning-space/ws01_plumbing/install/cpp04_param:/home/east/ros2-learning-space/ws01_plumbing/install/cpp03_action:/home/east/ros2-learning-space/ws01_plumbing/install/cpp02_service:/home/east/ros2-learning-space/ws01_plumbing/install/cpp01_topic:/opt/ros/humble /usr/bin/cmake --install /home/east/ros2-learning-space/ws01_plumbing/build/cpp01_topic
[0.578s] DEBUG:colcon.colcon_core.event_handler.log_command:Invoked command in '/home/east/ros2-learning-space/ws01_plumbing/build/cpp02_service' returned '0': CMAKE_PREFIX_PATH=/home/east/ros2-learning-space/ws01_plumbing/install/base_interfaces_demo:/home/east/ros2-learning-space/ws01_plumbing/install/cpp06_time:/home/east/ros2-learning-space/ws01_plumbing/install/cpp05_names:/home/east/ros2-learning-space/ws01_plumbing/install/cpp04_param:/home/east/ros2-learning-space/ws01_plumbing/install/cpp03_action:/home/east/ros2-learning-space/ws01_plumbing/install/cpp02_service:/home/east/ros2-learning-space/ws01_plumbing/install/cpp01_topic:/opt/ros/humble /usr/bin/cmake --build /home/east/ros2-learning-space/ws01_plumbing/build/cpp02_service -- -j18 -l18
[0.579s] DEBUG:colcon.colcon_core.event_handler.log_command:Invoking command in '/home/east/ros2-learning-space/ws01_plumbing/build/cpp02_service': CMAKE_PREFIX_PATH=/home/east/ros2-learning-space/ws01_plumbing/install/base_interfaces_demo:/home/east/ros2-learning-space/ws01_plumbing/install/cpp06_time:/home/east/ros2-learning-space/ws01_plumbing/install/cpp05_names:/home/east/ros2-learning-space/ws01_plumbing/install/cpp04_param:/home/east/ros2-learning-space/ws01_plumbing/install/cpp03_action:/home/east/ros2-learning-space/ws01_plumbing/install/cpp02_service:/home/east/ros2-learning-space/ws01_plumbing/install/cpp01_topic:/opt/ros/humble /usr/bin/cmake --install /home/east/ros2-learning-space/ws01_plumbing/build/cpp02_service
[0.580s] DEBUG:colcon.colcon_core.event_handler.log_command:Invoked command in '/home/east/ros2-learning-space/ws01_plumbing/build/cpp03_action' returned '0': CMAKE_PREFIX_PATH=/home/east/ros2-learning-space/ws01_plumbing/install/base_interfaces_demo:/home/east/ros2-learning-space/ws01_plumbing/install/cpp06_time:/home/east/ros2-learning-space/ws01_plumbing/install/cpp05_names:/home/east/ros2-learning-space/ws01_plumbing/install/cpp04_param:/home/east/ros2-learning-space/ws01_plumbing/install/cpp03_action:/home/east/ros2-learning-space/ws01_plumbing/install/cpp02_service:/home/east/ros2-learning-space/ws01_plumbing/install/cpp01_topic:/opt/ros/humble /usr/bin/cmake --build /home/east/ros2-learning-space/ws01_plumbing/build/cpp03_action -- -j18 -l18
[0.581s] DEBUG:colcon.colcon_core.event_handler.log_command:Invoking command in '/home/east/ros2-learning-space/ws01_plumbing/build/cpp03_action': CMAKE_PREFIX_PATH=/home/east/ros2-learning-space/ws01_plumbing/install/base_interfaces_demo:/home/east/ros2-learning-space/ws01_plumbing/install/cpp06_time:/home/east/ros2-learning-space/ws01_plumbing/install/cpp05_names:/home/east/ros2-learning-space/ws01_plumbing/install/cpp04_param:/home/east/ros2-learning-space/ws01_plumbing/install/cpp03_action:/home/east/ros2-learning-space/ws01_plumbing/install/cpp02_service:/home/east/ros2-learning-space/ws01_plumbing/install/cpp01_topic:/opt/ros/humble /usr/bin/cmake --install /home/east/ros2-learning-space/ws01_plumbing/build/cpp03_action
[0.585s] Level 1:colcon.colcon_core.environment:create_environment_scripts_only(cpp01_topic)
[0.586s] Level 1:colcon.colcon_core.environment:checking '/home/east/ros2-learning-space/ws01_plumbing/install/cpp01_topic' for CMake module files
[0.588s] DEBUG:colcon.colcon_core.event_handler.log_command:Invoked command in '/home/east/ros2-learning-space/ws01_plumbing/build/cpp01_topic' returned '0': CMAKE_PREFIX_PATH=/home/east/ros2-learning-space/ws01_plumbing/install/base_interfaces_demo:/home/east/ros2-learning-space/ws01_plumbing/install/cpp06_time:/home/east/ros2-learning-space/ws01_plumbing/install/cpp05_names:/home/east/ros2-learning-space/ws01_plumbing/install/cpp04_param:/home/east/ros2-learning-space/ws01_plumbing/install/cpp03_action:/home/east/ros2-learning-space/ws01_plumbing/install/cpp02_service:/home/east/ros2-learning-space/ws01_plumbing/install/cpp01_topic:/opt/ros/humble /usr/bin/cmake --install /home/east/ros2-learning-space/ws01_plumbing/build/cpp01_topic
[0.588s] Level 1:colcon.colcon_core.environment:checking '/home/east/ros2-learning-space/ws01_plumbing/install/cpp01_topic' for CMake config files
[0.589s] Level 1:colcon.colcon_core.shell:create_environment_hook('cpp01_topic', 'cmake_prefix_path')
[0.589s] INFO:colcon.colcon_core.shell:Creating environment hook '/home/east/ros2-learning-space/ws01_plumbing/install/cpp01_topic/share/cpp01_topic/hook/cmake_prefix_path.ps1'
[0.591s] INFO:colcon.colcon_core.shell:Creating environment descriptor '/home/east/ros2-learning-space/ws01_plumbing/install/cpp01_topic/share/cpp01_topic/hook/cmake_prefix_path.dsv'
[0.592s] INFO:colcon.colcon_core.shell:Creating environment hook '/home/east/ros2-learning-space/ws01_plumbing/install/cpp01_topic/share/cpp01_topic/hook/cmake_prefix_path.sh'
[0.593s] Level 1:colcon.colcon_core.environment:checking '/home/east/ros2-learning-space/ws01_plumbing/install/cpp01_topic/lib'
[0.593s] Level 1:colcon.colcon_core.environment:checking '/home/east/ros2-learning-space/ws01_plumbing/install/cpp01_topic/bin'
[0.593s] Level 1:colcon.colcon_core.environment:checking '/home/east/ros2-learning-space/ws01_plumbing/install/cpp01_topic/lib/pkgconfig/cpp01_topic.pc'
[0.593s] Level 1:colcon.colcon_core.environment:checking '/home/east/ros2-learning-space/ws01_plumbing/install/cpp01_topic/lib/python3.10/site-packages'
[0.593s] Level 1:colcon.colcon_core.environment:checking '/home/east/ros2-learning-space/ws01_plumbing/install/cpp01_topic/bin'
[0.593s] INFO:colcon.colcon_core.shell:Creating package script '/home/east/ros2-learning-space/ws01_plumbing/install/cpp01_topic/share/cpp01_topic/package.ps1'
[0.594s] INFO:colcon.colcon_core.shell:Creating package descriptor '/home/east/ros2-learning-space/ws01_plumbing/install/cpp01_topic/share/cpp01_topic/package.dsv'
[0.594s] INFO:colcon.colcon_core.shell:Creating package script '/home/east/ros2-learning-space/ws01_plumbing/install/cpp01_topic/share/cpp01_topic/package.sh'
[0.594s] INFO:colcon.colcon_core.shell:Creating package script '/home/east/ros2-learning-space/ws01_plumbing/install/cpp01_topic/share/cpp01_topic/package.bash'
[0.594s] INFO:colcon.colcon_core.shell:Creating package script '/home/east/ros2-learning-space/ws01_plumbing/install/cpp01_topic/share/cpp01_topic/package.zsh'
[0.595s] Level 1:colcon.colcon_core.environment:create_file_with_runtime_dependencies(/home/east/ros2-learning-space/ws01_plumbing/install/cpp01_topic/share/colcon-core/packages/cpp01_topic)
[0.595s] Level 1:colcon.colcon_core.environment:create_environment_scripts_only(cpp01_topic)
[0.595s] Level 1:colcon.colcon_core.environment:checking '/home/east/ros2-learning-space/ws01_plumbing/install/cpp01_topic' for CMake module files
[0.595s] Level 1:colcon.colcon_core.environment:checking '/home/east/ros2-learning-space/ws01_plumbing/install/cpp01_topic' for CMake config files
[0.595s] Level 1:colcon.colcon_core.shell:create_environment_hook('cpp01_topic', 'cmake_prefix_path')
[0.596s] INFO:colcon.colcon_core.shell:Creating environment hook '/home/east/ros2-learning-space/ws01_plumbing/install/cpp01_topic/share/cpp01_topic/hook/cmake_prefix_path.ps1'
[0.596s] INFO:colcon.colcon_core.shell:Creating environment descriptor '/home/east/ros2-learning-space/ws01_plumbing/install/cpp01_topic/share/cpp01_topic/hook/cmake_prefix_path.dsv'
[0.596s] INFO:colcon.colcon_core.shell:Creating environment hook '/home/east/ros2-learning-space/ws01_plumbing/install/cpp01_topic/share/cpp01_topic/hook/cmake_prefix_path.sh'
[0.596s] Level 1:colcon.colcon_core.environment:checking '/home/east/ros2-learning-space/ws01_plumbing/install/cpp01_topic/lib'
[0.596s] Level 1:colcon.colcon_core.environment:checking '/home/east/ros2-learning-space/ws01_plumbing/install/cpp01_topic/bin'
[0.596s] Level 1:colcon.colcon_core.environment:checking '/home/east/ros2-learning-space/ws01_plumbing/install/cpp01_topic/lib/pkgconfig/cpp01_topic.pc'
[0.596s] Level 1:colcon.colcon_core.environment:checking '/home/east/ros2-learning-space/ws01_plumbing/install/cpp01_topic/lib/python3.10/site-packages'
[0.597s] Level 1:colcon.colcon_core.environment:checking '/home/east/ros2-learning-space/ws01_plumbing/install/cpp01_topic/bin'
[0.597s] INFO:colcon.colcon_core.shell:Creating package script '/home/east/ros2-learning-space/ws01_plumbing/install/cpp01_topic/share/cpp01_topic/package.ps1'
[0.597s] INFO:colcon.colcon_core.shell:Creating package descriptor '/home/east/ros2-learning-space/ws01_plumbing/install/cpp01_topic/share/cpp01_topic/package.dsv'
[0.597s] INFO:colcon.colcon_core.shell:Creating package script '/home/east/ros2-learning-space/ws01_plumbing/install/cpp01_topic/share/cpp01_topic/package.sh'
[0.597s] INFO:colcon.colcon_core.shell:Creating package script '/home/east/ros2-learning-space/ws01_plumbing/install/cpp01_topic/share/cpp01_topic/package.bash'
[0.598s] INFO:colcon.colcon_core.shell:Creating package script '/home/east/ros2-learning-space/ws01_plumbing/install/cpp01_topic/share/cpp01_topic/package.zsh'
[0.598s] Level 1:colcon.colcon_core.environment:create_file_with_runtime_dependencies(/home/east/ros2-learning-space/ws01_plumbing/install/cpp01_topic/share/colcon-core/packages/cpp01_topic)
[0.598s] Level 1:colcon.colcon_core.environment:create_environment_scripts_only(cpp02_service)
[0.598s] Level 1:colcon.colcon_core.environment:checking '/home/east/ros2-learning-space/ws01_plumbing/install/cpp02_service' for CMake module files
[0.599s] Level 1:colcon.colcon_core.environment:checking '/home/east/ros2-learning-space/ws01_plumbing/install/cpp02_service' for CMake config files
[0.599s] DEBUG:colcon.colcon_core.event_handler.log_command:Invoked command in '/home/east/ros2-learning-space/ws01_plumbing/build/cpp02_service' returned '0': CMAKE_PREFIX_PATH=/home/east/ros2-learning-space/ws01_plumbing/install/base_interfaces_demo:/home/east/ros2-learning-space/ws01_plumbing/install/cpp06_time:/home/east/ros2-learning-space/ws01_plumbing/install/cpp05_names:/home/east/ros2-learning-space/ws01_plumbing/install/cpp04_param:/home/east/ros2-learning-space/ws01_plumbing/install/cpp03_action:/home/east/ros2-learning-space/ws01_plumbing/install/cpp02_service:/home/east/ros2-learning-space/ws01_plumbing/install/cpp01_topic:/opt/ros/humble /usr/bin/cmake --install /home/east/ros2-learning-space/ws01_plumbing/build/cpp02_service
[0.599s] Level 1:colcon.colcon_core.shell:create_environment_hook('cpp02_service', 'cmake_prefix_path')
[0.599s] INFO:colcon.colcon_core.shell:Creating environment hook '/home/east/ros2-learning-space/ws01_plumbing/install/cpp02_service/share/cpp02_service/hook/cmake_prefix_path.ps1'
[0.600s] INFO:colcon.colcon_core.shell:Creating environment descriptor '/home/east/ros2-learning-space/ws01_plumbing/install/cpp02_service/share/cpp02_service/hook/cmake_prefix_path.dsv'
[0.600s] INFO:colcon.colcon_core.shell:Creating environment hook '/home/east/ros2-learning-space/ws01_plumbing/install/cpp02_service/share/cpp02_service/hook/cmake_prefix_path.sh'
[0.600s] Level 1:colcon.colcon_core.environment:checking '/home/east/ros2-learning-space/ws01_plumbing/install/cpp02_service/lib'
[0.600s] Level 1:colcon.colcon_core.environment:checking '/home/east/ros2-learning-space/ws01_plumbing/install/cpp02_service/bin'
[0.600s] Level 1:colcon.colcon_core.environment:checking '/home/east/ros2-learning-space/ws01_plumbing/install/cpp02_service/lib/pkgconfig/cpp02_service.pc'
[0.600s] Level 1:colcon.colcon_core.environment:checking '/home/east/ros2-learning-space/ws01_plumbing/install/cpp02_service/lib/python3.10/site-packages'
[0.601s] Level 1:colcon.colcon_core.environment:checking '/home/east/ros2-learning-space/ws01_plumbing/install/cpp02_service/bin'
[0.601s] INFO:colcon.colcon_core.shell:Creating package script '/home/east/ros2-learning-space/ws01_plumbing/install/cpp02_service/share/cpp02_service/package.ps1'
[0.601s] INFO:colcon.colcon_core.shell:Creating package descriptor '/home/east/ros2-learning-space/ws01_plumbing/install/cpp02_service/share/cpp02_service/package.dsv'
[0.601s] INFO:colcon.colcon_core.shell:Creating package script '/home/east/ros2-learning-space/ws01_plumbing/install/cpp02_service/share/cpp02_service/package.sh'
[0.601s] INFO:colcon.colcon_core.shell:Creating package script '/home/east/ros2-learning-space/ws01_plumbing/install/cpp02_service/share/cpp02_service/package.bash'
[0.602s] INFO:colcon.colcon_core.shell:Creating package script '/home/east/ros2-learning-space/ws01_plumbing/install/cpp02_service/share/cpp02_service/package.zsh'
[0.602s] Level 1:colcon.colcon_core.environment:create_file_with_runtime_dependencies(/home/east/ros2-learning-space/ws01_plumbing/install/cpp02_service/share/colcon-core/packages/cpp02_service)
[0.602s] Level 1:colcon.colcon_core.environment:create_environment_scripts_only(cpp02_service)
[0.602s] Level 1:colcon.colcon_core.environment:checking '/home/east/ros2-learning-space/ws01_plumbing/install/cpp02_service' for CMake module files
[0.602s] Level 1:colcon.colcon_core.environment:checking '/home/east/ros2-learning-space/ws01_plumbing/install/cpp02_service' for CMake config files
[0.602s] Level 1:colcon.colcon_core.shell:create_environment_hook('cpp02_service', 'cmake_prefix_path')
[0.603s] INFO:colcon.colcon_core.shell:Creating environment hook '/home/east/ros2-learning-space/ws01_plumbing/install/cpp02_service/share/cpp02_service/hook/cmake_prefix_path.ps1'
[0.603s] INFO:colcon.colcon_core.shell:Creating environment descriptor '/home/east/ros2-learning-space/ws01_plumbing/install/cpp02_service/share/cpp02_service/hook/cmake_prefix_path.dsv'
[0.603s] INFO:colcon.colcon_core.shell:Creating environment hook '/home/east/ros2-learning-space/ws01_plumbing/install/cpp02_service/share/cpp02_service/hook/cmake_prefix_path.sh'
[0.603s] Level 1:colcon.colcon_core.environment:checking '/home/east/ros2-learning-space/ws01_plumbing/install/cpp02_service/lib'
[0.603s] Level 1:colcon.colcon_core.environment:checking '/home/east/ros2-learning-space/ws01_plumbing/install/cpp02_service/bin'
[0.603s] Level 1:colcon.colcon_core.environment:checking '/home/east/ros2-learning-space/ws01_plumbing/install/cpp02_service/lib/pkgconfig/cpp02_service.pc'
[0.603s] Level 1:colcon.colcon_core.environment:checking '/home/east/ros2-learning-space/ws01_plumbing/install/cpp02_service/lib/python3.10/site-packages'
[0.604s] Level 1:colcon.colcon_core.environment:checking '/home/east/ros2-learning-space/ws01_plumbing/install/cpp02_service/bin'
[0.604s] INFO:colcon.colcon_core.shell:Creating package script '/home/east/ros2-learning-space/ws01_plumbing/install/cpp02_service/share/cpp02_service/package.ps1'
[0.604s] INFO:colcon.colcon_core.shell:Creating package descriptor '/home/east/ros2-learning-space/ws01_plumbing/install/cpp02_service/share/cpp02_service/package.dsv'
[0.604s] INFO:colcon.colcon_core.shell:Creating package script '/home/east/ros2-learning-space/ws01_plumbing/install/cpp02_service/share/cpp02_service/package.sh'
[0.604s] INFO:colcon.colcon_core.shell:Creating package script '/home/east/ros2-learning-space/ws01_plumbing/install/cpp02_service/share/cpp02_service/package.bash'
[0.605s] INFO:colcon.colcon_core.shell:Creating package script '/home/east/ros2-learning-space/ws01_plumbing/install/cpp02_service/share/cpp02_service/package.zsh'
[0.605s] Level 1:colcon.colcon_core.environment:create_file_with_runtime_dependencies(/home/east/ros2-learning-space/ws01_plumbing/install/cpp02_service/share/colcon-core/packages/cpp02_service)
[0.606s] Level 1:colcon.colcon_core.environment:create_environment_scripts_only(cpp03_action)
[0.606s] Level 1:colcon.colcon_core.environment:checking '/home/east/ros2-learning-space/ws01_plumbing/install/cpp03_action' for CMake module files
[0.606s] Level 1:colcon.colcon_core.environment:checking '/home/east/ros2-learning-space/ws01_plumbing/install/cpp03_action' for CMake config files
[0.607s] DEBUG:colcon.colcon_core.event_handler.log_command:Invoked command in '/home/east/ros2-learning-space/ws01_plumbing/build/cpp03_action' returned '0': CMAKE_PREFIX_PATH=/home/east/ros2-learning-space/ws01_plumbing/install/base_interfaces_demo:/home/east/ros2-learning-space/ws01_plumbing/install/cpp06_time:/home/east/ros2-learning-space/ws01_plumbing/install/cpp05_names:/home/east/ros2-learning-space/ws01_plumbing/install/cpp04_param:/home/east/ros2-learning-space/ws01_plumbing/install/cpp03_action:/home/east/ros2-learning-space/ws01_plumbing/install/cpp02_service:/home/east/ros2-learning-space/ws01_plumbing/install/cpp01_topic:/opt/ros/humble /usr/bin/cmake --install /home/east/ros2-learning-space/ws01_plumbing/build/cpp03_action
[0.607s] Level 1:colcon.colcon_core.shell:create_environment_hook('cpp03_action', 'cmake_prefix_path')
[0.607s] INFO:colcon.colcon_core.shell:Creating environment hook '/home/east/ros2-learning-space/ws01_plumbing/install/cpp03_action/share/cpp03_action/hook/cmake_prefix_path.ps1'
[0.607s] INFO:colcon.colcon_core.shell:Creating environment descriptor '/home/east/ros2-learning-space/ws01_plumbing/install/cpp03_action/share/cpp03_action/hook/cmake_prefix_path.dsv'
[0.608s] INFO:colcon.colcon_core.shell:Creating environment hook '/home/east/ros2-learning-space/ws01_plumbing/install/cpp03_action/share/cpp03_action/hook/cmake_prefix_path.sh'
[0.608s] Level 1:colcon.colcon_core.environment:checking '/home/east/ros2-learning-space/ws01_plumbing/install/cpp03_action/lib'
[0.608s] Level 1:colcon.colcon_core.environment:checking '/home/east/ros2-learning-space/ws01_plumbing/install/cpp03_action/bin'
[0.608s] Level 1:colcon.colcon_core.environment:checking '/home/east/ros2-learning-space/ws01_plumbing/install/cpp03_action/lib/pkgconfig/cpp03_action.pc'
[0.608s] Level 1:colcon.colcon_core.environment:checking '/home/east/ros2-learning-space/ws01_plumbing/install/cpp03_action/lib/python3.10/site-packages'
[0.608s] Level 1:colcon.colcon_core.environment:checking '/home/east/ros2-learning-space/ws01_plumbing/install/cpp03_action/bin'
[0.609s] INFO:colcon.colcon_core.shell:Creating package script '/home/east/ros2-learning-space/ws01_plumbing/install/cpp03_action/share/cpp03_action/package.ps1'
[0.609s] INFO:colcon.colcon_core.shell:Creating package descriptor '/home/east/ros2-learning-space/ws01_plumbing/install/cpp03_action/share/cpp03_action/package.dsv'
[0.609s] INFO:colcon.colcon_core.shell:Creating package script '/home/east/ros2-learning-space/ws01_plumbing/install/cpp03_action/share/cpp03_action/package.sh'
[0.609s] INFO:colcon.colcon_core.shell:Creating package script '/home/east/ros2-learning-space/ws01_plumbing/install/cpp03_action/share/cpp03_action/package.bash'
[0.609s] INFO:colcon.colcon_core.shell:Creating package script '/home/east/ros2-learning-space/ws01_plumbing/install/cpp03_action/share/cpp03_action/package.zsh'
[0.610s] Level 1:colcon.colcon_core.environment:create_file_with_runtime_dependencies(/home/east/ros2-learning-space/ws01_plumbing/install/cpp03_action/share/colcon-core/packages/cpp03_action)
[0.610s] Level 1:colcon.colcon_core.environment:create_environment_scripts_only(cpp03_action)
[0.610s] Level 1:colcon.colcon_core.environment:checking '/home/east/ros2-learning-space/ws01_plumbing/install/cpp03_action' for CMake module files
[0.610s] Level 1:colcon.colcon_core.environment:checking '/home/east/ros2-learning-space/ws01_plumbing/install/cpp03_action' for CMake config files
[0.610s] Level 1:colcon.colcon_core.shell:create_environment_hook('cpp03_action', 'cmake_prefix_path')
[0.611s] INFO:colcon.colcon_core.shell:Creating environment hook '/home/east/ros2-learning-space/ws01_plumbing/install/cpp03_action/share/cpp03_action/hook/cmake_prefix_path.ps1'
[0.611s] INFO:colcon.colcon_core.shell:Creating environment descriptor '/home/east/ros2-learning-space/ws01_plumbing/install/cpp03_action/share/cpp03_action/hook/cmake_prefix_path.dsv'
[0.611s] INFO:colcon.colcon_core.shell:Creating environment hook '/home/east/ros2-learning-space/ws01_plumbing/install/cpp03_action/share/cpp03_action/hook/cmake_prefix_path.sh'
[0.611s] Level 1:colcon.colcon_core.environment:checking '/home/east/ros2-learning-space/ws01_plumbing/install/cpp03_action/lib'
[0.611s] Level 1:colcon.colcon_core.environment:checking '/home/east/ros2-learning-space/ws01_plumbing/install/cpp03_action/bin'
[0.611s] Level 1:colcon.colcon_core.environment:checking '/home/east/ros2-learning-space/ws01_plumbing/install/cpp03_action/lib/pkgconfig/cpp03_action.pc'
[0.611s] Level 1:colcon.colcon_core.environment:checking '/home/east/ros2-learning-space/ws01_plumbing/install/cpp03_action/lib/python3.10/site-packages'
[0.612s] Level 1:colcon.colcon_core.environment:checking '/home/east/ros2-learning-space/ws01_plumbing/install/cpp03_action/bin'
[0.612s] INFO:colcon.colcon_core.shell:Creating package script '/home/east/ros2-learning-space/ws01_plumbing/install/cpp03_action/share/cpp03_action/package.ps1'
[0.612s] INFO:colcon.colcon_core.shell:Creating package descriptor '/home/east/ros2-learning-space/ws01_plumbing/install/cpp03_action/share/cpp03_action/package.dsv'
[0.612s] INFO:colcon.colcon_core.shell:Creating package script '/home/east/ros2-learning-space/ws01_plumbing/install/cpp03_action/share/cpp03_action/package.sh'
[0.613s] INFO:colcon.colcon_core.shell:Creating package script '/home/east/ros2-learning-space/ws01_plumbing/install/cpp03_action/share/cpp03_action/package.bash'
[0.613s] INFO:colcon.colcon_core.shell:Creating package script '/home/east/ros2-learning-space/ws01_plumbing/install/cpp03_action/share/cpp03_action/package.zsh'
[0.613s] Level 1:colcon.colcon_core.environment:create_file_with_runtime_dependencies(/home/east/ros2-learning-space/ws01_plumbing/install/cpp03_action/share/colcon-core/packages/cpp03_action)
[0.613s] DEBUG:colcon.colcon_parallel_executor.executor.parallel:closing loop
[0.613s] DEBUG:colcon.colcon_parallel_executor.executor.parallel:loop closed
[0.613s] DEBUG:colcon.colcon_parallel_executor.executor.parallel:run_until_complete finished with '0'
[0.613s] DEBUG:colcon.colcon_core.event_reactor:joining thread
[0.620s] INFO:colcon.colcon_core.plugin_system:Skipping extension 'colcon_notification.desktop_notification.terminal_notifier': Not used on non-Darwin systems
[0.620s] INFO:colcon.colcon_core.plugin_system:Skipping extension 'colcon_notification.desktop_notification.win32': Not used on non-Windows systems
[0.620s] INFO:colcon.colcon_notification.desktop_notification:Sending desktop notification using 'notify2'
[0.631s] DEBUG:colcon.colcon_core.event_reactor:joined thread
[0.631s] INFO:colcon.colcon_core.shell:Creating prefix script '/home/east/ros2-learning-space/ws01_plumbing/install/local_setup.ps1'
[0.632s] INFO:colcon.colcon_core.shell:Creating prefix util module '/home/east/ros2-learning-space/ws01_plumbing/install/_local_setup_util_ps1.py'
[0.633s] INFO:colcon.colcon_core.shell:Creating prefix chain script '/home/east/ros2-learning-space/ws01_plumbing/install/setup.ps1'
[0.633s] INFO:colcon.colcon_core.shell:Creating prefix script '/home/east/ros2-learning-space/ws01_plumbing/install/local_setup.sh'
[0.634s] INFO:colcon.colcon_core.shell:Creating prefix util module '/home/east/ros2-learning-space/ws01_plumbing/install/_local_setup_util_sh.py'
[0.634s] INFO:colcon.colcon_core.shell:Creating prefix chain script '/home/east/ros2-learning-space/ws01_plumbing/install/setup.sh'
[0.634s] INFO:colcon.colcon_core.shell:Creating prefix script '/home/east/ros2-learning-space/ws01_plumbing/install/local_setup.bash'
[0.635s] INFO:colcon.colcon_core.shell:Creating prefix chain script '/home/east/ros2-learning-space/ws01_plumbing/install/setup.bash'
[0.635s] INFO:colcon.colcon_core.shell:Creating prefix script '/home/east/ros2-learning-space/ws01_plumbing/install/local_setup.zsh'
[0.636s] INFO:colcon.colcon_core.shell:Creating prefix chain script '/home/east/ros2-learning-space/ws01_plumbing/install/setup.zsh'
