[  8%] Built target base_interfaces_demo__cpp
[ 12%] Built target base_interfaces_demo__rosidl_generator_c
[ 12%] Built target ament_cmake_python_copy_base_interfaces_demo
[ 23%] Built target base_interfaces_demo__rosidl_typesupport_introspection_cpp
[ 34%] Built target base_interfaces_demo__rosidl_typesupport_c
[ 44%] Built target base_interfaces_demo__rosidl_typesupport_cpp
[ 55%] Built target base_interfaces_demo__rosidl_typesupport_introspection_c
[ 65%] Built target base_interfaces_demo__rosidl_typesupport_fastrtps_cpp
[ 76%] Built target base_interfaces_demo__rosidl_typesupport_fastrtps_c
[ 76%] Built target base_interfaces_demo
[ 78%] Built target base_interfaces_demo__py
[ 87%] Built target base_interfaces_demo__rosidl_generator_py
[100%] Built target base_interfaces_demo__rosidl_typesupport_fastrtps_c__pyext
[100%] Built target base_interfaces_demo__rosidl_typesupport_introspection_c__pyext
[100%] Built target base_interfaces_demo__rosidl_typesupport_c__pyext
running egg_info
writing base_interfaces_demo.egg-info/PKG-INFO
writing dependency_links to base_interfaces_demo.egg-info/dependency_links.txt
writing top-level names to base_interfaces_demo.egg-info/top_level.txt
reading manifest file 'base_interfaces_demo.egg-info/SOURCES.txt'
writing manifest file 'base_interfaces_demo.egg-info/SOURCES.txt'
[100%] Built target ament_cmake_python_build_base_interfaces_demo_egg
