[0.013s] Invoking command in '/home/east/ros2-learning-space/ws01_plumbing/build/cpp07_exercise': CMAKE_PREFIX_PATH=/home/east/ros2-learning-space/ws01_plumbing/install/base_interfaces_demo:/home/east/ros2-learning-space/ws01_plumbing/install/cpp07_exercise:/home/east/ros2-learning-space/ws01_plumbing/install/cpp06_time:/home/east/ros2-learning-space/ws01_plumbing/install/cpp05_names:/home/east/ros2-learning-space/ws01_plumbing/install/cpp04_param:/home/east/ros2-learning-space/ws01_plumbing/install/cpp03_action:/home/east/ros2-learning-space/ws01_plumbing/install/cpp02_service:/home/east/ros2-learning-space/ws01_plumbing/install/cpp01_topic:/opt/ros/humble /usr/bin/cmake --build /home/east/ros2-learning-space/ws01_plumbing/build/cpp07_exercise -- -j18 -l18
[0.033s] -- Found ament_cmake: 1.3.12 (/opt/ros/humble/share/ament_cmake/cmake)
[0.150s] -- Found rclcpp: 16.0.15 (/opt/ros/humble/share/rclcpp/cmake)
[0.179s] -- Found rosidl_generator_c: 3.1.7 (/opt/ros/humble/share/rosidl_generator_c/cmake)
[0.180s] -- Found rosidl_adapter: 3.1.7 (/opt/ros/humble/share/rosidl_adapter/cmake)
[0.184s] -- Found rosidl_generator_cpp: 3.1.7 (/opt/ros/humble/share/rosidl_generator_cpp/cmake)
[0.189s] -- Using all available rosidl_typesupport_c: rosidl_typesupport_fastrtps_c;rosidl_typesupport_introspection_c
[0.197s] -- Using all available rosidl_typesupport_cpp: rosidl_typesupport_fastrtps_cpp;rosidl_typesupport_introspection_cpp
[0.217s] -- Found rmw_implementation_cmake: 6.1.2 (/opt/ros/humble/share/rmw_implementation_cmake/cmake)
[0.217s] -- Found rmw_fastrtps_cpp: 6.2.9 (/opt/ros/humble/share/rmw_fastrtps_cpp/cmake)
[0.285s] -- Using RMW implementation 'rmw_fastrtps_cpp' as default
[0.313s] -- Found turtlesim: 1.4.3 (/opt/ros/humble/share/turtlesim/cmake)
[0.335s] -- Found geometry_msgs: 4.9.0 (/opt/ros/humble/share/geometry_msgs/cmake)
[0.342s] -- Found base_interfaces_demo: 0.0.0 (/home/east/ros2-learning-space/ws01_plumbing/install/base_interfaces_demo/share/base_interfaces_demo/cmake)
[0.355s] -- Found ament_lint_auto: 0.12.14 (/opt/ros/humble/share/ament_lint_auto/cmake)
[0.397s] -- Added test 'cppcheck' to perform static code analysis on C / C++ code
[0.397s] -- Configured cppcheck include dirs: $<BUILD_INTERFACE:/home/east/ros2-learning-space/ws01_plumbing/src/cpp07_exercise/include>
[0.398s] -- Configured cppcheck exclude dirs and/or files: 
[0.398s] -- Added test 'flake8' to check Python code syntax and style conventions
[0.398s] -- Added test 'lint_cmake' to check CMake code style
[0.398s] -- Added test 'pep257' to check Python code against some of the docstring style conventions in PEP 257
[0.398s] -- Added test 'uncrustify' to check C / C++ code style
[0.398s] -- Configured uncrustify additional arguments: 
[0.398s] -- Added test 'xmllint' to check XML markup files
[0.399s] -- Configuring done
[0.412s] -- Generating done
[0.416s] -- Build files have been written to: /home/east/ros2-learning-space/ws01_plumbing/build/cpp07_exercise
[0.443s] [35m[1mConsolidate compiler generated dependencies of target exer01_pub_sub[0m
[0.451s] [ 33%] [32mBuilding CXX object CMakeFiles/exer02_server.dir/src/exer02_server.cpp.o[0m
[0.451s] [ 33%] [32mBuilding CXX object CMakeFiles/exer03_client.dir/src/exer03_client.cpp.o[0m
[0.458s] [ 50%] [32mBuilding CXX object CMakeFiles/exer01_pub_sub.dir/src/exer01_pub_sub.cpp.o[0m
[2.447s] [ 66%] [32m[1mLinking CXX executable exer02_server[0m
[2.461s] [ 83%] [32m[1mLinking CXX executable exer03_client[0m
[2.538s] [ 83%] Built target exer02_server
[2.574s] [ 83%] Built target exer03_client
[6.338s] [100%] [32m[1mLinking CXX executable exer01_pub_sub[0m
[6.619s] [100%] Built target exer01_pub_sub
[6.631s] Invoked command in '/home/east/ros2-learning-space/ws01_plumbing/build/cpp07_exercise' returned '0': CMAKE_PREFIX_PATH=/home/east/ros2-learning-space/ws01_plumbing/install/base_interfaces_demo:/home/east/ros2-learning-space/ws01_plumbing/install/cpp07_exercise:/home/east/ros2-learning-space/ws01_plumbing/install/cpp06_time:/home/east/ros2-learning-space/ws01_plumbing/install/cpp05_names:/home/east/ros2-learning-space/ws01_plumbing/install/cpp04_param:/home/east/ros2-learning-space/ws01_plumbing/install/cpp03_action:/home/east/ros2-learning-space/ws01_plumbing/install/cpp02_service:/home/east/ros2-learning-space/ws01_plumbing/install/cpp01_topic:/opt/ros/humble /usr/bin/cmake --build /home/east/ros2-learning-space/ws01_plumbing/build/cpp07_exercise -- -j18 -l18
[6.632s] Invoking command in '/home/east/ros2-learning-space/ws01_plumbing/build/cpp07_exercise': CMAKE_PREFIX_PATH=/home/east/ros2-learning-space/ws01_plumbing/install/base_interfaces_demo:/home/east/ros2-learning-space/ws01_plumbing/install/cpp07_exercise:/home/east/ros2-learning-space/ws01_plumbing/install/cpp06_time:/home/east/ros2-learning-space/ws01_plumbing/install/cpp05_names:/home/east/ros2-learning-space/ws01_plumbing/install/cpp04_param:/home/east/ros2-learning-space/ws01_plumbing/install/cpp03_action:/home/east/ros2-learning-space/ws01_plumbing/install/cpp02_service:/home/east/ros2-learning-space/ws01_plumbing/install/cpp01_topic:/opt/ros/humble /usr/bin/cmake --install /home/east/ros2-learning-space/ws01_plumbing/build/cpp07_exercise
[6.638s] -- Install configuration: ""
[6.638s] -- Installing: /home/east/ros2-learning-space/ws01_plumbing/install/cpp07_exercise/lib/cpp07_exercise/exer01_pub_sub
[6.641s] -- Set runtime path of "/home/east/ros2-learning-space/ws01_plumbing/install/cpp07_exercise/lib/cpp07_exercise/exer01_pub_sub" to ""
[6.641s] -- Installing: /home/east/ros2-learning-space/ws01_plumbing/install/cpp07_exercise/lib/cpp07_exercise/exer02_server
[6.641s] -- Set runtime path of "/home/east/ros2-learning-space/ws01_plumbing/install/cpp07_exercise/lib/cpp07_exercise/exer02_server" to ""
[6.641s] -- Installing: /home/east/ros2-learning-space/ws01_plumbing/install/cpp07_exercise/lib/cpp07_exercise/exer03_client
[6.641s] -- Set runtime path of "/home/east/ros2-learning-space/ws01_plumbing/install/cpp07_exercise/lib/cpp07_exercise/exer03_client" to ""
[6.641s] -- Up-to-date: /home/east/ros2-learning-space/ws01_plumbing/install/cpp07_exercise/share/cpp07_exercise/launch
[6.641s] -- Up-to-date: /home/east/ros2-learning-space/ws01_plumbing/install/cpp07_exercise/share/cpp07_exercise/launch/exer01_pub_sub_launch.py
[6.641s] -- Up-to-date: /home/east/ros2-learning-space/ws01_plumbing/install/cpp07_exercise/share/ament_index/resource_index/package_run_dependencies/cpp07_exercise
[6.641s] -- Up-to-date: /home/east/ros2-learning-space/ws01_plumbing/install/cpp07_exercise/share/ament_index/resource_index/parent_prefix_path/cpp07_exercise
[6.641s] -- Up-to-date: /home/east/ros2-learning-space/ws01_plumbing/install/cpp07_exercise/share/cpp07_exercise/environment/ament_prefix_path.sh
[6.641s] -- Installing: /home/east/ros2-learning-space/ws01_plumbing/install/cpp07_exercise/share/cpp07_exercise/environment/ament_prefix_path.dsv
[6.641s] -- Up-to-date: /home/east/ros2-learning-space/ws01_plumbing/install/cpp07_exercise/share/cpp07_exercise/environment/path.sh
[6.641s] -- Installing: /home/east/ros2-learning-space/ws01_plumbing/install/cpp07_exercise/share/cpp07_exercise/environment/path.dsv
[6.641s] -- Up-to-date: /home/east/ros2-learning-space/ws01_plumbing/install/cpp07_exercise/share/cpp07_exercise/local_setup.bash
[6.641s] -- Up-to-date: /home/east/ros2-learning-space/ws01_plumbing/install/cpp07_exercise/share/cpp07_exercise/local_setup.sh
[6.641s] -- Up-to-date: /home/east/ros2-learning-space/ws01_plumbing/install/cpp07_exercise/share/cpp07_exercise/local_setup.zsh
[6.641s] -- Installing: /home/east/ros2-learning-space/ws01_plumbing/install/cpp07_exercise/share/cpp07_exercise/local_setup.dsv
[6.642s] -- Installing: /home/east/ros2-learning-space/ws01_plumbing/install/cpp07_exercise/share/cpp07_exercise/package.dsv
[6.642s] -- Up-to-date: /home/east/ros2-learning-space/ws01_plumbing/install/cpp07_exercise/share/ament_index/resource_index/packages/cpp07_exercise
[6.642s] -- Up-to-date: /home/east/ros2-learning-space/ws01_plumbing/install/cpp07_exercise/share/cpp07_exercise/cmake/cpp07_exerciseConfig.cmake
[6.642s] -- Up-to-date: /home/east/ros2-learning-space/ws01_plumbing/install/cpp07_exercise/share/cpp07_exercise/cmake/cpp07_exerciseConfig-version.cmake
[6.642s] -- Up-to-date: /home/east/ros2-learning-space/ws01_plumbing/install/cpp07_exercise/share/cpp07_exercise/package.xml
[6.643s] Invoked command in '/home/east/ros2-learning-space/ws01_plumbing/build/cpp07_exercise' returned '0': CMAKE_PREFIX_PATH=/home/east/ros2-learning-space/ws01_plumbing/install/base_interfaces_demo:/home/east/ros2-learning-space/ws01_plumbing/install/cpp07_exercise:/home/east/ros2-learning-space/ws01_plumbing/install/cpp06_time:/home/east/ros2-learning-space/ws01_plumbing/install/cpp05_names:/home/east/ros2-learning-space/ws01_plumbing/install/cpp04_param:/home/east/ros2-learning-space/ws01_plumbing/install/cpp03_action:/home/east/ros2-learning-space/ws01_plumbing/install/cpp02_service:/home/east/ros2-learning-space/ws01_plumbing/install/cpp01_topic:/opt/ros/humble /usr/bin/cmake --install /home/east/ros2-learning-space/ws01_plumbing/build/cpp07_exercise
