[35m[1mConsolidate compiler generated dependencies of target demo03_duration[0m
[ 50%] Built target demo01_rate
[ 50%] [32mBuilding CXX object CMakeFiles/demo03_duration.dir/src/demo03_duration.cpp.o[0m
[ 83%] Built target demo02_time
[100%] [32m[1mLinking CXX executable demo03_duration[0m
[100%] Built target demo03_duration
-- Install configuration: ""
-- Up-to-date: /home/east/ros2-learning-space/ws01_plumbing/install/cpp06_time/lib/cpp06_time/demo01_rate
-- Up-to-date: /home/east/ros2-learning-space/ws01_plumbing/install/cpp06_time/lib/cpp06_time/demo02_time
-- Installing: /home/east/ros2-learning-space/ws01_plumbing/install/cpp06_time/lib/cpp06_time/demo03_duration
-- Set runtime path of "/home/east/ros2-learning-space/ws01_plumbing/install/cpp06_time/lib/cpp06_time/demo03_duration" to ""
-- Up-to-date: /home/east/ros2-learning-space/ws01_plumbing/install/cpp06_time/share/ament_index/resource_index/package_run_dependencies/cpp06_time
-- Up-to-date: /home/east/ros2-learning-space/ws01_plumbing/install/cpp06_time/share/ament_index/resource_index/parent_prefix_path/cpp06_time
-- Up-to-date: /home/east/ros2-learning-space/ws01_plumbing/install/cpp06_time/share/cpp06_time/environment/ament_prefix_path.sh
-- Up-to-date: /home/east/ros2-learning-space/ws01_plumbing/install/cpp06_time/share/cpp06_time/environment/ament_prefix_path.dsv
-- Up-to-date: /home/east/ros2-learning-space/ws01_plumbing/install/cpp06_time/share/cpp06_time/environment/path.sh
-- Up-to-date: /home/east/ros2-learning-space/ws01_plumbing/install/cpp06_time/share/cpp06_time/environment/path.dsv
-- Up-to-date: /home/east/ros2-learning-space/ws01_plumbing/install/cpp06_time/share/cpp06_time/local_setup.bash
-- Up-to-date: /home/east/ros2-learning-space/ws01_plumbing/install/cpp06_time/share/cpp06_time/local_setup.sh
-- Up-to-date: /home/east/ros2-learning-space/ws01_plumbing/install/cpp06_time/share/cpp06_time/local_setup.zsh
-- Up-to-date: /home/east/ros2-learning-space/ws01_plumbing/install/cpp06_time/share/cpp06_time/local_setup.dsv
-- Installing: /home/east/ros2-learning-space/ws01_plumbing/install/cpp06_time/share/cpp06_time/package.dsv
-- Up-to-date: /home/east/ros2-learning-space/ws01_plumbing/install/cpp06_time/share/ament_index/resource_index/packages/cpp06_time
-- Up-to-date: /home/east/ros2-learning-space/ws01_plumbing/install/cpp06_time/share/cpp06_time/cmake/cpp06_timeConfig.cmake
-- Up-to-date: /home/east/ros2-learning-space/ws01_plumbing/install/cpp06_time/share/cpp06_time/cmake/cpp06_timeConfig-version.cmake
-- Up-to-date: /home/east/ros2-learning-space/ws01_plumbing/install/cpp06_time/share/cpp06_time/package.xml
