[0.012s] Invoking command in '/home/east/ros2-learning-space/ws01_plumbing/build/cpp02_service': CMAKE_PREFIX_PATH=/home/east/ros2-learning-space/ws01_plumbing/install/base_interfaces_demo:/home/east/ros2-learning-space/ws01_plumbing/install/cpp07_exercise:/home/east/ros2-learning-space/ws01_plumbing/install/cpp06_time:/home/east/ros2-learning-space/ws01_plumbing/install/cpp05_names:/home/east/ros2-learning-space/ws01_plumbing/install/cpp04_param:/home/east/ros2-learning-space/ws01_plumbing/install/cpp03_action:/home/east/ros2-learning-space/ws01_plumbing/install/cpp02_service:/home/east/ros2-learning-space/ws01_plumbing/install/cpp01_topic:/opt/ros/humble /usr/bin/cmake --build /home/east/ros2-learning-space/ws01_plumbing/build/cpp02_service -- -j18 -l18
[0.036s] -- Found ament_cmake: 1.3.12 (/opt/ros/humble/share/ament_cmake/cmake)
[0.128s] -- Found rclcpp: 16.0.15 (/opt/ros/humble/share/rclcpp/cmake)
[0.145s] -- Found rosidl_generator_c: 3.1.7 (/opt/ros/humble/share/rosidl_generator_c/cmake)
[0.146s] -- Found rosidl_adapter: 3.1.7 (/opt/ros/humble/share/rosidl_adapter/cmake)
[0.149s] -- Found rosidl_generator_cpp: 3.1.7 (/opt/ros/humble/share/rosidl_generator_cpp/cmake)
[0.155s] -- Using all available rosidl_typesupport_c: rosidl_typesupport_fastrtps_c;rosidl_typesupport_introspection_c
[0.162s] -- Using all available rosidl_typesupport_cpp: rosidl_typesupport_fastrtps_cpp;rosidl_typesupport_introspection_cpp
[0.181s] -- Found rmw_implementation_cmake: 6.1.2 (/opt/ros/humble/share/rmw_implementation_cmake/cmake)
[0.183s] -- Found rmw_fastrtps_cpp: 6.2.9 (/opt/ros/humble/share/rmw_fastrtps_cpp/cmake)
[0.275s] -- Using RMW implementation 'rmw_fastrtps_cpp' as default
[0.304s] -- Found base_interfaces_demo: 0.0.0 (/home/east/ros2-learning-space/ws01_plumbing/install/base_interfaces_demo/share/base_interfaces_demo/cmake)
[0.334s] -- Found ament_lint_auto: 0.12.14 (/opt/ros/humble/share/ament_lint_auto/cmake)
[0.377s] -- Added test 'cppcheck' to perform static code analysis on C / C++ code
[0.377s] -- Configured cppcheck include dirs: $<BUILD_INTERFACE:/home/east/ros2-learning-space/ws01_plumbing/src/cpp02_service/include>
[0.377s] -- Configured cppcheck exclude dirs and/or files: 
[0.377s] -- Added test 'lint_cmake' to check CMake code style
[0.378s] -- Added test 'uncrustify' to check C / C++ code style
[0.378s] -- Configured uncrustify additional arguments: 
[0.378s] -- Added test 'xmllint' to check XML markup files
[0.379s] -- Configuring done
[0.390s] -- Generating done
[0.393s] -- Build files have been written to: /home/east/ros2-learning-space/ws01_plumbing/build/cpp02_service
[0.417s] [35m[1mConsolidate compiler generated dependencies of target demo02_client[0m
[0.417s] [35m[1mConsolidate compiler generated dependencies of target demo01_server[0m
[0.433s] [ 50%] [32mBuilding CXX object CMakeFiles/demo01_server.dir/src/demo01_server.cpp.o[0m
[0.433s] [ 50%] [32mBuilding CXX object CMakeFiles/demo02_client.dir/src/demo02_client.cpp.o[0m
[3.233s] [ 75%] [32m[1mLinking CXX executable demo01_server[0m
[3.365s] [ 75%] Built target demo01_server
[4.648s] [100%] [32m[1mLinking CXX executable demo02_client[0m
[4.771s] [100%] Built target demo02_client
[4.785s] Invoked command in '/home/east/ros2-learning-space/ws01_plumbing/build/cpp02_service' returned '0': CMAKE_PREFIX_PATH=/home/east/ros2-learning-space/ws01_plumbing/install/base_interfaces_demo:/home/east/ros2-learning-space/ws01_plumbing/install/cpp07_exercise:/home/east/ros2-learning-space/ws01_plumbing/install/cpp06_time:/home/east/ros2-learning-space/ws01_plumbing/install/cpp05_names:/home/east/ros2-learning-space/ws01_plumbing/install/cpp04_param:/home/east/ros2-learning-space/ws01_plumbing/install/cpp03_action:/home/east/ros2-learning-space/ws01_plumbing/install/cpp02_service:/home/east/ros2-learning-space/ws01_plumbing/install/cpp01_topic:/opt/ros/humble /usr/bin/cmake --build /home/east/ros2-learning-space/ws01_plumbing/build/cpp02_service -- -j18 -l18
[4.787s] Invoking command in '/home/east/ros2-learning-space/ws01_plumbing/build/cpp02_service': CMAKE_PREFIX_PATH=/home/east/ros2-learning-space/ws01_plumbing/install/base_interfaces_demo:/home/east/ros2-learning-space/ws01_plumbing/install/cpp07_exercise:/home/east/ros2-learning-space/ws01_plumbing/install/cpp06_time:/home/east/ros2-learning-space/ws01_plumbing/install/cpp05_names:/home/east/ros2-learning-space/ws01_plumbing/install/cpp04_param:/home/east/ros2-learning-space/ws01_plumbing/install/cpp03_action:/home/east/ros2-learning-space/ws01_plumbing/install/cpp02_service:/home/east/ros2-learning-space/ws01_plumbing/install/cpp01_topic:/opt/ros/humble /usr/bin/cmake --install /home/east/ros2-learning-space/ws01_plumbing/build/cpp02_service
[4.797s] -- Install configuration: ""
[4.797s] -- Installing: /home/east/ros2-learning-space/ws01_plumbing/install/cpp02_service/lib/cpp02_service/demo01_server
[4.798s] -- Set runtime path of "/home/east/ros2-learning-space/ws01_plumbing/install/cpp02_service/lib/cpp02_service/demo01_server" to ""
[4.798s] -- Installing: /home/east/ros2-learning-space/ws01_plumbing/install/cpp02_service/lib/cpp02_service/demo02_client
[4.799s] -- Set runtime path of "/home/east/ros2-learning-space/ws01_plumbing/install/cpp02_service/lib/cpp02_service/demo02_client" to ""
[4.799s] -- Up-to-date: /home/east/ros2-learning-space/ws01_plumbing/install/cpp02_service/share/ament_index/resource_index/package_run_dependencies/cpp02_service
[4.799s] -- Installing: /home/east/ros2-learning-space/ws01_plumbing/install/cpp02_service/share/ament_index/resource_index/parent_prefix_path/cpp02_service
[4.799s] -- Up-to-date: /home/east/ros2-learning-space/ws01_plumbing/install/cpp02_service/share/cpp02_service/environment/ament_prefix_path.sh
[4.799s] -- Installing: /home/east/ros2-learning-space/ws01_plumbing/install/cpp02_service/share/cpp02_service/environment/ament_prefix_path.dsv
[4.799s] -- Up-to-date: /home/east/ros2-learning-space/ws01_plumbing/install/cpp02_service/share/cpp02_service/environment/path.sh
[4.799s] -- Installing: /home/east/ros2-learning-space/ws01_plumbing/install/cpp02_service/share/cpp02_service/environment/path.dsv
[4.799s] -- Up-to-date: /home/east/ros2-learning-space/ws01_plumbing/install/cpp02_service/share/cpp02_service/local_setup.bash
[4.800s] -- Up-to-date: /home/east/ros2-learning-space/ws01_plumbing/install/cpp02_service/share/cpp02_service/local_setup.sh
[4.800s] -- Up-to-date: /home/east/ros2-learning-space/ws01_plumbing/install/cpp02_service/share/cpp02_service/local_setup.zsh
[4.800s] -- Installing: /home/east/ros2-learning-space/ws01_plumbing/install/cpp02_service/share/cpp02_service/local_setup.dsv
[4.800s] -- Installing: /home/east/ros2-learning-space/ws01_plumbing/install/cpp02_service/share/cpp02_service/package.dsv
[4.800s] -- Up-to-date: /home/east/ros2-learning-space/ws01_plumbing/install/cpp02_service/share/ament_index/resource_index/packages/cpp02_service
[4.800s] -- Up-to-date: /home/east/ros2-learning-space/ws01_plumbing/install/cpp02_service/share/cpp02_service/cmake/cpp02_serviceConfig.cmake
[4.800s] -- Up-to-date: /home/east/ros2-learning-space/ws01_plumbing/install/cpp02_service/share/cpp02_service/cmake/cpp02_serviceConfig-version.cmake
[4.800s] -- Up-to-date: /home/east/ros2-learning-space/ws01_plumbing/install/cpp02_service/share/cpp02_service/package.xml
[4.804s] Invoked command in '/home/east/ros2-learning-space/ws01_plumbing/build/cpp02_service' returned '0': CMAKE_PREFIX_PATH=/home/east/ros2-learning-space/ws01_plumbing/install/base_interfaces_demo:/home/east/ros2-learning-space/ws01_plumbing/install/cpp07_exercise:/home/east/ros2-learning-space/ws01_plumbing/install/cpp06_time:/home/east/ros2-learning-space/ws01_plumbing/install/cpp05_names:/home/east/ros2-learning-space/ws01_plumbing/install/cpp04_param:/home/east/ros2-learning-space/ws01_plumbing/install/cpp03_action:/home/east/ros2-learning-space/ws01_plumbing/install/cpp02_service:/home/east/ros2-learning-space/ws01_plumbing/install/cpp01_topic:/opt/ros/humble /usr/bin/cmake --install /home/east/ros2-learning-space/ws01_plumbing/build/cpp02_service
