[0.059s] DEBUG:colcon:Command line arguments: ['/usr/bin/colcon', 'build']
[0.059s] DEBUG:colcon:Parsed command line arguments: Namespace(log_base=None, log_level=None, verb_name='build', build_base='build', install_base='install', merge_install=False, symlink_install=False, test_result_base=None, continue_on_error=False, executor='parallel', parallel_workers=18, event_handlers=None, ignore_user_meta=False, metas=['./colcon.meta'], base_paths=['.'], packages_ignore=None, packages_ignore_regex=None, paths=None, packages_up_to=None, packages_up_to_regex=None, packages_above=None, packages_above_and_dependencies=None, packages_above_depth=None, packages_select_by_dep=None, packages_skip_by_dep=None, packages_skip_up_to=None, packages_select_build_failed=False, packages_skip_build_finished=False, packages_select_test_failures=False, packages_skip_test_passed=False, packages_select=None, packages_skip=None, packages_select_regex=None, packages_skip_regex=None, packages_start=None, packages_end=None, allow_overriding=[], cmake_args=None, cmake_target=None, cmake_target_skip_unavailable=False, cmake_clean_cache=False, cmake_clean_first=False, cmake_force_configure=False, ament_cmake_args=None, catkin_cmake_args=None, catkin_skip_building_tests=False, verb_parser=<colcon_defaults.argument_parser.defaults.DefaultArgumentsDecorator object at 0x740be9ba79d0>, verb_extension=<colcon_core.verb.build.BuildVerb object at 0x740be9ba69b0>, main=<bound method BuildVerb.main of <colcon_core.verb.build.BuildVerb object at 0x740be9ba69b0>>)
[0.148s] Level 1:colcon.colcon_core.package_discovery:discover_packages(colcon_meta) check parameters
[0.149s] Level 1:colcon.colcon_core.package_discovery:discover_packages(recursive) check parameters
[0.149s] Level 1:colcon.colcon_core.package_discovery:discover_packages(ignore) check parameters
[0.149s] Level 1:colcon.colcon_core.package_discovery:discover_packages(path) check parameters
[0.149s] Level 1:colcon.colcon_core.package_discovery:discover_packages(colcon_meta) discover
[0.149s] Level 1:colcon.colcon_core.package_discovery:discover_packages(recursive) discover
[0.149s] INFO:colcon.colcon_core.package_discovery:Crawling recursively for packages in '/home/east/ros2-learning-space/ws01_plumbing'
[0.149s] Level 1:colcon.colcon_core.package_identification:_identify(.) by extensions ['ignore', 'ignore_ament_install']
[0.149s] Level 1:colcon.colcon_core.package_identification:_identify(.) by extension 'ignore'
[0.149s] Level 1:colcon.colcon_core.package_identification:_identify(.) by extension 'ignore_ament_install'
[0.149s] Level 1:colcon.colcon_core.package_identification:_identify(.) by extensions ['colcon_pkg']
[0.149s] Level 1:colcon.colcon_core.package_identification:_identify(.) by extension 'colcon_pkg'
[0.149s] Level 1:colcon.colcon_core.package_identification:_identify(.) by extensions ['colcon_meta']
[0.149s] Level 1:colcon.colcon_core.package_identification:_identify(.) by extension 'colcon_meta'
[0.149s] Level 1:colcon.colcon_core.package_identification:_identify(.) by extensions ['ros']
[0.149s] Level 1:colcon.colcon_core.package_identification:_identify(.) by extension 'ros'
[0.160s] Level 1:colcon.colcon_core.package_identification:_identify(.) by extensions ['cmake', 'python']
[0.160s] Level 1:colcon.colcon_core.package_identification:_identify(.) by extension 'cmake'
[0.160s] Level 1:colcon.colcon_core.package_identification:_identify(.) by extension 'python'
[0.160s] Level 1:colcon.colcon_core.package_identification:_identify(.) by extensions ['python_setup_py']
[0.160s] Level 1:colcon.colcon_core.package_identification:_identify(.) by extension 'python_setup_py'
[0.160s] Level 1:colcon.colcon_core.package_identification:_identify(build) by extensions ['ignore', 'ignore_ament_install']
[0.160s] Level 1:colcon.colcon_core.package_identification:_identify(build) by extension 'ignore'
[0.160s] Level 1:colcon.colcon_core.package_identification:_identify(build) ignored
[0.161s] Level 1:colcon.colcon_core.package_identification:_identify(install) by extensions ['ignore', 'ignore_ament_install']
[0.161s] Level 1:colcon.colcon_core.package_identification:_identify(install) by extension 'ignore'
[0.161s] Level 1:colcon.colcon_core.package_identification:_identify(install) ignored
[0.161s] Level 1:colcon.colcon_core.package_identification:_identify(log) by extensions ['ignore', 'ignore_ament_install']
[0.161s] Level 1:colcon.colcon_core.package_identification:_identify(log) by extension 'ignore'
[0.161s] Level 1:colcon.colcon_core.package_identification:_identify(log) ignored
[0.161s] Level 1:colcon.colcon_core.package_identification:_identify(src) by extensions ['ignore', 'ignore_ament_install']
[0.161s] Level 1:colcon.colcon_core.package_identification:_identify(src) by extension 'ignore'
[0.161s] Level 1:colcon.colcon_core.package_identification:_identify(src) by extension 'ignore_ament_install'
[0.161s] Level 1:colcon.colcon_core.package_identification:_identify(src) by extensions ['colcon_pkg']
[0.161s] Level 1:colcon.colcon_core.package_identification:_identify(src) by extension 'colcon_pkg'
[0.161s] Level 1:colcon.colcon_core.package_identification:_identify(src) by extensions ['colcon_meta']
[0.161s] Level 1:colcon.colcon_core.package_identification:_identify(src) by extension 'colcon_meta'
[0.161s] Level 1:colcon.colcon_core.package_identification:_identify(src) by extensions ['ros']
[0.161s] Level 1:colcon.colcon_core.package_identification:_identify(src) by extension 'ros'
[0.161s] Level 1:colcon.colcon_core.package_identification:_identify(src) by extensions ['cmake', 'python']
[0.161s] Level 1:colcon.colcon_core.package_identification:_identify(src) by extension 'cmake'
[0.161s] Level 1:colcon.colcon_core.package_identification:_identify(src) by extension 'python'
[0.161s] Level 1:colcon.colcon_core.package_identification:_identify(src) by extensions ['python_setup_py']
[0.161s] Level 1:colcon.colcon_core.package_identification:_identify(src) by extension 'python_setup_py'
[0.161s] Level 1:colcon.colcon_core.package_identification:_identify(src/base_interfaces_demo) by extensions ['ignore', 'ignore_ament_install']
[0.161s] Level 1:colcon.colcon_core.package_identification:_identify(src/base_interfaces_demo) by extension 'ignore'
[0.161s] Level 1:colcon.colcon_core.package_identification:_identify(src/base_interfaces_demo) by extension 'ignore_ament_install'
[0.161s] Level 1:colcon.colcon_core.package_identification:_identify(src/base_interfaces_demo) by extensions ['colcon_pkg']
[0.161s] Level 1:colcon.colcon_core.package_identification:_identify(src/base_interfaces_demo) by extension 'colcon_pkg'
[0.161s] Level 1:colcon.colcon_core.package_identification:_identify(src/base_interfaces_demo) by extensions ['colcon_meta']
[0.161s] Level 1:colcon.colcon_core.package_identification:_identify(src/base_interfaces_demo) by extension 'colcon_meta'
[0.161s] Level 1:colcon.colcon_core.package_identification:_identify(src/base_interfaces_demo) by extensions ['ros']
[0.161s] Level 1:colcon.colcon_core.package_identification:_identify(src/base_interfaces_demo) by extension 'ros'
[0.163s] DEBUG:colcon.colcon_core.package_identification:Package 'src/base_interfaces_demo' with type 'ros.ament_cmake' and name 'base_interfaces_demo'
[0.163s] Level 1:colcon.colcon_core.package_identification:_identify(src/cpp01_topic) by extensions ['ignore', 'ignore_ament_install']
[0.163s] Level 1:colcon.colcon_core.package_identification:_identify(src/cpp01_topic) by extension 'ignore'
[0.163s] Level 1:colcon.colcon_core.package_identification:_identify(src/cpp01_topic) by extension 'ignore_ament_install'
[0.163s] Level 1:colcon.colcon_core.package_identification:_identify(src/cpp01_topic) by extensions ['colcon_pkg']
[0.163s] Level 1:colcon.colcon_core.package_identification:_identify(src/cpp01_topic) by extension 'colcon_pkg'
[0.163s] Level 1:colcon.colcon_core.package_identification:_identify(src/cpp01_topic) by extensions ['colcon_meta']
[0.163s] Level 1:colcon.colcon_core.package_identification:_identify(src/cpp01_topic) by extension 'colcon_meta'
[0.163s] Level 1:colcon.colcon_core.package_identification:_identify(src/cpp01_topic) by extensions ['ros']
[0.163s] Level 1:colcon.colcon_core.package_identification:_identify(src/cpp01_topic) by extension 'ros'
[0.164s] DEBUG:colcon.colcon_core.package_identification:Package 'src/cpp01_topic' with type 'ros.ament_cmake' and name 'cpp01_topic'
[0.164s] Level 1:colcon.colcon_core.package_identification:_identify(src/cpp02_service) by extensions ['ignore', 'ignore_ament_install']
[0.164s] Level 1:colcon.colcon_core.package_identification:_identify(src/cpp02_service) by extension 'ignore'
[0.164s] Level 1:colcon.colcon_core.package_identification:_identify(src/cpp02_service) by extension 'ignore_ament_install'
[0.164s] Level 1:colcon.colcon_core.package_identification:_identify(src/cpp02_service) by extensions ['colcon_pkg']
[0.164s] Level 1:colcon.colcon_core.package_identification:_identify(src/cpp02_service) by extension 'colcon_pkg'
[0.164s] Level 1:colcon.colcon_core.package_identification:_identify(src/cpp02_service) by extensions ['colcon_meta']
[0.164s] Level 1:colcon.colcon_core.package_identification:_identify(src/cpp02_service) by extension 'colcon_meta'
[0.164s] Level 1:colcon.colcon_core.package_identification:_identify(src/cpp02_service) by extensions ['ros']
[0.164s] Level 1:colcon.colcon_core.package_identification:_identify(src/cpp02_service) by extension 'ros'
[0.165s] DEBUG:colcon.colcon_core.package_identification:Package 'src/cpp02_service' with type 'ros.ament_cmake' and name 'cpp02_service'
[0.165s] Level 1:colcon.colcon_core.package_identification:_identify(src/cpp03_action) by extensions ['ignore', 'ignore_ament_install']
[0.165s] Level 1:colcon.colcon_core.package_identification:_identify(src/cpp03_action) by extension 'ignore'
[0.165s] Level 1:colcon.colcon_core.package_identification:_identify(src/cpp03_action) by extension 'ignore_ament_install'
[0.165s] Level 1:colcon.colcon_core.package_identification:_identify(src/cpp03_action) by extensions ['colcon_pkg']
[0.165s] Level 1:colcon.colcon_core.package_identification:_identify(src/cpp03_action) by extension 'colcon_pkg'
[0.165s] Level 1:colcon.colcon_core.package_identification:_identify(src/cpp03_action) by extensions ['colcon_meta']
[0.165s] Level 1:colcon.colcon_core.package_identification:_identify(src/cpp03_action) by extension 'colcon_meta'
[0.165s] Level 1:colcon.colcon_core.package_identification:_identify(src/cpp03_action) by extensions ['ros']
[0.165s] Level 1:colcon.colcon_core.package_identification:_identify(src/cpp03_action) by extension 'ros'
[0.165s] DEBUG:colcon.colcon_core.package_identification:Package 'src/cpp03_action' with type 'ros.ament_cmake' and name 'cpp03_action'
[0.165s] Level 1:colcon.colcon_core.package_identification:_identify(src/cpp04_param) by extensions ['ignore', 'ignore_ament_install']
[0.165s] Level 1:colcon.colcon_core.package_identification:_identify(src/cpp04_param) by extension 'ignore'
[0.165s] Level 1:colcon.colcon_core.package_identification:_identify(src/cpp04_param) by extension 'ignore_ament_install'
[0.165s] Level 1:colcon.colcon_core.package_identification:_identify(src/cpp04_param) by extensions ['colcon_pkg']
[0.165s] Level 1:colcon.colcon_core.package_identification:_identify(src/cpp04_param) by extension 'colcon_pkg'
[0.165s] Level 1:colcon.colcon_core.package_identification:_identify(src/cpp04_param) by extensions ['colcon_meta']
[0.165s] Level 1:colcon.colcon_core.package_identification:_identify(src/cpp04_param) by extension 'colcon_meta'
[0.165s] Level 1:colcon.colcon_core.package_identification:_identify(src/cpp04_param) by extensions ['ros']
[0.165s] Level 1:colcon.colcon_core.package_identification:_identify(src/cpp04_param) by extension 'ros'
[0.166s] DEBUG:colcon.colcon_core.package_identification:Package 'src/cpp04_param' with type 'ros.ament_cmake' and name 'cpp04_param'
[0.166s] Level 1:colcon.colcon_core.package_discovery:discover_packages(recursive) using defaults
[0.166s] Level 1:colcon.colcon_core.package_discovery:discover_packages(ignore) discover
[0.166s] Level 1:colcon.colcon_core.package_discovery:discover_packages(ignore) using defaults
[0.166s] Level 1:colcon.colcon_core.package_discovery:discover_packages(path) discover
[0.166s] Level 1:colcon.colcon_core.package_discovery:discover_packages(path) using defaults
[0.179s] Level 1:colcon.colcon_core.package_discovery:discover_packages(prefix_path) check parameters
[0.179s] Level 1:colcon.colcon_core.package_discovery:discover_packages(prefix_path) discover
[0.188s] DEBUG:colcon.colcon_installed_package_information.package_discovery:Found 5 installed packages in /home/east/ros2-learning-space/ws01_plumbing/install
[0.189s] DEBUG:colcon.colcon_installed_package_information.package_discovery:Found 271 installed packages in /opt/ros/humble
[0.190s] Level 1:colcon.colcon_core.package_discovery:discover_packages(prefix_path) using defaults
[0.210s] Level 5:colcon.colcon_core.verb:set package 'base_interfaces_demo' build argument 'cmake_args' from command line to 'None'
[0.210s] Level 5:colcon.colcon_core.verb:set package 'base_interfaces_demo' build argument 'cmake_target' from command line to 'None'
[0.210s] Level 5:colcon.colcon_core.verb:set package 'base_interfaces_demo' build argument 'cmake_target_skip_unavailable' from command line to 'False'
[0.210s] Level 5:colcon.colcon_core.verb:set package 'base_interfaces_demo' build argument 'cmake_clean_cache' from command line to 'False'
[0.210s] Level 5:colcon.colcon_core.verb:set package 'base_interfaces_demo' build argument 'cmake_clean_first' from command line to 'False'
[0.210s] Level 5:colcon.colcon_core.verb:set package 'base_interfaces_demo' build argument 'cmake_force_configure' from command line to 'False'
[0.210s] Level 5:colcon.colcon_core.verb:set package 'base_interfaces_demo' build argument 'ament_cmake_args' from command line to 'None'
[0.210s] Level 5:colcon.colcon_core.verb:set package 'base_interfaces_demo' build argument 'catkin_cmake_args' from command line to 'None'
[0.210s] Level 5:colcon.colcon_core.verb:set package 'base_interfaces_demo' build argument 'catkin_skip_building_tests' from command line to 'False'
[0.210s] DEBUG:colcon.colcon_core.verb:Building package 'base_interfaces_demo' with the following arguments: {'ament_cmake_args': None, 'build_base': '/home/east/ros2-learning-space/ws01_plumbing/build/base_interfaces_demo', 'catkin_cmake_args': None, 'catkin_skip_building_tests': False, 'cmake_args': None, 'cmake_clean_cache': False, 'cmake_clean_first': False, 'cmake_force_configure': False, 'cmake_target': None, 'cmake_target_skip_unavailable': False, 'install_base': '/home/east/ros2-learning-space/ws01_plumbing/install/base_interfaces_demo', 'merge_install': False, 'path': '/home/east/ros2-learning-space/ws01_plumbing/src/base_interfaces_demo', 'symlink_install': False, 'test_result_base': None}
[0.210s] Level 5:colcon.colcon_core.verb:set package 'cpp04_param' build argument 'cmake_args' from command line to 'None'
[0.210s] Level 5:colcon.colcon_core.verb:set package 'cpp04_param' build argument 'cmake_target' from command line to 'None'
[0.210s] Level 5:colcon.colcon_core.verb:set package 'cpp04_param' build argument 'cmake_target_skip_unavailable' from command line to 'False'
[0.210s] Level 5:colcon.colcon_core.verb:set package 'cpp04_param' build argument 'cmake_clean_cache' from command line to 'False'
[0.210s] Level 5:colcon.colcon_core.verb:set package 'cpp04_param' build argument 'cmake_clean_first' from command line to 'False'
[0.210s] Level 5:colcon.colcon_core.verb:set package 'cpp04_param' build argument 'cmake_force_configure' from command line to 'False'
[0.210s] Level 5:colcon.colcon_core.verb:set package 'cpp04_param' build argument 'ament_cmake_args' from command line to 'None'
[0.210s] Level 5:colcon.colcon_core.verb:set package 'cpp04_param' build argument 'catkin_cmake_args' from command line to 'None'
[0.210s] Level 5:colcon.colcon_core.verb:set package 'cpp04_param' build argument 'catkin_skip_building_tests' from command line to 'False'
[0.210s] DEBUG:colcon.colcon_core.verb:Building package 'cpp04_param' with the following arguments: {'ament_cmake_args': None, 'build_base': '/home/east/ros2-learning-space/ws01_plumbing/build/cpp04_param', 'catkin_cmake_args': None, 'catkin_skip_building_tests': False, 'cmake_args': None, 'cmake_clean_cache': False, 'cmake_clean_first': False, 'cmake_force_configure': False, 'cmake_target': None, 'cmake_target_skip_unavailable': False, 'install_base': '/home/east/ros2-learning-space/ws01_plumbing/install/cpp04_param', 'merge_install': False, 'path': '/home/east/ros2-learning-space/ws01_plumbing/src/cpp04_param', 'symlink_install': False, 'test_result_base': None}
[0.210s] Level 5:colcon.colcon_core.verb:set package 'cpp01_topic' build argument 'cmake_args' from command line to 'None'
[0.210s] Level 5:colcon.colcon_core.verb:set package 'cpp01_topic' build argument 'cmake_target' from command line to 'None'
[0.210s] Level 5:colcon.colcon_core.verb:set package 'cpp01_topic' build argument 'cmake_target_skip_unavailable' from command line to 'False'
[0.210s] Level 5:colcon.colcon_core.verb:set package 'cpp01_topic' build argument 'cmake_clean_cache' from command line to 'False'
[0.211s] Level 5:colcon.colcon_core.verb:set package 'cpp01_topic' build argument 'cmake_clean_first' from command line to 'False'
[0.211s] Level 5:colcon.colcon_core.verb:set package 'cpp01_topic' build argument 'cmake_force_configure' from command line to 'False'
[0.211s] Level 5:colcon.colcon_core.verb:set package 'cpp01_topic' build argument 'ament_cmake_args' from command line to 'None'
[0.211s] Level 5:colcon.colcon_core.verb:set package 'cpp01_topic' build argument 'catkin_cmake_args' from command line to 'None'
[0.211s] Level 5:colcon.colcon_core.verb:set package 'cpp01_topic' build argument 'catkin_skip_building_tests' from command line to 'False'
[0.211s] DEBUG:colcon.colcon_core.verb:Building package 'cpp01_topic' with the following arguments: {'ament_cmake_args': None, 'build_base': '/home/east/ros2-learning-space/ws01_plumbing/build/cpp01_topic', 'catkin_cmake_args': None, 'catkin_skip_building_tests': False, 'cmake_args': None, 'cmake_clean_cache': False, 'cmake_clean_first': False, 'cmake_force_configure': False, 'cmake_target': None, 'cmake_target_skip_unavailable': False, 'install_base': '/home/east/ros2-learning-space/ws01_plumbing/install/cpp01_topic', 'merge_install': False, 'path': '/home/east/ros2-learning-space/ws01_plumbing/src/cpp01_topic', 'symlink_install': False, 'test_result_base': None}
[0.211s] Level 5:colcon.colcon_core.verb:set package 'cpp02_service' build argument 'cmake_args' from command line to 'None'
[0.211s] Level 5:colcon.colcon_core.verb:set package 'cpp02_service' build argument 'cmake_target' from command line to 'None'
[0.211s] Level 5:colcon.colcon_core.verb:set package 'cpp02_service' build argument 'cmake_target_skip_unavailable' from command line to 'False'
[0.211s] Level 5:colcon.colcon_core.verb:set package 'cpp02_service' build argument 'cmake_clean_cache' from command line to 'False'
[0.211s] Level 5:colcon.colcon_core.verb:set package 'cpp02_service' build argument 'cmake_clean_first' from command line to 'False'
[0.211s] Level 5:colcon.colcon_core.verb:set package 'cpp02_service' build argument 'cmake_force_configure' from command line to 'False'
[0.211s] Level 5:colcon.colcon_core.verb:set package 'cpp02_service' build argument 'ament_cmake_args' from command line to 'None'
[0.211s] Level 5:colcon.colcon_core.verb:set package 'cpp02_service' build argument 'catkin_cmake_args' from command line to 'None'
[0.211s] Level 5:colcon.colcon_core.verb:set package 'cpp02_service' build argument 'catkin_skip_building_tests' from command line to 'False'
[0.211s] DEBUG:colcon.colcon_core.verb:Building package 'cpp02_service' with the following arguments: {'ament_cmake_args': None, 'build_base': '/home/east/ros2-learning-space/ws01_plumbing/build/cpp02_service', 'catkin_cmake_args': None, 'catkin_skip_building_tests': False, 'cmake_args': None, 'cmake_clean_cache': False, 'cmake_clean_first': False, 'cmake_force_configure': False, 'cmake_target': None, 'cmake_target_skip_unavailable': False, 'install_base': '/home/east/ros2-learning-space/ws01_plumbing/install/cpp02_service', 'merge_install': False, 'path': '/home/east/ros2-learning-space/ws01_plumbing/src/cpp02_service', 'symlink_install': False, 'test_result_base': None}
[0.211s] Level 5:colcon.colcon_core.verb:set package 'cpp03_action' build argument 'cmake_args' from command line to 'None'
[0.211s] Level 5:colcon.colcon_core.verb:set package 'cpp03_action' build argument 'cmake_target' from command line to 'None'
[0.211s] Level 5:colcon.colcon_core.verb:set package 'cpp03_action' build argument 'cmake_target_skip_unavailable' from command line to 'False'
[0.211s] Level 5:colcon.colcon_core.verb:set package 'cpp03_action' build argument 'cmake_clean_cache' from command line to 'False'
[0.211s] Level 5:colcon.colcon_core.verb:set package 'cpp03_action' build argument 'cmake_clean_first' from command line to 'False'
[0.211s] Level 5:colcon.colcon_core.verb:set package 'cpp03_action' build argument 'cmake_force_configure' from command line to 'False'
[0.211s] Level 5:colcon.colcon_core.verb:set package 'cpp03_action' build argument 'ament_cmake_args' from command line to 'None'
[0.211s] Level 5:colcon.colcon_core.verb:set package 'cpp03_action' build argument 'catkin_cmake_args' from command line to 'None'
[0.211s] Level 5:colcon.colcon_core.verb:set package 'cpp03_action' build argument 'catkin_skip_building_tests' from command line to 'False'
[0.211s] DEBUG:colcon.colcon_core.verb:Building package 'cpp03_action' with the following arguments: {'ament_cmake_args': None, 'build_base': '/home/east/ros2-learning-space/ws01_plumbing/build/cpp03_action', 'catkin_cmake_args': None, 'catkin_skip_building_tests': False, 'cmake_args': None, 'cmake_clean_cache': False, 'cmake_clean_first': False, 'cmake_force_configure': False, 'cmake_target': None, 'cmake_target_skip_unavailable': False, 'install_base': '/home/east/ros2-learning-space/ws01_plumbing/install/cpp03_action', 'merge_install': False, 'path': '/home/east/ros2-learning-space/ws01_plumbing/src/cpp03_action', 'symlink_install': False, 'test_result_base': None}
[0.211s] INFO:colcon.colcon_core.executor:Executing jobs using 'parallel' executor
[0.212s] DEBUG:colcon.colcon_parallel_executor.executor.parallel:run_until_complete
[0.212s] INFO:colcon.colcon_ros.task.ament_cmake.build:Building ROS package in '/home/east/ros2-learning-space/ws01_plumbing/src/base_interfaces_demo' with build type 'ament_cmake'
[0.213s] INFO:colcon.colcon_cmake.task.cmake.build:Building CMake package in '/home/east/ros2-learning-space/ws01_plumbing/src/base_interfaces_demo'
[0.214s] INFO:colcon.colcon_core.plugin_system:Skipping extension 'colcon_core.shell.bat': Not used on non-Windows systems
[0.214s] INFO:colcon.colcon_core.shell:Skip shell extension 'powershell' for command environment: Not usable outside of PowerShell
[0.214s] DEBUG:colcon.colcon_core.shell:Skip shell extension 'dsv' for command environment
[0.216s] INFO:colcon.colcon_ros.task.ament_cmake.build:Building ROS package in '/home/east/ros2-learning-space/ws01_plumbing/src/cpp04_param' with build type 'ament_cmake'
[0.216s] INFO:colcon.colcon_cmake.task.cmake.build:Building CMake package in '/home/east/ros2-learning-space/ws01_plumbing/src/cpp04_param'
[0.216s] INFO:colcon.colcon_core.shell:Skip shell extension 'powershell' for command environment: Not usable outside of PowerShell
[0.216s] DEBUG:colcon.colcon_core.shell:Skip shell extension 'dsv' for command environment
[0.221s] DEBUG:colcon.colcon_core.event_handler.log_command:Invoking command in '/home/east/ros2-learning-space/ws01_plumbing/build/base_interfaces_demo': /usr/bin/cmake --build /home/east/ros2-learning-space/ws01_plumbing/build/base_interfaces_demo -- -j18 -l18
[0.224s] DEBUG:colcon.colcon_core.event_handler.log_command:Invoking command in '/home/east/ros2-learning-space/ws01_plumbing/build/cpp04_param': /usr/bin/cmake --build /home/east/ros2-learning-space/ws01_plumbing/build/cpp04_param -- -j18 -l18
[0.455s] DEBUG:colcon.colcon_core.event_handler.log_command:Invoked command in '/home/east/ros2-learning-space/ws01_plumbing/build/base_interfaces_demo' returned '0': /usr/bin/cmake --build /home/east/ros2-learning-space/ws01_plumbing/build/base_interfaces_demo -- -j18 -l18
[0.467s] DEBUG:colcon.colcon_core.event_handler.log_command:Invoking command in '/home/east/ros2-learning-space/ws01_plumbing/build/base_interfaces_demo': /usr/bin/cmake --install /home/east/ros2-learning-space/ws01_plumbing/build/base_interfaces_demo
[0.505s] Level 1:colcon.colcon_core.environment:create_environment_scripts_only(base_interfaces_demo)
[0.505s] DEBUG:colcon.colcon_core.event_handler.log_command:Invoked command in '/home/east/ros2-learning-space/ws01_plumbing/build/base_interfaces_demo' returned '0': /usr/bin/cmake --install /home/east/ros2-learning-space/ws01_plumbing/build/base_interfaces_demo
[0.508s] Level 1:colcon.colcon_core.environment:checking '/home/east/ros2-learning-space/ws01_plumbing/install/base_interfaces_demo' for CMake module files
[0.509s] Level 1:colcon.colcon_core.environment:checking '/home/east/ros2-learning-space/ws01_plumbing/install/base_interfaces_demo' for CMake config files
[0.509s] Level 1:colcon.colcon_core.shell:create_environment_hook('base_interfaces_demo', 'cmake_prefix_path')
[0.509s] INFO:colcon.colcon_core.shell:Creating environment hook '/home/east/ros2-learning-space/ws01_plumbing/install/base_interfaces_demo/share/base_interfaces_demo/hook/cmake_prefix_path.ps1'
[0.510s] INFO:colcon.colcon_core.shell:Creating environment descriptor '/home/east/ros2-learning-space/ws01_plumbing/install/base_interfaces_demo/share/base_interfaces_demo/hook/cmake_prefix_path.dsv'
[0.510s] INFO:colcon.colcon_core.shell:Creating environment hook '/home/east/ros2-learning-space/ws01_plumbing/install/base_interfaces_demo/share/base_interfaces_demo/hook/cmake_prefix_path.sh'
[0.511s] Level 1:colcon.colcon_core.environment:checking '/home/east/ros2-learning-space/ws01_plumbing/install/base_interfaces_demo/lib'
[0.512s] Level 1:colcon.colcon_core.shell:create_environment_hook('base_interfaces_demo', 'ld_library_path_lib')
[0.512s] INFO:colcon.colcon_core.shell:Creating environment hook '/home/east/ros2-learning-space/ws01_plumbing/install/base_interfaces_demo/share/base_interfaces_demo/hook/ld_library_path_lib.ps1'
[0.513s] INFO:colcon.colcon_core.shell:Creating environment descriptor '/home/east/ros2-learning-space/ws01_plumbing/install/base_interfaces_demo/share/base_interfaces_demo/hook/ld_library_path_lib.dsv'
[0.513s] INFO:colcon.colcon_core.shell:Creating environment hook '/home/east/ros2-learning-space/ws01_plumbing/install/base_interfaces_demo/share/base_interfaces_demo/hook/ld_library_path_lib.sh'
[0.513s] Level 1:colcon.colcon_core.environment:checking '/home/east/ros2-learning-space/ws01_plumbing/install/base_interfaces_demo/bin'
[0.513s] Level 1:colcon.colcon_core.environment:checking '/home/east/ros2-learning-space/ws01_plumbing/install/base_interfaces_demo/lib/pkgconfig/base_interfaces_demo.pc'
[0.513s] Level 1:colcon.colcon_core.environment:checking '/home/east/ros2-learning-space/ws01_plumbing/install/base_interfaces_demo/lib/python3.10/site-packages'
[0.514s] Level 1:colcon.colcon_core.environment:checking '/home/east/ros2-learning-space/ws01_plumbing/install/base_interfaces_demo/bin'
[0.514s] INFO:colcon.colcon_core.shell:Creating package script '/home/east/ros2-learning-space/ws01_plumbing/install/base_interfaces_demo/share/base_interfaces_demo/package.ps1'
[0.514s] INFO:colcon.colcon_core.shell:Creating package descriptor '/home/east/ros2-learning-space/ws01_plumbing/install/base_interfaces_demo/share/base_interfaces_demo/package.dsv'
[0.515s] INFO:colcon.colcon_core.shell:Creating package script '/home/east/ros2-learning-space/ws01_plumbing/install/base_interfaces_demo/share/base_interfaces_demo/package.sh'
[0.515s] INFO:colcon.colcon_core.shell:Creating package script '/home/east/ros2-learning-space/ws01_plumbing/install/base_interfaces_demo/share/base_interfaces_demo/package.bash'
[0.516s] INFO:colcon.colcon_core.shell:Creating package script '/home/east/ros2-learning-space/ws01_plumbing/install/base_interfaces_demo/share/base_interfaces_demo/package.zsh'
[0.516s] Level 1:colcon.colcon_core.environment:create_file_with_runtime_dependencies(/home/east/ros2-learning-space/ws01_plumbing/install/base_interfaces_demo/share/colcon-core/packages/base_interfaces_demo)
[0.516s] Level 1:colcon.colcon_core.environment:create_environment_scripts_only(base_interfaces_demo)
[0.516s] Level 1:colcon.colcon_core.environment:checking '/home/east/ros2-learning-space/ws01_plumbing/install/base_interfaces_demo' for CMake module files
[0.517s] Level 1:colcon.colcon_core.environment:checking '/home/east/ros2-learning-space/ws01_plumbing/install/base_interfaces_demo' for CMake config files
[0.517s] Level 1:colcon.colcon_core.shell:create_environment_hook('base_interfaces_demo', 'cmake_prefix_path')
[0.517s] INFO:colcon.colcon_core.shell:Creating environment hook '/home/east/ros2-learning-space/ws01_plumbing/install/base_interfaces_demo/share/base_interfaces_demo/hook/cmake_prefix_path.ps1'
[0.517s] INFO:colcon.colcon_core.shell:Creating environment descriptor '/home/east/ros2-learning-space/ws01_plumbing/install/base_interfaces_demo/share/base_interfaces_demo/hook/cmake_prefix_path.dsv'
[0.517s] INFO:colcon.colcon_core.shell:Creating environment hook '/home/east/ros2-learning-space/ws01_plumbing/install/base_interfaces_demo/share/base_interfaces_demo/hook/cmake_prefix_path.sh'
[0.518s] Level 1:colcon.colcon_core.environment:checking '/home/east/ros2-learning-space/ws01_plumbing/install/base_interfaces_demo/lib'
[0.518s] Level 1:colcon.colcon_core.shell:create_environment_hook('base_interfaces_demo', 'ld_library_path_lib')
[0.518s] INFO:colcon.colcon_core.shell:Creating environment hook '/home/east/ros2-learning-space/ws01_plumbing/install/base_interfaces_demo/share/base_interfaces_demo/hook/ld_library_path_lib.ps1'
[0.518s] INFO:colcon.colcon_core.shell:Creating environment descriptor '/home/east/ros2-learning-space/ws01_plumbing/install/base_interfaces_demo/share/base_interfaces_demo/hook/ld_library_path_lib.dsv'
[0.518s] INFO:colcon.colcon_core.shell:Creating environment hook '/home/east/ros2-learning-space/ws01_plumbing/install/base_interfaces_demo/share/base_interfaces_demo/hook/ld_library_path_lib.sh'
[0.519s] Level 1:colcon.colcon_core.environment:checking '/home/east/ros2-learning-space/ws01_plumbing/install/base_interfaces_demo/bin'
[0.519s] Level 1:colcon.colcon_core.environment:checking '/home/east/ros2-learning-space/ws01_plumbing/install/base_interfaces_demo/lib/pkgconfig/base_interfaces_demo.pc'
[0.519s] Level 1:colcon.colcon_core.environment:checking '/home/east/ros2-learning-space/ws01_plumbing/install/base_interfaces_demo/lib/python3.10/site-packages'
[0.519s] Level 1:colcon.colcon_core.environment:checking '/home/east/ros2-learning-space/ws01_plumbing/install/base_interfaces_demo/bin'
[0.519s] INFO:colcon.colcon_core.shell:Creating package script '/home/east/ros2-learning-space/ws01_plumbing/install/base_interfaces_demo/share/base_interfaces_demo/package.ps1'
[0.520s] INFO:colcon.colcon_core.shell:Creating package descriptor '/home/east/ros2-learning-space/ws01_plumbing/install/base_interfaces_demo/share/base_interfaces_demo/package.dsv'
[0.520s] INFO:colcon.colcon_core.shell:Creating package script '/home/east/ros2-learning-space/ws01_plumbing/install/base_interfaces_demo/share/base_interfaces_demo/package.sh'
[0.520s] INFO:colcon.colcon_core.shell:Creating package script '/home/east/ros2-learning-space/ws01_plumbing/install/base_interfaces_demo/share/base_interfaces_demo/package.bash'
[0.520s] INFO:colcon.colcon_core.shell:Creating package script '/home/east/ros2-learning-space/ws01_plumbing/install/base_interfaces_demo/share/base_interfaces_demo/package.zsh'
[0.521s] Level 1:colcon.colcon_core.environment:create_file_with_runtime_dependencies(/home/east/ros2-learning-space/ws01_plumbing/install/base_interfaces_demo/share/colcon-core/packages/base_interfaces_demo)
[0.521s] INFO:colcon.colcon_ros.task.ament_cmake.build:Building ROS package in '/home/east/ros2-learning-space/ws01_plumbing/src/cpp01_topic' with build type 'ament_cmake'
[0.521s] INFO:colcon.colcon_cmake.task.cmake.build:Building CMake package in '/home/east/ros2-learning-space/ws01_plumbing/src/cpp01_topic'
[0.521s] INFO:colcon.colcon_core.shell:Skip shell extension 'powershell' for command environment: Not usable outside of PowerShell
[0.521s] DEBUG:colcon.colcon_core.shell:Skip shell extension 'dsv' for command environment
[0.525s] INFO:colcon.colcon_ros.task.ament_cmake.build:Building ROS package in '/home/east/ros2-learning-space/ws01_plumbing/src/cpp02_service' with build type 'ament_cmake'
[0.525s] INFO:colcon.colcon_cmake.task.cmake.build:Building CMake package in '/home/east/ros2-learning-space/ws01_plumbing/src/cpp02_service'
[0.525s] INFO:colcon.colcon_core.shell:Skip shell extension 'powershell' for command environment: Not usable outside of PowerShell
[0.526s] DEBUG:colcon.colcon_core.shell:Skip shell extension 'dsv' for command environment
[0.529s] INFO:colcon.colcon_ros.task.ament_cmake.build:Building ROS package in '/home/east/ros2-learning-space/ws01_plumbing/src/cpp03_action' with build type 'ament_cmake'
[0.529s] INFO:colcon.colcon_cmake.task.cmake.build:Building CMake package in '/home/east/ros2-learning-space/ws01_plumbing/src/cpp03_action'
[0.529s] INFO:colcon.colcon_core.shell:Skip shell extension 'powershell' for command environment: Not usable outside of PowerShell
[0.530s] DEBUG:colcon.colcon_core.shell:Skip shell extension 'dsv' for command environment
[0.538s] DEBUG:colcon.colcon_core.event_handler.log_command:Invoking command in '/home/east/ros2-learning-space/ws01_plumbing/build/cpp01_topic': CMAKE_PREFIX_PATH=/home/east/ros2-learning-space/ws01_plumbing/install/base_interfaces_demo:/home/east/ros2-learning-space/ws01_plumbing/install/cpp04_param:/home/east/ros2-learning-space/ws01_plumbing/install/cpp03_action:/home/east/ros2-learning-space/ws01_plumbing/install/cpp02_service:/home/east/ros2-learning-space/ws01_plumbing/install/cpp01_topic:/opt/ros/humble /usr/bin/cmake --build /home/east/ros2-learning-space/ws01_plumbing/build/cpp01_topic -- -j18 -l18
[0.540s] DEBUG:colcon.colcon_core.event_handler.log_command:Invoking command in '/home/east/ros2-learning-space/ws01_plumbing/build/cpp02_service': CMAKE_PREFIX_PATH=/home/east/ros2-learning-space/ws01_plumbing/install/base_interfaces_demo:/home/east/ros2-learning-space/ws01_plumbing/install/cpp04_param:/home/east/ros2-learning-space/ws01_plumbing/install/cpp03_action:/home/east/ros2-learning-space/ws01_plumbing/install/cpp02_service:/home/east/ros2-learning-space/ws01_plumbing/install/cpp01_topic:/opt/ros/humble /usr/bin/cmake --build /home/east/ros2-learning-space/ws01_plumbing/build/cpp02_service -- -j18 -l18
[0.544s] DEBUG:colcon.colcon_core.event_handler.log_command:Invoking command in '/home/east/ros2-learning-space/ws01_plumbing/build/cpp03_action': CMAKE_PREFIX_PATH=/home/east/ros2-learning-space/ws01_plumbing/install/base_interfaces_demo:/home/east/ros2-learning-space/ws01_plumbing/install/cpp04_param:/home/east/ros2-learning-space/ws01_plumbing/install/cpp03_action:/home/east/ros2-learning-space/ws01_plumbing/install/cpp02_service:/home/east/ros2-learning-space/ws01_plumbing/install/cpp01_topic:/opt/ros/humble /usr/bin/cmake --build /home/east/ros2-learning-space/ws01_plumbing/build/cpp03_action -- -j18 -l18
[0.600s] DEBUG:colcon.colcon_core.event_handler.log_command:Invoked command in '/home/east/ros2-learning-space/ws01_plumbing/build/cpp03_action' returned '0': CMAKE_PREFIX_PATH=/home/east/ros2-learning-space/ws01_plumbing/install/base_interfaces_demo:/home/east/ros2-learning-space/ws01_plumbing/install/cpp04_param:/home/east/ros2-learning-space/ws01_plumbing/install/cpp03_action:/home/east/ros2-learning-space/ws01_plumbing/install/cpp02_service:/home/east/ros2-learning-space/ws01_plumbing/install/cpp01_topic:/opt/ros/humble /usr/bin/cmake --build /home/east/ros2-learning-space/ws01_plumbing/build/cpp03_action -- -j18 -l18
[0.602s] DEBUG:colcon.colcon_core.event_handler.log_command:Invoking command in '/home/east/ros2-learning-space/ws01_plumbing/build/cpp03_action': CMAKE_PREFIX_PATH=/home/east/ros2-learning-space/ws01_plumbing/install/base_interfaces_demo:/home/east/ros2-learning-space/ws01_plumbing/install/cpp04_param:/home/east/ros2-learning-space/ws01_plumbing/install/cpp03_action:/home/east/ros2-learning-space/ws01_plumbing/install/cpp02_service:/home/east/ros2-learning-space/ws01_plumbing/install/cpp01_topic:/opt/ros/humble /usr/bin/cmake --install /home/east/ros2-learning-space/ws01_plumbing/build/cpp03_action
[0.603s] DEBUG:colcon.colcon_core.event_handler.log_command:Invoked command in '/home/east/ros2-learning-space/ws01_plumbing/build/cpp02_service' returned '0': CMAKE_PREFIX_PATH=/home/east/ros2-learning-space/ws01_plumbing/install/base_interfaces_demo:/home/east/ros2-learning-space/ws01_plumbing/install/cpp04_param:/home/east/ros2-learning-space/ws01_plumbing/install/cpp03_action:/home/east/ros2-learning-space/ws01_plumbing/install/cpp02_service:/home/east/ros2-learning-space/ws01_plumbing/install/cpp01_topic:/opt/ros/humble /usr/bin/cmake --build /home/east/ros2-learning-space/ws01_plumbing/build/cpp02_service -- -j18 -l18
[0.605s] DEBUG:colcon.colcon_core.event_handler.log_command:Invoking command in '/home/east/ros2-learning-space/ws01_plumbing/build/cpp02_service': CMAKE_PREFIX_PATH=/home/east/ros2-learning-space/ws01_plumbing/install/base_interfaces_demo:/home/east/ros2-learning-space/ws01_plumbing/install/cpp04_param:/home/east/ros2-learning-space/ws01_plumbing/install/cpp03_action:/home/east/ros2-learning-space/ws01_plumbing/install/cpp02_service:/home/east/ros2-learning-space/ws01_plumbing/install/cpp01_topic:/opt/ros/humble /usr/bin/cmake --install /home/east/ros2-learning-space/ws01_plumbing/build/cpp02_service
[0.607s] DEBUG:colcon.colcon_core.event_handler.log_command:Invoked command in '/home/east/ros2-learning-space/ws01_plumbing/build/cpp01_topic' returned '0': CMAKE_PREFIX_PATH=/home/east/ros2-learning-space/ws01_plumbing/install/base_interfaces_demo:/home/east/ros2-learning-space/ws01_plumbing/install/cpp04_param:/home/east/ros2-learning-space/ws01_plumbing/install/cpp03_action:/home/east/ros2-learning-space/ws01_plumbing/install/cpp02_service:/home/east/ros2-learning-space/ws01_plumbing/install/cpp01_topic:/opt/ros/humble /usr/bin/cmake --build /home/east/ros2-learning-space/ws01_plumbing/build/cpp01_topic -- -j18 -l18
[0.609s] DEBUG:colcon.colcon_core.event_handler.log_command:Invoking command in '/home/east/ros2-learning-space/ws01_plumbing/build/cpp01_topic': CMAKE_PREFIX_PATH=/home/east/ros2-learning-space/ws01_plumbing/install/base_interfaces_demo:/home/east/ros2-learning-space/ws01_plumbing/install/cpp04_param:/home/east/ros2-learning-space/ws01_plumbing/install/cpp03_action:/home/east/ros2-learning-space/ws01_plumbing/install/cpp02_service:/home/east/ros2-learning-space/ws01_plumbing/install/cpp01_topic:/opt/ros/humble /usr/bin/cmake --install /home/east/ros2-learning-space/ws01_plumbing/build/cpp01_topic
[0.611s] Level 1:colcon.colcon_core.environment:create_environment_scripts_only(cpp03_action)
[0.612s] Level 1:colcon.colcon_core.environment:checking '/home/east/ros2-learning-space/ws01_plumbing/install/cpp03_action' for CMake module files
[0.614s] DEBUG:colcon.colcon_core.event_handler.log_command:Invoked command in '/home/east/ros2-learning-space/ws01_plumbing/build/cpp03_action' returned '0': CMAKE_PREFIX_PATH=/home/east/ros2-learning-space/ws01_plumbing/install/base_interfaces_demo:/home/east/ros2-learning-space/ws01_plumbing/install/cpp04_param:/home/east/ros2-learning-space/ws01_plumbing/install/cpp03_action:/home/east/ros2-learning-space/ws01_plumbing/install/cpp02_service:/home/east/ros2-learning-space/ws01_plumbing/install/cpp01_topic:/opt/ros/humble /usr/bin/cmake --install /home/east/ros2-learning-space/ws01_plumbing/build/cpp03_action
[0.614s] Level 1:colcon.colcon_core.environment:checking '/home/east/ros2-learning-space/ws01_plumbing/install/cpp03_action' for CMake config files
[0.614s] Level 1:colcon.colcon_core.shell:create_environment_hook('cpp03_action', 'cmake_prefix_path')
[0.615s] INFO:colcon.colcon_core.shell:Creating environment hook '/home/east/ros2-learning-space/ws01_plumbing/install/cpp03_action/share/cpp03_action/hook/cmake_prefix_path.ps1'
[0.616s] INFO:colcon.colcon_core.shell:Creating environment descriptor '/home/east/ros2-learning-space/ws01_plumbing/install/cpp03_action/share/cpp03_action/hook/cmake_prefix_path.dsv'
[0.617s] INFO:colcon.colcon_core.shell:Creating environment hook '/home/east/ros2-learning-space/ws01_plumbing/install/cpp03_action/share/cpp03_action/hook/cmake_prefix_path.sh'
[0.617s] Level 1:colcon.colcon_core.environment:checking '/home/east/ros2-learning-space/ws01_plumbing/install/cpp03_action/lib'
[0.617s] Level 1:colcon.colcon_core.environment:checking '/home/east/ros2-learning-space/ws01_plumbing/install/cpp03_action/bin'
[0.617s] Level 1:colcon.colcon_core.environment:checking '/home/east/ros2-learning-space/ws01_plumbing/install/cpp03_action/lib/pkgconfig/cpp03_action.pc'
[0.618s] Level 1:colcon.colcon_core.environment:checking '/home/east/ros2-learning-space/ws01_plumbing/install/cpp03_action/lib/python3.10/site-packages'
[0.618s] Level 1:colcon.colcon_core.environment:checking '/home/east/ros2-learning-space/ws01_plumbing/install/cpp03_action/bin'
[0.619s] INFO:colcon.colcon_core.shell:Creating package script '/home/east/ros2-learning-space/ws01_plumbing/install/cpp03_action/share/cpp03_action/package.ps1'
[0.619s] INFO:colcon.colcon_core.shell:Creating package descriptor '/home/east/ros2-learning-space/ws01_plumbing/install/cpp03_action/share/cpp03_action/package.dsv'
[0.620s] INFO:colcon.colcon_core.shell:Creating package script '/home/east/ros2-learning-space/ws01_plumbing/install/cpp03_action/share/cpp03_action/package.sh'
[0.620s] INFO:colcon.colcon_core.shell:Creating package script '/home/east/ros2-learning-space/ws01_plumbing/install/cpp03_action/share/cpp03_action/package.bash'
[0.620s] INFO:colcon.colcon_core.shell:Creating package script '/home/east/ros2-learning-space/ws01_plumbing/install/cpp03_action/share/cpp03_action/package.zsh'
[0.621s] Level 1:colcon.colcon_core.environment:create_file_with_runtime_dependencies(/home/east/ros2-learning-space/ws01_plumbing/install/cpp03_action/share/colcon-core/packages/cpp03_action)
[0.622s] Level 1:colcon.colcon_core.environment:create_environment_scripts_only(cpp03_action)
[0.622s] Level 1:colcon.colcon_core.environment:checking '/home/east/ros2-learning-space/ws01_plumbing/install/cpp03_action' for CMake module files
[0.623s] Level 1:colcon.colcon_core.environment:checking '/home/east/ros2-learning-space/ws01_plumbing/install/cpp03_action' for CMake config files
[0.623s] Level 1:colcon.colcon_core.shell:create_environment_hook('cpp03_action', 'cmake_prefix_path')
[0.623s] INFO:colcon.colcon_core.shell:Creating environment hook '/home/east/ros2-learning-space/ws01_plumbing/install/cpp03_action/share/cpp03_action/hook/cmake_prefix_path.ps1'
[0.624s] INFO:colcon.colcon_core.shell:Creating environment descriptor '/home/east/ros2-learning-space/ws01_plumbing/install/cpp03_action/share/cpp03_action/hook/cmake_prefix_path.dsv'
[0.624s] INFO:colcon.colcon_core.shell:Creating environment hook '/home/east/ros2-learning-space/ws01_plumbing/install/cpp03_action/share/cpp03_action/hook/cmake_prefix_path.sh'
[0.625s] Level 1:colcon.colcon_core.environment:checking '/home/east/ros2-learning-space/ws01_plumbing/install/cpp03_action/lib'
[0.625s] Level 1:colcon.colcon_core.environment:checking '/home/east/ros2-learning-space/ws01_plumbing/install/cpp03_action/bin'
[0.625s] Level 1:colcon.colcon_core.environment:checking '/home/east/ros2-learning-space/ws01_plumbing/install/cpp03_action/lib/pkgconfig/cpp03_action.pc'
[0.625s] Level 1:colcon.colcon_core.environment:checking '/home/east/ros2-learning-space/ws01_plumbing/install/cpp03_action/lib/python3.10/site-packages'
[0.626s] Level 1:colcon.colcon_core.environment:checking '/home/east/ros2-learning-space/ws01_plumbing/install/cpp03_action/bin'
[0.626s] INFO:colcon.colcon_core.shell:Creating package script '/home/east/ros2-learning-space/ws01_plumbing/install/cpp03_action/share/cpp03_action/package.ps1'
[0.626s] INFO:colcon.colcon_core.shell:Creating package descriptor '/home/east/ros2-learning-space/ws01_plumbing/install/cpp03_action/share/cpp03_action/package.dsv'
[0.627s] INFO:colcon.colcon_core.shell:Creating package script '/home/east/ros2-learning-space/ws01_plumbing/install/cpp03_action/share/cpp03_action/package.sh'
[0.627s] INFO:colcon.colcon_core.shell:Creating package script '/home/east/ros2-learning-space/ws01_plumbing/install/cpp03_action/share/cpp03_action/package.bash'
[0.628s] INFO:colcon.colcon_core.shell:Creating package script '/home/east/ros2-learning-space/ws01_plumbing/install/cpp03_action/share/cpp03_action/package.zsh'
[0.628s] Level 1:colcon.colcon_core.environment:create_file_with_runtime_dependencies(/home/east/ros2-learning-space/ws01_plumbing/install/cpp03_action/share/colcon-core/packages/cpp03_action)
[0.629s] Level 1:colcon.colcon_core.environment:create_environment_scripts_only(cpp02_service)
[0.629s] Level 1:colcon.colcon_core.environment:checking '/home/east/ros2-learning-space/ws01_plumbing/install/cpp02_service' for CMake module files
[0.630s] DEBUG:colcon.colcon_core.event_handler.log_command:Invoked command in '/home/east/ros2-learning-space/ws01_plumbing/build/cpp02_service' returned '0': CMAKE_PREFIX_PATH=/home/east/ros2-learning-space/ws01_plumbing/install/base_interfaces_demo:/home/east/ros2-learning-space/ws01_plumbing/install/cpp04_param:/home/east/ros2-learning-space/ws01_plumbing/install/cpp03_action:/home/east/ros2-learning-space/ws01_plumbing/install/cpp02_service:/home/east/ros2-learning-space/ws01_plumbing/install/cpp01_topic:/opt/ros/humble /usr/bin/cmake --install /home/east/ros2-learning-space/ws01_plumbing/build/cpp02_service
[0.630s] Level 1:colcon.colcon_core.environment:checking '/home/east/ros2-learning-space/ws01_plumbing/install/cpp02_service' for CMake config files
[0.630s] Level 1:colcon.colcon_core.shell:create_environment_hook('cpp02_service', 'cmake_prefix_path')
[0.631s] INFO:colcon.colcon_core.shell:Creating environment hook '/home/east/ros2-learning-space/ws01_plumbing/install/cpp02_service/share/cpp02_service/hook/cmake_prefix_path.ps1'
[0.631s] INFO:colcon.colcon_core.shell:Creating environment descriptor '/home/east/ros2-learning-space/ws01_plumbing/install/cpp02_service/share/cpp02_service/hook/cmake_prefix_path.dsv'
[0.631s] INFO:colcon.colcon_core.shell:Creating environment hook '/home/east/ros2-learning-space/ws01_plumbing/install/cpp02_service/share/cpp02_service/hook/cmake_prefix_path.sh'
[0.632s] Level 1:colcon.colcon_core.environment:checking '/home/east/ros2-learning-space/ws01_plumbing/install/cpp02_service/lib'
[0.632s] Level 1:colcon.colcon_core.environment:checking '/home/east/ros2-learning-space/ws01_plumbing/install/cpp02_service/bin'
[0.632s] Level 1:colcon.colcon_core.environment:checking '/home/east/ros2-learning-space/ws01_plumbing/install/cpp02_service/lib/pkgconfig/cpp02_service.pc'
[0.632s] Level 1:colcon.colcon_core.environment:checking '/home/east/ros2-learning-space/ws01_plumbing/install/cpp02_service/lib/python3.10/site-packages'
[0.633s] Level 1:colcon.colcon_core.environment:checking '/home/east/ros2-learning-space/ws01_plumbing/install/cpp02_service/bin'
[0.633s] INFO:colcon.colcon_core.shell:Creating package script '/home/east/ros2-learning-space/ws01_plumbing/install/cpp02_service/share/cpp02_service/package.ps1'
[0.634s] INFO:colcon.colcon_core.shell:Creating package descriptor '/home/east/ros2-learning-space/ws01_plumbing/install/cpp02_service/share/cpp02_service/package.dsv'
[0.634s] INFO:colcon.colcon_core.shell:Creating package script '/home/east/ros2-learning-space/ws01_plumbing/install/cpp02_service/share/cpp02_service/package.sh'
[0.634s] INFO:colcon.colcon_core.shell:Creating package script '/home/east/ros2-learning-space/ws01_plumbing/install/cpp02_service/share/cpp02_service/package.bash'
[0.635s] INFO:colcon.colcon_core.shell:Creating package script '/home/east/ros2-learning-space/ws01_plumbing/install/cpp02_service/share/cpp02_service/package.zsh'
[0.635s] Level 1:colcon.colcon_core.environment:create_file_with_runtime_dependencies(/home/east/ros2-learning-space/ws01_plumbing/install/cpp02_service/share/colcon-core/packages/cpp02_service)
[0.636s] Level 1:colcon.colcon_core.environment:create_environment_scripts_only(cpp02_service)
[0.636s] Level 1:colcon.colcon_core.environment:checking '/home/east/ros2-learning-space/ws01_plumbing/install/cpp02_service' for CMake module files
[0.636s] Level 1:colcon.colcon_core.environment:checking '/home/east/ros2-learning-space/ws01_plumbing/install/cpp02_service' for CMake config files
[0.636s] Level 1:colcon.colcon_core.shell:create_environment_hook('cpp02_service', 'cmake_prefix_path')
[0.636s] INFO:colcon.colcon_core.shell:Creating environment hook '/home/east/ros2-learning-space/ws01_plumbing/install/cpp02_service/share/cpp02_service/hook/cmake_prefix_path.ps1'
[0.637s] INFO:colcon.colcon_core.shell:Creating environment descriptor '/home/east/ros2-learning-space/ws01_plumbing/install/cpp02_service/share/cpp02_service/hook/cmake_prefix_path.dsv'
[0.637s] INFO:colcon.colcon_core.shell:Creating environment hook '/home/east/ros2-learning-space/ws01_plumbing/install/cpp02_service/share/cpp02_service/hook/cmake_prefix_path.sh'
[0.637s] Level 1:colcon.colcon_core.environment:checking '/home/east/ros2-learning-space/ws01_plumbing/install/cpp02_service/lib'
[0.637s] Level 1:colcon.colcon_core.environment:checking '/home/east/ros2-learning-space/ws01_plumbing/install/cpp02_service/bin'
[0.638s] Level 1:colcon.colcon_core.environment:checking '/home/east/ros2-learning-space/ws01_plumbing/install/cpp02_service/lib/pkgconfig/cpp02_service.pc'
[0.638s] Level 1:colcon.colcon_core.environment:checking '/home/east/ros2-learning-space/ws01_plumbing/install/cpp02_service/lib/python3.10/site-packages'
[0.638s] Level 1:colcon.colcon_core.environment:checking '/home/east/ros2-learning-space/ws01_plumbing/install/cpp02_service/bin'
[0.638s] INFO:colcon.colcon_core.shell:Creating package script '/home/east/ros2-learning-space/ws01_plumbing/install/cpp02_service/share/cpp02_service/package.ps1'
[0.638s] INFO:colcon.colcon_core.shell:Creating package descriptor '/home/east/ros2-learning-space/ws01_plumbing/install/cpp02_service/share/cpp02_service/package.dsv'
[0.639s] INFO:colcon.colcon_core.shell:Creating package script '/home/east/ros2-learning-space/ws01_plumbing/install/cpp02_service/share/cpp02_service/package.sh'
[0.639s] INFO:colcon.colcon_core.shell:Creating package script '/home/east/ros2-learning-space/ws01_plumbing/install/cpp02_service/share/cpp02_service/package.bash'
[0.639s] INFO:colcon.colcon_core.shell:Creating package script '/home/east/ros2-learning-space/ws01_plumbing/install/cpp02_service/share/cpp02_service/package.zsh'
[0.640s] Level 1:colcon.colcon_core.environment:create_file_with_runtime_dependencies(/home/east/ros2-learning-space/ws01_plumbing/install/cpp02_service/share/colcon-core/packages/cpp02_service)
[0.640s] Level 1:colcon.colcon_core.environment:create_environment_scripts_only(cpp01_topic)
[0.641s] Level 1:colcon.colcon_core.environment:checking '/home/east/ros2-learning-space/ws01_plumbing/install/cpp01_topic' for CMake module files
[0.641s] DEBUG:colcon.colcon_core.event_handler.log_command:Invoked command in '/home/east/ros2-learning-space/ws01_plumbing/build/cpp01_topic' returned '0': CMAKE_PREFIX_PATH=/home/east/ros2-learning-space/ws01_plumbing/install/base_interfaces_demo:/home/east/ros2-learning-space/ws01_plumbing/install/cpp04_param:/home/east/ros2-learning-space/ws01_plumbing/install/cpp03_action:/home/east/ros2-learning-space/ws01_plumbing/install/cpp02_service:/home/east/ros2-learning-space/ws01_plumbing/install/cpp01_topic:/opt/ros/humble /usr/bin/cmake --install /home/east/ros2-learning-space/ws01_plumbing/build/cpp01_topic
[0.642s] Level 1:colcon.colcon_core.environment:checking '/home/east/ros2-learning-space/ws01_plumbing/install/cpp01_topic' for CMake config files
[0.642s] Level 1:colcon.colcon_core.shell:create_environment_hook('cpp01_topic', 'cmake_prefix_path')
[0.642s] INFO:colcon.colcon_core.shell:Creating environment hook '/home/east/ros2-learning-space/ws01_plumbing/install/cpp01_topic/share/cpp01_topic/hook/cmake_prefix_path.ps1'
[0.642s] INFO:colcon.colcon_core.shell:Creating environment descriptor '/home/east/ros2-learning-space/ws01_plumbing/install/cpp01_topic/share/cpp01_topic/hook/cmake_prefix_path.dsv'
[0.642s] INFO:colcon.colcon_core.shell:Creating environment hook '/home/east/ros2-learning-space/ws01_plumbing/install/cpp01_topic/share/cpp01_topic/hook/cmake_prefix_path.sh'
[0.643s] Level 1:colcon.colcon_core.environment:checking '/home/east/ros2-learning-space/ws01_plumbing/install/cpp01_topic/lib'
[0.643s] Level 1:colcon.colcon_core.environment:checking '/home/east/ros2-learning-space/ws01_plumbing/install/cpp01_topic/bin'
[0.643s] Level 1:colcon.colcon_core.environment:checking '/home/east/ros2-learning-space/ws01_plumbing/install/cpp01_topic/lib/pkgconfig/cpp01_topic.pc'
[0.643s] Level 1:colcon.colcon_core.environment:checking '/home/east/ros2-learning-space/ws01_plumbing/install/cpp01_topic/lib/python3.10/site-packages'
[0.643s] Level 1:colcon.colcon_core.environment:checking '/home/east/ros2-learning-space/ws01_plumbing/install/cpp01_topic/bin'
[0.643s] INFO:colcon.colcon_core.shell:Creating package script '/home/east/ros2-learning-space/ws01_plumbing/install/cpp01_topic/share/cpp01_topic/package.ps1'
[0.644s] INFO:colcon.colcon_core.shell:Creating package descriptor '/home/east/ros2-learning-space/ws01_plumbing/install/cpp01_topic/share/cpp01_topic/package.dsv'
[0.644s] INFO:colcon.colcon_core.shell:Creating package script '/home/east/ros2-learning-space/ws01_plumbing/install/cpp01_topic/share/cpp01_topic/package.sh'
[0.644s] INFO:colcon.colcon_core.shell:Creating package script '/home/east/ros2-learning-space/ws01_plumbing/install/cpp01_topic/share/cpp01_topic/package.bash'
[0.644s] INFO:colcon.colcon_core.shell:Creating package script '/home/east/ros2-learning-space/ws01_plumbing/install/cpp01_topic/share/cpp01_topic/package.zsh'
[0.644s] Level 1:colcon.colcon_core.environment:create_file_with_runtime_dependencies(/home/east/ros2-learning-space/ws01_plumbing/install/cpp01_topic/share/colcon-core/packages/cpp01_topic)
[0.645s] Level 1:colcon.colcon_core.environment:create_environment_scripts_only(cpp01_topic)
[0.645s] Level 1:colcon.colcon_core.environment:checking '/home/east/ros2-learning-space/ws01_plumbing/install/cpp01_topic' for CMake module files
[0.645s] Level 1:colcon.colcon_core.environment:checking '/home/east/ros2-learning-space/ws01_plumbing/install/cpp01_topic' for CMake config files
[0.645s] Level 1:colcon.colcon_core.shell:create_environment_hook('cpp01_topic', 'cmake_prefix_path')
[0.645s] INFO:colcon.colcon_core.shell:Creating environment hook '/home/east/ros2-learning-space/ws01_plumbing/install/cpp01_topic/share/cpp01_topic/hook/cmake_prefix_path.ps1'
[0.646s] INFO:colcon.colcon_core.shell:Creating environment descriptor '/home/east/ros2-learning-space/ws01_plumbing/install/cpp01_topic/share/cpp01_topic/hook/cmake_prefix_path.dsv'
[0.646s] INFO:colcon.colcon_core.shell:Creating environment hook '/home/east/ros2-learning-space/ws01_plumbing/install/cpp01_topic/share/cpp01_topic/hook/cmake_prefix_path.sh'
[0.646s] Level 1:colcon.colcon_core.environment:checking '/home/east/ros2-learning-space/ws01_plumbing/install/cpp01_topic/lib'
[0.646s] Level 1:colcon.colcon_core.environment:checking '/home/east/ros2-learning-space/ws01_plumbing/install/cpp01_topic/bin'
[0.646s] Level 1:colcon.colcon_core.environment:checking '/home/east/ros2-learning-space/ws01_plumbing/install/cpp01_topic/lib/pkgconfig/cpp01_topic.pc'
[0.646s] Level 1:colcon.colcon_core.environment:checking '/home/east/ros2-learning-space/ws01_plumbing/install/cpp01_topic/lib/python3.10/site-packages'
[0.647s] Level 1:colcon.colcon_core.environment:checking '/home/east/ros2-learning-space/ws01_plumbing/install/cpp01_topic/bin'
[0.647s] INFO:colcon.colcon_core.shell:Creating package script '/home/east/ros2-learning-space/ws01_plumbing/install/cpp01_topic/share/cpp01_topic/package.ps1'
[0.647s] INFO:colcon.colcon_core.shell:Creating package descriptor '/home/east/ros2-learning-space/ws01_plumbing/install/cpp01_topic/share/cpp01_topic/package.dsv'
[0.647s] INFO:colcon.colcon_core.shell:Creating package script '/home/east/ros2-learning-space/ws01_plumbing/install/cpp01_topic/share/cpp01_topic/package.sh'
[0.648s] INFO:colcon.colcon_core.shell:Creating package script '/home/east/ros2-learning-space/ws01_plumbing/install/cpp01_topic/share/cpp01_topic/package.bash'
[0.648s] INFO:colcon.colcon_core.shell:Creating package script '/home/east/ros2-learning-space/ws01_plumbing/install/cpp01_topic/share/cpp01_topic/package.zsh'
[0.648s] Level 1:colcon.colcon_core.environment:create_file_with_runtime_dependencies(/home/east/ros2-learning-space/ws01_plumbing/install/cpp01_topic/share/colcon-core/packages/cpp01_topic)
[2.368s] DEBUG:colcon.colcon_core.event_handler.log_command:Invoked command in '/home/east/ros2-learning-space/ws01_plumbing/build/cpp04_param' returned '0': /usr/bin/cmake --build /home/east/ros2-learning-space/ws01_plumbing/build/cpp04_param -- -j18 -l18
[2.369s] DEBUG:colcon.colcon_core.event_handler.log_command:Invoking command in '/home/east/ros2-learning-space/ws01_plumbing/build/cpp04_param': /usr/bin/cmake --install /home/east/ros2-learning-space/ws01_plumbing/build/cpp04_param
[2.376s] Level 1:colcon.colcon_core.environment:create_environment_scripts_only(cpp04_param)
[2.377s] Level 1:colcon.colcon_core.environment:checking '/home/east/ros2-learning-space/ws01_plumbing/install/cpp04_param' for CMake module files
[2.377s] DEBUG:colcon.colcon_core.event_handler.log_command:Invoked command in '/home/east/ros2-learning-space/ws01_plumbing/build/cpp04_param' returned '0': /usr/bin/cmake --install /home/east/ros2-learning-space/ws01_plumbing/build/cpp04_param
[2.378s] Level 1:colcon.colcon_core.environment:checking '/home/east/ros2-learning-space/ws01_plumbing/install/cpp04_param' for CMake config files
[2.378s] Level 1:colcon.colcon_core.shell:create_environment_hook('cpp04_param', 'cmake_prefix_path')
[2.378s] INFO:colcon.colcon_core.shell:Creating environment hook '/home/east/ros2-learning-space/ws01_plumbing/install/cpp04_param/share/cpp04_param/hook/cmake_prefix_path.ps1'
[2.379s] INFO:colcon.colcon_core.shell:Creating environment descriptor '/home/east/ros2-learning-space/ws01_plumbing/install/cpp04_param/share/cpp04_param/hook/cmake_prefix_path.dsv'
[2.379s] INFO:colcon.colcon_core.shell:Creating environment hook '/home/east/ros2-learning-space/ws01_plumbing/install/cpp04_param/share/cpp04_param/hook/cmake_prefix_path.sh'
[2.380s] Level 1:colcon.colcon_core.environment:checking '/home/east/ros2-learning-space/ws01_plumbing/install/cpp04_param/lib'
[2.380s] Level 1:colcon.colcon_core.environment:checking '/home/east/ros2-learning-space/ws01_plumbing/install/cpp04_param/bin'
[2.380s] Level 1:colcon.colcon_core.environment:checking '/home/east/ros2-learning-space/ws01_plumbing/install/cpp04_param/lib/pkgconfig/cpp04_param.pc'
[2.380s] Level 1:colcon.colcon_core.environment:checking '/home/east/ros2-learning-space/ws01_plumbing/install/cpp04_param/lib/python3.10/site-packages'
[2.380s] Level 1:colcon.colcon_core.environment:checking '/home/east/ros2-learning-space/ws01_plumbing/install/cpp04_param/bin'
[2.381s] INFO:colcon.colcon_core.shell:Creating package script '/home/east/ros2-learning-space/ws01_plumbing/install/cpp04_param/share/cpp04_param/package.ps1'
[2.381s] INFO:colcon.colcon_core.shell:Creating package descriptor '/home/east/ros2-learning-space/ws01_plumbing/install/cpp04_param/share/cpp04_param/package.dsv'
[2.382s] INFO:colcon.colcon_core.shell:Creating package script '/home/east/ros2-learning-space/ws01_plumbing/install/cpp04_param/share/cpp04_param/package.sh'
[2.382s] INFO:colcon.colcon_core.shell:Creating package script '/home/east/ros2-learning-space/ws01_plumbing/install/cpp04_param/share/cpp04_param/package.bash'
[2.382s] INFO:colcon.colcon_core.shell:Creating package script '/home/east/ros2-learning-space/ws01_plumbing/install/cpp04_param/share/cpp04_param/package.zsh'
[2.383s] Level 1:colcon.colcon_core.environment:create_file_with_runtime_dependencies(/home/east/ros2-learning-space/ws01_plumbing/install/cpp04_param/share/colcon-core/packages/cpp04_param)
[2.383s] Level 1:colcon.colcon_core.environment:create_environment_scripts_only(cpp04_param)
[2.384s] Level 1:colcon.colcon_core.environment:checking '/home/east/ros2-learning-space/ws01_plumbing/install/cpp04_param' for CMake module files
[2.384s] Level 1:colcon.colcon_core.environment:checking '/home/east/ros2-learning-space/ws01_plumbing/install/cpp04_param' for CMake config files
[2.384s] Level 1:colcon.colcon_core.shell:create_environment_hook('cpp04_param', 'cmake_prefix_path')
[2.385s] INFO:colcon.colcon_core.shell:Creating environment hook '/home/east/ros2-learning-space/ws01_plumbing/install/cpp04_param/share/cpp04_param/hook/cmake_prefix_path.ps1'
[2.385s] INFO:colcon.colcon_core.shell:Creating environment descriptor '/home/east/ros2-learning-space/ws01_plumbing/install/cpp04_param/share/cpp04_param/hook/cmake_prefix_path.dsv'
[2.385s] INFO:colcon.colcon_core.shell:Creating environment hook '/home/east/ros2-learning-space/ws01_plumbing/install/cpp04_param/share/cpp04_param/hook/cmake_prefix_path.sh'
[2.386s] Level 1:colcon.colcon_core.environment:checking '/home/east/ros2-learning-space/ws01_plumbing/install/cpp04_param/lib'
[2.386s] Level 1:colcon.colcon_core.environment:checking '/home/east/ros2-learning-space/ws01_plumbing/install/cpp04_param/bin'
[2.386s] Level 1:colcon.colcon_core.environment:checking '/home/east/ros2-learning-space/ws01_plumbing/install/cpp04_param/lib/pkgconfig/cpp04_param.pc'
[2.386s] Level 1:colcon.colcon_core.environment:checking '/home/east/ros2-learning-space/ws01_plumbing/install/cpp04_param/lib/python3.10/site-packages'
[2.387s] Level 1:colcon.colcon_core.environment:checking '/home/east/ros2-learning-space/ws01_plumbing/install/cpp04_param/bin'
[2.387s] INFO:colcon.colcon_core.shell:Creating package script '/home/east/ros2-learning-space/ws01_plumbing/install/cpp04_param/share/cpp04_param/package.ps1'
[2.388s] INFO:colcon.colcon_core.shell:Creating package descriptor '/home/east/ros2-learning-space/ws01_plumbing/install/cpp04_param/share/cpp04_param/package.dsv'
[2.388s] INFO:colcon.colcon_core.shell:Creating package script '/home/east/ros2-learning-space/ws01_plumbing/install/cpp04_param/share/cpp04_param/package.sh'
[2.388s] INFO:colcon.colcon_core.shell:Creating package script '/home/east/ros2-learning-space/ws01_plumbing/install/cpp04_param/share/cpp04_param/package.bash'
[2.389s] INFO:colcon.colcon_core.shell:Creating package script '/home/east/ros2-learning-space/ws01_plumbing/install/cpp04_param/share/cpp04_param/package.zsh'
[2.390s] Level 1:colcon.colcon_core.environment:create_file_with_runtime_dependencies(/home/east/ros2-learning-space/ws01_plumbing/install/cpp04_param/share/colcon-core/packages/cpp04_param)
[2.390s] DEBUG:colcon.colcon_parallel_executor.executor.parallel:closing loop
[2.390s] DEBUG:colcon.colcon_parallel_executor.executor.parallel:loop closed
[2.390s] DEBUG:colcon.colcon_parallel_executor.executor.parallel:run_until_complete finished with '0'
[2.390s] DEBUG:colcon.colcon_core.event_reactor:joining thread
[2.396s] INFO:colcon.colcon_core.plugin_system:Skipping extension 'colcon_notification.desktop_notification.terminal_notifier': Not used on non-Darwin systems
[2.397s] INFO:colcon.colcon_core.plugin_system:Skipping extension 'colcon_notification.desktop_notification.win32': Not used on non-Windows systems
[2.397s] INFO:colcon.colcon_notification.desktop_notification:Sending desktop notification using 'notify2'
[2.408s] DEBUG:colcon.colcon_core.event_reactor:joined thread
[2.409s] INFO:colcon.colcon_core.shell:Creating prefix script '/home/east/ros2-learning-space/ws01_plumbing/install/local_setup.ps1'
[2.410s] INFO:colcon.colcon_core.shell:Creating prefix util module '/home/east/ros2-learning-space/ws01_plumbing/install/_local_setup_util_ps1.py'
[2.412s] INFO:colcon.colcon_core.shell:Creating prefix chain script '/home/east/ros2-learning-space/ws01_plumbing/install/setup.ps1'
[2.413s] INFO:colcon.colcon_core.shell:Creating prefix script '/home/east/ros2-learning-space/ws01_plumbing/install/local_setup.sh'
[2.414s] INFO:colcon.colcon_core.shell:Creating prefix util module '/home/east/ros2-learning-space/ws01_plumbing/install/_local_setup_util_sh.py'
[2.414s] INFO:colcon.colcon_core.shell:Creating prefix chain script '/home/east/ros2-learning-space/ws01_plumbing/install/setup.sh'
[2.416s] INFO:colcon.colcon_core.shell:Creating prefix script '/home/east/ros2-learning-space/ws01_plumbing/install/local_setup.bash'
[2.416s] INFO:colcon.colcon_core.shell:Creating prefix chain script '/home/east/ros2-learning-space/ws01_plumbing/install/setup.bash'
[2.418s] INFO:colcon.colcon_core.shell:Creating prefix script '/home/east/ros2-learning-space/ws01_plumbing/install/local_setup.zsh'
[2.418s] INFO:colcon.colcon_core.shell:Creating prefix chain script '/home/east/ros2-learning-space/ws01_plumbing/install/setup.zsh'
