[0.015s] Invoking command in '/home/east/ros2-learning-space/ws01_plumbing/build/cpp02_service': CMAKE_PREFIX_PATH=/home/east/ros2-learning-space/ws01_plumbing/install/base_interfaces_demo:/home/east/ros2-learning-space/ws01_plumbing/install/cpp04_param:/home/east/ros2-learning-space/ws01_plumbing/install/cpp03_action:/home/east/ros2-learning-space/ws01_plumbing/install/cpp02_service:/home/east/ros2-learning-space/ws01_plumbing/install/cpp01_topic:/opt/ros/humble /usr/bin/cmake --build /home/east/ros2-learning-space/ws01_plumbing/build/cpp02_service -- -j18 -l18
[0.063s] [ 50%] Built target demo01_server
[0.066s] [100%] Built target demo02_client
[0.078s] Invoked command in '/home/east/ros2-learning-space/ws01_plumbing/build/cpp02_service' returned '0': CMAKE_PREFIX_PATH=/home/east/ros2-learning-space/ws01_plumbing/install/base_interfaces_demo:/home/east/ros2-learning-space/ws01_plumbing/install/cpp04_param:/home/east/ros2-learning-space/ws01_plumbing/install/cpp03_action:/home/east/ros2-learning-space/ws01_plumbing/install/cpp02_service:/home/east/ros2-learning-space/ws01_plumbing/install/cpp01_topic:/opt/ros/humble /usr/bin/cmake --build /home/east/ros2-learning-space/ws01_plumbing/build/cpp02_service -- -j18 -l18
[0.079s] Invoking command in '/home/east/ros2-learning-space/ws01_plumbing/build/cpp02_service': CMAKE_PREFIX_PATH=/home/east/ros2-learning-space/ws01_plumbing/install/base_interfaces_demo:/home/east/ros2-learning-space/ws01_plumbing/install/cpp04_param:/home/east/ros2-learning-space/ws01_plumbing/install/cpp03_action:/home/east/ros2-learning-space/ws01_plumbing/install/cpp02_service:/home/east/ros2-learning-space/ws01_plumbing/install/cpp01_topic:/opt/ros/humble /usr/bin/cmake --install /home/east/ros2-learning-space/ws01_plumbing/build/cpp02_service
[0.084s] -- Install configuration: ""
[0.084s] -- Up-to-date: /home/east/ros2-learning-space/ws01_plumbing/install/cpp02_service/lib/cpp02_service/demo01_server
[0.086s] -- Up-to-date: /home/east/ros2-learning-space/ws01_plumbing/install/cpp02_service/lib/cpp02_service/demo02_client
[0.087s] -- Up-to-date: /home/east/ros2-learning-space/ws01_plumbing/install/cpp02_service/share/ament_index/resource_index/package_run_dependencies/cpp02_service
[0.087s] -- Up-to-date: /home/east/ros2-learning-space/ws01_plumbing/install/cpp02_service/share/ament_index/resource_index/parent_prefix_path/cpp02_service
[0.087s] -- Up-to-date: /home/east/ros2-learning-space/ws01_plumbing/install/cpp02_service/share/cpp02_service/environment/ament_prefix_path.sh
[0.088s] -- Up-to-date: /home/east/ros2-learning-space/ws01_plumbing/install/cpp02_service/share/cpp02_service/environment/ament_prefix_path.dsv
[0.088s] -- Up-to-date: /home/east/ros2-learning-space/ws01_plumbing/install/cpp02_service/share/cpp02_service/environment/path.sh
[0.088s] -- Up-to-date: /home/east/ros2-learning-space/ws01_plumbing/install/cpp02_service/share/cpp02_service/environment/path.dsv
[0.088s] -- Up-to-date: /home/east/ros2-learning-space/ws01_plumbing/install/cpp02_service/share/cpp02_service/local_setup.bash
[0.088s] -- Up-to-date: /home/east/ros2-learning-space/ws01_plumbing/install/cpp02_service/share/cpp02_service/local_setup.sh
[0.088s] -- Up-to-date: /home/east/ros2-learning-space/ws01_plumbing/install/cpp02_service/share/cpp02_service/local_setup.zsh
[0.088s] -- Up-to-date: /home/east/ros2-learning-space/ws01_plumbing/install/cpp02_service/share/cpp02_service/local_setup.dsv
[0.088s] -- Installing: /home/east/ros2-learning-space/ws01_plumbing/install/cpp02_service/share/cpp02_service/package.dsv
[0.088s] -- Up-to-date: /home/east/ros2-learning-space/ws01_plumbing/install/cpp02_service/share/ament_index/resource_index/packages/cpp02_service
[0.088s] -- Up-to-date: /home/east/ros2-learning-space/ws01_plumbing/install/cpp02_service/share/cpp02_service/cmake/cpp02_serviceConfig.cmake
[0.089s] -- Up-to-date: /home/east/ros2-learning-space/ws01_plumbing/install/cpp02_service/share/cpp02_service/cmake/cpp02_serviceConfig-version.cmake
[0.089s] -- Up-to-date: /home/east/ros2-learning-space/ws01_plumbing/install/cpp02_service/share/cpp02_service/package.xml
[0.105s] Invoked command in '/home/east/ros2-learning-space/ws01_plumbing/build/cpp02_service' returned '0': CMAKE_PREFIX_PATH=/home/east/ros2-learning-space/ws01_plumbing/install/base_interfaces_demo:/home/east/ros2-learning-space/ws01_plumbing/install/cpp04_param:/home/east/ros2-learning-space/ws01_plumbing/install/cpp03_action:/home/east/ros2-learning-space/ws01_plumbing/install/cpp02_service:/home/east/ros2-learning-space/ws01_plumbing/install/cpp01_topic:/opt/ros/humble /usr/bin/cmake --install /home/east/ros2-learning-space/ws01_plumbing/build/cpp02_service
