[0.005s] Invoking command in '/home/east/ros2-learning-space/ws01_plumbing/build/cpp01_topic': AMENT_PREFIX_PATH=/home/east/ros2-learning-space/ws01_plumbing/install/base_interfaces_demo:${AMENT_PREFIX_PATH} CMAKE_PREFIX_PATH=/home/east/ros2-learning-space/ws01_plumbing/install/base_interfaces_demo:/opt/ros/humble /usr/bin/cmake /home/east/ros2-learning-space/ws01_plumbing/src/cpp01_topic -DCMAKE_INSTALL_PREFIX=/home/east/ros2-learning-space/ws01_plumbing/install/cpp01_topic
[0.052s] -- The C compiler identification is GNU 11.4.0
[0.097s] -- The CXX compiler identification is GNU 11.4.0
[0.102s] -- Detecting C compiler ABI info
[0.155s] -- Detecting C compiler ABI info - done
[0.161s] -- Check for working C compiler: /usr/bin/cc - skipped
[0.161s] -- Detecting C compile features
[0.162s] -- Detecting C compile features - done
[0.163s] -- Detecting CXX compiler ABI info
[0.220s] -- Detecting CXX compiler ABI info - done
[0.225s] -- Check for working CXX compiler: /usr/bin/c++ - skipped
[0.225s] -- Detecting CXX compile features
[0.225s] -- Detecting CXX compile features - done
[0.226s] -- Found ament_cmake: 1.3.12 (/opt/ros/humble/share/ament_cmake/cmake)
[0.324s] -- Found Python3: /usr/bin/python3 (found version "3.10.12") found components: Interpreter 
[0.385s] -- Found rclcpp: 16.0.15 (/opt/ros/humble/share/rclcpp/cmake)
[0.415s] -- Found rosidl_generator_c: 3.1.7 (/opt/ros/humble/share/rosidl_generator_c/cmake)
[0.418s] -- Found rosidl_adapter: 3.1.7 (/opt/ros/humble/share/rosidl_adapter/cmake)
[0.424s] -- Found rosidl_generator_cpp: 3.1.7 (/opt/ros/humble/share/rosidl_generator_cpp/cmake)
[0.433s] -- Using all available rosidl_typesupport_c: rosidl_typesupport_fastrtps_c;rosidl_typesupport_introspection_c
[0.444s] -- Using all available rosidl_typesupport_cpp: rosidl_typesupport_fastrtps_cpp;rosidl_typesupport_introspection_cpp
[0.477s] -- Found rmw_implementation_cmake: 6.1.2 (/opt/ros/humble/share/rmw_implementation_cmake/cmake)
[0.478s] -- Found rmw_fastrtps_cpp: 6.2.9 (/opt/ros/humble/share/rmw_fastrtps_cpp/cmake)
[0.551s] -- Found OpenSSL: /usr/lib/x86_64-linux-gnu/libcrypto.so (found version "3.0.2")  
[0.569s] -- Found FastRTPS: /opt/ros/humble/include  
[0.594s] -- Using RMW implementation 'rmw_fastrtps_cpp' as default
[0.600s] -- Looking for pthread.h
[0.665s] -- Looking for pthread.h - found
[0.665s] -- Performing Test CMAKE_HAVE_LIBC_PTHREAD
[0.733s] -- Performing Test CMAKE_HAVE_LIBC_PTHREAD - Success
[0.733s] -- Found Threads: TRUE  
[0.775s] -- Found base_interfaces_demo: 0.0.0 (/home/east/ros2-learning-space/ws01_plumbing/install/base_interfaces_demo/share/base_interfaces_demo/cmake)
[0.776s] -- Found ament_lint_auto: 0.12.14 (/opt/ros/humble/share/ament_lint_auto/cmake)
[0.824s] -- Added test 'cppcheck' to perform static code analysis on C / C++ code
[0.824s] -- Configured cppcheck include dirs: $<BUILD_INTERFACE:/home/east/ros2-learning-space/ws01_plumbing/src/cpp01_topic/include>
[0.824s] -- Configured cppcheck exclude dirs and/or files: 
[0.824s] -- Added test 'lint_cmake' to check CMake code style
[0.825s] -- Added test 'uncrustify' to check C / C++ code style
[0.825s] -- Configured uncrustify additional arguments: 
[0.825s] -- Added test 'xmllint' to check XML markup files
[0.826s] -- Configuring done
[0.831s] -- Generating done
[0.833s] -- Build files have been written to: /home/east/ros2-learning-space/ws01_plumbing/build/cpp01_topic
[0.840s] Invoked command in '/home/east/ros2-learning-space/ws01_plumbing/build/cpp01_topic' returned '0': AMENT_PREFIX_PATH=/home/east/ros2-learning-space/ws01_plumbing/install/base_interfaces_demo:${AMENT_PREFIX_PATH} CMAKE_PREFIX_PATH=/home/east/ros2-learning-space/ws01_plumbing/install/base_interfaces_demo:/opt/ros/humble /usr/bin/cmake /home/east/ros2-learning-space/ws01_plumbing/src/cpp01_topic -DCMAKE_INSTALL_PREFIX=/home/east/ros2-learning-space/ws01_plumbing/install/cpp01_topic
[0.842s] Invoking command in '/home/east/ros2-learning-space/ws01_plumbing/build/cpp01_topic': AMENT_PREFIX_PATH=/home/east/ros2-learning-space/ws01_plumbing/install/base_interfaces_demo:${AMENT_PREFIX_PATH} CMAKE_PREFIX_PATH=/home/east/ros2-learning-space/ws01_plumbing/install/base_interfaces_demo:/opt/ros/humble /usr/bin/cmake --build /home/east/ros2-learning-space/ws01_plumbing/build/cpp01_topic -- -j18 -l18
[0.883s] [ 50%] [32mBuilding CXX object CMakeFiles/demmo01_talker_src.dir/src/demmo01_talker_src.cpp.o[0m
[2.819s] [100%] [32m[1mLinking CXX executable demmo01_talker_src[0m
[2.908s] [100%] Built target demmo01_talker_src
[2.916s] Invoked command in '/home/east/ros2-learning-space/ws01_plumbing/build/cpp01_topic' returned '0': AMENT_PREFIX_PATH=/home/east/ros2-learning-space/ws01_plumbing/install/base_interfaces_demo:${AMENT_PREFIX_PATH} CMAKE_PREFIX_PATH=/home/east/ros2-learning-space/ws01_plumbing/install/base_interfaces_demo:/opt/ros/humble /usr/bin/cmake --build /home/east/ros2-learning-space/ws01_plumbing/build/cpp01_topic -- -j18 -l18
[2.918s] Invoking command in '/home/east/ros2-learning-space/ws01_plumbing/build/cpp01_topic': AMENT_PREFIX_PATH=/home/east/ros2-learning-space/ws01_plumbing/install/base_interfaces_demo:${AMENT_PREFIX_PATH} CMAKE_PREFIX_PATH=/home/east/ros2-learning-space/ws01_plumbing/install/base_interfaces_demo:/opt/ros/humble /usr/bin/cmake --install /home/east/ros2-learning-space/ws01_plumbing/build/cpp01_topic
[2.923s] -- Install configuration: ""
[2.923s] -- Installing: /home/east/ros2-learning-space/ws01_plumbing/install/cpp01_topic/lib/cpp01_topic/demmo01_talker_src
[2.923s] -- Set runtime path of "/home/east/ros2-learning-space/ws01_plumbing/install/cpp01_topic/lib/cpp01_topic/demmo01_talker_src" to ""
[2.923s] -- Installing: /home/east/ros2-learning-space/ws01_plumbing/install/cpp01_topic/share/ament_index/resource_index/package_run_dependencies/cpp01_topic
[2.923s] -- Installing: /home/east/ros2-learning-space/ws01_plumbing/install/cpp01_topic/share/ament_index/resource_index/parent_prefix_path/cpp01_topic
[2.924s] -- Installing: /home/east/ros2-learning-space/ws01_plumbing/install/cpp01_topic/share/cpp01_topic/environment/ament_prefix_path.sh
[2.924s] -- Installing: /home/east/ros2-learning-space/ws01_plumbing/install/cpp01_topic/share/cpp01_topic/environment/ament_prefix_path.dsv
[2.924s] -- Installing: /home/east/ros2-learning-space/ws01_plumbing/install/cpp01_topic/share/cpp01_topic/environment/path.sh
[2.924s] -- Installing: /home/east/ros2-learning-space/ws01_plumbing/install/cpp01_topic/share/cpp01_topic/environment/path.dsv
[2.924s] -- Installing: /home/east/ros2-learning-space/ws01_plumbing/install/cpp01_topic/share/cpp01_topic/local_setup.bash
[2.924s] -- Installing: /home/east/ros2-learning-space/ws01_plumbing/install/cpp01_topic/share/cpp01_topic/local_setup.sh
[2.924s] -- Installing: /home/east/ros2-learning-space/ws01_plumbing/install/cpp01_topic/share/cpp01_topic/local_setup.zsh
[2.924s] -- Installing: /home/east/ros2-learning-space/ws01_plumbing/install/cpp01_topic/share/cpp01_topic/local_setup.dsv
[2.924s] -- Installing: /home/east/ros2-learning-space/ws01_plumbing/install/cpp01_topic/share/cpp01_topic/package.dsv
[2.924s] -- Installing: /home/east/ros2-learning-space/ws01_plumbing/install/cpp01_topic/share/ament_index/resource_index/packages/cpp01_topic
[2.924s] -- Installing: /home/east/ros2-learning-space/ws01_plumbing/install/cpp01_topic/share/cpp01_topic/cmake/cpp01_topicConfig.cmake
[2.924s] -- Installing: /home/east/ros2-learning-space/ws01_plumbing/install/cpp01_topic/share/cpp01_topic/cmake/cpp01_topicConfig-version.cmake
[2.925s] -- Installing: /home/east/ros2-learning-space/ws01_plumbing/install/cpp01_topic/share/cpp01_topic/package.xml
[2.926s] Invoked command in '/home/east/ros2-learning-space/ws01_plumbing/build/cpp01_topic' returned '0': AMENT_PREFIX_PATH=/home/east/ros2-learning-space/ws01_plumbing/install/base_interfaces_demo:${AMENT_PREFIX_PATH} CMAKE_PREFIX_PATH=/home/east/ros2-learning-space/ws01_plumbing/install/base_interfaces_demo:/opt/ros/humble /usr/bin/cmake --install /home/east/ros2-learning-space/ws01_plumbing/build/cpp01_topic
