[0.013s] Invoking command in '/home/east/ros2-learning-space/ws01_plumbing/build/cpp05_names': /usr/bin/cmake /home/east/ros2-learning-space/ws01_plumbing/src/cpp05_names -DCMAKE_INSTALL_PREFIX=/home/east/ros2-learning-space/ws01_plumbing/install/cpp05_names
[0.089s] -- The C compiler identification is GNU 11.4.0
[0.166s] -- The CXX compiler identification is GNU 11.4.0
[0.173s] -- Detecting C compiler ABI info
[0.229s] -- Detecting C compiler ABI info - done
[0.234s] -- Check for working C compiler: /usr/bin/cc - skipped
[0.234s] -- Detecting C compile features
[0.235s] -- Detecting C compile features - done
[0.238s] -- Detecting CXX compiler ABI info
[0.306s] -- Detecting CXX compiler ABI info - done
[0.314s] -- Check for working CXX compiler: /usr/bin/c++ - skipped
[0.314s] -- Detecting CXX compile features
[0.315s] -- Detecting CXX compile features - done
[0.317s] -- Found ament_cmake: 1.3.12 (/opt/ros/humble/share/ament_cmake/cmake)
[0.448s] -- Found Python3: /usr/bin/python3 (found version "3.10.12") found components: Interpreter 
[0.510s] -- Found rclcpp: 16.0.15 (/opt/ros/humble/share/rclcpp/cmake)
[0.540s] -- Found rosidl_generator_c: 3.1.7 (/opt/ros/humble/share/rosidl_generator_c/cmake)
[0.543s] -- Found rosidl_adapter: 3.1.7 (/opt/ros/humble/share/rosidl_adapter/cmake)
[0.550s] -- Found rosidl_generator_cpp: 3.1.7 (/opt/ros/humble/share/rosidl_generator_cpp/cmake)
[0.563s] -- Using all available rosidl_typesupport_c: rosidl_typesupport_fastrtps_c;rosidl_typesupport_introspection_c
[0.573s] -- Using all available rosidl_typesupport_cpp: rosidl_typesupport_fastrtps_cpp;rosidl_typesupport_introspection_cpp
[0.602s] -- Found rmw_implementation_cmake: 6.1.2 (/opt/ros/humble/share/rmw_implementation_cmake/cmake)
[0.604s] -- Found rmw_fastrtps_cpp: 6.2.9 (/opt/ros/humble/share/rmw_fastrtps_cpp/cmake)
[0.673s] -- Found OpenSSL: /usr/lib/x86_64-linux-gnu/libcrypto.so (found version "3.0.2")  
[0.692s] -- Found FastRTPS: /opt/ros/humble/include  
[0.720s] -- Using RMW implementation 'rmw_fastrtps_cpp' as default
[0.726s] -- Looking for pthread.h
[0.791s] -- Looking for pthread.h - found
[0.792s] -- Performing Test CMAKE_HAVE_LIBC_PTHREAD
[0.851s] -- Performing Test CMAKE_HAVE_LIBC_PTHREAD - Success
[0.852s] -- Found Threads: TRUE  
[0.892s] -- Found ament_lint_auto: 0.12.14 (/opt/ros/humble/share/ament_lint_auto/cmake)
[0.950s] -- Added test 'cppcheck' to perform static code analysis on C / C++ code
[0.950s] -- Configured cppcheck include dirs: $<BUILD_INTERFACE:/home/east/ros2-learning-space/ws01_plumbing/src/cpp05_names/include>
[0.950s] -- Configured cppcheck exclude dirs and/or files: 
[0.950s] -- Added test 'flake8' to check Python code syntax and style conventions
[0.951s] -- Added test 'lint_cmake' to check CMake code style
[0.951s] -- Added test 'pep257' to check Python code against some of the docstring style conventions in PEP 257
[0.951s] -- Added test 'uncrustify' to check C / C++ code style
[0.951s] -- Configured uncrustify additional arguments: 
[0.952s] -- Added test 'xmllint' to check XML markup files
[0.953s] -- Configuring done
[0.957s] -- Generating done
[0.959s] -- Build files have been written to: /home/east/ros2-learning-space/ws01_plumbing/build/cpp05_names
[0.966s] Invoked command in '/home/east/ros2-learning-space/ws01_plumbing/build/cpp05_names' returned '0': /usr/bin/cmake /home/east/ros2-learning-space/ws01_plumbing/src/cpp05_names -DCMAKE_INSTALL_PREFIX=/home/east/ros2-learning-space/ws01_plumbing/install/cpp05_names
[0.968s] Invoking command in '/home/east/ros2-learning-space/ws01_plumbing/build/cpp05_names': /usr/bin/cmake --build /home/east/ros2-learning-space/ws01_plumbing/build/cpp05_names -- -j18 -l18
[1.009s] [ 50%] [32mBuilding CXX object CMakeFiles/demo01_names.dir/src/demo01_names.cpp.o[0m
[1.043s] [100%] [32m[1mLinking CXX executable demo01_names[0m
[1.097s] [100%] Built target demo01_names
[1.109s] Invoked command in '/home/east/ros2-learning-space/ws01_plumbing/build/cpp05_names' returned '0': /usr/bin/cmake --build /home/east/ros2-learning-space/ws01_plumbing/build/cpp05_names -- -j18 -l18
[1.110s] Invoking command in '/home/east/ros2-learning-space/ws01_plumbing/build/cpp05_names': /usr/bin/cmake --install /home/east/ros2-learning-space/ws01_plumbing/build/cpp05_names
[1.120s] -- Install configuration: ""
[1.120s] -- Installing: /home/east/ros2-learning-space/ws01_plumbing/install/cpp05_names/lib/cpp05_names/demo01_names
[1.121s] -- Set runtime path of "/home/east/ros2-learning-space/ws01_plumbing/install/cpp05_names/lib/cpp05_names/demo01_names" to ""
[1.121s] -- Installing: /home/east/ros2-learning-space/ws01_plumbing/install/cpp05_names/share/ament_index/resource_index/package_run_dependencies/cpp05_names
[1.121s] -- Installing: /home/east/ros2-learning-space/ws01_plumbing/install/cpp05_names/share/ament_index/resource_index/parent_prefix_path/cpp05_names
[1.121s] -- Installing: /home/east/ros2-learning-space/ws01_plumbing/install/cpp05_names/share/cpp05_names/environment/ament_prefix_path.sh
[1.121s] -- Installing: /home/east/ros2-learning-space/ws01_plumbing/install/cpp05_names/share/cpp05_names/environment/ament_prefix_path.dsv
[1.121s] -- Installing: /home/east/ros2-learning-space/ws01_plumbing/install/cpp05_names/share/cpp05_names/environment/path.sh
[1.121s] -- Installing: /home/east/ros2-learning-space/ws01_plumbing/install/cpp05_names/share/cpp05_names/environment/path.dsv
[1.121s] -- Installing: /home/east/ros2-learning-space/ws01_plumbing/install/cpp05_names/share/cpp05_names/local_setup.bash
[1.122s] -- Installing: /home/east/ros2-learning-space/ws01_plumbing/install/cpp05_names/share/cpp05_names/local_setup.sh
[1.122s] -- Installing: /home/east/ros2-learning-space/ws01_plumbing/install/cpp05_names/share/cpp05_names/local_setup.zsh
[1.122s] -- Installing: /home/east/ros2-learning-space/ws01_plumbing/install/cpp05_names/share/cpp05_names/local_setup.dsv
[1.122s] -- Installing: /home/east/ros2-learning-space/ws01_plumbing/install/cpp05_names/share/cpp05_names/package.dsv
[1.122s] -- Installing: /home/east/ros2-learning-space/ws01_plumbing/install/cpp05_names/share/ament_index/resource_index/packages/cpp05_names
[1.122s] -- Installing: /home/east/ros2-learning-space/ws01_plumbing/install/cpp05_names/share/cpp05_names/cmake/cpp05_namesConfig.cmake
[1.122s] -- Installing: /home/east/ros2-learning-space/ws01_plumbing/install/cpp05_names/share/cpp05_names/cmake/cpp05_namesConfig-version.cmake
[1.122s] -- Installing: /home/east/ros2-learning-space/ws01_plumbing/install/cpp05_names/share/cpp05_names/package.xml
[1.125s] Invoked command in '/home/east/ros2-learning-space/ws01_plumbing/build/cpp05_names' returned '0': /usr/bin/cmake --install /home/east/ros2-learning-space/ws01_plumbing/build/cpp05_names
