[0.018s] Invoking command in '/home/east/ros2-learning-space/ws01_plumbing/build/cpp07_exercise': AMENT_PREFIX_PATH=/home/east/ros2-learning-space/ws01_plumbing/install/base_interfaces_demo:${AMENT_PREFIX_PATH} CMAKE_PREFIX_PATH=/home/east/ros2-learning-space/ws01_plumbing/install/base_interfaces_demo:/opt/ros/humble LD_LIBRARY_PATH=/home/east/ros2-learning-space/ws01_plumbing/install/base_interfaces_demo/lib:${LD_LIBRARY_PATH} PYTHONPATH=/home/east/ros2-learning-space/ws01_plumbing/install/base_interfaces_demo/local/lib/python3.10/dist-packages:${PYTHONPATH} /usr/bin/cmake --build /home/east/ros2-learning-space/ws01_plumbing/build/cpp07_exercise -- -j18 -l18
[0.037s] -- Found ament_cmake: 1.3.12 (/opt/ros/humble/share/ament_cmake/cmake)
[0.127s] -- Found rclcpp: 16.0.15 (/opt/ros/humble/share/rclcpp/cmake)
[0.145s] -- Found rosidl_generator_c: 3.1.7 (/opt/ros/humble/share/rosidl_generator_c/cmake)
[0.146s] -- Found rosidl_adapter: 3.1.7 (/opt/ros/humble/share/rosidl_adapter/cmake)
[0.150s] -- Found rosidl_generator_cpp: 3.1.7 (/opt/ros/humble/share/rosidl_generator_cpp/cmake)
[0.155s] -- Using all available rosidl_typesupport_c: rosidl_typesupport_fastrtps_c;rosidl_typesupport_introspection_c
[0.162s] -- Using all available rosidl_typesupport_cpp: rosidl_typesupport_fastrtps_cpp;rosidl_typesupport_introspection_cpp
[0.181s] -- Found rmw_implementation_cmake: 6.1.2 (/opt/ros/humble/share/rmw_implementation_cmake/cmake)
[0.182s] -- Found rmw_fastrtps_cpp: 6.2.9 (/opt/ros/humble/share/rmw_fastrtps_cpp/cmake)
[0.252s] -- Using RMW implementation 'rmw_fastrtps_cpp' as default
[0.283s] -- Found turtlesim: 1.4.3 (/opt/ros/humble/share/turtlesim/cmake)
[0.305s] -- Found geometry_msgs: 4.9.0 (/opt/ros/humble/share/geometry_msgs/cmake)
[0.313s] -- Found base_interfaces_demo: 0.0.0 (/home/east/ros2-learning-space/ws01_plumbing/install/base_interfaces_demo/share/base_interfaces_demo/cmake)
[0.327s] -- Found ament_lint_auto: 0.12.14 (/opt/ros/humble/share/ament_lint_auto/cmake)
[0.373s] -- Added test 'cppcheck' to perform static code analysis on C / C++ code
[0.373s] -- Configured cppcheck include dirs: $<BUILD_INTERFACE:/home/east/ros2-learning-space/ws01_plumbing/src/cpp07_exercise/include>
[0.374s] -- Configured cppcheck exclude dirs and/or files: 
[0.374s] -- Added test 'flake8' to check Python code syntax and style conventions
[0.374s] -- Added test 'lint_cmake' to check CMake code style
[0.374s] -- Added test 'pep257' to check Python code against some of the docstring style conventions in PEP 257
[0.374s] -- Added test 'uncrustify' to check C / C++ code style
[0.375s] -- Configured uncrustify additional arguments: 
[0.375s] -- Added test 'xmllint' to check XML markup files
[0.375s] -- Configuring done
[0.391s] -- Generating done
[0.399s] -- Build files have been written to: /home/east/ros2-learning-space/ws01_plumbing/build/cpp07_exercise
[0.421s] [35m[1mConsolidate compiler generated dependencies of target exer03_client[0m
[0.422s] [35m[1mConsolidate compiler generated dependencies of target exer06_param[0m
[0.422s] [35m[1mConsolidate compiler generated dependencies of target exer01_pub_sub[0m
[0.424s] [35m[1mConsolidate compiler generated dependencies of target exer02_server[0m
[0.432s] [  8%] [32mBuilding CXX object CMakeFiles/exer06_param.dir/src/exer06_param.cpp.o[0m
[0.432s] [ 16%] [32mBuilding CXX object CMakeFiles/exer04_action_server.dir/src/exer04_action_server.cpp.o[0m
[0.433s] [ 25%] [32mBuilding CXX object CMakeFiles/exer05_action_client.dir/src/exer05_action_client.cpp.o[0m
[0.433s] [ 41%] Built target exer03_client
[0.437s] [ 58%] Built target exer01_pub_sub
[0.438s] [ 75%] Built target exer02_server
[2.361s] [ 83%] [32m[1mLinking CXX executable exer04_action_server[0m
[2.430s] [ 91%] [32m[1mLinking CXX executable exer05_action_client[0m
[2.462s] [ 91%] Built target exer04_action_server
[2.515s] [ 91%] Built target exer05_action_client
[2.659s] [100%] [32m[1mLinking CXX executable exer06_param[0m
[2.751s] [100%] Built target exer06_param
[2.760s] Invoked command in '/home/east/ros2-learning-space/ws01_plumbing/build/cpp07_exercise' returned '0': AMENT_PREFIX_PATH=/home/east/ros2-learning-space/ws01_plumbing/install/base_interfaces_demo:${AMENT_PREFIX_PATH} CMAKE_PREFIX_PATH=/home/east/ros2-learning-space/ws01_plumbing/install/base_interfaces_demo:/opt/ros/humble LD_LIBRARY_PATH=/home/east/ros2-learning-space/ws01_plumbing/install/base_interfaces_demo/lib:${LD_LIBRARY_PATH} PYTHONPATH=/home/east/ros2-learning-space/ws01_plumbing/install/base_interfaces_demo/local/lib/python3.10/dist-packages:${PYTHONPATH} /usr/bin/cmake --build /home/east/ros2-learning-space/ws01_plumbing/build/cpp07_exercise -- -j18 -l18
[2.761s] Invoking command in '/home/east/ros2-learning-space/ws01_plumbing/build/cpp07_exercise': AMENT_PREFIX_PATH=/home/east/ros2-learning-space/ws01_plumbing/install/base_interfaces_demo:${AMENT_PREFIX_PATH} CMAKE_PREFIX_PATH=/home/east/ros2-learning-space/ws01_plumbing/install/base_interfaces_demo:/opt/ros/humble LD_LIBRARY_PATH=/home/east/ros2-learning-space/ws01_plumbing/install/base_interfaces_demo/lib:${LD_LIBRARY_PATH} PYTHONPATH=/home/east/ros2-learning-space/ws01_plumbing/install/base_interfaces_demo/local/lib/python3.10/dist-packages:${PYTHONPATH} /usr/bin/cmake --install /home/east/ros2-learning-space/ws01_plumbing/build/cpp07_exercise
[2.768s] -- Install configuration: ""
[2.768s] -- Up-to-date: /home/east/ros2-learning-space/ws01_plumbing/install/cpp07_exercise/lib/cpp07_exercise/exer01_pub_sub
[2.768s] -- Up-to-date: /home/east/ros2-learning-space/ws01_plumbing/install/cpp07_exercise/lib/cpp07_exercise/exer02_server
[2.768s] -- Up-to-date: /home/east/ros2-learning-space/ws01_plumbing/install/cpp07_exercise/lib/cpp07_exercise/exer03_client
[2.768s] -- Installing: /home/east/ros2-learning-space/ws01_plumbing/install/cpp07_exercise/lib/cpp07_exercise/exer04_action_server
[2.768s] -- Set runtime path of "/home/east/ros2-learning-space/ws01_plumbing/install/cpp07_exercise/lib/cpp07_exercise/exer04_action_server" to ""
[2.768s] -- Installing: /home/east/ros2-learning-space/ws01_plumbing/install/cpp07_exercise/lib/cpp07_exercise/exer05_action_client
[2.768s] -- Set runtime path of "/home/east/ros2-learning-space/ws01_plumbing/install/cpp07_exercise/lib/cpp07_exercise/exer05_action_client" to ""
[2.768s] -- Installing: /home/east/ros2-learning-space/ws01_plumbing/install/cpp07_exercise/lib/cpp07_exercise/exer06_param
[2.769s] -- Set runtime path of "/home/east/ros2-learning-space/ws01_plumbing/install/cpp07_exercise/lib/cpp07_exercise/exer06_param" to ""
[2.769s] -- Up-to-date: /home/east/ros2-learning-space/ws01_plumbing/install/cpp07_exercise/share/cpp07_exercise/launch
[2.769s] -- Installing: /home/east/ros2-learning-space/ws01_plumbing/install/cpp07_exercise/share/cpp07_exercise/launch/exer05_action_client_launch.py
[2.769s] -- Up-to-date: /home/east/ros2-learning-space/ws01_plumbing/install/cpp07_exercise/share/cpp07_exercise/launch/exer06_param_launch.py
[2.769s] -- Installing: /home/east/ros2-learning-space/ws01_plumbing/install/cpp07_exercise/share/cpp07_exercise/launch/exer03_client_launch.py
[2.769s] -- Up-to-date: /home/east/ros2-learning-space/ws01_plumbing/install/cpp07_exercise/share/cpp07_exercise/launch/exer02_server_launch.py
[2.769s] -- Up-to-date: /home/east/ros2-learning-space/ws01_plumbing/install/cpp07_exercise/share/cpp07_exercise/launch/exer01_pub_sub_launch.py
[2.769s] -- Installing: /home/east/ros2-learning-space/ws01_plumbing/install/cpp07_exercise/share/cpp07_exercise/launch/exer04_action_server_launch.py
[2.769s] -- Up-to-date: /home/east/ros2-learning-space/ws01_plumbing/install/cpp07_exercise/share/ament_index/resource_index/package_run_dependencies/cpp07_exercise
[2.769s] -- Up-to-date: /home/east/ros2-learning-space/ws01_plumbing/install/cpp07_exercise/share/ament_index/resource_index/parent_prefix_path/cpp07_exercise
[2.769s] -- Up-to-date: /home/east/ros2-learning-space/ws01_plumbing/install/cpp07_exercise/share/cpp07_exercise/environment/ament_prefix_path.sh
[2.769s] -- Installing: /home/east/ros2-learning-space/ws01_plumbing/install/cpp07_exercise/share/cpp07_exercise/environment/ament_prefix_path.dsv
[2.769s] -- Up-to-date: /home/east/ros2-learning-space/ws01_plumbing/install/cpp07_exercise/share/cpp07_exercise/environment/path.sh
[2.769s] -- Installing: /home/east/ros2-learning-space/ws01_plumbing/install/cpp07_exercise/share/cpp07_exercise/environment/path.dsv
[2.769s] -- Up-to-date: /home/east/ros2-learning-space/ws01_plumbing/install/cpp07_exercise/share/cpp07_exercise/local_setup.bash
[2.769s] -- Up-to-date: /home/east/ros2-learning-space/ws01_plumbing/install/cpp07_exercise/share/cpp07_exercise/local_setup.sh
[2.769s] -- Up-to-date: /home/east/ros2-learning-space/ws01_plumbing/install/cpp07_exercise/share/cpp07_exercise/local_setup.zsh
[2.769s] -- Installing: /home/east/ros2-learning-space/ws01_plumbing/install/cpp07_exercise/share/cpp07_exercise/local_setup.dsv
[2.769s] -- Installing: /home/east/ros2-learning-space/ws01_plumbing/install/cpp07_exercise/share/cpp07_exercise/package.dsv
[2.769s] -- Up-to-date: /home/east/ros2-learning-space/ws01_plumbing/install/cpp07_exercise/share/ament_index/resource_index/packages/cpp07_exercise
[2.769s] -- Up-to-date: /home/east/ros2-learning-space/ws01_plumbing/install/cpp07_exercise/share/cpp07_exercise/cmake/cpp07_exerciseConfig.cmake
[2.770s] -- Up-to-date: /home/east/ros2-learning-space/ws01_plumbing/install/cpp07_exercise/share/cpp07_exercise/cmake/cpp07_exerciseConfig-version.cmake
[2.770s] -- Up-to-date: /home/east/ros2-learning-space/ws01_plumbing/install/cpp07_exercise/share/cpp07_exercise/package.xml
[2.771s] Invoked command in '/home/east/ros2-learning-space/ws01_plumbing/build/cpp07_exercise' returned '0': AMENT_PREFIX_PATH=/home/east/ros2-learning-space/ws01_plumbing/install/base_interfaces_demo:${AMENT_PREFIX_PATH} CMAKE_PREFIX_PATH=/home/east/ros2-learning-space/ws01_plumbing/install/base_interfaces_demo:/opt/ros/humble LD_LIBRARY_PATH=/home/east/ros2-learning-space/ws01_plumbing/install/base_interfaces_demo/lib:${LD_LIBRARY_PATH} PYTHONPATH=/home/east/ros2-learning-space/ws01_plumbing/install/base_interfaces_demo/local/lib/python3.10/dist-packages:${PYTHONPATH} /usr/bin/cmake --install /home/east/ros2-learning-space/ws01_plumbing/build/cpp07_exercise
