[0.009s] Invoking command in '/home/east/ros2-learning-space/ws01_plumbing/build/cpp04_param': /usr/bin/cmake --build /home/east/ros2-learning-space/ws01_plumbing/build/cpp04_param -- -j18 -l18
[0.042s] [35m[1mConsolidate compiler generated dependencies of target demo00_param[0m
[0.057s] [ 50%] [32mBuilding CXX object CMakeFiles/demo00_param.dir/src/demo00_param.cpp.o[0m
[2.059s] In file included from [01m[K/opt/ros/humble/include/rclcpp/rclcpp/logging.hpp:24[m[K,
[2.059s]                  from [01m[K/opt/ros/humble/include/rclcpp/rclcpp/client.hpp:40[m[K,
[2.060s]                  from [01m[K/opt/ros/humble/include/rclcpp/rclcpp/callback_group.hpp:24[m[K,
[2.060s]                  from [01m[K/opt/ros/humble/include/rclcpp/rclcpp/any_executable.hpp:20[m[K,
[2.060s]                  from [01m[K/opt/ros/humble/include/rclcpp/rclcpp/memory_strategy.hpp:25[m[K,
[2.060s]                  from [01m[K/opt/ros/humble/include/rclcpp/rclcpp/memory_strategies.hpp:18[m[K,
[2.060s]                  from [01m[K/opt/ros/humble/include/rclcpp/rclcpp/executor_options.hpp:20[m[K,
[2.060s]                  from [01m[K/opt/ros/humble/include/rclcpp/rclcpp/executor.hpp:37[m[K,
[2.060s]                  from [01m[K/opt/ros/humble/include/rclcpp/rclcpp/executors/multi_threaded_executor.hpp:25[m[K,
[2.060s]                  from [01m[K/opt/ros/humble/include/rclcpp/rclcpp/executors.hpp:21[m[K,
[2.060s]                  from [01m[K/opt/ros/humble/include/rclcpp/rclcpp/rclcpp.hpp:155[m[K,
[2.060s]                  from [01m[K/home/east/ros2-learning-space/ws01_plumbing/src/cpp04_param/src/demo00_param.cpp:1[m[K:
[2.060s] [01m[K/home/east/ros2-learning-space/ws01_plumbing/src/cpp04_param/src/demo00_param.cpp:[m[K In constructor ‘[01m[KMyParam::MyParam()[m[K’:
[2.060s] [01m[K/home/east/ros2-learning-space/ws01_plumbing/src/cpp04_param/src/demo00_param.cpp:16:36:[m[K [01;35m[Kwarning: [m[Kformat ‘[01m[K%d[m[K’ expects argument of type ‘[01m[Kint[m[K’, but argument 5 has type ‘[01m[Kint64_t[m[K’ {aka ‘[01m[Klong int[m[K’} [[01;35m[K]8;;https://gcc.gnu.org/onlinedocs/gcc/Warning-Options.html#index-Wformat=-Wformat=]8;;[m[K]
[2.060s]    16 |     RCLCPP_INFO(this->get_logger(),[01;35m[K"car_wheels = %d"[m[K,[32m[Kp3.as_int()[m[K);
[2.060s]       |                                    [01;35m[K^~~~~~~~~~~~~~~~~[m[K [32m[K~~~~~~~~~~~[m[K
[2.060s]       |                                                               [32m[K|[m[K
[2.060s]       |                                                               [32m[Kint64_t {aka long int}[m[K
[2.060s] [01m[K/home/east/ros2-learning-space/ws01_plumbing/src/cpp04_param/src/demo00_param.cpp:16:51:[m[K [01;36m[Knote: [m[Kformat string is defined here
[2.060s]    16 |     RCLCPP_INFO(this->get_logger(),"car_wheels = [01;36m[K%d[m[K",p3.as_int());
[2.060s]       |                                                  [01;36m[K~^[m[K
[2.060s]       |                                                   [01;36m[K|[m[K
[2.060s]       |                                                   [01;36m[Kint[m[K
[2.060s]       |                                                  [32m[K%ld[m[K
[2.583s] [100%] [32m[1mLinking CXX executable demo00_param[0m
[2.673s] [100%] Built target demo00_param
[2.682s] Invoked command in '/home/east/ros2-learning-space/ws01_plumbing/build/cpp04_param' returned '0': /usr/bin/cmake --build /home/east/ros2-learning-space/ws01_plumbing/build/cpp04_param -- -j18 -l18
[2.684s] Invoking command in '/home/east/ros2-learning-space/ws01_plumbing/build/cpp04_param': /usr/bin/cmake --install /home/east/ros2-learning-space/ws01_plumbing/build/cpp04_param
[2.693s] -- Install configuration: ""
[2.693s] -- Installing: /home/east/ros2-learning-space/ws01_plumbing/install/cpp04_param/lib/cpp04_param/demo00_param
[2.693s] -- Set runtime path of "/home/east/ros2-learning-space/ws01_plumbing/install/cpp04_param/lib/cpp04_param/demo00_param" to ""
[2.693s] -- Up-to-date: /home/east/ros2-learning-space/ws01_plumbing/install/cpp04_param/share/ament_index/resource_index/package_run_dependencies/cpp04_param
[2.693s] -- Up-to-date: /home/east/ros2-learning-space/ws01_plumbing/install/cpp04_param/share/ament_index/resource_index/parent_prefix_path/cpp04_param
[2.693s] -- Up-to-date: /home/east/ros2-learning-space/ws01_plumbing/install/cpp04_param/share/cpp04_param/environment/ament_prefix_path.sh
[2.693s] -- Up-to-date: /home/east/ros2-learning-space/ws01_plumbing/install/cpp04_param/share/cpp04_param/environment/ament_prefix_path.dsv
[2.694s] -- Up-to-date: /home/east/ros2-learning-space/ws01_plumbing/install/cpp04_param/share/cpp04_param/environment/path.sh
[2.694s] -- Up-to-date: /home/east/ros2-learning-space/ws01_plumbing/install/cpp04_param/share/cpp04_param/environment/path.dsv
[2.694s] -- Up-to-date: /home/east/ros2-learning-space/ws01_plumbing/install/cpp04_param/share/cpp04_param/local_setup.bash
[2.694s] -- Up-to-date: /home/east/ros2-learning-space/ws01_plumbing/install/cpp04_param/share/cpp04_param/local_setup.sh
[2.694s] -- Up-to-date: /home/east/ros2-learning-space/ws01_plumbing/install/cpp04_param/share/cpp04_param/local_setup.zsh
[2.694s] -- Up-to-date: /home/east/ros2-learning-space/ws01_plumbing/install/cpp04_param/share/cpp04_param/local_setup.dsv
[2.694s] -- Installing: /home/east/ros2-learning-space/ws01_plumbing/install/cpp04_param/share/cpp04_param/package.dsv
[2.694s] -- Up-to-date: /home/east/ros2-learning-space/ws01_plumbing/install/cpp04_param/share/ament_index/resource_index/packages/cpp04_param
[2.694s] -- Up-to-date: /home/east/ros2-learning-space/ws01_plumbing/install/cpp04_param/share/cpp04_param/cmake/cpp04_paramConfig.cmake
[2.694s] -- Up-to-date: /home/east/ros2-learning-space/ws01_plumbing/install/cpp04_param/share/cpp04_param/cmake/cpp04_paramConfig-version.cmake
[2.694s] -- Up-to-date: /home/east/ros2-learning-space/ws01_plumbing/install/cpp04_param/share/cpp04_param/package.xml
[2.696s] Invoked command in '/home/east/ros2-learning-space/ws01_plumbing/build/cpp04_param' returned '0': /usr/bin/cmake --install /home/east/ros2-learning-space/ws01_plumbing/build/cpp04_param
