[0.009s] Invoking command in '/home/east/ros2-learning-space/ws01_plumbing/build/cpp02_service': AMENT_PREFIX_PATH=/home/east/ros2-learning-space/ws01_plumbing/install/base_interfaces_demo:${AMENT_PREFIX_PATH} CMAKE_PREFIX_PATH=/home/east/ros2-learning-space/ws01_plumbing/install/base_interfaces_demo:/opt/ros/humble LD_LIBRARY_PATH=/home/east/ros2-learning-space/ws01_plumbing/install/base_interfaces_demo/lib:${LD_LIBRARY_PATH} PYTHONPATH=/home/east/ros2-learning-space/ws01_plumbing/install/base_interfaces_demo/local/lib/python3.10/dist-packages:${PYTHONPATH} /usr/bin/cmake --build /home/east/ros2-learning-space/ws01_plumbing/build/cpp02_service -- -j18 -l18
[0.032s] -- Found ament_cmake: 1.3.12 (/opt/ros/humble/share/ament_cmake/cmake)
[0.133s] -- Found rclcpp: 16.0.15 (/opt/ros/humble/share/rclcpp/cmake)
[0.161s] -- Found rosidl_generator_c: 3.1.7 (/opt/ros/humble/share/rosidl_generator_c/cmake)
[0.163s] -- Found rosidl_adapter: 3.1.7 (/opt/ros/humble/share/rosidl_adapter/cmake)
[0.169s] -- Found rosidl_generator_cpp: 3.1.7 (/opt/ros/humble/share/rosidl_generator_cpp/cmake)
[0.179s] -- Using all available rosidl_typesupport_c: rosidl_typesupport_fastrtps_c;rosidl_typesupport_introspection_c
[0.192s] -- Using all available rosidl_typesupport_cpp: rosidl_typesupport_fastrtps_cpp;rosidl_typesupport_introspection_cpp
[0.214s] -- Found rmw_implementation_cmake: 6.1.2 (/opt/ros/humble/share/rmw_implementation_cmake/cmake)
[0.215s] -- Found rmw_fastrtps_cpp: 6.2.9 (/opt/ros/humble/share/rmw_fastrtps_cpp/cmake)
[0.278s] -- Using RMW implementation 'rmw_fastrtps_cpp' as default
[0.308s] -- Found base_interfaces_demo: 0.0.0 (/home/east/ros2-learning-space/ws01_plumbing/install/base_interfaces_demo/share/base_interfaces_demo/cmake)
[0.325s] -- Found ament_lint_auto: 0.12.14 (/opt/ros/humble/share/ament_lint_auto/cmake)
[0.385s] -- Added test 'cppcheck' to perform static code analysis on C / C++ code
[0.385s] -- Configured cppcheck include dirs: $<BUILD_INTERFACE:/home/east/ros2-learning-space/ws01_plumbing/src/cpp02_service/include>
[0.385s] -- Configured cppcheck exclude dirs and/or files: 
[0.386s] -- Added test 'lint_cmake' to check CMake code style
[0.386s] -- Added test 'uncrustify' to check C / C++ code style
[0.387s] -- Configured uncrustify additional arguments: 
[0.387s] -- Added test 'xmllint' to check XML markup files
[0.387s] -- Configuring done
[0.398s] -- Generating done
[0.401s] -- Build files have been written to: /home/east/ros2-learning-space/ws01_plumbing/build/cpp02_service
[0.426s] [35m[1mConsolidate compiler generated dependencies of target demo01_server[0m
[0.435s] [ 25%] [32mBuilding CXX object CMakeFiles/demo02_client.dir/src/demo02_client.cpp.o[0m
[0.443s] [ 50%] [32mBuilding CXX object CMakeFiles/demo01_server.dir/src/demo01_server.cpp.o[0m
[2.445s] [ 75%] [32m[1mLinking CXX executable demo02_client[0m
[2.527s] [ 75%] Built target demo02_client
[2.527s] [100%] [32m[1mLinking CXX executable demo01_server[0m
[2.618s] [100%] Built target demo01_server
[2.628s] Invoked command in '/home/east/ros2-learning-space/ws01_plumbing/build/cpp02_service' returned '0': AMENT_PREFIX_PATH=/home/east/ros2-learning-space/ws01_plumbing/install/base_interfaces_demo:${AMENT_PREFIX_PATH} CMAKE_PREFIX_PATH=/home/east/ros2-learning-space/ws01_plumbing/install/base_interfaces_demo:/opt/ros/humble LD_LIBRARY_PATH=/home/east/ros2-learning-space/ws01_plumbing/install/base_interfaces_demo/lib:${LD_LIBRARY_PATH} PYTHONPATH=/home/east/ros2-learning-space/ws01_plumbing/install/base_interfaces_demo/local/lib/python3.10/dist-packages:${PYTHONPATH} /usr/bin/cmake --build /home/east/ros2-learning-space/ws01_plumbing/build/cpp02_service -- -j18 -l18
[2.630s] Invoking command in '/home/east/ros2-learning-space/ws01_plumbing/build/cpp02_service': AMENT_PREFIX_PATH=/home/east/ros2-learning-space/ws01_plumbing/install/base_interfaces_demo:${AMENT_PREFIX_PATH} CMAKE_PREFIX_PATH=/home/east/ros2-learning-space/ws01_plumbing/install/base_interfaces_demo:/opt/ros/humble LD_LIBRARY_PATH=/home/east/ros2-learning-space/ws01_plumbing/install/base_interfaces_demo/lib:${LD_LIBRARY_PATH} PYTHONPATH=/home/east/ros2-learning-space/ws01_plumbing/install/base_interfaces_demo/local/lib/python3.10/dist-packages:${PYTHONPATH} /usr/bin/cmake --install /home/east/ros2-learning-space/ws01_plumbing/build/cpp02_service
[2.638s] -- Install configuration: ""
[2.639s] -- Installing: /home/east/ros2-learning-space/ws01_plumbing/install/cpp02_service/lib/cpp02_service/demo01_server
[2.639s] -- Set runtime path of "/home/east/ros2-learning-space/ws01_plumbing/install/cpp02_service/lib/cpp02_service/demo01_server" to ""
[2.639s] -- Installing: /home/east/ros2-learning-space/ws01_plumbing/install/cpp02_service/lib/cpp02_service/demo02_client
[2.639s] -- Set runtime path of "/home/east/ros2-learning-space/ws01_plumbing/install/cpp02_service/lib/cpp02_service/demo02_client" to ""
[2.639s] -- Up-to-date: /home/east/ros2-learning-space/ws01_plumbing/install/cpp02_service/share/ament_index/resource_index/package_run_dependencies/cpp02_service
[2.639s] -- Installing: /home/east/ros2-learning-space/ws01_plumbing/install/cpp02_service/share/ament_index/resource_index/parent_prefix_path/cpp02_service
[2.639s] -- Up-to-date: /home/east/ros2-learning-space/ws01_plumbing/install/cpp02_service/share/cpp02_service/environment/ament_prefix_path.sh
[2.640s] -- Installing: /home/east/ros2-learning-space/ws01_plumbing/install/cpp02_service/share/cpp02_service/environment/ament_prefix_path.dsv
[2.640s] -- Up-to-date: /home/east/ros2-learning-space/ws01_plumbing/install/cpp02_service/share/cpp02_service/environment/path.sh
[2.640s] -- Installing: /home/east/ros2-learning-space/ws01_plumbing/install/cpp02_service/share/cpp02_service/environment/path.dsv
[2.640s] -- Up-to-date: /home/east/ros2-learning-space/ws01_plumbing/install/cpp02_service/share/cpp02_service/local_setup.bash
[2.640s] -- Up-to-date: /home/east/ros2-learning-space/ws01_plumbing/install/cpp02_service/share/cpp02_service/local_setup.sh
[2.640s] -- Up-to-date: /home/east/ros2-learning-space/ws01_plumbing/install/cpp02_service/share/cpp02_service/local_setup.zsh
[2.640s] -- Installing: /home/east/ros2-learning-space/ws01_plumbing/install/cpp02_service/share/cpp02_service/local_setup.dsv
[2.640s] -- Installing: /home/east/ros2-learning-space/ws01_plumbing/install/cpp02_service/share/cpp02_service/package.dsv
[2.640s] -- Up-to-date: /home/east/ros2-learning-space/ws01_plumbing/install/cpp02_service/share/ament_index/resource_index/packages/cpp02_service
[2.640s] -- Up-to-date: /home/east/ros2-learning-space/ws01_plumbing/install/cpp02_service/share/cpp02_service/cmake/cpp02_serviceConfig.cmake
[2.640s] -- Up-to-date: /home/east/ros2-learning-space/ws01_plumbing/install/cpp02_service/share/cpp02_service/cmake/cpp02_serviceConfig-version.cmake
[2.640s] -- Up-to-date: /home/east/ros2-learning-space/ws01_plumbing/install/cpp02_service/share/cpp02_service/package.xml
[2.642s] Invoked command in '/home/east/ros2-learning-space/ws01_plumbing/build/cpp02_service' returned '0': AMENT_PREFIX_PATH=/home/east/ros2-learning-space/ws01_plumbing/install/base_interfaces_demo:${AMENT_PREFIX_PATH} CMAKE_PREFIX_PATH=/home/east/ros2-learning-space/ws01_plumbing/install/base_interfaces_demo:/opt/ros/humble LD_LIBRARY_PATH=/home/east/ros2-learning-space/ws01_plumbing/install/base_interfaces_demo/lib:${LD_LIBRARY_PATH} PYTHONPATH=/home/east/ros2-learning-space/ws01_plumbing/install/base_interfaces_demo/local/lib/python3.10/dist-packages:${PYTHONPATH} /usr/bin/cmake --install /home/east/ros2-learning-space/ws01_plumbing/build/cpp02_service
