[0.009s] Invoking command in '/home/east/ros2-learning-space/ws00_helloworld/build/pkg03_hellovscode_cpp': /usr/bin/cmake --build /home/east/ros2-learning-space/ws00_helloworld/build/pkg03_hellovscode_cpp -- -j18 -l18
[0.055s] [35m[1mConsolidate compiler generated dependencies of target hellovscode[0m
[0.068s] [ 50%] [32mBuilding CXX object CMakeFiles/hellovscode.dir/src/hellovscode.cpp.o[0m
[1.970s] [100%] [32m[1mLinking CXX executable hellovscode[0m
[2.054s] [100%] Built target hellovscode
[2.062s] Invoked command in '/home/east/ros2-learning-space/ws00_helloworld/build/pkg03_hellovscode_cpp' returned '0': /usr/bin/cmake --build /home/east/ros2-learning-space/ws00_helloworld/build/pkg03_hellovscode_cpp -- -j18 -l18
[2.069s] Invoking command in '/home/east/ros2-learning-space/ws00_helloworld/build/pkg03_hellovscode_cpp': /usr/bin/cmake --install /home/east/ros2-learning-space/ws00_helloworld/build/pkg03_hellovscode_cpp
[2.074s] -- Install configuration: ""
[2.075s] -- Installing: /home/east/ros2-learning-space/ws00_helloworld/install/pkg03_hellovscode_cpp/lib/pkg03_hellovscode_cpp/hellovscode
[2.075s] -- Set runtime path of "/home/east/ros2-learning-space/ws00_helloworld/install/pkg03_hellovscode_cpp/lib/pkg03_hellovscode_cpp/hellovscode" to ""
[2.075s] -- Up-to-date: /home/east/ros2-learning-space/ws00_helloworld/install/pkg03_hellovscode_cpp/share/ament_index/resource_index/package_run_dependencies/pkg03_hellovscode_cpp
[2.075s] -- Up-to-date: /home/east/ros2-learning-space/ws00_helloworld/install/pkg03_hellovscode_cpp/share/ament_index/resource_index/parent_prefix_path/pkg03_hellovscode_cpp
[2.076s] -- Up-to-date: /home/east/ros2-learning-space/ws00_helloworld/install/pkg03_hellovscode_cpp/share/pkg03_hellovscode_cpp/environment/ament_prefix_path.sh
[2.076s] -- Up-to-date: /home/east/ros2-learning-space/ws00_helloworld/install/pkg03_hellovscode_cpp/share/pkg03_hellovscode_cpp/environment/ament_prefix_path.dsv
[2.076s] -- Up-to-date: /home/east/ros2-learning-space/ws00_helloworld/install/pkg03_hellovscode_cpp/share/pkg03_hellovscode_cpp/environment/path.sh
[2.076s] -- Up-to-date: /home/east/ros2-learning-space/ws00_helloworld/install/pkg03_hellovscode_cpp/share/pkg03_hellovscode_cpp/environment/path.dsv
[2.076s] -- Up-to-date: /home/east/ros2-learning-space/ws00_helloworld/install/pkg03_hellovscode_cpp/share/pkg03_hellovscode_cpp/local_setup.bash
[2.076s] -- Up-to-date: /home/east/ros2-learning-space/ws00_helloworld/install/pkg03_hellovscode_cpp/share/pkg03_hellovscode_cpp/local_setup.sh
[2.076s] -- Up-to-date: /home/east/ros2-learning-space/ws00_helloworld/install/pkg03_hellovscode_cpp/share/pkg03_hellovscode_cpp/local_setup.zsh
[2.076s] -- Up-to-date: /home/east/ros2-learning-space/ws00_helloworld/install/pkg03_hellovscode_cpp/share/pkg03_hellovscode_cpp/local_setup.dsv
[2.076s] -- Installing: /home/east/ros2-learning-space/ws00_helloworld/install/pkg03_hellovscode_cpp/share/pkg03_hellovscode_cpp/package.dsv
[2.076s] -- Up-to-date: /home/east/ros2-learning-space/ws00_helloworld/install/pkg03_hellovscode_cpp/share/ament_index/resource_index/packages/pkg03_hellovscode_cpp
[2.076s] -- Up-to-date: /home/east/ros2-learning-space/ws00_helloworld/install/pkg03_hellovscode_cpp/share/pkg03_hellovscode_cpp/cmake/pkg03_hellovscode_cppConfig.cmake
[2.076s] -- Up-to-date: /home/east/ros2-learning-space/ws00_helloworld/install/pkg03_hellovscode_cpp/share/pkg03_hellovscode_cpp/cmake/pkg03_hellovscode_cppConfig-version.cmake
[2.076s] -- Up-to-date: /home/east/ros2-learning-space/ws00_helloworld/install/pkg03_hellovscode_cpp/share/pkg03_hellovscode_cpp/package.xml
[2.077s] Invoked command in '/home/east/ros2-learning-space/ws00_helloworld/build/pkg03_hellovscode_cpp' returned '0': /usr/bin/cmake --install /home/east/ros2-learning-space/ws00_helloworld/build/pkg03_hellovscode_cpp
