[0.012s] Invoking command in '/home/east/ros2-learning-space/ws01_plumbing/build/cpp05_names': /usr/bin/cmake --build /home/east/ros2-learning-space/ws01_plumbing/build/cpp05_names -- -j18 -l18
[0.029s] -- Found ament_cmake: 1.3.12 (/opt/ros/humble/share/ament_cmake/cmake)
[0.135s] -- Found rclcpp: 16.0.15 (/opt/ros/humble/share/rclcpp/cmake)
[0.152s] -- Found rosidl_generator_c: 3.1.7 (/opt/ros/humble/share/rosidl_generator_c/cmake)
[0.154s] -- Found rosidl_adapter: 3.1.7 (/opt/ros/humble/share/rosidl_adapter/cmake)
[0.157s] -- Found rosidl_generator_cpp: 3.1.7 (/opt/ros/humble/share/rosidl_generator_cpp/cmake)
[0.162s] -- Using all available rosidl_typesupport_c: rosidl_typesupport_fastrtps_c;rosidl_typesupport_introspection_c
[0.169s] -- Using all available rosidl_typesupport_cpp: rosidl_typesupport_fastrtps_cpp;rosidl_typesupport_introspection_cpp
[0.188s] -- Found rmw_implementation_cmake: 6.1.2 (/opt/ros/humble/share/rmw_implementation_cmake/cmake)
[0.188s] -- Found rmw_fastrtps_cpp: 6.2.9 (/opt/ros/humble/share/rmw_fastrtps_cpp/cmake)
[0.258s] -- Using RMW implementation 'rmw_fastrtps_cpp' as default
[0.288s] -- Found ament_lint_auto: 0.12.14 (/opt/ros/humble/share/ament_lint_auto/cmake)
[0.356s] -- Added test 'cppcheck' to perform static code analysis on C / C++ code
[0.356s] -- Configured cppcheck include dirs: $<BUILD_INTERFACE:/home/east/ros2-learning-space/ws01_plumbing/src/cpp05_names/include>
[0.356s] -- Configured cppcheck exclude dirs and/or files: 
[0.357s] -- Added test 'flake8' to check Python code syntax and style conventions
[0.357s] -- Added test 'lint_cmake' to check CMake code style
[0.357s] -- Added test 'pep257' to check Python code against some of the docstring style conventions in PEP 257
[0.357s] -- Added test 'uncrustify' to check C / C++ code style
[0.358s] -- Configured uncrustify additional arguments: 
[0.358s] -- Added test 'xmllint' to check XML markup files
[0.360s] -- Configuring done
[0.369s] -- Generating done
[0.374s] -- Build files have been written to: /home/east/ros2-learning-space/ws01_plumbing/build/cpp05_names
[0.403s] [35m[1mConsolidate compiler generated dependencies of target demo01_names[0m
[0.417s] [ 50%] [32mBuilding CXX object CMakeFiles/demo01_names.dir/src/demo01_names.cpp.o[0m
[2.970s] [100%] [32m[1mLinking CXX executable demo01_names[0m
[3.084s] [100%] Built target demo01_names
[3.093s] Invoked command in '/home/east/ros2-learning-space/ws01_plumbing/build/cpp05_names' returned '0': /usr/bin/cmake --build /home/east/ros2-learning-space/ws01_plumbing/build/cpp05_names -- -j18 -l18
[3.095s] Invoking command in '/home/east/ros2-learning-space/ws01_plumbing/build/cpp05_names': /usr/bin/cmake --install /home/east/ros2-learning-space/ws01_plumbing/build/cpp05_names
[3.102s] -- Install configuration: ""
[3.102s] -- Installing: /home/east/ros2-learning-space/ws01_plumbing/install/cpp05_names/lib/cpp05_names/demo01_names
[3.103s] -- Set runtime path of "/home/east/ros2-learning-space/ws01_plumbing/install/cpp05_names/lib/cpp05_names/demo01_names" to ""
[3.103s] -- Up-to-date: /home/east/ros2-learning-space/ws01_plumbing/install/cpp05_names/share/cpp05_names/launch
[3.103s] -- Up-to-date: /home/east/ros2-learning-space/ws01_plumbing/install/cpp05_names/share/cpp05_names/launch/demo01_names_launch.py
[3.103s] -- Installing: /home/east/ros2-learning-space/ws01_plumbing/install/cpp05_names/share/ament_index/resource_index/package_run_dependencies/cpp05_names
[3.104s] -- Up-to-date: /home/east/ros2-learning-space/ws01_plumbing/install/cpp05_names/share/ament_index/resource_index/parent_prefix_path/cpp05_names
[3.104s] -- Up-to-date: /home/east/ros2-learning-space/ws01_plumbing/install/cpp05_names/share/cpp05_names/environment/ament_prefix_path.sh
[3.104s] -- Installing: /home/east/ros2-learning-space/ws01_plumbing/install/cpp05_names/share/cpp05_names/environment/ament_prefix_path.dsv
[3.104s] -- Up-to-date: /home/east/ros2-learning-space/ws01_plumbing/install/cpp05_names/share/cpp05_names/environment/path.sh
[3.104s] -- Installing: /home/east/ros2-learning-space/ws01_plumbing/install/cpp05_names/share/cpp05_names/environment/path.dsv
[3.104s] -- Up-to-date: /home/east/ros2-learning-space/ws01_plumbing/install/cpp05_names/share/cpp05_names/local_setup.bash
[3.104s] -- Up-to-date: /home/east/ros2-learning-space/ws01_plumbing/install/cpp05_names/share/cpp05_names/local_setup.sh
[3.104s] -- Up-to-date: /home/east/ros2-learning-space/ws01_plumbing/install/cpp05_names/share/cpp05_names/local_setup.zsh
[3.104s] -- Installing: /home/east/ros2-learning-space/ws01_plumbing/install/cpp05_names/share/cpp05_names/local_setup.dsv
[3.104s] -- Installing: /home/east/ros2-learning-space/ws01_plumbing/install/cpp05_names/share/cpp05_names/package.dsv
[3.104s] -- Up-to-date: /home/east/ros2-learning-space/ws01_plumbing/install/cpp05_names/share/ament_index/resource_index/packages/cpp05_names
[3.104s] -- Up-to-date: /home/east/ros2-learning-space/ws01_plumbing/install/cpp05_names/share/cpp05_names/cmake/cpp05_namesConfig.cmake
[3.104s] -- Up-to-date: /home/east/ros2-learning-space/ws01_plumbing/install/cpp05_names/share/cpp05_names/cmake/cpp05_namesConfig-version.cmake
[3.105s] -- Installing: /home/east/ros2-learning-space/ws01_plumbing/install/cpp05_names/share/cpp05_names/package.xml
[3.106s] Invoked command in '/home/east/ros2-learning-space/ws01_plumbing/build/cpp05_names' returned '0': /usr/bin/cmake --install /home/east/ros2-learning-space/ws01_plumbing/build/cpp05_names
