[0.006s] Invoking command in '/home/east/ros2-learning-space/ws01_plumbing/build/cpp01_topic': CMAKE_PREFIX_PATH=/home/east/ros2-learning-space/ws01_plumbing/install/base_interfaces_demo:/home/east/ros2-learning-space/ws01_plumbing/install/cpp01_topic:/opt/ros/humble /usr/bin/cmake --build /home/east/ros2-learning-space/ws01_plumbing/build/cpp01_topic -- -j18 -l18
[0.025s] -- Found ament_cmake: 1.3.12 (/opt/ros/humble/share/ament_cmake/cmake)
[0.107s] -- Found rclcpp: 16.0.15 (/opt/ros/humble/share/rclcpp/cmake)
[0.123s] -- Found rosidl_generator_c: 3.1.7 (/opt/ros/humble/share/rosidl_generator_c/cmake)
[0.124s] -- Found rosidl_adapter: 3.1.7 (/opt/ros/humble/share/rosidl_adapter/cmake)
[0.128s] -- Found rosidl_generator_cpp: 3.1.7 (/opt/ros/humble/share/rosidl_generator_cpp/cmake)
[0.133s] -- Using all available rosidl_typesupport_c: rosidl_typesupport_fastrtps_c;rosidl_typesupport_introspection_c
[0.139s] -- Using all available rosidl_typesupport_cpp: rosidl_typesupport_fastrtps_cpp;rosidl_typesupport_introspection_cpp
[0.158s] -- Found rmw_implementation_cmake: 6.1.2 (/opt/ros/humble/share/rmw_implementation_cmake/cmake)
[0.158s] -- Found rmw_fastrtps_cpp: 6.2.9 (/opt/ros/humble/share/rmw_fastrtps_cpp/cmake)
[0.216s] -- Using RMW implementation 'rmw_fastrtps_cpp' as default
[0.248s] -- Found base_interfaces_demo: 0.0.0 (/home/east/ros2-learning-space/ws01_plumbing/install/base_interfaces_demo/share/base_interfaces_demo/cmake)
[0.249s] -- Found ament_lint_auto: 0.12.14 (/opt/ros/humble/share/ament_lint_auto/cmake)
[0.295s] -- Added test 'cppcheck' to perform static code analysis on C / C++ code
[0.295s] -- Configured cppcheck include dirs: $<BUILD_INTERFACE:/home/east/ros2-learning-space/ws01_plumbing/src/cpp01_topic/include>
[0.295s] -- Configured cppcheck exclude dirs and/or files: 
[0.295s] -- Added test 'lint_cmake' to check CMake code style
[0.296s] -- Added test 'uncrustify' to check C / C++ code style
[0.296s] -- Configured uncrustify additional arguments: 
[0.296s] -- Added test 'xmllint' to check XML markup files
[0.296s] -- Configuring done
[0.301s] -- Generating done
[0.303s] -- Build files have been written to: /home/east/ros2-learning-space/ws01_plumbing/build/cpp01_topic
[0.334s] [ 50%] [32mBuilding CXX object CMakeFiles/demo01_talker_src.dir/src/demo01_talker_src.cpp.o[0m
[2.149s] [100%] [32m[1mLinking CXX executable demo01_talker_src[0m
[2.229s] [100%] Built target demo01_talker_src
[2.249s] Invoked command in '/home/east/ros2-learning-space/ws01_plumbing/build/cpp01_topic' returned '0': CMAKE_PREFIX_PATH=/home/east/ros2-learning-space/ws01_plumbing/install/base_interfaces_demo:/home/east/ros2-learning-space/ws01_plumbing/install/cpp01_topic:/opt/ros/humble /usr/bin/cmake --build /home/east/ros2-learning-space/ws01_plumbing/build/cpp01_topic -- -j18 -l18
[2.251s] Invoking command in '/home/east/ros2-learning-space/ws01_plumbing/build/cpp01_topic': CMAKE_PREFIX_PATH=/home/east/ros2-learning-space/ws01_plumbing/install/base_interfaces_demo:/home/east/ros2-learning-space/ws01_plumbing/install/cpp01_topic:/opt/ros/humble /usr/bin/cmake --install /home/east/ros2-learning-space/ws01_plumbing/build/cpp01_topic
[2.256s] -- Install configuration: ""
[2.256s] -- Installing: /home/east/ros2-learning-space/ws01_plumbing/install/cpp01_topic/lib/cpp01_topic/demo01_talker_src
[2.256s] -- Set runtime path of "/home/east/ros2-learning-space/ws01_plumbing/install/cpp01_topic/lib/cpp01_topic/demo01_talker_src" to ""
[2.256s] -- Up-to-date: /home/east/ros2-learning-space/ws01_plumbing/install/cpp01_topic/share/ament_index/resource_index/package_run_dependencies/cpp01_topic
[2.257s] -- Installing: /home/east/ros2-learning-space/ws01_plumbing/install/cpp01_topic/share/ament_index/resource_index/parent_prefix_path/cpp01_topic
[2.257s] -- Up-to-date: /home/east/ros2-learning-space/ws01_plumbing/install/cpp01_topic/share/cpp01_topic/environment/ament_prefix_path.sh
[2.257s] -- Installing: /home/east/ros2-learning-space/ws01_plumbing/install/cpp01_topic/share/cpp01_topic/environment/ament_prefix_path.dsv
[2.257s] -- Up-to-date: /home/east/ros2-learning-space/ws01_plumbing/install/cpp01_topic/share/cpp01_topic/environment/path.sh
[2.257s] -- Installing: /home/east/ros2-learning-space/ws01_plumbing/install/cpp01_topic/share/cpp01_topic/environment/path.dsv
[2.257s] -- Up-to-date: /home/east/ros2-learning-space/ws01_plumbing/install/cpp01_topic/share/cpp01_topic/local_setup.bash
[2.257s] -- Up-to-date: /home/east/ros2-learning-space/ws01_plumbing/install/cpp01_topic/share/cpp01_topic/local_setup.sh
[2.257s] -- Up-to-date: /home/east/ros2-learning-space/ws01_plumbing/install/cpp01_topic/share/cpp01_topic/local_setup.zsh
[2.257s] -- Installing: /home/east/ros2-learning-space/ws01_plumbing/install/cpp01_topic/share/cpp01_topic/local_setup.dsv
[2.257s] -- Installing: /home/east/ros2-learning-space/ws01_plumbing/install/cpp01_topic/share/cpp01_topic/package.dsv
[2.257s] -- Up-to-date: /home/east/ros2-learning-space/ws01_plumbing/install/cpp01_topic/share/ament_index/resource_index/packages/cpp01_topic
[2.257s] -- Up-to-date: /home/east/ros2-learning-space/ws01_plumbing/install/cpp01_topic/share/cpp01_topic/cmake/cpp01_topicConfig.cmake
[2.257s] -- Up-to-date: /home/east/ros2-learning-space/ws01_plumbing/install/cpp01_topic/share/cpp01_topic/cmake/cpp01_topicConfig-version.cmake
[2.257s] -- Up-to-date: /home/east/ros2-learning-space/ws01_plumbing/install/cpp01_topic/share/cpp01_topic/package.xml
[2.258s] Invoked command in '/home/east/ros2-learning-space/ws01_plumbing/build/cpp01_topic' returned '0': CMAKE_PREFIX_PATH=/home/east/ros2-learning-space/ws01_plumbing/install/base_interfaces_demo:/home/east/ros2-learning-space/ws01_plumbing/install/cpp01_topic:/opt/ros/humble /usr/bin/cmake --install /home/east/ros2-learning-space/ws01_plumbing/build/cpp01_topic
