[0.007s] Invoking command in '/home/east/ros2-learning-space/build/pkg03_hellovscode_cpp': /usr/bin/cmake /home/east/ros2-learning-space/ws00_helloworld/src/pkg03_hellovscode_cpp -DCMAKE_INSTALL_PREFIX=/home/east/ros2-learning-space/install/pkg03_hellovscode_cpp
[0.058s] -- The C compiler identification is GNU 11.4.0
[0.100s] -- The CXX compiler identification is GNU 11.4.0
[0.109s] -- Detecting C compiler ABI info
[0.161s] -- Detecting C compiler ABI info - done
[0.166s] -- Check for working C compiler: /usr/bin/cc - skipped
[0.166s] -- Detecting C compile features
[0.166s] -- Detecting C compile features - done
[0.168s] -- Detecting CXX compiler ABI info
[0.234s] -- Detecting CXX compiler ABI info - done
[0.238s] -- Check for working CXX compiler: /usr/bin/c++ - skipped
[0.238s] -- Detecting CXX compile features
[0.239s] -- Detecting CXX compile features - done
[0.243s] -- Found ament_cmake: 1.3.12 (/opt/ros/humble/share/ament_cmake/cmake)
[0.351s] -- Found Python3: /usr/bin/python3 (found version "3.10.12") found components: Interpreter 
[0.439s] -- Found rclcpp: 16.0.15 (/opt/ros/humble/share/rclcpp/cmake)
[0.473s] -- Found rosidl_generator_c: 3.1.7 (/opt/ros/humble/share/rosidl_generator_c/cmake)
[0.476s] -- Found rosidl_adapter: 3.1.7 (/opt/ros/humble/share/rosidl_adapter/cmake)
[0.482s] -- Found rosidl_generator_cpp: 3.1.7 (/opt/ros/humble/share/rosidl_generator_cpp/cmake)
[0.491s] -- Using all available rosidl_typesupport_c: rosidl_typesupport_fastrtps_c;rosidl_typesupport_introspection_c
[0.504s] -- Using all available rosidl_typesupport_cpp: rosidl_typesupport_fastrtps_cpp;rosidl_typesupport_introspection_cpp
[0.534s] -- Found rmw_implementation_cmake: 6.1.2 (/opt/ros/humble/share/rmw_implementation_cmake/cmake)
[0.536s] -- Found rmw_fastrtps_cpp: 6.2.9 (/opt/ros/humble/share/rmw_fastrtps_cpp/cmake)
[0.610s] -- Found OpenSSL: /usr/lib/x86_64-linux-gnu/libcrypto.so (found version "3.0.2")  
[0.630s] -- Found FastRTPS: /opt/ros/humble/include  
[0.658s] -- Using RMW implementation 'rmw_fastrtps_cpp' as default
[0.663s] -- Looking for pthread.h
[0.719s] -- Looking for pthread.h - found
[0.719s] -- Performing Test CMAKE_HAVE_LIBC_PTHREAD
[0.783s] -- Performing Test CMAKE_HAVE_LIBC_PTHREAD - Success
[0.784s] -- Found Threads: TRUE  
[0.824s] -- Found ament_lint_auto: 0.12.14 (/opt/ros/humble/share/ament_lint_auto/cmake)
[0.887s] -- Added test 'cppcheck' to perform static code analysis on C / C++ code
[0.887s] -- Configured cppcheck include dirs: $<BUILD_INTERFACE:/home/east/ros2-learning-space/ws00_helloworld/src/pkg03_hellovscode_cpp/include>
[0.887s] -- Configured cppcheck exclude dirs and/or files: 
[0.887s] -- Added test 'lint_cmake' to check CMake code style
[0.888s] -- Added test 'uncrustify' to check C / C++ code style
[0.888s] -- Configured uncrustify additional arguments: 
[0.888s] -- Added test 'xmllint' to check XML markup files
[0.889s] -- Configuring done
[0.893s] -- Generating done
[0.895s] -- Build files have been written to: /home/east/ros2-learning-space/build/pkg03_hellovscode_cpp
[0.904s] Invoked command in '/home/east/ros2-learning-space/build/pkg03_hellovscode_cpp' returned '0': /usr/bin/cmake /home/east/ros2-learning-space/ws00_helloworld/src/pkg03_hellovscode_cpp -DCMAKE_INSTALL_PREFIX=/home/east/ros2-learning-space/install/pkg03_hellovscode_cpp
[0.906s] Invoking command in '/home/east/ros2-learning-space/build/pkg03_hellovscode_cpp': /usr/bin/cmake --build /home/east/ros2-learning-space/build/pkg03_hellovscode_cpp -- -j18 -l18
[0.947s] [ 50%] [32mBuilding CXX object CMakeFiles/hellovscode.dir/src/hellovscode.cpp.o[0m
[2.799s] [100%] [32m[1mLinking CXX executable hellovscode[0m
[2.886s] [100%] Built target hellovscode
[2.895s] Invoked command in '/home/east/ros2-learning-space/build/pkg03_hellovscode_cpp' returned '0': /usr/bin/cmake --build /home/east/ros2-learning-space/build/pkg03_hellovscode_cpp -- -j18 -l18
[2.903s] Invoking command in '/home/east/ros2-learning-space/build/pkg03_hellovscode_cpp': /usr/bin/cmake --install /home/east/ros2-learning-space/build/pkg03_hellovscode_cpp
[2.908s] -- Install configuration: ""
[2.908s] -- Installing: /home/east/ros2-learning-space/install/pkg03_hellovscode_cpp/lib/pkg03_hellovscode_cpp/hellovscode
[2.908s] -- Set runtime path of "/home/east/ros2-learning-space/install/pkg03_hellovscode_cpp/lib/pkg03_hellovscode_cpp/hellovscode" to ""
[2.908s] -- Installing: /home/east/ros2-learning-space/install/pkg03_hellovscode_cpp/share/ament_index/resource_index/package_run_dependencies/pkg03_hellovscode_cpp
[2.908s] -- Installing: /home/east/ros2-learning-space/install/pkg03_hellovscode_cpp/share/ament_index/resource_index/parent_prefix_path/pkg03_hellovscode_cpp
[2.908s] -- Installing: /home/east/ros2-learning-space/install/pkg03_hellovscode_cpp/share/pkg03_hellovscode_cpp/environment/ament_prefix_path.sh
[2.908s] -- Installing: /home/east/ros2-learning-space/install/pkg03_hellovscode_cpp/share/pkg03_hellovscode_cpp/environment/ament_prefix_path.dsv
[2.908s] -- Installing: /home/east/ros2-learning-space/install/pkg03_hellovscode_cpp/share/pkg03_hellovscode_cpp/environment/path.sh
[2.909s] -- Installing: /home/east/ros2-learning-space/install/pkg03_hellovscode_cpp/share/pkg03_hellovscode_cpp/environment/path.dsv
[2.909s] -- Installing: /home/east/ros2-learning-space/install/pkg03_hellovscode_cpp/share/pkg03_hellovscode_cpp/local_setup.bash
[2.909s] -- Installing: /home/east/ros2-learning-space/install/pkg03_hellovscode_cpp/share/pkg03_hellovscode_cpp/local_setup.sh
[2.909s] -- Installing: /home/east/ros2-learning-space/install/pkg03_hellovscode_cpp/share/pkg03_hellovscode_cpp/local_setup.zsh
[2.909s] -- Installing: /home/east/ros2-learning-space/install/pkg03_hellovscode_cpp/share/pkg03_hellovscode_cpp/local_setup.dsv
[2.909s] -- Installing: /home/east/ros2-learning-space/install/pkg03_hellovscode_cpp/share/pkg03_hellovscode_cpp/package.dsv
[2.909s] -- Installing: /home/east/ros2-learning-space/install/pkg03_hellovscode_cpp/share/ament_index/resource_index/packages/pkg03_hellovscode_cpp
[2.909s] -- Installing: /home/east/ros2-learning-space/install/pkg03_hellovscode_cpp/share/pkg03_hellovscode_cpp/cmake/pkg03_hellovscode_cppConfig.cmake
[2.909s] -- Installing: /home/east/ros2-learning-space/install/pkg03_hellovscode_cpp/share/pkg03_hellovscode_cpp/cmake/pkg03_hellovscode_cppConfig-version.cmake
[2.909s] -- Installing: /home/east/ros2-learning-space/install/pkg03_hellovscode_cpp/share/pkg03_hellovscode_cpp/package.xml
[2.911s] Invoked command in '/home/east/ros2-learning-space/build/pkg03_hellovscode_cpp' returned '0': /usr/bin/cmake --install /home/east/ros2-learning-space/build/pkg03_hellovscode_cpp
