[0.009s] Invoking command in '/home/east/ros2-learning-space/ws01_plumbing/build/cpp04_param': /usr/bin/cmake --build /home/east/ros2-learning-space/ws01_plumbing/build/cpp04_param -- -j18 -l18
[0.050s] [ 33%] Built target demo01_param_server
[0.051s] [ 50%] [32mBuilding CXX object CMakeFiles/demo02_param_client.dir/src/demo02_param_client.cpp.o[0m
[0.058s] [ 83%] Built target demo00_param
[2.798s] [100%] [32m[1mLinking CXX executable demo02_param_client[0m
[2.904s] [100%] Built target demo02_param_client
[2.916s] Invoked command in '/home/east/ros2-learning-space/ws01_plumbing/build/cpp04_param' returned '0': /usr/bin/cmake --build /home/east/ros2-learning-space/ws01_plumbing/build/cpp04_param -- -j18 -l18
[2.918s] Invoking command in '/home/east/ros2-learning-space/ws01_plumbing/build/cpp04_param': /usr/bin/cmake --install /home/east/ros2-learning-space/ws01_plumbing/build/cpp04_param
[2.927s] -- Install configuration: ""
[2.927s] -- Up-to-date: /home/east/ros2-learning-space/ws01_plumbing/install/cpp04_param/lib/cpp04_param/demo00_param
[2.927s] -- Up-to-date: /home/east/ros2-learning-space/ws01_plumbing/install/cpp04_param/lib/cpp04_param/demo01_param_server
[2.927s] -- Installing: /home/east/ros2-learning-space/ws01_plumbing/install/cpp04_param/lib/cpp04_param/demo02_param_client
[2.928s] -- Set runtime path of "/home/east/ros2-learning-space/ws01_plumbing/install/cpp04_param/lib/cpp04_param/demo02_param_client" to ""
[2.928s] -- Up-to-date: /home/east/ros2-learning-space/ws01_plumbing/install/cpp04_param/share/ament_index/resource_index/package_run_dependencies/cpp04_param
[2.928s] -- Up-to-date: /home/east/ros2-learning-space/ws01_plumbing/install/cpp04_param/share/ament_index/resource_index/parent_prefix_path/cpp04_param
[2.928s] -- Up-to-date: /home/east/ros2-learning-space/ws01_plumbing/install/cpp04_param/share/cpp04_param/environment/ament_prefix_path.sh
[2.928s] -- Up-to-date: /home/east/ros2-learning-space/ws01_plumbing/install/cpp04_param/share/cpp04_param/environment/ament_prefix_path.dsv
[2.928s] -- Up-to-date: /home/east/ros2-learning-space/ws01_plumbing/install/cpp04_param/share/cpp04_param/environment/path.sh
[2.928s] -- Up-to-date: /home/east/ros2-learning-space/ws01_plumbing/install/cpp04_param/share/cpp04_param/environment/path.dsv
[2.928s] -- Up-to-date: /home/east/ros2-learning-space/ws01_plumbing/install/cpp04_param/share/cpp04_param/local_setup.bash
[2.928s] -- Up-to-date: /home/east/ros2-learning-space/ws01_plumbing/install/cpp04_param/share/cpp04_param/local_setup.sh
[2.928s] -- Up-to-date: /home/east/ros2-learning-space/ws01_plumbing/install/cpp04_param/share/cpp04_param/local_setup.zsh
[2.928s] -- Up-to-date: /home/east/ros2-learning-space/ws01_plumbing/install/cpp04_param/share/cpp04_param/local_setup.dsv
[2.928s] -- Installing: /home/east/ros2-learning-space/ws01_plumbing/install/cpp04_param/share/cpp04_param/package.dsv
[2.928s] -- Up-to-date: /home/east/ros2-learning-space/ws01_plumbing/install/cpp04_param/share/ament_index/resource_index/packages/cpp04_param
[2.928s] -- Up-to-date: /home/east/ros2-learning-space/ws01_plumbing/install/cpp04_param/share/cpp04_param/cmake/cpp04_paramConfig.cmake
[2.928s] -- Up-to-date: /home/east/ros2-learning-space/ws01_plumbing/install/cpp04_param/share/cpp04_param/cmake/cpp04_paramConfig-version.cmake
[2.928s] -- Up-to-date: /home/east/ros2-learning-space/ws01_plumbing/install/cpp04_param/share/cpp04_param/package.xml
[2.932s] Invoked command in '/home/east/ros2-learning-space/ws01_plumbing/build/cpp04_param' returned '0': /usr/bin/cmake --install /home/east/ros2-learning-space/ws01_plumbing/build/cpp04_param
